Using pre-set license
Built from '2021.3/staging' branch; Version is '2021.3.11f1 (0a5ca18544bf) revision 679073'; Using compiler version '192829333'; Build Type 'Release'
OS: 'Windows 10  (10.0.19044) 64bit Professional' Language: 'en' Physical Memory: 32707 MB
BatchMode: 1, IsHumanControllingUs: 0, StartBugReporterOnCrash: 0, Is64bit: 1, IsPro: 1

COMMAND LINE ARGUMENTS:
C:\Program Files\Unity 2021.3.11f1\Editor\Unity.exe
-adb2
-batchMode
-noUpm
-name
AssetImportWorker0
-projectPath
C:/Users/Windows 10/Documents/TheDoomChild
-logFile
Logs/AssetImportWorker0.log
-srvPort
50316
Successfully changed project path to: C:/Users/Windows 10/Documents/TheDoomChild
C:/Users/Windows 10/Documents/TheDoomChild
[UnityMemory] Configuration Parameters - Can be set up in boot.config
    "memorysetup-bucket-allocator-granularity=16"
    "memorysetup-bucket-allocator-bucket-count=8"
    "memorysetup-bucket-allocator-block-size=33554432"
    "memorysetup-bucket-allocator-block-count=8"
    "memorysetup-main-allocator-block-size=16777216"
    "memorysetup-thread-allocator-block-size=16777216"
    "memorysetup-gfx-main-allocator-block-size=16777216"
    "memorysetup-gfx-thread-allocator-block-size=16777216"
    "memorysetup-cache-allocator-block-size=4194304"
    "memorysetup-typetree-allocator-block-size=2097152"
    "memorysetup-profiler-bucket-allocator-granularity=16"
    "memorysetup-profiler-bucket-allocator-bucket-count=8"
    "memorysetup-profiler-bucket-allocator-block-size=33554432"
    "memorysetup-profiler-bucket-allocator-block-count=8"
    "memorysetup-profiler-allocator-block-size=16777216"
    "memorysetup-profiler-editor-allocator-block-size=1048576"
    "memorysetup-temp-allocator-size-main=16777216"
    "memorysetup-job-temp-allocator-block-size=2097152"
    "memorysetup-job-temp-allocator-block-size-background=1048576"
    "memorysetup-job-temp-allocator-reduction-small-platforms=262144"
    "memorysetup-temp-allocator-size-background-worker=32768"
    "memorysetup-temp-allocator-size-job-worker=262144"
    "memorysetup-temp-allocator-size-preload-manager=33554432"
    "memorysetup-temp-allocator-size-nav-mesh-worker=65536"
    "memorysetup-temp-allocator-size-audio-worker=65536"
    "memorysetup-temp-allocator-size-cloud-worker=32768"
    "memorysetup-temp-allocator-size-gi-baking-worker=262144"
    "memorysetup-temp-allocator-size-gfx=262144"
Refreshing native plugins compatible for Editor in 410.63 ms, found 3 plugins.
Preloading 0 native plugins for Editor in 0.00 ms.
Initialize engine version: 2021.3.11f1 (0a5ca18544bf)
[Subsystems] Discovering subsystems at path C:/Program Files/Unity 2021.3.11f1/Editor/Data/Resources/UnitySubsystems
[Subsystems] Discovering subsystems at path C:/Users/Windows 10/Documents/TheDoomChild/Assets
GfxDevice: creating device client; threaded=0; jobified=0
Direct3D:
    Version:  Direct3D 11.0 [level 11.1]
    Renderer: NVIDIA GeForce GTX 1050 Ti (ID=0x1c82)
    Vendor:   NVIDIA
    VRAM:     4018 MB
    Driver:   31.0.15.1659
Initialize mono
Mono path[0] = 'C:/Program Files/Unity 2021.3.11f1/Editor/Data/Managed'
Mono path[1] = 'C:/Program Files/Unity 2021.3.11f1/Editor/Data/MonoBleedingEdge/lib/mono/unityjit-win32'
Mono config path = 'C:/Program Files/Unity 2021.3.11f1/Editor/Data/MonoBleedingEdge/etc'
Using monoOptions --debugger-agent=transport=dt_socket,embedding=1,server=y,suspend=n,address=127.0.0.1:56276
Begin MonoManager ReloadAssembly
Registering precompiled unity dll's ...
Register platform support module: C:/Program Files/Unity 2021.3.11f1/Editor/Data/PlaybackEngines/WindowsStandaloneSupport/UnityEditor.WindowsStandalone.Extensions.dll
Registered in 0.005024 seconds.
Native extension for WindowsStandalone target not found
Refreshing native plugins compatible for Editor in 374.98 ms, found 3 plugins.
Preloading 0 native plugins for Editor in 0.00 ms.
Mono: successfully reloaded assembly
- Completed reload, in  0.958 seconds
Domain Reload Profiling:
	ReloadAssembly (959ms)
		BeginReloadAssembly (84ms)
			ExecutionOrderSort (0ms)
			DisableScriptedObjects (0ms)
			BackupInstance (0ms)
			ReleaseScriptingObjects (0ms)
			CreateAndSetChildDomain (1ms)
		EndReloadAssembly (751ms)
			LoadAssemblies (82ms)
			RebuildTransferFunctionScriptingTraits (0ms)
			SetupTypeCache (119ms)
			ReleaseScriptCaches (0ms)
			RebuildScriptCaches (28ms)
			SetupLoadedEditorAssemblies (548ms)
				LogAssemblyErrors (0ms)
				InitializePlatformSupportModulesInManaged (7ms)
				SetLoadedEditorAssemblies (0ms)
				RefreshPlugins (375ms)
				BeforeProcessingInitializeOnLoad (1ms)
				ProcessInitializeOnLoadAttributes (116ms)
				ProcessInitializeOnLoadMethodAttributes (49ms)
				AfterProcessingInitializeOnLoad (0ms)
				EditorAssembliesLoaded (0ms)
			ExecutionOrderSort2 (0ms)
			AwakeInstancesAfterBackupRestoration (0ms)
Platform modules already initialized, skipping
Registering precompiled user dll's ...
Registered in 0.014292 seconds.
Begin MonoManager ReloadAssembly
Script error (ComplexIdlingCreature): OnDestroy() can not take parameters.
0x00007ff70aa4368d (Unity) StackWalker::GetCurrentCallstack
0x00007ff70aa4a369 (Unity) StackWalker::ShowCallstack
0x00007ff70b9bb683 (Unity) GetStacktrace
0x00007ff70c05947d (Unity) DebugStringToFile
0x00007ff70a90c2fc (Unity) PopulateMethods
0x00007ff70a904d35 (Unity) CreateMonoScriptCache
0x00007ff70a90d573 (Unity) MonoScript::Renew
0x00007ff70a9324a0 (Unity) MonoManager::EndReloadAssembly
0x00007ff70a939ed8 (Unity) MonoManager::ReloadAssembly
0x00007ff70b876412 (Unity) LoadDomainAndUserAssemblies
0x00007ff70b876b44 (Unity) LoadUserAssemblies
0x00007ff70b566153 (Unity) Application::InitializeProject
0x00007ff70b9c5dc8 (Unity) WinMain
0x00007ff70cd6533e (Unity) __scrt_common_main_seh
0x00007ffa50d17034 (KERNEL32) BaseThreadInitThunk
0x00007ffa519e26a1 (ntdll) RtlUserThreadStart

Script error (MapAreaUI): Update() can not take parameters.
0x00007ff70aa4368d (Unity) StackWalker::GetCurrentCallstack
0x00007ff70aa4a369 (Unity) StackWalker::ShowCallstack
0x00007ff70b9bb683 (Unity) GetStacktrace
0x00007ff70c05947d (Unity) DebugStringToFile
0x00007ff70a90c2fc (Unity) PopulateMethods
0x00007ff70a904d35 (Unity) CreateMonoScriptCache
0x00007ff70a90d573 (Unity) MonoScript::Renew
0x00007ff70a9324a0 (Unity) MonoManager::EndReloadAssembly
0x00007ff70a939ed8 (Unity) MonoManager::ReloadAssembly
0x00007ff70b876412 (Unity) LoadDomainAndUserAssemblies
0x00007ff70b876b44 (Unity) LoadUserAssemblies
0x00007ff70b566153 (Unity) Application::InitializeProject
0x00007ff70b9c5dc8 (Unity) WinMain
0x00007ff70cd6533e (Unity) __scrt_common_main_seh
0x00007ffa50d17034 (KERNEL32) BaseThreadInitThunk
0x00007ffa519e26a1 (ntdll) RtlUserThreadStart

Native extension for WindowsStandalone target not found
Refreshing native plugins compatible for Editor in 470.08 ms, found 3 plugins.
Preloading 0 native plugins for Editor in 0.00 ms.
Launched and connected shader compiler UnityShaderCompiler.exe after 0.05 seconds
`Assets/DChild/Objects/Characters/Enemy/Bosses/QueenBee/Model 3/QUEEN BEE NO DRONES.png` and material `QUEEN BEE NO DRONES_Material.mat` : Problematic Texture / Material Settings found: It is recommended to disable `Alpha Is Transparency` on `Premultiply alpha` textures.
Assuming `Premultiply alpha` texture because `Straight Alpha Texture` is disabled at material). (You can disable this warning in `Edit - Preferences - Spine`)
0x00007ff70aa4368d (Unity) StackWalker::GetCurrentCallstack
0x00007ff70aa4a369 (Unity) StackWalker::ShowCallstack
0x00007ff70b9bb683 (Unity) GetStacktrace
0x00007ff70c05947d (Unity) DebugStringToFile
0x00007ff709c2abd2 (Unity) DebugLogHandler_CUSTOM_Internal_Log
0x00000206fb9b2a13 (Mono JIT Code) (wrapper managed-to-native) UnityEngine.DebugLogHandler:Internal_Log (UnityEngine.LogType,UnityEngine.LogOption,string,UnityEngine.Object)
0x00000206fb9b272b (Mono JIT Code) UnityEngine.DebugLogHandler:LogFormat (UnityEngine.LogType,UnityEngine.Object,string,object[])
0x00000206fb9b24b1 (Mono JIT Code) UnityEngine.Logger:Log (UnityEngine.LogType,object,UnityEngine.Object)
0x00000206fb9b238d (Mono JIT Code) UnityEngine.Debug:LogWarning (object,UnityEngine.Object)
0x00000206fa9c0c83 (Mono JIT Code) [SpineEditorUtilities.cs:212] Spine.Unity.Editor.SpineEditorUtilities:IssueWarningsForUnrecommendedTextureSettings (string) 
0x00000206fa9c07eb (Mono JIT Code) [SpineEditorUtilities.cs:181] Spine.Unity.Editor.SpineEditorUtilities:IssueWarningsForUnrecommendedTextureSettings () 
0x00000206f29e991b (Mono JIT Code) [SpineEditorUtilities.cs:163] Spine.Unity.Editor.SpineEditorUtilities:Initialize () 
0x00000206f29e915b (Mono JIT Code) [SpineEditorUtilities.cs:97] Spine.Unity.Editor.SpineEditorUtilities:.cctor () 
0x00000206f29e921d (Mono JIT Code) (wrapper runtime-invoke) object:runtime_invoke_void (object,intptr,intptr,intptr)
0x00007ff9c603fe24 (mono-2.0-bdwgc) [mini-runtime.c:3445] mono_jit_runtime_invoke 
0x00007ff9c5f7e764 (mono-2.0-bdwgc) [object.c:3066] do_runtime_invoke 
0x00007ff9c5f79810 (mono-2.0-bdwgc) [object.c:563] mono_runtime_class_init_full 
0x00007ff9c5ee6290 (mono-2.0-bdwgc) [icall-def.h:751] ves_icall_System_Runtime_CompilerServices_RuntimeHelpers_RunClassConstructor_raw 
0x00000206f13a167a (Mono JIT Code) (wrapper managed-to-native) System.Runtime.CompilerServices.RuntimeHelpers:RunClassConstructor (intptr)
0x00000206f13a158b (Mono JIT Code) System.Runtime.CompilerServices.RuntimeHelpers:RunClassConstructor (System.RuntimeTypeHandle)
0x00000206f13a059b (Mono JIT Code) UnityEditor.EditorAssemblies:ProcessInitializeOnLoadAttributes (System.Type[])
0x00000206f2937e08 (Mono JIT Code) (wrapper runtime-invoke) <Module>:runtime_invoke_void_object (object,intptr,intptr,intptr)
0x00007ff9c603fe24 (mono-2.0-bdwgc) [mini-runtime.c:3445] mono_jit_runtime_invoke 
0x00007ff9c5f7e764 (mono-2.0-bdwgc) [object.c:3066] do_runtime_invoke 
0x00007ff9c5f7e8fc (mono-2.0-bdwgc) [object.c:3113] mono_runtime_invoke 
0x00007ff70a968164 (Unity) scripting_method_invoke
0x00007ff70a947a04 (Unity) ScriptingInvocation::Invoke
0x00007ff70a942615 (Unity) ScriptingInvocation::Invoke<void>
0x00007ff70aa9b673 (Unity) Scripting::UnityEditor::EditorAssembliesProxy::ProcessInitializeOnLoadAttributes
0x00007ff70a93c85b (Unity) MonoManager::SetupLoadedEditorAssemblies
0x00007ff70a93251d (Unity) MonoManager::EndReloadAssembly
0x00007ff70a939ed8 (Unity) MonoManager::ReloadAssembly
0x00007ff70b876412 (Unity) LoadDomainAndUserAssemblies
0x00007ff70b876b44 (Unity) LoadUserAssemblies
0x00007ff70b566153 (Unity) Application::InitializeProject
0x00007ff70b9c5dc8 (Unity) WinMain
0x00007ff70cd6533e (Unity) __scrt_common_main_seh
0x00007ffa50d17034 (KERNEL32) BaseThreadInitThunk
0x00007ffa519e26a1 (ntdll) RtlUserThreadStart

`Assets/DChild/Objects/Location/CityOfTheDead/Arena Crowd/Crowd2/skeleton.png` and material `skeleton_Material.mat` : Incorrect Texture / Material Settings found: It is strongly recommended to enable `Alpha Is Transparency` on `Straight alpha` textures.
Assuming `Straight alpha` texture because `Straight Alpha Texture` is enabled at material). (You can disable this warning in `Edit - Preferences - Spine`)
0x00007ff70aa4368d (Unity) StackWalker::GetCurrentCallstack
0x00007ff70aa4a369 (Unity) StackWalker::ShowCallstack
0x00007ff70b9bb683 (Unity) GetStacktrace
0x00007ff70c05947d (Unity) DebugStringToFile
0x00007ff709c2abd2 (Unity) DebugLogHandler_CUSTOM_Internal_Log
0x00000206fb9b2a13 (Mono JIT Code) (wrapper managed-to-native) UnityEngine.DebugLogHandler:Internal_Log (UnityEngine.LogType,UnityEngine.LogOption,string,UnityEngine.Object)
0x00000206fb9b272b (Mono JIT Code) UnityEngine.DebugLogHandler:LogFormat (UnityEngine.LogType,UnityEngine.Object,string,object[])
0x00000206fb9b24b1 (Mono JIT Code) UnityEngine.Logger:Log (UnityEngine.LogType,object,UnityEngine.Object)
0x00000206fb9b238d (Mono JIT Code) UnityEngine.Debug:LogWarning (object,UnityEngine.Object)
0x00000206fa9c0c83 (Mono JIT Code) [SpineEditorUtilities.cs:212] Spine.Unity.Editor.SpineEditorUtilities:IssueWarningsForUnrecommendedTextureSettings (string) 
0x00000206fa9c07eb (Mono JIT Code) [SpineEditorUtilities.cs:181] Spine.Unity.Editor.SpineEditorUtilities:IssueWarningsForUnrecommendedTextureSettings () 
0x00000206f29e991b (Mono JIT Code) [SpineEditorUtilities.cs:163] Spine.Unity.Editor.SpineEditorUtilities:Initialize () 
0x00000206f29e915b (Mono JIT Code) [SpineEditorUtilities.cs:97] Spine.Unity.Editor.SpineEditorUtilities:.cctor () 
0x00000206f29e921d (Mono JIT Code) (wrapper runtime-invoke) object:runtime_invoke_void (object,intptr,intptr,intptr)
0x00007ff9c603fe24 (mono-2.0-bdwgc) [mini-runtime.c:3445] mono_jit_runtime_invoke 
0x00007ff9c5f7e764 (mono-2.0-bdwgc) [object.c:3066] do_runtime_invoke 
0x00007ff9c5f79810 (mono-2.0-bdwgc) [object.c:563] mono_runtime_class_init_full 
0x00007ff9c5ee6290 (mono-2.0-bdwgc) [icall-def.h:751] ves_icall_System_Runtime_CompilerServices_RuntimeHelpers_RunClassConstructor_raw 
0x00000206f13a167a (Mono JIT Code) (wrapper managed-to-native) System.Runtime.CompilerServices.RuntimeHelpers:RunClassConstructor (intptr)
0x00000206f13a158b (Mono JIT Code) System.Runtime.CompilerServices.RuntimeHelpers:RunClassConstructor (System.RuntimeTypeHandle)
0x00000206f13a059b (Mono JIT Code) UnityEditor.EditorAssemblies:ProcessInitializeOnLoadAttributes (System.Type[])
0x00000206f2937e08 (Mono JIT Code) (wrapper runtime-invoke) <Module>:runtime_invoke_void_object (object,intptr,intptr,intptr)
0x00007ff9c603fe24 (mono-2.0-bdwgc) [mini-runtime.c:3445] mono_jit_runtime_invoke 
0x00007ff9c5f7e764 (mono-2.0-bdwgc) [object.c:3066] do_runtime_invoke 
0x00007ff9c5f7e8fc (mono-2.0-bdwgc) [object.c:3113] mono_runtime_invoke 
0x00007ff70a968164 (Unity) scripting_method_invoke
0x00007ff70a947a04 (Unity) ScriptingInvocation::Invoke
0x00007ff70a942615 (Unity) ScriptingInvocation::Invoke<void>
0x00007ff70aa9b673 (Unity) Scripting::UnityEditor::EditorAssembliesProxy::ProcessInitializeOnLoadAttributes
0x00007ff70a93c85b (Unity) MonoManager::SetupLoadedEditorAssemblies
0x00007ff70a93251d (Unity) MonoManager::EndReloadAssembly
0x00007ff70a939ed8 (Unity) MonoManager::ReloadAssembly
0x00007ff70b876412 (Unity) LoadDomainAndUserAssemblies
0x00007ff70b876b44 (Unity) LoadUserAssemblies
0x00007ff70b566153 (Unity) Application::InitializeProject
0x00007ff70b9c5dc8 (Unity) WinMain
0x00007ff70cd6533e (Unity) __scrt_common_main_seh
0x00007ffa50d17034 (KERNEL32) BaseThreadInitThunk
0x00007ffa519e26a1 (ntdll) RtlUserThreadStart

`Assets/DChild/Objects/Location/CityOfTheDead/Arena Crowd/CrowdGroup/skeleton.png` and material `skeleton_Material.mat` : Incorrect Texture / Material Settings found: It is strongly recommended to enable `Alpha Is Transparency` on `Straight alpha` textures.
Assuming `Straight alpha` texture because `Straight Alpha Texture` is enabled at material). (You can disable this warning in `Edit - Preferences - Spine`)
0x00007ff70aa4368d (Unity) StackWalker::GetCurrentCallstack
0x00007ff70aa4a369 (Unity) StackWalker::ShowCallstack
0x00007ff70b9bb683 (Unity) GetStacktrace
0x00007ff70c05947d (Unity) DebugStringToFile
0x00007ff709c2abd2 (Unity) DebugLogHandler_CUSTOM_Internal_Log
0x00000206fb9b2a13 (Mono JIT Code) (wrapper managed-to-native) UnityEngine.DebugLogHandler:Internal_Log (UnityEngine.LogType,UnityEngine.LogOption,string,UnityEngine.Object)
0x00000206fb9b272b (Mono JIT Code) UnityEngine.DebugLogHandler:LogFormat (UnityEngine.LogType,UnityEngine.Object,string,object[])
0x00000206fb9b24b1 (Mono JIT Code) UnityEngine.Logger:Log (UnityEngine.LogType,object,UnityEngine.Object)
0x00000206fb9b238d (Mono JIT Code) UnityEngine.Debug:LogWarning (object,UnityEngine.Object)
0x00000206fa9c0c83 (Mono JIT Code) [SpineEditorUtilities.cs:212] Spine.Unity.Editor.SpineEditorUtilities:IssueWarningsForUnrecommendedTextureSettings (string) 
0x00000206fa9c07eb (Mono JIT Code) [SpineEditorUtilities.cs:181] Spine.Unity.Editor.SpineEditorUtilities:IssueWarningsForUnrecommendedTextureSettings () 
0x00000206f29e991b (Mono JIT Code) [SpineEditorUtilities.cs:163] Spine.Unity.Editor.SpineEditorUtilities:Initialize () 
0x00000206f29e915b (Mono JIT Code) [SpineEditorUtilities.cs:97] Spine.Unity.Editor.SpineEditorUtilities:.cctor () 
0x00000206f29e921d (Mono JIT Code) (wrapper runtime-invoke) object:runtime_invoke_void (object,intptr,intptr,intptr)
0x00007ff9c603fe24 (mono-2.0-bdwgc) [mini-runtime.c:3445] mono_jit_runtime_invoke 
0x00007ff9c5f7e764 (mono-2.0-bdwgc) [object.c:3066] do_runtime_invoke 
0x00007ff9c5f79810 (mono-2.0-bdwgc) [object.c:563] mono_runtime_class_init_full 
0x00007ff9c5ee6290 (mono-2.0-bdwgc) [icall-def.h:751] ves_icall_System_Runtime_CompilerServices_RuntimeHelpers_RunClassConstructor_raw 
0x00000206f13a167a (Mono JIT Code) (wrapper managed-to-native) System.Runtime.CompilerServices.RuntimeHelpers:RunClassConstructor (intptr)
0x00000206f13a158b (Mono JIT Code) System.Runtime.CompilerServices.RuntimeHelpers:RunClassConstructor (System.RuntimeTypeHandle)
0x00000206f13a059b (Mono JIT Code) UnityEditor.EditorAssemblies:ProcessInitializeOnLoadAttributes (System.Type[])
0x00000206f2937e08 (Mono JIT Code) (wrapper runtime-invoke) <Module>:runtime_invoke_void_object (object,intptr,intptr,intptr)
0x00007ff9c603fe24 (mono-2.0-bdwgc) [mini-runtime.c:3445] mono_jit_runtime_invoke 
0x00007ff9c5f7e764 (mono-2.0-bdwgc) [object.c:3066] do_runtime_invoke 
0x00007ff9c5f7e8fc (mono-2.0-bdwgc) [object.c:3113] mono_runtime_invoke 
0x00007ff70a968164 (Unity) scripting_method_invoke
0x00007ff70a947a04 (Unity) ScriptingInvocation::Invoke
0x00007ff70a942615 (Unity) ScriptingInvocation::Invoke<void>
0x00007ff70aa9b673 (Unity) Scripting::UnityEditor::EditorAssembliesProxy::ProcessInitializeOnLoadAttributes
0x00007ff70a93c85b (Unity) MonoManager::SetupLoadedEditorAssemblies
0x00007ff70a93251d (Unity) MonoManager::EndReloadAssembly
0x00007ff70a939ed8 (Unity) MonoManager::ReloadAssembly
0x00007ff70b876412 (Unity) LoadDomainAndUserAssemblies
0x00007ff70b876b44 (Unity) LoadUserAssemblies
0x00007ff70b566153 (Unity) Application::InitializeProject
0x00007ff70b9c5dc8 (Unity) WinMain
0x00007ff70cd6533e (Unity) __scrt_common_main_seh
0x00007ffa50d17034 (KERNEL32) BaseThreadInitThunk
0x00007ffa519e26a1 (ntdll) RtlUserThreadStart

`Assets/DChild/Objects/Location/General/Idling Background Creatures/Crow/NewCrow.png` and material `NewCrow_Material.mat` : Problematic Texture / Material Settings found: It is recommended to disable `Alpha Is Transparency` on `Premultiply alpha` textures.
Assuming `Premultiply alpha` texture because `Straight Alpha Texture` is disabled at material). (You can disable this warning in `Edit - Preferences - Spine`)
0x00007ff70aa4368d (Unity) StackWalker::GetCurrentCallstack
0x00007ff70aa4a369 (Unity) StackWalker::ShowCallstack
0x00007ff70b9bb683 (Unity) GetStacktrace
0x00007ff70c05947d (Unity) DebugStringToFile
0x00007ff709c2abd2 (Unity) DebugLogHandler_CUSTOM_Internal_Log
0x00000206fb9b2a13 (Mono JIT Code) (wrapper managed-to-native) UnityEngine.DebugLogHandler:Internal_Log (UnityEngine.LogType,UnityEngine.LogOption,string,UnityEngine.Object)
0x00000206fb9b272b (Mono JIT Code) UnityEngine.DebugLogHandler:LogFormat (UnityEngine.LogType,UnityEngine.Object,string,object[])
0x00000206fb9b24b1 (Mono JIT Code) UnityEngine.Logger:Log (UnityEngine.LogType,object,UnityEngine.Object)
0x00000206fb9b238d (Mono JIT Code) UnityEngine.Debug:LogWarning (object,UnityEngine.Object)
0x00000206fa9c0c83 (Mono JIT Code) [SpineEditorUtilities.cs:212] Spine.Unity.Editor.SpineEditorUtilities:IssueWarningsForUnrecommendedTextureSettings (string) 
0x00000206fa9c07eb (Mono JIT Code) [SpineEditorUtilities.cs:181] Spine.Unity.Editor.SpineEditorUtilities:IssueWarningsForUnrecommendedTextureSettings () 
0x00000206f29e991b (Mono JIT Code) [SpineEditorUtilities.cs:163] Spine.Unity.Editor.SpineEditorUtilities:Initialize () 
0x00000206f29e915b (Mono JIT Code) [SpineEditorUtilities.cs:97] Spine.Unity.Editor.SpineEditorUtilities:.cctor () 
0x00000206f29e921d (Mono JIT Code) (wrapper runtime-invoke) object:runtime_invoke_void (object,intptr,intptr,intptr)
0x00007ff9c603fe24 (mono-2.0-bdwgc) [mini-runtime.c:3445] mono_jit_runtime_invoke 
0x00007ff9c5f7e764 (mono-2.0-bdwgc) [object.c:3066] do_runtime_invoke 
0x00007ff9c5f79810 (mono-2.0-bdwgc) [object.c:563] mono_runtime_class_init_full 
0x00007ff9c5ee6290 (mono-2.0-bdwgc) [icall-def.h:751] ves_icall_System_Runtime_CompilerServices_RuntimeHelpers_RunClassConstructor_raw 
0x00000206f13a167a (Mono JIT Code) (wrapper managed-to-native) System.Runtime.CompilerServices.RuntimeHelpers:RunClassConstructor (intptr)
0x00000206f13a158b (Mono JIT Code) System.Runtime.CompilerServices.RuntimeHelpers:RunClassConstructor (System.RuntimeTypeHandle)
0x00000206f13a059b (Mono JIT Code) UnityEditor.EditorAssemblies:ProcessInitializeOnLoadAttributes (System.Type[])
0x00000206f2937e08 (Mono JIT Code) (wrapper runtime-invoke) <Module>:runtime_invoke_void_object (object,intptr,intptr,intptr)
0x00007ff9c603fe24 (mono-2.0-bdwgc) [mini-runtime.c:3445] mono_jit_runtime_invoke 
0x00007ff9c5f7e764 (mono-2.0-bdwgc) [object.c:3066] do_runtime_invoke 
0x00007ff9c5f7e8fc (mono-2.0-bdwgc) [object.c:3113] mono_runtime_invoke 
0x00007ff70a968164 (Unity) scripting_method_invoke
0x00007ff70a947a04 (Unity) ScriptingInvocation::Invoke
0x00007ff70a942615 (Unity) ScriptingInvocation::Invoke<void>
0x00007ff70aa9b673 (Unity) Scripting::UnityEditor::EditorAssembliesProxy::ProcessInitializeOnLoadAttributes
0x00007ff70a93c85b (Unity) MonoManager::SetupLoadedEditorAssemblies
0x00007ff70a93251d (Unity) MonoManager::EndReloadAssembly
0x00007ff70a939ed8 (Unity) MonoManager::ReloadAssembly
0x00007ff70b876412 (Unity) LoadDomainAndUserAssemblies
0x00007ff70b876b44 (Unity) LoadUserAssemblies
0x00007ff70b566153 (Unity) Application::InitializeProject
0x00007ff70b9c5dc8 (Unity) WinMain
0x00007ff70cd6533e (Unity) __scrt_common_main_seh
0x00007ffa50d17034 (KERNEL32) BaseThreadInitThunk
0x00007ffa519e26a1 (ntdll) RtlUserThreadStart

Mono: successfully reloaded assembly
- Completed reload, in 10.250 seconds
Domain Reload Profiling:
	ReloadAssembly (10251ms)
		BeginReloadAssembly (123ms)
			ExecutionOrderSort (0ms)
			DisableScriptedObjects (6ms)
			BackupInstance (0ms)
			ReleaseScriptingObjects (0ms)
			CreateAndSetChildDomain (23ms)
		EndReloadAssembly (10016ms)
			LoadAssemblies (105ms)
			RebuildTransferFunctionScriptingTraits (0ms)
			SetupTypeCache (491ms)
			ReleaseScriptCaches (1ms)
			RebuildScriptCaches (405ms)
			SetupLoadedEditorAssemblies (8947ms)
				LogAssemblyErrors (0ms)
				InitializePlatformSupportModulesInManaged (10ms)
				SetLoadedEditorAssemblies (0ms)
				RefreshPlugins (470ms)
				BeforeProcessingInitializeOnLoad (161ms)
				ProcessInitializeOnLoadAttributes (8153ms)
				ProcessInitializeOnLoadMethodAttributes (144ms)
				AfterProcessingInitializeOnLoad (8ms)
				EditorAssembliesLoaded (0ms)
			ExecutionOrderSort2 (0ms)
			AwakeInstancesAfterBackupRestoration (8ms)
Platform modules already initialized, skipping
========================================================================
Worker process is ready to serve import requests
Refreshing native plugins compatible for Editor in 5.52 ms, found 3 plugins.
Preloading 0 native plugins for Editor in 0.00 ms.
Unloading 9486 Unused Serialized files (Serialized files now loaded: 0)
Unloading 824 unused Assets / (4.8 MB). Loaded Objects now: 9473.
Memory consumption went from 1.42 GB to 1.42 GB.
Total: 31.632400 ms (FindLiveObjects: 1.015500 ms CreateObjectMapping: 1.042900 ms MarkObjects: 25.774700 ms  DeleteObjects: 3.798300 ms)

AssetImportParameters requested are different than current active one (requested -> active):
  custom:video-decoder-ogg-theora: a1e56fd34408186e4bbccfd4996cb3dc -> 
  custom:container-muxer-webm: aa71ff27fc2769a1b78a27578f13a17b -> 
  custom:container-demuxer-webm: 4f35f7cbe854078d1ac9338744f61a02 -> 
  custom:video-encoder-webm-vp8: eb34c28f22e8b96e1ab97ce403110664 -> 
  custom:audio-encoder-webm-vorbis: bf7c407c2cedff20999df2af8eb42d56 -> 
  custom:framework-win-MediaFoundation: 216162199b28c13a410421893ffa2e32 -> 
  custom:container-demuxer-ogg: 62fdf1f143b41e24485cea50d1cbac27 -> 
  custom:video-decoder-webm-vp8: 9c59270c3fd7afecdb556c50c9e8de78 -> 
  custom:audio-decoder-ogg-vorbis: bf7c407c2cedff20999df2af8eb42d56 -> 
========================================================================
Received Import Request.
  Time since last request: 617717.446235 seconds.
  path: Assets/DChild/Scenes/_Zone City of The Dead/CityOfTheDead_Revised_Map/CityOfTheDead_Revised_Scene5.unity
  artifactKey: Guid(e0fdc0f256963c44995979dd89fe3a81) Importer(815301076,1909f56bfc062723c751e8b465ee728b)
Start importing Assets/DChild/Scenes/_Zone City of The Dead/CityOfTheDead_Revised_Map/CityOfTheDead_Revised_Scene5.unity using Guid(e0fdc0f256963c44995979dd89fe3a81) Importer(815301076,1909f56bfc062723c751e8b465ee728b)  -> (artifact id: '50c051b36fb6cf47462412f74198dae3') in 0.019875 seconds 
========================================================================
Received Import Request.
  Time since last request: 0.000029 seconds.
  path: Assets/DChild/Scenes/_Zone City of The Dead/CityOfTheDead_Scene5.unity
  artifactKey: Guid(5a9bd0e59acbf0946b14170980ce6bb4) Importer(815301076,1909f56bfc062723c751e8b465ee728b)
Start importing Assets/DChild/Scenes/_Zone City of The Dead/CityOfTheDead_Scene5.unity using Guid(5a9bd0e59acbf0946b14170980ce6bb4) Importer(815301076,1909f56bfc062723c751e8b465ee728b)  -> (artifact id: 'bc2b5894941c25e925b1876f5c81bafb') in 0.005500 seconds 
========================================================================
Received Import Request.
  Time since last request: 16.457306 seconds.
  path: Assets/DChild/Objects/Location/General/Textures/Clouds3.png
  artifactKey: Guid(a4c47badf77d5b848b8b8f227d36735f) Importer(815301076,1909f56bfc062723c751e8b465ee728b)
Start importing Assets/DChild/Objects/Location/General/Textures/Clouds3.png using Guid(a4c47badf77d5b848b8b8f227d36735f) Importer(815301076,1909f56bfc062723c751e8b465ee728b)  -> (artifact id: 'b525407c7ee7e0d0a3dbf8b26fe0e2d4') in 0.330852 seconds 
========================================================================
Received Import Request.
  Time since last request: 16.822406 seconds.
  path: Assets/DChild/Objects/Location/General/Textures/Full_Image/Smoke Bumpmap.png
  artifactKey: Guid(ef76eb8aab80ff7418b676b0bdfe145a) Importer(815301076,1909f56bfc062723c751e8b465ee728b)
Start importing Assets/DChild/Objects/Location/General/Textures/Full_Image/Smoke Bumpmap.png using Guid(ef76eb8aab80ff7418b676b0bdfe145a) Importer(815301076,1909f56bfc062723c751e8b465ee728b)  -> (artifact id: 'b62179962f8ea96bdd2c25936b8b9fad') in 0.082639 seconds 
========================================================================
Received Import Request.
  Time since last request: 518.681761 seconds.
  path: Assets/DChild/Objects/Location/General/Textures/Clouds1.png
  artifactKey: Guid(81132f544ec458545a8218853ed5d084) Importer(815301076,1909f56bfc062723c751e8b465ee728b)
Start importing Assets/DChild/Objects/Location/General/Textures/Clouds1.png using Guid(81132f544ec458545a8218853ed5d084) Importer(815301076,1909f56bfc062723c751e8b465ee728b)  -> (artifact id: 'b7bbb623a3ed4fde0078685e02621578') in 0.127681 seconds 
========================================================================
Received Prepare
Registering precompiled user dll's ...
Registered in 0.014703 seconds.
Script error (MapAreaUI): Update() can not take parameters.
0x00007ff70aa4368d (Unity) StackWalker::GetCurrentCallstack
0x00007ff70aa4a369 (Unity) StackWalker::ShowCallstack
0x00007ff70b9bb683 (Unity) GetStacktrace
0x00007ff70c05947d (Unity) DebugStringToFile
0x00007ff70a90c2fc (Unity) PopulateMethods
0x00007ff70a904d35 (Unity) CreateMonoScriptCache
0x00007ff70a90d573 (Unity) MonoScript::Renew
0x00007ff70a90cb46 (Unity) MonoScript::RebuildFromAwake
0x00007ff70a9f558a (Unity) PersistentManager::ReadAndActivateObjectThreaded
0x00007ff70a9f5ad1 (Unity) PersistentManager::ReadObjectThreaded
0x00007ff70a9f5887 (Unity) PersistentManager::ReadObject
0x00007ff70a8ff9ef (Unity) AddScriptsToList
0x00007ff70a9074da (Unity) MonoScriptManager::GetAllRuntimeAndEditorScripts
0x00007ff70b8795e3 (Unity) UpdateAllScriptPaths
0x00007ff70b874d6c (Unity) InitializeManagedCompilationPipeline
0x00007ff70b877b07 (Unity) RegisterAssetsAndInitializeAssemblies
0x00007ff70b876b3f (Unity) LoadUserAssemblies
0x00007ff70bd6968f (Unity) <lambda_f586749871dc2f4b36dca2d21a52c840>::operator()
0x00007ff70bda9c82 (Unity) asio::detail::completion_handler<core::mutable_function<void __cdecl(void)>,asio::io_context::basic_executor_type<std::allocator<void>,0> >::do_complete
0x00007ff70bd95b6e (Unity) asio::detail::win_iocp_io_context::do_one
0x00007ff70bd977d4 (Unity) asio::detail::win_iocp_io_context::run
0x00007ff70bda806e (Unity) IOService::Run
0x00007ff70bd7ac7f (Unity) AssetImportWorkerClient::Run
0x00007ff70bd44db3 (Unity) RunAssetImportWorkerClientV2
0x00007ff70bd44e3b (Unity) RunAssetImporterV2
0x00007ff70b566158 (Unity) Application::InitializeProject
0x00007ff70b9c5dc8 (Unity) WinMain
0x00007ff70cd6533e (Unity) __scrt_common_main_seh
0x00007ffa50d17034 (KERNEL32) BaseThreadInitThunk
0x00007ffa519e26a1 (ntdll) RtlUserThreadStart

Script error (ComplexIdlingCreature): OnDestroy() can not take parameters.
0x00007ff70aa4368d (Unity) StackWalker::GetCurrentCallstack
0x00007ff70aa4a369 (Unity) StackWalker::ShowCallstack
0x00007ff70b9bb683 (Unity) GetStacktrace
0x00007ff70c05947d (Unity) DebugStringToFile
0x00007ff70a90c2fc (Unity) PopulateMethods
0x00007ff70a904d35 (Unity) CreateMonoScriptCache
0x00007ff70a90d573 (Unity) MonoScript::Renew
0x00007ff70a90cb46 (Unity) MonoScript::RebuildFromAwake
0x00007ff70a9f558a (Unity) PersistentManager::ReadAndActivateObjectThreaded
0x00007ff70a9f5ad1 (Unity) PersistentManager::ReadObjectThreaded
0x00007ff70a9f5887 (Unity) PersistentManager::ReadObject
0x00007ff70a8ff9ef (Unity) AddScriptsToList
0x00007ff70a9074da (Unity) MonoScriptManager::GetAllRuntimeAndEditorScripts
0x00007ff70b8795e3 (Unity) UpdateAllScriptPaths
0x00007ff70b874d6c (Unity) InitializeManagedCompilationPipeline
0x00007ff70b877b07 (Unity) RegisterAssetsAndInitializeAssemblies
0x00007ff70b876b3f (Unity) LoadUserAssemblies
0x00007ff70bd6968f (Unity) <lambda_f586749871dc2f4b36dca2d21a52c840>::operator()
0x00007ff70bda9c82 (Unity) asio::detail::completion_handler<core::mutable_function<void __cdecl(void)>,asio::io_context::basic_executor_type<std::allocator<void>,0> >::do_complete
0x00007ff70bd95b6e (Unity) asio::detail::win_iocp_io_context::do_one
0x00007ff70bd977d4 (Unity) asio::detail::win_iocp_io_context::run
0x00007ff70bda806e (Unity) IOService::Run
0x00007ff70bd7ac7f (Unity) AssetImportWorkerClient::Run
0x00007ff70bd44db3 (Unity) RunAssetImportWorkerClientV2
0x00007ff70bd44e3b (Unity) RunAssetImporterV2
0x00007ff70b566158 (Unity) Application::InitializeProject
0x00007ff70b9c5dc8 (Unity) WinMain
0x00007ff70cd6533e (Unity) __scrt_common_main_seh
0x00007ffa50d17034 (KERNEL32) BaseThreadInitThunk
0x00007ffa519e26a1 (ntdll) RtlUserThreadStart

Begin MonoManager ReloadAssembly
Script error (MapAreaUI): Update() can not take parameters.
0x00007ff70aa4368d (Unity) StackWalker::GetCurrentCallstack
0x00007ff70aa4a369 (Unity) StackWalker::ShowCallstack
0x00007ff70b9bb683 (Unity) GetStacktrace
0x00007ff70c05947d (Unity) DebugStringToFile
0x00007ff70a90c2fc (Unity) PopulateMethods
0x00007ff70a904d35 (Unity) CreateMonoScriptCache
0x00007ff70a90d573 (Unity) MonoScript::Renew
0x00007ff70a9324a0 (Unity) MonoManager::EndReloadAssembly
0x00007ff70a939ed8 (Unity) MonoManager::ReloadAssembly
0x00007ff70b876412 (Unity) LoadDomainAndUserAssemblies
0x00007ff70b876b44 (Unity) LoadUserAssemblies
0x00007ff70bd6968f (Unity) <lambda_f586749871dc2f4b36dca2d21a52c840>::operator()
0x00007ff70bda9c82 (Unity) asio::detail::completion_handler<core::mutable_function<void __cdecl(void)>,asio::io_context::basic_executor_type<std::allocator<void>,0> >::do_complete
0x00007ff70bd95b6e (Unity) asio::detail::win_iocp_io_context::do_one
0x00007ff70bd977d4 (Unity) asio::detail::win_iocp_io_context::run
0x00007ff70bda806e (Unity) IOService::Run
0x00007ff70bd7ac7f (Unity) AssetImportWorkerClient::Run
0x00007ff70bd44db3 (Unity) RunAssetImportWorkerClientV2
0x00007ff70bd44e3b (Unity) RunAssetImporterV2
0x00007ff70b566158 (Unity) Application::InitializeProject
0x00007ff70b9c5dc8 (Unity) WinMain
0x00007ff70cd6533e (Unity) __scrt_common_main_seh
0x00007ffa50d17034 (KERNEL32) BaseThreadInitThunk
0x00007ffa519e26a1 (ntdll) RtlUserThreadStart

Script error (ComplexIdlingCreature): OnDestroy() can not take parameters.
0x00007ff70aa4368d (Unity) StackWalker::GetCurrentCallstack
0x00007ff70aa4a369 (Unity) StackWalker::ShowCallstack
0x00007ff70b9bb683 (Unity) GetStacktrace
0x00007ff70c05947d (Unity) DebugStringToFile
0x00007ff70a90c2fc (Unity) PopulateMethods
0x00007ff70a904d35 (Unity) CreateMonoScriptCache
0x00007ff70a90d573 (Unity) MonoScript::Renew
0x00007ff70a9324a0 (Unity) MonoManager::EndReloadAssembly
0x00007ff70a939ed8 (Unity) MonoManager::ReloadAssembly
0x00007ff70b876412 (Unity) LoadDomainAndUserAssemblies
0x00007ff70b876b44 (Unity) LoadUserAssemblies
0x00007ff70bd6968f (Unity) <lambda_f586749871dc2f4b36dca2d21a52c840>::operator()
0x00007ff70bda9c82 (Unity) asio::detail::completion_handler<core::mutable_function<void __cdecl(void)>,asio::io_context::basic_executor_type<std::allocator<void>,0> >::do_complete
0x00007ff70bd95b6e (Unity) asio::detail::win_iocp_io_context::do_one
0x00007ff70bd977d4 (Unity) asio::detail::win_iocp_io_context::run
0x00007ff70bda806e (Unity) IOService::Run
0x00007ff70bd7ac7f (Unity) AssetImportWorkerClient::Run
0x00007ff70bd44db3 (Unity) RunAssetImportWorkerClientV2
0x00007ff70bd44e3b (Unity) RunAssetImporterV2
0x00007ff70b566158 (Unity) Application::InitializeProject
0x00007ff70b9c5dc8 (Unity) WinMain
0x00007ff70cd6533e (Unity) __scrt_common_main_seh
0x00007ffa50d17034 (KERNEL32) BaseThreadInitThunk
0x00007ffa519e26a1 (ntdll) RtlUserThreadStart

Native extension for WindowsStandalone target not found
Refreshing native plugins compatible for Editor in 7.45 ms, found 3 plugins.
Preloading 0 native plugins for Editor in 0.00 ms.
`Assets/DChild/Objects/Characters/Enemy/Bosses/QueenBee/Model 3/QUEEN BEE NO DRONES.png` and material `QUEEN BEE NO DRONES_Material.mat` : Problematic Texture / Material Settings found: It is recommended to disable `Alpha Is Transparency` on `Premultiply alpha` textures.
Assuming `Premultiply alpha` texture because `Straight Alpha Texture` is disabled at material). (You can disable this warning in `Edit - Preferences - Spine`)
0x00007ff70aa4368d (Unity) StackWalker::GetCurrentCallstack
0x00007ff70aa4a369 (Unity) StackWalker::ShowCallstack
0x00007ff70b9bb683 (Unity) GetStacktrace
0x00007ff70c05947d (Unity) DebugStringToFile
0x00007ff709c2abd2 (Unity) DebugLogHandler_CUSTOM_Internal_Log
0x00000206f00525a3 (Mono JIT Code) (wrapper managed-to-native) UnityEngine.DebugLogHandler:Internal_Log (UnityEngine.LogType,UnityEngine.LogOption,string,UnityEngine.Object)
0x00000206f00522bb (Mono JIT Code) UnityEngine.DebugLogHandler:LogFormat (UnityEngine.LogType,UnityEngine.Object,string,object[])
0x00000206f0052041 (Mono JIT Code) UnityEngine.Logger:Log (UnityEngine.LogType,object,UnityEngine.Object)
0x00000206f0051f1d (Mono JIT Code) UnityEngine.Debug:LogWarning (object,UnityEngine.Object)
0x00000207001231b3 (Mono JIT Code) [SpineEditorUtilities.cs:212] Spine.Unity.Editor.SpineEditorUtilities:IssueWarningsForUnrecommendedTextureSettings (string) 
0x0000020700122d1b (Mono JIT Code) [SpineEditorUtilities.cs:181] Spine.Unity.Editor.SpineEditorUtilities:IssueWarningsForUnrecommendedTextureSettings () 
0x000002070010a0eb (Mono JIT Code) [SpineEditorUtilities.cs:163] Spine.Unity.Editor.SpineEditorUtilities:Initialize () 
0x000002070010992b (Mono JIT Code) [SpineEditorUtilities.cs:97] Spine.Unity.Editor.SpineEditorUtilities:.cctor () 
0x00000207001099ed (Mono JIT Code) (wrapper runtime-invoke) object:runtime_invoke_void (object,intptr,intptr,intptr)
0x00007ff9c603fe24 (mono-2.0-bdwgc) [mini-runtime.c:3445] mono_jit_runtime_invoke 
0x00007ff9c5f7e764 (mono-2.0-bdwgc) [object.c:3066] do_runtime_invoke 
0x00007ff9c5f79810 (mono-2.0-bdwgc) [object.c:563] mono_runtime_class_init_full 
0x00007ff9c5ee6290 (mono-2.0-bdwgc) [icall-def.h:751] ves_icall_System_Runtime_CompilerServices_RuntimeHelpers_RunClassConstructor_raw 
0x00000206fc162cca (Mono JIT Code) (wrapper managed-to-native) System.Runtime.CompilerServices.RuntimeHelpers:RunClassConstructor (intptr)
0x00000206fc162bdb (Mono JIT Code) System.Runtime.CompilerServices.RuntimeHelpers:RunClassConstructor (System.RuntimeTypeHandle)
0x00000206fc161d5b (Mono JIT Code) UnityEditor.EditorAssemblies:ProcessInitializeOnLoadAttributes (System.Type[])
0x00000206fa9b7e08 (Mono JIT Code) (wrapper runtime-invoke) <Module>:runtime_invoke_void_object (object,intptr,intptr,intptr)
0x00007ff9c603fe24 (mono-2.0-bdwgc) [mini-runtime.c:3445] mono_jit_runtime_invoke 
0x00007ff9c5f7e764 (mono-2.0-bdwgc) [object.c:3066] do_runtime_invoke 
0x00007ff9c5f7e8fc (mono-2.0-bdwgc) [object.c:3113] mono_runtime_invoke 
0x00007ff70a968164 (Unity) scripting_method_invoke
0x00007ff70a947a04 (Unity) ScriptingInvocation::Invoke
0x00007ff70a942615 (Unity) ScriptingInvocation::Invoke<void>
0x00007ff70aa9b673 (Unity) Scripting::UnityEditor::EditorAssembliesProxy::ProcessInitializeOnLoadAttributes
0x00007ff70a93c85b (Unity) MonoManager::SetupLoadedEditorAssemblies
0x00007ff70a93251d (Unity) MonoManager::EndReloadAssembly
0x00007ff70a939ed8 (Unity) MonoManager::ReloadAssembly
0x00007ff70b876412 (Unity) LoadDomainAndUserAssemblies
0x00007ff70b876b44 (Unity) LoadUserAssemblies
0x00007ff70bd6968f (Unity) <lambda_f586749871dc2f4b36dca2d21a52c840>::operator()
0x00007ff70bda9c82 (Unity) asio::detail::completion_handler<core::mutable_function<void __cdecl(void)>,asio::io_context::basic_executor_type<std::allocator<void>,0> >::do_complete
0x00007ff70bd95b6e (Unity) asio::detail::win_iocp_io_context::do_one
0x00007ff70bd977d4 (Unity) asio::detail::win_iocp_io_context::run
0x00007ff70bda806e (Unity) IOService::Run
0x00007ff70bd7ac7f (Unity) AssetImportWorkerClient::Run
0x00007ff70bd44db3 (Unity) RunAssetImportWorkerClientV2
0x00007ff70bd44e3b (Unity) RunAssetImporterV2
0x00007ff70b566158 (Unity) Application::InitializeProject
0x00007ff70b9c5dc8 (Unity) WinMain
0x00007ff70cd6533e (Unity) __scrt_common_main_seh
0x00007ffa50d17034 (KERNEL32) BaseThreadInitThunk
0x00007ffa519e26a1 (ntdll) RtlUserThreadStart

`Assets/DChild/Objects/Location/CityOfTheDead/Arena Crowd/Crowd2/skeleton.png` and material `skeleton_Material.mat` : Incorrect Texture / Material Settings found: It is strongly recommended to enable `Alpha Is Transparency` on `Straight alpha` textures.
Assuming `Straight alpha` texture because `Straight Alpha Texture` is enabled at material). (You can disable this warning in `Edit - Preferences - Spine`)
0x00007ff70aa4368d (Unity) StackWalker::GetCurrentCallstack
0x00007ff70aa4a369 (Unity) StackWalker::ShowCallstack
0x00007ff70b9bb683 (Unity) GetStacktrace
0x00007ff70c05947d (Unity) DebugStringToFile
0x00007ff709c2abd2 (Unity) DebugLogHandler_CUSTOM_Internal_Log
0x00000206f00525a3 (Mono JIT Code) (wrapper managed-to-native) UnityEngine.DebugLogHandler:Internal_Log (UnityEngine.LogType,UnityEngine.LogOption,string,UnityEngine.Object)
0x00000206f00522bb (Mono JIT Code) UnityEngine.DebugLogHandler:LogFormat (UnityEngine.LogType,UnityEngine.Object,string,object[])
0x00000206f0052041 (Mono JIT Code) UnityEngine.Logger:Log (UnityEngine.LogType,object,UnityEngine.Object)
0x00000206f0051f1d (Mono JIT Code) UnityEngine.Debug:LogWarning (object,UnityEngine.Object)
0x00000207001231b3 (Mono JIT Code) [SpineEditorUtilities.cs:212] Spine.Unity.Editor.SpineEditorUtilities:IssueWarningsForUnrecommendedTextureSettings (string) 
0x0000020700122d1b (Mono JIT Code) [SpineEditorUtilities.cs:181] Spine.Unity.Editor.SpineEditorUtilities:IssueWarningsForUnrecommendedTextureSettings () 
0x000002070010a0eb (Mono JIT Code) [SpineEditorUtilities.cs:163] Spine.Unity.Editor.SpineEditorUtilities:Initialize () 
0x000002070010992b (Mono JIT Code) [SpineEditorUtilities.cs:97] Spine.Unity.Editor.SpineEditorUtilities:.cctor () 
0x00000207001099ed (Mono JIT Code) (wrapper runtime-invoke) object:runtime_invoke_void (object,intptr,intptr,intptr)
0x00007ff9c603fe24 (mono-2.0-bdwgc) [mini-runtime.c:3445] mono_jit_runtime_invoke 
0x00007ff9c5f7e764 (mono-2.0-bdwgc) [object.c:3066] do_runtime_invoke 
0x00007ff9c5f79810 (mono-2.0-bdwgc) [object.c:563] mono_runtime_class_init_full 
0x00007ff9c5ee6290 (mono-2.0-bdwgc) [icall-def.h:751] ves_icall_System_Runtime_CompilerServices_RuntimeHelpers_RunClassConstructor_raw 
0x00000206fc162cca (Mono JIT Code) (wrapper managed-to-native) System.Runtime.CompilerServices.RuntimeHelpers:RunClassConstructor (intptr)
0x00000206fc162bdb (Mono JIT Code) System.Runtime.CompilerServices.RuntimeHelpers:RunClassConstructor (System.RuntimeTypeHandle)
0x00000206fc161d5b (Mono JIT Code) UnityEditor.EditorAssemblies:ProcessInitializeOnLoadAttributes (System.Type[])
0x00000206fa9b7e08 (Mono JIT Code) (wrapper runtime-invoke) <Module>:runtime_invoke_void_object (object,intptr,intptr,intptr)
0x00007ff9c603fe24 (mono-2.0-bdwgc) [mini-runtime.c:3445] mono_jit_runtime_invoke 
0x00007ff9c5f7e764 (mono-2.0-bdwgc) [object.c:3066] do_runtime_invoke 
0x00007ff9c5f7e8fc (mono-2.0-bdwgc) [object.c:3113] mono_runtime_invoke 
0x00007ff70a968164 (Unity) scripting_method_invoke
0x00007ff70a947a04 (Unity) ScriptingInvocation::Invoke
0x00007ff70a942615 (Unity) ScriptingInvocation::Invoke<void>
0x00007ff70aa9b673 (Unity) Scripting::UnityEditor::EditorAssembliesProxy::ProcessInitializeOnLoadAttributes
0x00007ff70a93c85b (Unity) MonoManager::SetupLoadedEditorAssemblies
0x00007ff70a93251d (Unity) MonoManager::EndReloadAssembly
0x00007ff70a939ed8 (Unity) MonoManager::ReloadAssembly
0x00007ff70b876412 (Unity) LoadDomainAndUserAssemblies
0x00007ff70b876b44 (Unity) LoadUserAssemblies
0x00007ff70bd6968f (Unity) <lambda_f586749871dc2f4b36dca2d21a52c840>::operator()
0x00007ff70bda9c82 (Unity) asio::detail::completion_handler<core::mutable_function<void __cdecl(void)>,asio::io_context::basic_executor_type<std::allocator<void>,0> >::do_complete
0x00007ff70bd95b6e (Unity) asio::detail::win_iocp_io_context::do_one
0x00007ff70bd977d4 (Unity) asio::detail::win_iocp_io_context::run
0x00007ff70bda806e (Unity) IOService::Run
0x00007ff70bd7ac7f (Unity) AssetImportWorkerClient::Run
0x00007ff70bd44db3 (Unity) RunAssetImportWorkerClientV2
0x00007ff70bd44e3b (Unity) RunAssetImporterV2
0x00007ff70b566158 (Unity) Application::InitializeProject
0x00007ff70b9c5dc8 (Unity) WinMain
0x00007ff70cd6533e (Unity) __scrt_common_main_seh
0x00007ffa50d17034 (KERNEL32) BaseThreadInitThunk
0x00007ffa519e26a1 (ntdll) RtlUserThreadStart

`Assets/DChild/Objects/Location/CityOfTheDead/Arena Crowd/CrowdGroup/skeleton.png` and material `skeleton_Material.mat` : Incorrect Texture / Material Settings found: It is strongly recommended to enable `Alpha Is Transparency` on `Straight alpha` textures.
Assuming `Straight alpha` texture because `Straight Alpha Texture` is enabled at material). (You can disable this warning in `Edit - Preferences - Spine`)
0x00007ff70aa4368d (Unity) StackWalker::GetCurrentCallstack
0x00007ff70aa4a369 (Unity) StackWalker::ShowCallstack
0x00007ff70b9bb683 (Unity) GetStacktrace
0x00007ff70c05947d (Unity) DebugStringToFile
0x00007ff709c2abd2 (Unity) DebugLogHandler_CUSTOM_Internal_Log
0x00000206f00525a3 (Mono JIT Code) (wrapper managed-to-native) UnityEngine.DebugLogHandler:Internal_Log (UnityEngine.LogType,UnityEngine.LogOption,string,UnityEngine.Object)
0x00000206f00522bb (Mono JIT Code) UnityEngine.DebugLogHandler:LogFormat (UnityEngine.LogType,UnityEngine.Object,string,object[])
0x00000206f0052041 (Mono JIT Code) UnityEngine.Logger:Log (UnityEngine.LogType,object,UnityEngine.Object)
0x00000206f0051f1d (Mono JIT Code) UnityEngine.Debug:LogWarning (object,UnityEngine.Object)
0x00000207001231b3 (Mono JIT Code) [SpineEditorUtilities.cs:212] Spine.Unity.Editor.SpineEditorUtilities:IssueWarningsForUnrecommendedTextureSettings (string) 
0x0000020700122d1b (Mono JIT Code) [SpineEditorUtilities.cs:181] Spine.Unity.Editor.SpineEditorUtilities:IssueWarningsForUnrecommendedTextureSettings () 
0x000002070010a0eb (Mono JIT Code) [SpineEditorUtilities.cs:163] Spine.Unity.Editor.SpineEditorUtilities:Initialize () 
0x000002070010992b (Mono JIT Code) [SpineEditorUtilities.cs:97] Spine.Unity.Editor.SpineEditorUtilities:.cctor () 
0x00000207001099ed (Mono JIT Code) (wrapper runtime-invoke) object:runtime_invoke_void (object,intptr,intptr,intptr)
0x00007ff9c603fe24 (mono-2.0-bdwgc) [mini-runtime.c:3445] mono_jit_runtime_invoke 
0x00007ff9c5f7e764 (mono-2.0-bdwgc) [object.c:3066] do_runtime_invoke 
0x00007ff9c5f79810 (mono-2.0-bdwgc) [object.c:563] mono_runtime_class_init_full 
0x00007ff9c5ee6290 (mono-2.0-bdwgc) [icall-def.h:751] ves_icall_System_Runtime_CompilerServices_RuntimeHelpers_RunClassConstructor_raw 
0x00000206fc162cca (Mono JIT Code) (wrapper managed-to-native) System.Runtime.CompilerServices.RuntimeHelpers:RunClassConstructor (intptr)
0x00000206fc162bdb (Mono JIT Code) System.Runtime.CompilerServices.RuntimeHelpers:RunClassConstructor (System.RuntimeTypeHandle)
0x00000206fc161d5b (Mono JIT Code) UnityEditor.EditorAssemblies:ProcessInitializeOnLoadAttributes (System.Type[])
0x00000206fa9b7e08 (Mono JIT Code) (wrapper runtime-invoke) <Module>:runtime_invoke_void_object (object,intptr,intptr,intptr)
0x00007ff9c603fe24 (mono-2.0-bdwgc) [mini-runtime.c:3445] mono_jit_runtime_invoke 
0x00007ff9c5f7e764 (mono-2.0-bdwgc) [object.c:3066] do_runtime_invoke 
0x00007ff9c5f7e8fc (mono-2.0-bdwgc) [object.c:3113] mono_runtime_invoke 
0x00007ff70a968164 (Unity) scripting_method_invoke
0x00007ff70a947a04 (Unity) ScriptingInvocation::Invoke
0x00007ff70a942615 (Unity) ScriptingInvocation::Invoke<void>
0x00007ff70aa9b673 (Unity) Scripting::UnityEditor::EditorAssembliesProxy::ProcessInitializeOnLoadAttributes
0x00007ff70a93c85b (Unity) MonoManager::SetupLoadedEditorAssemblies
0x00007ff70a93251d (Unity) MonoManager::EndReloadAssembly
0x00007ff70a939ed8 (Unity) MonoManager::ReloadAssembly
0x00007ff70b876412 (Unity) LoadDomainAndUserAssemblies
0x00007ff70b876b44 (Unity) LoadUserAssemblies
0x00007ff70bd6968f (Unity) <lambda_f586749871dc2f4b36dca2d21a52c840>::operator()
0x00007ff70bda9c82 (Unity) asio::detail::completion_handler<core::mutable_function<void __cdecl(void)>,asio::io_context::basic_executor_type<std::allocator<void>,0> >::do_complete
0x00007ff70bd95b6e (Unity) asio::detail::win_iocp_io_context::do_one
0x00007ff70bd977d4 (Unity) asio::detail::win_iocp_io_context::run
0x00007ff70bda806e (Unity) IOService::Run
0x00007ff70bd7ac7f (Unity) AssetImportWorkerClient::Run
0x00007ff70bd44db3 (Unity) RunAssetImportWorkerClientV2
0x00007ff70bd44e3b (Unity) RunAssetImporterV2
0x00007ff70b566158 (Unity) Application::InitializeProject
0x00007ff70b9c5dc8 (Unity) WinMain
0x00007ff70cd6533e (Unity) __scrt_common_main_seh
0x00007ffa50d17034 (KERNEL32) BaseThreadInitThunk
0x00007ffa519e26a1 (ntdll) RtlUserThreadStart

`Assets/DChild/Objects/Location/General/Idling Background Creatures/Crow/NewCrow.png` and material `NewCrow_Material.mat` : Problematic Texture / Material Settings found: It is recommended to disable `Alpha Is Transparency` on `Premultiply alpha` textures.
Assuming `Premultiply alpha` texture because `Straight Alpha Texture` is disabled at material). (You can disable this warning in `Edit - Preferences - Spine`)
0x00007ff70aa4368d (Unity) StackWalker::GetCurrentCallstack
0x00007ff70aa4a369 (Unity) StackWalker::ShowCallstack
0x00007ff70b9bb683 (Unity) GetStacktrace
0x00007ff70c05947d (Unity) DebugStringToFile
0x00007ff709c2abd2 (Unity) DebugLogHandler_CUSTOM_Internal_Log
0x00000206f00525a3 (Mono JIT Code) (wrapper managed-to-native) UnityEngine.DebugLogHandler:Internal_Log (UnityEngine.LogType,UnityEngine.LogOption,string,UnityEngine.Object)
0x00000206f00522bb (Mono JIT Code) UnityEngine.DebugLogHandler:LogFormat (UnityEngine.LogType,UnityEngine.Object,string,object[])
0x00000206f0052041 (Mono JIT Code) UnityEngine.Logger:Log (UnityEngine.LogType,object,UnityEngine.Object)
0x00000206f0051f1d (Mono JIT Code) UnityEngine.Debug:LogWarning (object,UnityEngine.Object)
0x00000207001231b3 (Mono JIT Code) [SpineEditorUtilities.cs:212] Spine.Unity.Editor.SpineEditorUtilities:IssueWarningsForUnrecommendedTextureSettings (string) 
0x0000020700122d1b (Mono JIT Code) [SpineEditorUtilities.cs:181] Spine.Unity.Editor.SpineEditorUtilities:IssueWarningsForUnrecommendedTextureSettings () 
0x000002070010a0eb (Mono JIT Code) [SpineEditorUtilities.cs:163] Spine.Unity.Editor.SpineEditorUtilities:Initialize () 
0x000002070010992b (Mono JIT Code) [SpineEditorUtilities.cs:97] Spine.Unity.Editor.SpineEditorUtilities:.cctor () 
0x00000207001099ed (Mono JIT Code) (wrapper runtime-invoke) object:runtime_invoke_void (object,intptr,intptr,intptr)
0x00007ff9c603fe24 (mono-2.0-bdwgc) [mini-runtime.c:3445] mono_jit_runtime_invoke 
0x00007ff9c5f7e764 (mono-2.0-bdwgc) [object.c:3066] do_runtime_invoke 
0x00007ff9c5f79810 (mono-2.0-bdwgc) [object.c:563] mono_runtime_class_init_full 
0x00007ff9c5ee6290 (mono-2.0-bdwgc) [icall-def.h:751] ves_icall_System_Runtime_CompilerServices_RuntimeHelpers_RunClassConstructor_raw 
0x00000206fc162cca (Mono JIT Code) (wrapper managed-to-native) System.Runtime.CompilerServices.RuntimeHelpers:RunClassConstructor (intptr)
0x00000206fc162bdb (Mono JIT Code) System.Runtime.CompilerServices.RuntimeHelpers:RunClassConstructor (System.RuntimeTypeHandle)
0x00000206fc161d5b (Mono JIT Code) UnityEditor.EditorAssemblies:ProcessInitializeOnLoadAttributes (System.Type[])
0x00000206fa9b7e08 (Mono JIT Code) (wrapper runtime-invoke) <Module>:runtime_invoke_void_object (object,intptr,intptr,intptr)
0x00007ff9c603fe24 (mono-2.0-bdwgc) [mini-runtime.c:3445] mono_jit_runtime_invoke 
0x00007ff9c5f7e764 (mono-2.0-bdwgc) [object.c:3066] do_runtime_invoke 
0x00007ff9c5f7e8fc (mono-2.0-bdwgc) [object.c:3113] mono_runtime_invoke 
0x00007ff70a968164 (Unity) scripting_method_invoke
0x00007ff70a947a04 (Unity) ScriptingInvocation::Invoke
0x00007ff70a942615 (Unity) ScriptingInvocation::Invoke<void>
0x00007ff70aa9b673 (Unity) Scripting::UnityEditor::EditorAssembliesProxy::ProcessInitializeOnLoadAttributes
0x00007ff70a93c85b (Unity) MonoManager::SetupLoadedEditorAssemblies
0x00007ff70a93251d (Unity) MonoManager::EndReloadAssembly
0x00007ff70a939ed8 (Unity) MonoManager::ReloadAssembly
0x00007ff70b876412 (Unity) LoadDomainAndUserAssemblies
0x00007ff70b876b44 (Unity) LoadUserAssemblies
0x00007ff70bd6968f (Unity) <lambda_f586749871dc2f4b36dca2d21a52c840>::operator()
0x00007ff70bda9c82 (Unity) asio::detail::completion_handler<core::mutable_function<void __cdecl(void)>,asio::io_context::basic_executor_type<std::allocator<void>,0> >::do_complete
0x00007ff70bd95b6e (Unity) asio::detail::win_iocp_io_context::do_one
0x00007ff70bd977d4 (Unity) asio::detail::win_iocp_io_context::run
0x00007ff70bda806e (Unity) IOService::Run
0x00007ff70bd7ac7f (Unity) AssetImportWorkerClient::Run
0x00007ff70bd44db3 (Unity) RunAssetImportWorkerClientV2
0x00007ff70bd44e3b (Unity) RunAssetImporterV2
0x00007ff70b566158 (Unity) Application::InitializeProject
0x00007ff70b9c5dc8 (Unity) WinMain
0x00007ff70cd6533e (Unity) __scrt_common_main_seh
0x00007ffa50d17034 (KERNEL32) BaseThreadInitThunk
0x00007ffa519e26a1 (ntdll) RtlUserThreadStart

Mono: successfully reloaded assembly
- Completed reload, in  4.725 seconds
Domain Reload Profiling:
	ReloadAssembly (4726ms)
		BeginReloadAssembly (176ms)
			ExecutionOrderSort (0ms)
			DisableScriptedObjects (6ms)
			BackupInstance (0ms)
			ReleaseScriptingObjects (0ms)
			CreateAndSetChildDomain (67ms)
		EndReloadAssembly (4438ms)
			LoadAssemblies (102ms)
			RebuildTransferFunctionScriptingTraits (0ms)
			SetupTypeCache (396ms)
			ReleaseScriptCaches (6ms)
			RebuildScriptCaches (222ms)
			SetupLoadedEditorAssemblies (3554ms)
				LogAssemblyErrors (0ms)
				InitializePlatformSupportModulesInManaged (13ms)
				SetLoadedEditorAssemblies (1ms)
				RefreshPlugins (8ms)
				BeforeProcessingInitializeOnLoad (131ms)
				ProcessInitializeOnLoadAttributes (3294ms)
				ProcessInitializeOnLoadMethodAttributes (100ms)
				AfterProcessingInitializeOnLoad (8ms)
				EditorAssembliesLoaded (0ms)
			ExecutionOrderSort2 (0ms)
			AwakeInstancesAfterBackupRestoration (71ms)
Platform modules already initialized, skipping
Script error (MapAreaUI): Update() can not take parameters.
0x00007ff70aa4368d (Unity) StackWalker::GetCurrentCallstack
0x00007ff70aa4a369 (Unity) StackWalker::ShowCallstack
0x00007ff70b9bb683 (Unity) GetStacktrace
0x00007ff70c05947d (Unity) DebugStringToFile
0x00007ff70a90c2fc (Unity) PopulateMethods
0x00007ff70a904d35 (Unity) CreateMonoScriptCache
0x00007ff70a90d573 (Unity) MonoScript::Renew
0x00007ff70a90cb46 (Unity) MonoScript::RebuildFromAwake
0x00007ff70a9f558a (Unity) PersistentManager::ReadAndActivateObjectThreaded
0x00007ff70a9f5ad1 (Unity) PersistentManager::ReadObjectThreaded
0x00007ff70a9f5887 (Unity) PersistentManager::ReadObject
0x00007ff70bd78538 (Unity) AssetImportWorkerClient::RegisterAvailableScripts
0x00007ff70bd696ce (Unity) <lambda_f586749871dc2f4b36dca2d21a52c840>::operator()
0x00007ff70bda9c82 (Unity) asio::detail::completion_handler<core::mutable_function<void __cdecl(void)>,asio::io_context::basic_executor_type<std::allocator<void>,0> >::do_complete
0x00007ff70bd95b6e (Unity) asio::detail::win_iocp_io_context::do_one
0x00007ff70bd977d4 (Unity) asio::detail::win_iocp_io_context::run
0x00007ff70bda806e (Unity) IOService::Run
0x00007ff70bd7ac7f (Unity) AssetImportWorkerClient::Run
0x00007ff70bd44db3 (Unity) RunAssetImportWorkerClientV2
0x00007ff70bd44e3b (Unity) RunAssetImporterV2
0x00007ff70b566158 (Unity) Application::InitializeProject
0x00007ff70b9c5dc8 (Unity) WinMain
0x00007ff70cd6533e (Unity) __scrt_common_main_seh
0x00007ffa50d17034 (KERNEL32) BaseThreadInitThunk
0x00007ffa519e26a1 (ntdll) RtlUserThreadStart

Script error (ComplexIdlingCreature): OnDestroy() can not take parameters.
0x00007ff70aa4368d (Unity) StackWalker::GetCurrentCallstack
0x00007ff70aa4a369 (Unity) StackWalker::ShowCallstack
0x00007ff70b9bb683 (Unity) GetStacktrace
0x00007ff70c05947d (Unity) DebugStringToFile
0x00007ff70a90c2fc (Unity) PopulateMethods
0x00007ff70a904d35 (Unity) CreateMonoScriptCache
0x00007ff70a90d573 (Unity) MonoScript::Renew
0x00007ff70a90cb46 (Unity) MonoScript::RebuildFromAwake
0x00007ff70a9f558a (Unity) PersistentManager::ReadAndActivateObjectThreaded
0x00007ff70a9f5ad1 (Unity) PersistentManager::ReadObjectThreaded
0x00007ff70a9f5887 (Unity) PersistentManager::ReadObject
0x00007ff70bd78538 (Unity) AssetImportWorkerClient::RegisterAvailableScripts
0x00007ff70bd696ce (Unity) <lambda_f586749871dc2f4b36dca2d21a52c840>::operator()
0x00007ff70bda9c82 (Unity) asio::detail::completion_handler<core::mutable_function<void __cdecl(void)>,asio::io_context::basic_executor_type<std::allocator<void>,0> >::do_complete
0x00007ff70bd95b6e (Unity) asio::detail::win_iocp_io_context::do_one
0x00007ff70bd977d4 (Unity) asio::detail::win_iocp_io_context::run
0x00007ff70bda806e (Unity) IOService::Run
0x00007ff70bd7ac7f (Unity) AssetImportWorkerClient::Run
0x00007ff70bd44db3 (Unity) RunAssetImportWorkerClientV2
0x00007ff70bd44e3b (Unity) RunAssetImporterV2
0x00007ff70b566158 (Unity) Application::InitializeProject
0x00007ff70b9c5dc8 (Unity) WinMain
0x00007ff70cd6533e (Unity) __scrt_common_main_seh
0x00007ffa50d17034 (KERNEL32) BaseThreadInitThunk
0x00007ffa519e26a1 (ntdll) RtlUserThreadStart

Refreshing native plugins compatible for Editor in 7.50 ms, found 3 plugins.
Preloading 0 native plugins for Editor in 0.00 ms.
Unloading 9101 Unused Serialized files (Serialized files now loaded: 0)
Unloading 63 unused Assets / (2.9 MB). Loaded Objects now: 9482.
Memory consumption went from 0.52 GB to 0.52 GB.
Total: 36.132800 ms (FindLiveObjects: 0.964200 ms CreateObjectMapping: 1.170700 ms MarkObjects: 31.549500 ms  DeleteObjects: 2.446700 ms)

AssetImportParameters requested are different than current active one (requested -> active):
  custom:video-decoder-ogg-theora: a1e56fd34408186e4bbccfd4996cb3dc -> 
  custom:container-muxer-webm: aa71ff27fc2769a1b78a27578f13a17b -> 
  custom:container-demuxer-webm: 4f35f7cbe854078d1ac9338744f61a02 -> 
  custom:video-encoder-webm-vp8: eb34c28f22e8b96e1ab97ce403110664 -> 
  custom:audio-encoder-webm-vorbis: bf7c407c2cedff20999df2af8eb42d56 -> 
  custom:framework-win-MediaFoundation: 216162199b28c13a410421893ffa2e32 -> 
  custom:container-demuxer-ogg: 62fdf1f143b41e24485cea50d1cbac27 -> 
  custom:video-decoder-webm-vp8: 9c59270c3fd7afecdb556c50c9e8de78 -> 
  custom:audio-decoder-ogg-vorbis: bf7c407c2cedff20999df2af8eb42d56 -> 
========================================================================
Received Import Request.
  Time since last request: 843.325494 seconds.
  path: Assets/DChild/Objects/Location/UnholyForest/Shaders/Texture/pngflames/Flame_A.png
  artifactKey: Guid(32e60e810bf86f64b823dd062267dd14) Importer(815301076,1909f56bfc062723c751e8b465ee728b)
Start importing Assets/DChild/Objects/Location/UnholyForest/Shaders/Texture/pngflames/Flame_A.png using Guid(32e60e810bf86f64b823dd062267dd14) Importer(815301076,1909f56bfc062723c751e8b465ee728b)  -> (artifact id: '825df24c4fb68575e0fb25201936120b') in 0.280387 seconds 
========================================================================
Received Import Request.
  Time since last request: 446.568188 seconds.
  path: Assets/UniversalRenderPipelineGlobalSettings.asset
  artifactKey: Guid(002bf1121bf971346a64ac796a8adba7) Importer(815301076,1909f56bfc062723c751e8b465ee728b)
Start importing Assets/UniversalRenderPipelineGlobalSettings.asset using Guid(002bf1121bf971346a64ac796a8adba7) Importer(815301076,1909f56bfc062723c751e8b465ee728b)  -> (artifact id: 'd94c6829c41b915693290c272bca4102') in 0.011299 seconds 
========================================================================
Received Import Request.
  Time since last request: 21.475720 seconds.
  path: Assets/DChild/UniversalRenderPipelineAsset.asset
  artifactKey: Guid(0902bfbb21264d04a89c4257230ad270) Importer(815301076,1909f56bfc062723c751e8b465ee728b)
Start importing Assets/DChild/UniversalRenderPipelineAsset.asset using Guid(0902bfbb21264d04a89c4257230ad270) Importer(815301076,1909f56bfc062723c751e8b465ee728b)  -> (artifact id: '160773a7cf61f8f85c4eae26db523a47') in 0.007027 seconds 
========================================================================
Received Import Request.
  Time since last request: 1.468390 seconds.
  path: Assets/DChild/New 2D Renderer Data.asset
  artifactKey: Guid(e184e002e7b375d47a25faa4eb7074d8) Importer(815301076,1909f56bfc062723c751e8b465ee728b)
Start importing Assets/DChild/New 2D Renderer Data.asset using Guid(e184e002e7b375d47a25faa4eb7074d8) Importer(815301076,1909f56bfc062723c751e8b465ee728b)  -> (artifact id: '59def5637aa088ae4b6b095b698c9180') in 0.008599 seconds 
========================================================================
Received Import Request.
  Time since last request: 153.602039 seconds.
  path: Assets/DChild/UniversalRenderPipelineAsset_Renderer.asset
  artifactKey: Guid(dcdf87ad54bddaf44b574ed4545aedd4) Importer(815301076,1909f56bfc062723c751e8b465ee728b)
Start importing Assets/DChild/UniversalRenderPipelineAsset_Renderer.asset using Guid(dcdf87ad54bddaf44b574ed4545aedd4) Importer(815301076,1909f56bfc062723c751e8b465ee728b)  -> (artifact id: '1dcbfe9827a1a033074ff2d984da4556') in 0.012742 seconds 
========================================================================
Received Import Request.
  Time since last request: 2626.516083 seconds.
  path: Assets/DChild/Objects/Location/UnholyForest/Shaders/Texture/pngflames/Flame_C.png
  artifactKey: Guid(39024844e2d248a47ab900246c9e9130) Importer(815301076,1909f56bfc062723c751e8b465ee728b)
Start importing Assets/DChild/Objects/Location/UnholyForest/Shaders/Texture/pngflames/Flame_C.png using Guid(39024844e2d248a47ab900246c9e9130) Importer(815301076,1909f56bfc062723c751e8b465ee728b)  -> (artifact id: 'bea3b4f791884fead3ec1c414ad77e53') in 0.234756 seconds 
========================================================================
Received Import Request.
  Time since last request: 27.852768 seconds.
  path: Assets/DChild/Objects/Location/TempleOfTheOne/Shaders/Materials/Fog_Mat 4.mat
  artifactKey: Guid(5ae7561a0972c9e43afa5eb760938647) Importer(815301076,1909f56bfc062723c751e8b465ee728b)
Start importing Assets/DChild/Objects/Location/TempleOfTheOne/Shaders/Materials/Fog_Mat 4.mat using Guid(5ae7561a0972c9e43afa5eb760938647) Importer(815301076,1909f56bfc062723c751e8b465ee728b)  -> (artifact id: '680f8266c21b4906291b70ae257c0ab7') in 0.870544 seconds 
========================================================================
Received Import Request.
  Time since last request: 4.729346 seconds.
  path: Assets/DChild/Objects/Location/UnholyForest/Shaders/Material/DustParticleFX_Mat.mat
  artifactKey: Guid(4cd35c4157d58484f9dd5ffa621d9881) Importer(815301076,1909f56bfc062723c751e8b465ee728b)
Start importing Assets/DChild/Objects/Location/UnholyForest/Shaders/Material/DustParticleFX_Mat.mat using Guid(4cd35c4157d58484f9dd5ffa621d9881) Importer(815301076,1909f56bfc062723c751e8b465ee728b)  -> (artifact id: 'f03322e78d4036c4bb8f635706d9ca41') in 0.039803 seconds 
========================================================================
Received Import Request.
  Time since last request: 4.617509 seconds.
  path: Assets/DChild/Objects/Location/UnholyForest/Shaders/Texture/pngflames/White_dot4.png
  artifactKey: Guid(217c3e0111a1af143b02fad6839d2dcd) Importer(815301076,1909f56bfc062723c751e8b465ee728b)
Start importing Assets/DChild/Objects/Location/UnholyForest/Shaders/Texture/pngflames/White_dot4.png using Guid(217c3e0111a1af143b02fad6839d2dcd) Importer(815301076,1909f56bfc062723c751e8b465ee728b)  -> (artifact id: 'a7a4dc623d973af22ad34ec68049d72f') in 0.166174 seconds 
========================================================================
Received Import Request.
  Time since last request: 48.815562 seconds.
  path: Assets/DChild/Objects/Location/UnholyForest/Shaders/Material/DustParticleFX_Mat.mat
  artifactKey: Guid(4cd35c4157d58484f9dd5ffa621d9881) Importer(815301076,1909f56bfc062723c751e8b465ee728b)
Start importing Assets/DChild/Objects/Location/UnholyForest/Shaders/Material/DustParticleFX_Mat.mat using Guid(4cd35c4157d58484f9dd5ffa621d9881) Importer(815301076,1909f56bfc062723c751e8b465ee728b)  -> (artifact id: 'f2190b38a3cde81877f72747d7c8bed0') in 0.247843 seconds 
========================================================================
Received Import Request.
  Time since last request: 8.540514 seconds.
  path: Assets/DChild/Objects/Location/UnholyForest/Shaders/Test Folder/Water RenderTExture.asset
  artifactKey: Guid(92f293b1c257274478d4d8d6b094bb55) Importer(815301076,1909f56bfc062723c751e8b465ee728b)
Start importing Assets/DChild/Objects/Location/UnholyForest/Shaders/Test Folder/Water RenderTExture.asset using Guid(92f293b1c257274478d4d8d6b094bb55) Importer(815301076,1909f56bfc062723c751e8b465ee728b)  -> (artifact id: '549a8ac54b46b77c977254023d143b21') in 0.043097 seconds 
========================================================================
Received Import Request.
  Time since last request: 0.000039 seconds.
  path: Assets/DChild/Objects/Location/General/Textures/WHiteFade04.png
  artifactKey: Guid(0ca067c7684d5354fb48214ba851407d) Importer(815301076,1909f56bfc062723c751e8b465ee728b)
Start importing Assets/DChild/Objects/Location/General/Textures/WHiteFade04.png using Guid(0ca067c7684d5354fb48214ba851407d) Importer(815301076,1909f56bfc062723c751e8b465ee728b)  -> (artifact id: '4fec8849ddadc6dc79a559b31b1c6348') in 0.072923 seconds 
========================================================================
Received Import Request.
  Time since last request: 0.000071 seconds.
  path: Assets/DChild/Objects/Characters/Enemy/Minions/WerewolfAlpha/Model/werewolf-ICanimation.png
  artifactKey: Guid(7ad47b6c0ace4e74cb92e7db64b04ade) Importer(815301076,1909f56bfc062723c751e8b465ee728b)
Start importing Assets/DChild/Objects/Characters/Enemy/Minions/WerewolfAlpha/Model/werewolf-ICanimation.png using Guid(7ad47b6c0ace4e74cb92e7db64b04ade) Importer(815301076,1909f56bfc062723c751e8b465ee728b)  -> (artifact id: '9c5736bd8f0672b7df636681bfd8e10f') in 0.028519 seconds 
========================================================================
Received Import Request.
  Time since last request: 0.000026 seconds.
  path: Assets/DChild/Objects/Location/CityOfTheDead/WhaleEnlargedPaddingExport/Whale3_Edit_EnlargedPadding_Export/whale 3.skel.png
  artifactKey: Guid(feaea78c45bc1234688ad2ea2b87750d) Importer(815301076,1909f56bfc062723c751e8b465ee728b)
Start importing Assets/DChild/Objects/Location/CityOfTheDead/WhaleEnlargedPaddingExport/Whale3_Edit_EnlargedPadding_Export/whale 3.skel.png using Guid(feaea78c45bc1234688ad2ea2b87750d) Importer(815301076,1909f56bfc062723c751e8b465ee728b)  -> (artifact id: 'f7038f7aa4676df7526faed3aa497b2a') in 0.058200 seconds 
========================================================================
Received Import Request.
  Time since last request: 0.000027 seconds.
  path: Assets/DChild/Objects/Location/General/Textures/WHiteFade copy.png
  artifactKey: Guid(738a1bde7c84157449bd5badd0600544) Importer(815301076,1909f56bfc062723c751e8b465ee728b)
Start importing Assets/DChild/Objects/Location/General/Textures/WHiteFade copy.png using Guid(738a1bde7c84157449bd5badd0600544) Importer(815301076,1909f56bfc062723c751e8b465ee728b)  -> (artifact id: 'bc0e6594f37a58f56b63eb166f5f630a') in 0.114937 seconds 
========================================================================
Received Import Request.
  Time since last request: 0.000026 seconds.
  path: Assets/DChild/Objects/Location/CityOfTheDead/WHALE 1/whale 1(1).png
  artifactKey: Guid(6efa022e22afebb43bfe92ca9682e162) Importer(815301076,1909f56bfc062723c751e8b465ee728b)
Start importing Assets/DChild/Objects/Location/CityOfTheDead/WHALE 1/whale 1(1).png using Guid(6efa022e22afebb43bfe92ca9682e162) Importer(815301076,1909f56bfc062723c751e8b465ee728b)  -> (artifact id: 'e5354e16641e1a4970d984340c1ebbf6') in 0.089951 seconds 
========================================================================
Received Import Request.
  Time since last request: 0.000034 seconds.
  path: Assets/DChild/Objects/Characters/Enemy/Bosses/TheOne/FirstForm/FX/Materials/ALPHA TEXTURES/MATERIALS JAMES/wave_burst_geyser.png
  artifactKey: Guid(a6b5f11ece3c18d4da4556d3f3b470bb) Importer(815301076,1909f56bfc062723c751e8b465ee728b)
Start importing Assets/DChild/Objects/Characters/Enemy/Bosses/TheOne/FirstForm/FX/Materials/ALPHA TEXTURES/MATERIALS JAMES/wave_burst_geyser.png using Guid(a6b5f11ece3c18d4da4556d3f3b470bb) Importer(815301076,1909f56bfc062723c751e8b465ee728b)  -> (artifact id: 'fce1f411bef6d984802a320fb0477785') in 0.058708 seconds 
========================================================================
Received Import Request.
  Time since last request: 0.000025 seconds.
  path: Assets/DChild/Objects/Location/General/Textures/WHiteFade03.png
  artifactKey: Guid(d734c6aad00f8e140be92e87d98ac83c) Importer(815301076,1909f56bfc062723c751e8b465ee728b)
Start importing Assets/DChild/Objects/Location/General/Textures/WHiteFade03.png using Guid(d734c6aad00f8e140be92e87d98ac83c) Importer(815301076,1909f56bfc062723c751e8b465ee728b)  -> (artifact id: '67519a467cee4a24bca274844b0e1ed9') in 0.042596 seconds 
========================================================================
Received Import Request.
  Time since last request: 0.000024 seconds.
  path: Assets/DChild/Objects/Location/General/Textures/Transparent/WindowLight test.png
  artifactKey: Guid(f122ea2029a1b714fae359c76d0b6a7b) Importer(815301076,1909f56bfc062723c751e8b465ee728b)
Start importing Assets/DChild/Objects/Location/General/Textures/Transparent/WindowLight test.png using Guid(f122ea2029a1b714fae359c76d0b6a7b) Importer(815301076,1909f56bfc062723c751e8b465ee728b)  -> (artifact id: 'e9e34b0c3b3963da80a5053505c2c286') in 0.080034 seconds 
========================================================================
Received Import Request.
  Time since last request: 0.000026 seconds.
  path: Assets/DChild/Objects/Location/UnholyForest/Shaders/Texture/pngflames/white_dot9.png
  artifactKey: Guid(e4e40ff896506814184edfc1e3416b71) Importer(815301076,1909f56bfc062723c751e8b465ee728b)
Start importing Assets/DChild/Objects/Location/UnholyForest/Shaders/Texture/pngflames/white_dot9.png using Guid(e4e40ff896506814184edfc1e3416b71) Importer(815301076,1909f56bfc062723c751e8b465ee728b)  -> (artifact id: '798be941949c174c6fc554f538844104') in 0.044187 seconds 
========================================================================
Received Import Request.
  Time since last request: 0.000040 seconds.
  path: Assets/DChild/Objects/Location/UnholyForest/Shaders/Texture/pngflames/white_dot6.png
  artifactKey: Guid(9d2bb38323cb0004ba7527aa3cbbd15b) Importer(815301076,1909f56bfc062723c751e8b465ee728b)
Start importing Assets/DChild/Objects/Location/UnholyForest/Shaders/Texture/pngflames/white_dot6.png using Guid(9d2bb38323cb0004ba7527aa3cbbd15b) Importer(815301076,1909f56bfc062723c751e8b465ee728b)  -> (artifact id: '29ef45f2d4a5739f26d12fa31760e392') in 0.053194 seconds 
========================================================================
Received Import Request.
  Time since last request: 0.000031 seconds.
  path: Assets/DChild/Objects/Location/General/Textures/WHiteFade.png
  artifactKey: Guid(5b5f86a2d0326e849a94b78282ee2e0b) Importer(815301076,1909f56bfc062723c751e8b465ee728b)
Start importing Assets/DChild/Objects/Location/General/Textures/WHiteFade.png using Guid(5b5f86a2d0326e849a94b78282ee2e0b) Importer(815301076,1909f56bfc062723c751e8b465ee728b)  -> (artifact id: '03f1df3f798a73120ec2535b14cae67b') in 0.112612 seconds 
========================================================================
Received Import Request.
  Time since last request: 0.000028 seconds.
  path: Assets/DChild/Objects/Location/UnholyForest/Shaders/Texture/pngflames/White_dot3.png
  artifactKey: Guid(2921ce98ac00d384091ea791ba2f707c) Importer(815301076,1909f56bfc062723c751e8b465ee728b)
Start importing Assets/DChild/Objects/Location/UnholyForest/Shaders/Texture/pngflames/White_dot3.png using Guid(2921ce98ac00d384091ea791ba2f707c) Importer(815301076,1909f56bfc062723c751e8b465ee728b)  -> (artifact id: '91f13fa844f319b2f0628630a6642901') in 0.228266 seconds 
========================================================================
Received Import Request.
  Time since last request: 0.000028 seconds.
  path: Assets/DChild/Objects/Location/UnholyForest/Shaders/Texture/pngflames/white_dot5.png
  artifactKey: Guid(4e1baaa242059bd4190ab667c7d92258) Importer(815301076,1909f56bfc062723c751e8b465ee728b)
Start importing Assets/DChild/Objects/Location/UnholyForest/Shaders/Texture/pngflames/white_dot5.png using Guid(4e1baaa242059bd4190ab667c7d92258) Importer(815301076,1909f56bfc062723c751e8b465ee728b)  -> (artifact id: '4dd0c2051d1f286956af9949eac7a1a1') in 0.037731 seconds 
========================================================================
Received Import Request.
  Time since last request: 0.000037 seconds.
  path: Assets/DChild/Objects/Location/CityOfTheDead/WhaleEnlargedPaddingExport/Whale1_Edit_EnlargedPadding_Export/whale 1.skel.png
  artifactKey: Guid(ce811f805ae065549b260fdd8284ef05) Importer(815301076,1909f56bfc062723c751e8b465ee728b)
Start importing Assets/DChild/Objects/Location/CityOfTheDead/WhaleEnlargedPaddingExport/Whale1_Edit_EnlargedPadding_Export/whale 1.skel.png using Guid(ce811f805ae065549b260fdd8284ef05) Importer(815301076,1909f56bfc062723c751e8b465ee728b)  -> (artifact id: '7ecd13c3471eaf82c19ad05bcd166431') in 0.031290 seconds 
========================================================================
Received Import Request.
  Time since last request: 0.000035 seconds.
  path: Assets/DChild/Objects/Location/CityOfTheDead/COD_Breakables/BreakablesWoodenWallDebris/WoodenWallBlock_piece_01.png
  artifactKey: Guid(a549479f8d425cd4897b5afa59e20bfc) Importer(815301076,1909f56bfc062723c751e8b465ee728b)
Start importing Assets/DChild/Objects/Location/CityOfTheDead/COD_Breakables/BreakablesWoodenWallDebris/WoodenWallBlock_piece_01.png using Guid(a549479f8d425cd4897b5afa59e20bfc) Importer(815301076,1909f56bfc062723c751e8b465ee728b)  -> (artifact id: 'f3113baa93673ba5f0d319e7001e49c0') in 0.051415 seconds 
========================================================================
Received Import Request.
  Time since last request: 0.000043 seconds.
  path: Assets/DChild/Objects/Location/UnholyForest/Shaders/Texture/white_block.png
  artifactKey: Guid(d299d650589b45c4cb44a1adc86e8201) Importer(815301076,1909f56bfc062723c751e8b465ee728b)
Start importing Assets/DChild/Objects/Location/UnholyForest/Shaders/Texture/white_block.png using Guid(d299d650589b45c4cb44a1adc86e8201) Importer(815301076,1909f56bfc062723c751e8b465ee728b)  -> (artifact id: '567d2590a565044f8508f4dd8dcd90e1') in 0.094531 seconds 
========================================================================
Received Import Request.
  Time since last request: 0.000031 seconds.
  path: Assets/DChild/Objects/Location/UnholyForest/Shaders/Texture/pngflames/white_dot8.png
  artifactKey: Guid(1eb427f569aace248ae86ffa9d1a239f) Importer(815301076,1909f56bfc062723c751e8b465ee728b)
Start importing Assets/DChild/Objects/Location/UnholyForest/Shaders/Texture/pngflames/white_dot8.png using Guid(1eb427f569aace248ae86ffa9d1a239f) Importer(815301076,1909f56bfc062723c751e8b465ee728b)  -> (artifact id: 'f7e971908c77eadbbc5e3e8eeff869b2') in 0.042336 seconds 
========================================================================
Received Import Request.
  Time since last request: 0.000022 seconds.
  path: Assets/DChild/Objects/Location/UnholyForest/Shaders/Texture/pngflames/white_dot10.png
  artifactKey: Guid(a936e4c299ad0a54999edd4403c2d122) Importer(815301076,1909f56bfc062723c751e8b465ee728b)
Start importing Assets/DChild/Objects/Location/UnholyForest/Shaders/Texture/pngflames/white_dot10.png using Guid(a936e4c299ad0a54999edd4403c2d122) Importer(815301076,1909f56bfc062723c751e8b465ee728b)  -> (artifact id: '8b10b593ed757a73c5379739e26d190f') in 0.031531 seconds 
========================================================================
Received Import Request.
  Time since last request: 0.000029 seconds.
  path: Assets/DChild/Objects/Location/CityOfTheDead/COD_Breakables/BreakablesWoodenWallDebris/WoodenWallBlock_piece_04.png
  artifactKey: Guid(604216900bc636e44969d66aed661aea) Importer(815301076,1909f56bfc062723c751e8b465ee728b)
Start importing Assets/DChild/Objects/Location/CityOfTheDead/COD_Breakables/BreakablesWoodenWallDebris/WoodenWallBlock_piece_04.png using Guid(604216900bc636e44969d66aed661aea) Importer(815301076,1909f56bfc062723c751e8b465ee728b)  -> (artifact id: '80791a8e9251bab7c79e7cd63a9ad661') in 0.052583 seconds 
========================================================================
Received Import Request.
  Time since last request: 0.000037 seconds.
  path: Assets/DChild/Objects/Characters/Enemy/Minions/Werewolf/Model/werewolf-ICanimation_Mask.png
  artifactKey: Guid(8e03ccb8204e9f84aad88515762b54b6) Importer(815301076,1909f56bfc062723c751e8b465ee728b)
Start importing Assets/DChild/Objects/Characters/Enemy/Minions/Werewolf/Model/werewolf-ICanimation_Mask.png using Guid(8e03ccb8204e9f84aad88515762b54b6) Importer(815301076,1909f56bfc062723c751e8b465ee728b)  -> (artifact id: 'e810d0c69a9b2bbbd705122ffb440f97') in 0.091125 seconds 
========================================================================
Received Import Request.
  Time since last request: 0.000039 seconds.
  path: Assets/DChild/Objects/Location/CityOfTheDead/WhaleEnlargedPaddingExport/Whale2_Edit_EnlargedPadding_Export/whale 2.skel.png
  artifactKey: Guid(af4432a728fbc3d47a5a1e678e3f9f23) Importer(815301076,1909f56bfc062723c751e8b465ee728b)
Start importing Assets/DChild/Objects/Location/CityOfTheDead/WhaleEnlargedPaddingExport/Whale2_Edit_EnlargedPadding_Export/whale 2.skel.png using Guid(af4432a728fbc3d47a5a1e678e3f9f23) Importer(815301076,1909f56bfc062723c751e8b465ee728b)  -> (artifact id: '25d289b62530051f2a8091f9f577292d') in 0.058266 seconds 
========================================================================
Received Import Request.
  Time since last request: 0.000026 seconds.
  path: Assets/DChild/Objects/Location/Garden/WaterTexture.jpg
  artifactKey: Guid(d5d53382713e6ac4d8f1181b4a8d8a3e) Importer(815301076,1909f56bfc062723c751e8b465ee728b)
Start importing Assets/DChild/Objects/Location/Garden/WaterTexture.jpg using Guid(d5d53382713e6ac4d8f1181b4a8d8a3e) Importer(815301076,1909f56bfc062723c751e8b465ee728b)  -> (artifact id: '83a00f0a34b0c8f01fe3a8164ddec6c3') in 0.082487 seconds 
========================================================================
Received Import Request.
  Time since last request: 0.000026 seconds.
  path: Assets/Debug/HoneyBlockade/WaveGlow.png
  artifactKey: Guid(10a87899d34cc5c46b98cc8d95f7bc94) Importer(815301076,1909f56bfc062723c751e8b465ee728b)
Start importing Assets/Debug/HoneyBlockade/WaveGlow.png using Guid(10a87899d34cc5c46b98cc8d95f7bc94) Importer(815301076,1909f56bfc062723c751e8b465ee728b)  -> (artifact id: 'c13e37ff5e8fde328c1a93e20f7d1bdc') in 0.072354 seconds 
========================================================================
Received Import Request.
  Time since last request: 0.000044 seconds.
  path: Assets/DChild/Objects/Location/UnholyForest/Shaders/Texture/whitesmoke.png
  artifactKey: Guid(17d01abeb5e1d6f4bb0653410d9a5041) Importer(815301076,1909f56bfc062723c751e8b465ee728b)
Start importing Assets/DChild/Objects/Location/UnholyForest/Shaders/Texture/whitesmoke.png using Guid(17d01abeb5e1d6f4bb0653410d9a5041) Importer(815301076,1909f56bfc062723c751e8b465ee728b)  -> (artifact id: '8c62d2052cd6260e38843f4a8b9bf691') in 0.084146 seconds 
========================================================================
Received Import Request.
  Time since last request: 0.000032 seconds.
  path: Assets/DChild/Objects/Location/UnholyForest/Shaders/Texture/pngflames/white_dot7.png
  artifactKey: Guid(05eb4cd8780f8f042b46cb7ecbb4858f) Importer(815301076,1909f56bfc062723c751e8b465ee728b)
Start importing Assets/DChild/Objects/Location/UnholyForest/Shaders/Texture/pngflames/white_dot7.png using Guid(05eb4cd8780f8f042b46cb7ecbb4858f) Importer(815301076,1909f56bfc062723c751e8b465ee728b)  -> (artifact id: '34c4e0f8002459ff6370c7f7aa90f3ba') in 0.206201 seconds 
========================================================================
Received Import Request.
  Time since last request: 0.000028 seconds.
  path: Assets/DChild/Objects/Location/UnholyForest/Shaders/Texture/pngflames/white_dot.png
  artifactKey: Guid(3e9d0ad2cabd97a4b974466887866826) Importer(815301076,1909f56bfc062723c751e8b465ee728b)
Start importing Assets/DChild/Objects/Location/UnholyForest/Shaders/Texture/pngflames/white_dot.png using Guid(3e9d0ad2cabd97a4b974466887866826) Importer(815301076,1909f56bfc062723c751e8b465ee728b)  -> (artifact id: 'cbadc1af587b04f86c69457e485252c8') in 0.042501 seconds 
========================================================================
Received Import Request.
  Time since last request: 0.000036 seconds.
  path: Assets/Doozy/_Extras/Sprites/Brands/windows.png
  artifactKey: Guid(4f34af697bb0e16429c013f9559ac04b) Importer(815301076,1909f56bfc062723c751e8b465ee728b)
Start importing Assets/Doozy/_Extras/Sprites/Brands/windows.png using Guid(4f34af697bb0e16429c013f9559ac04b) Importer(815301076,1909f56bfc062723c751e8b465ee728b)  -> (artifact id: '733c68e174f9e0d7217351ca97771695') in 0.028662 seconds 
========================================================================
Received Import Request.
  Time since last request: 0.000028 seconds.
  path: Assets/DChild/Objects/Location/General/Chest/WeaponChest/Weaponchest_closed.png
  artifactKey: Guid(9b8a8fff5d653f942949e6fa016877c2) Importer(815301076,1909f56bfc062723c751e8b465ee728b)
Start importing Assets/DChild/Objects/Location/General/Chest/WeaponChest/Weaponchest_closed.png using Guid(9b8a8fff5d653f942949e6fa016877c2) Importer(815301076,1909f56bfc062723c751e8b465ee728b)  -> (artifact id: 'd1260b64e31302522e61dbf3d3fb3f77') in 0.066852 seconds 
========================================================================
Received Import Request.
  Time since last request: 0.000024 seconds.
  path: Assets/DChild/Objects/Characters/Enemy/Bosses/TheOne/FirstForm/FX/Materials/ALPHA TEXTURES/water_trail_spritesheet.png
  artifactKey: Guid(bfef94a918efad64ea341ae9bf90680f) Importer(815301076,1909f56bfc062723c751e8b465ee728b)
Start importing Assets/DChild/Objects/Characters/Enemy/Bosses/TheOne/FirstForm/FX/Materials/ALPHA TEXTURES/water_trail_spritesheet.png using Guid(bfef94a918efad64ea341ae9bf90680f) Importer(815301076,1909f56bfc062723c751e8b465ee728b)  -> (artifact id: '6b520e808b6901ca126b4b944c4d3f35') in 0.046008 seconds 
========================================================================
Received Import Request.
  Time since last request: 0.000028 seconds.
  path: Assets/DChild/Objects/Misc/SoulSkills/wind booster2.png
  artifactKey: Guid(f0acbf30ed3f9f64cac1e29e72be604f) Importer(815301076,1909f56bfc062723c751e8b465ee728b)
Start importing Assets/DChild/Objects/Misc/SoulSkills/wind booster2.png using Guid(f0acbf30ed3f9f64cac1e29e72be604f) Importer(815301076,1909f56bfc062723c751e8b465ee728b)  -> (artifact id: '8c9bc4a8baef887d45232af0b6cb1f71') in 0.195957 seconds 
========================================================================
Received Import Request.
  Time since last request: 0.000043 seconds.
  path: Assets/DChild/Objects/Location/CityOfTheDead/COD_Breakables/BreakablesWoodenWallDebris/WoodenWallBlock_piece_07.png
  artifactKey: Guid(2e65f1e8cbf4bec4188a427dc2aea032) Importer(815301076,1909f56bfc062723c751e8b465ee728b)
Start importing Assets/DChild/Objects/Location/CityOfTheDead/COD_Breakables/BreakablesWoodenWallDebris/WoodenWallBlock_piece_07.png using Guid(2e65f1e8cbf4bec4188a427dc2aea032) Importer(815301076,1909f56bfc062723c751e8b465ee728b)  -> (artifact id: '05ca24c0b2f885c31c7908d45f90010b') in 0.040072 seconds 
========================================================================
Received Import Request.
  Time since last request: 0.000029 seconds.
  path: Assets/DChild/Objects/Characters/Enemy/Minions/WerewolfAlpha/Model/werewolf-ICanimation2.png
  artifactKey: Guid(f523285fe4f01c64abf106e611e50de5) Importer(815301076,1909f56bfc062723c751e8b465ee728b)
Start importing Assets/DChild/Objects/Characters/Enemy/Minions/WerewolfAlpha/Model/werewolf-ICanimation2.png using Guid(f523285fe4f01c64abf106e611e50de5) Importer(815301076,1909f56bfc062723c751e8b465ee728b)  -> (artifact id: '8c1e479a187133ca57c7b54e018a8c5e') in 0.019638 seconds 
========================================================================
Received Import Request.
  Time since last request: 0.000027 seconds.
  path: Assets/DChild/Objects/Location/General/Textures/WHiteFade01.png
  artifactKey: Guid(dda4e4b60717d0340a8a9fbb475ebebb) Importer(815301076,1909f56bfc062723c751e8b465ee728b)
Start importing Assets/DChild/Objects/Location/General/Textures/WHiteFade01.png using Guid(dda4e4b60717d0340a8a9fbb475ebebb) Importer(815301076,1909f56bfc062723c751e8b465ee728b)  -> (artifact id: '587f34ce10e4cc56b4689ef3e3962116') in 0.120762 seconds 
========================================================================
Received Import Request.
  Time since last request: 0.000024 seconds.
  path: Assets/DChild/Objects/Location/UnholyForest/Shaders/Texture/pngflames/white_dot12.png
  artifactKey: Guid(b70af2d2002be5c45831a8d2e7741788) Importer(815301076,1909f56bfc062723c751e8b465ee728b)
Start importing Assets/DChild/Objects/Location/UnholyForest/Shaders/Texture/pngflames/white_dot12.png using Guid(b70af2d2002be5c45831a8d2e7741788) Importer(815301076,1909f56bfc062723c751e8b465ee728b)  -> (artifact id: '4c1650955620e57afb3ec9e5e510738a') in 0.044656 seconds 
========================================================================
Received Import Request.
  Time since last request: 0.000031 seconds.
  path: Assets/DChild/Objects/Location/General/Textures/WHiteFade02.png
  artifactKey: Guid(3af2f6246154ef24e9ab06fc480bf106) Importer(815301076,1909f56bfc062723c751e8b465ee728b)
Start importing Assets/DChild/Objects/Location/General/Textures/WHiteFade02.png using Guid(3af2f6246154ef24e9ab06fc480bf106) Importer(815301076,1909f56bfc062723c751e8b465ee728b)  -> (artifact id: 'dd28f5c02e4eccdfeca01a772dfc9aca') in 0.113522 seconds 
========================================================================
Received Import Request.
  Time since last request: 0.000034 seconds.
  path: Assets/DChild/Objects/Characters/Enemy/Bosses/MurMur/FX/SoundBall/Wind_Burst3.png
  artifactKey: Guid(d582bf709ea4b5e4e8276773c9ccf444) Importer(815301076,1909f56bfc062723c751e8b465ee728b)
Start importing Assets/DChild/Objects/Characters/Enemy/Bosses/MurMur/FX/SoundBall/Wind_Burst3.png using Guid(d582bf709ea4b5e4e8276773c9ccf444) Importer(815301076,1909f56bfc062723c751e8b465ee728b)  -> (artifact id: '7a0fe7a347261b0078576a11a4824174') in 0.078219 seconds 
========================================================================
Received Import Request.
  Time since last request: 0.000024 seconds.
  path: Assets/DChild/Objects/Characters/Enemy/Bosses/MurMur/FX/SoundBall/Wind_Burst2.png
  artifactKey: Guid(c08242d662ea09947ab4b484d0c293b7) Importer(815301076,1909f56bfc062723c751e8b465ee728b)
Start importing Assets/DChild/Objects/Characters/Enemy/Bosses/MurMur/FX/SoundBall/Wind_Burst2.png using Guid(c08242d662ea09947ab4b484d0c293b7) Importer(815301076,1909f56bfc062723c751e8b465ee728b)  -> (artifact id: 'cdba817912272b67890541f3af9b4618') in 0.146811 seconds 
========================================================================
Received Import Request.
  Time since last request: 0.000035 seconds.
  path: Assets/DChild/Objects/Location/CityOfTheDead/COD_Breakables/BreakablesWoodenWallDebris/WoodenWallBlock_piece_010.png
  artifactKey: Guid(9a0d070dcc26c6e4fab848352dc4121d) Importer(815301076,1909f56bfc062723c751e8b465ee728b)
Start importing Assets/DChild/Objects/Location/CityOfTheDead/COD_Breakables/BreakablesWoodenWallDebris/WoodenWallBlock_piece_010.png using Guid(9a0d070dcc26c6e4fab848352dc4121d) Importer(815301076,1909f56bfc062723c751e8b465ee728b)  -> (artifact id: 'f99b10bc4d70ec6df0145d64cc0907ac') in 0.044980 seconds 
========================================================================
Received Import Request.
  Time since last request: 0.000037 seconds.
  path: Assets/Doozy/_Extras/Sprites/Brands/whatsapp.png
  artifactKey: Guid(35cd6ffe3cfcd754e8c1b2b4dd7216a6) Importer(815301076,1909f56bfc062723c751e8b465ee728b)
Start importing Assets/Doozy/_Extras/Sprites/Brands/whatsapp.png using Guid(35cd6ffe3cfcd754e8c1b2b4dd7216a6) Importer(815301076,1909f56bfc062723c751e8b465ee728b)  -> (artifact id: '9e76211e7df16cd4f00fe342f3cf26a6') in 0.034114 seconds 
========================================================================
Received Import Request.
  Time since last request: 0.000028 seconds.
  path: Assets/Doozy/_Extras/Sprites/Brands/whatsapp-square.png
  artifactKey: Guid(e9ad9cc1c3e918745a78a1fe02fb0be0) Importer(815301076,1909f56bfc062723c751e8b465ee728b)
Start importing Assets/Doozy/_Extras/Sprites/Brands/whatsapp-square.png using Guid(e9ad9cc1c3e918745a78a1fe02fb0be0) Importer(815301076,1909f56bfc062723c751e8b465ee728b)  -> (artifact id: 'eb4dd284fbd4074356d896f0b81d6e36') in 0.036904 seconds 
========================================================================
Received Import Request.
  Time since last request: 0.000037 seconds.
  path: Assets/DChild/Objects/Characters/Enemy/Minions/Wisp/Model/Will O Wisp.png
  artifactKey: Guid(ed73da4b2c66d4647a00e5424cc5ef80) Importer(815301076,1909f56bfc062723c751e8b465ee728b)
Start importing Assets/DChild/Objects/Characters/Enemy/Minions/Wisp/Model/Will O Wisp.png using Guid(ed73da4b2c66d4647a00e5424cc5ef80) Importer(815301076,1909f56bfc062723c751e8b465ee728b)  -> (artifact id: '7a59104296547dea0b64450161902299') in 0.030745 seconds 
========================================================================
Received Import Request.
  Time since last request: 0.000026 seconds.
  path: Assets/DChild/Objects/Location/Garden/WaterTexture_BW.jpg
  artifactKey: Guid(4f0b5b4cb7a2dc64a98e8205c12d1375) Importer(815301076,1909f56bfc062723c751e8b465ee728b)
Start importing Assets/DChild/Objects/Location/Garden/WaterTexture_BW.jpg using Guid(4f0b5b4cb7a2dc64a98e8205c12d1375) Importer(815301076,1909f56bfc062723c751e8b465ee728b)  -> (artifact id: '882001f658ba4223ca5706e6a9ecda68') in 0.080286 seconds 
========================================================================
Received Import Request.
  Time since last request: 77.407852 seconds.
  path: Packages/com.unity.render-pipelines.universal/Runtime/Materials/Sprite-Lit-Default.mat
  artifactKey: Guid(a97c105638bdf8b4a8650670310a4cd3) Importer(815301076,1909f56bfc062723c751e8b465ee728b)
Start importing Packages/com.unity.render-pipelines.universal/Runtime/Materials/Sprite-Lit-Default.mat using Guid(a97c105638bdf8b4a8650670310a4cd3) Importer(815301076,1909f56bfc062723c751e8b465ee728b)  -> (artifact id: '98ad6b6f740b77004509583085fc1d4f') in 0.031135 seconds 
========================================================================
Received Import Request.
  Time since last request: 360.776234 seconds.
  path: Assets/DChild/Objects/Location/TempleOfTheOne/Shaders/DustParticle_Gravyard_Mat 1.mat
  artifactKey: Guid(ae4ef728fab2f5d4f88e07310c05df45) Importer(815301076,1909f56bfc062723c751e8b465ee728b)
Start importing Assets/DChild/Objects/Location/TempleOfTheOne/Shaders/DustParticle_Gravyard_Mat 1.mat using Guid(ae4ef728fab2f5d4f88e07310c05df45) Importer(815301076,1909f56bfc062723c751e8b465ee728b)  -> (artifact id: '8944475207956e3fe14751d27ec829ac') in 0.048495 seconds 
========================================================================
Received Import Request.
  Time since last request: 0.489064 seconds.
  path: Assets/DChild/Objects/Location/UnholyForest/Shaders/Material/DustParticleFX_Mat 1.mat
  artifactKey: Guid(d772e01f56bf2d44382aa907cc29ad7c) Importer(815301076,1909f56bfc062723c751e8b465ee728b)
Start importing Assets/DChild/Objects/Location/UnholyForest/Shaders/Material/DustParticleFX_Mat 1.mat using Guid(d772e01f56bf2d44382aa907cc29ad7c) Importer(815301076,1909f56bfc062723c751e8b465ee728b)  -> (artifact id: 'bbed97dc7c6c9828d9db209fa2065c7f') in 0.034744 seconds 
