Using pre-set license
Built from '2021.3/staging' branch; Version is '2021.3.9f1 (ad3870b89536) revision 11352176'; Using compiler version '192829333'; Build Type 'Release'
OS: 'Windows 10  (10.0.19044) 64bit Professional' Language: 'en' Physical Memory: 32707 MB
BatchMode: 1, IsHumanControllingUs: 0, StartBugReporterOnCrash: 0, Is64bit: 1, IsPro: 1

COMMAND LINE ARGUMENTS:
C:\Program Files\Unity 2021.3.9f1\Editor\Unity.exe
-adb2
-batchMode
-noUpm
-name
AssetImportWorker1
-projectPath
D:/HolySoft Projects/DoomChild - Copy
-logFile
Logs/AssetImportWorker1.log
-srvPort
49531
Successfully changed project path to: D:/HolySoft Projects/DoomChild - Copy
D:/HolySoft Projects/DoomChild - Copy
[UnityMemory] Configuration Parameters - Can be set up in boot.config
    "memorysetup-bucket-allocator-granularity=16"
    "memorysetup-bucket-allocator-bucket-count=8"
    "memorysetup-bucket-allocator-block-size=33554432"
    "memorysetup-bucket-allocator-block-count=8"
    "memorysetup-main-allocator-block-size=16777216"
    "memorysetup-thread-allocator-block-size=16777216"
    "memorysetup-gfx-main-allocator-block-size=16777216"
    "memorysetup-gfx-thread-allocator-block-size=16777216"
    "memorysetup-cache-allocator-block-size=4194304"
    "memorysetup-typetree-allocator-block-size=2097152"
    "memorysetup-profiler-bucket-allocator-granularity=16"
    "memorysetup-profiler-bucket-allocator-bucket-count=8"
    "memorysetup-profiler-bucket-allocator-block-size=33554432"
    "memorysetup-profiler-bucket-allocator-block-count=8"
    "memorysetup-profiler-allocator-block-size=16777216"
    "memorysetup-profiler-editor-allocator-block-size=1048576"
    "memorysetup-temp-allocator-size-main=16777216"
    "memorysetup-job-temp-allocator-block-size=2097152"
    "memorysetup-job-temp-allocator-block-size-background=1048576"
    "memorysetup-job-temp-allocator-reduction-small-platforms=262144"
    "memorysetup-temp-allocator-size-background-worker=32768"
    "memorysetup-temp-allocator-size-job-worker=262144"
    "memorysetup-temp-allocator-size-preload-manager=33554432"
    "memorysetup-temp-allocator-size-nav-mesh-worker=65536"
    "memorysetup-temp-allocator-size-audio-worker=65536"
    "memorysetup-temp-allocator-size-cloud-worker=32768"
    "memorysetup-temp-allocator-size-gi-baking-worker=262144"
    "memorysetup-temp-allocator-size-gfx=262144"
Refreshing native plugins compatible for Editor in 385.88 ms, found 3 plugins.
Preloading 0 native plugins for Editor in 0.00 ms.
Initialize engine version: 2021.3.9f1 (ad3870b89536)
[Subsystems] Discovering subsystems at path C:/Program Files/Unity 2021.3.9f1/Editor/Data/Resources/UnitySubsystems
[Subsystems] Discovering subsystems at path D:/HolySoft Projects/DoomChild - Copy/Assets
GfxDevice: creating device client; threaded=0; jobified=0
Direct3D:
    Version:  Direct3D 11.0 [level 11.1]
    Renderer: NVIDIA GeForce GTX 1050 Ti (ID=0x1c82)
    Vendor:   NVIDIA
    VRAM:     4018 MB
    Driver:   30.0.15.1215
Initialize mono
Mono path[0] = 'C:/Program Files/Unity 2021.3.9f1/Editor/Data/Managed'
Mono path[1] = 'C:/Program Files/Unity 2021.3.9f1/Editor/Data/MonoBleedingEdge/lib/mono/unityjit-win32'
Mono config path = 'C:/Program Files/Unity 2021.3.9f1/Editor/Data/MonoBleedingEdge/etc'
Using monoOptions --debugger-agent=transport=dt_socket,embedding=1,server=y,suspend=n,address=127.0.0.1:56612
Begin MonoManager ReloadAssembly
Registering precompiled unity dll's ...
Register platform support module: C:/Program Files/Unity 2021.3.9f1/Editor/Data/PlaybackEngines/WindowsStandaloneSupport/UnityEditor.WindowsStandalone.Extensions.dll
Registered in 0.005191 seconds.
Native extension for WindowsStandalone target not found
Refreshing native plugins compatible for Editor in 364.05 ms, found 3 plugins.
Preloading 0 native plugins for Editor in 0.00 ms.
Mono: successfully reloaded assembly
- Completed reload, in  1.021 seconds
Domain Reload Profiling:
	ReloadAssembly (1021ms)
		BeginReloadAssembly (76ms)
			ExecutionOrderSort (0ms)
			DisableScriptedObjects (0ms)
			BackupInstance (0ms)
			ReleaseScriptingObjects (0ms)
			CreateAndSetChildDomain (1ms)
		EndReloadAssembly (809ms)
			LoadAssemblies (74ms)
			RebuildTransferFunctionScriptingTraits (0ms)
			SetupTypeCache (185ms)
			ReleaseScriptCaches (0ms)
			RebuildScriptCaches (27ms)
			SetupLoadedEditorAssemblies (535ms)
				LogAssemblyErrors (0ms)
				InitializePlatformSupportModulesInManaged (7ms)
				SetLoadedEditorAssemblies (0ms)
				RefreshPlugins (364ms)
				BeforeProcessingInitializeOnLoad (2ms)
				ProcessInitializeOnLoadAttributes (117ms)
				ProcessInitializeOnLoadMethodAttributes (45ms)
				AfterProcessingInitializeOnLoad (0ms)
				EditorAssembliesLoaded (0ms)
			ExecutionOrderSort2 (0ms)
			AwakeInstancesAfterBackupRestoration (0ms)
Platform modules already initialized, skipping
Registering precompiled user dll's ...
Registered in 0.012018 seconds.
Begin MonoManager ReloadAssembly
Script error (MapAreaUI): Update() can not take parameters.
0x00007ff76080ffed (Unity) StackWalker::GetCurrentCallstack
0x00007ff760816cc9 (Unity) StackWalker::ShowCallstack
0x00007ff7617850e3 (Unity) GetStacktrace
0x00007ff761e1bbcd (Unity) DebugStringToFile
0x00007ff7606d8f4c (Unity) PopulateMethods
0x00007ff7606d1c15 (Unity) CreateMonoScriptCache
0x00007ff7606da1c3 (Unity) MonoScript::Renew
0x00007ff7606ff0f0 (Unity) MonoManager::EndReloadAssembly
0x00007ff760706b28 (Unity) MonoManager::ReloadAssembly
0x00007ff76163fcf2 (Unity) LoadDomainAndUserAssemblies
0x00007ff761640424 (Unity) LoadUserAssemblies
0x00007ff7613310d3 (Unity) Application::InitializeProject
0x00007ff76178f828 (Unity) WinMain
0x00007ff762b1421e (Unity) __scrt_common_main_seh
0x00007ffde2837034 (KERNEL32) BaseThreadInitThunk
0x00007ffde2ce26a1 (ntdll) RtlUserThreadStart

Native extension for WindowsStandalone target not found
Refreshing native plugins compatible for Editor in 401.18 ms, found 3 plugins.
Preloading 0 native plugins for Editor in 0.00 ms.
Launched and connected shader compiler UnityShaderCompiler.exe after 0.07 seconds
`Assets/DChild/Objects/Characters/Enemy/Bosses/QueenBee/Model 3/QUEEN BEE NO DRONES.png` and material `QUEEN BEE NO DRONES_Material.mat` : Problematic Texture / Material Settings found: It is recommended to disable `Alpha Is Transparency` on `Premultiply alpha` textures.
Assuming `Premultiply alpha` texture because `Straight Alpha Texture` is disabled at material). (You can disable this warning in `Edit - Preferences - Spine`)
0x00007ff76080ffed (Unity) StackWalker::GetCurrentCallstack
0x00007ff760816cc9 (Unity) StackWalker::ShowCallstack
0x00007ff7617850e3 (Unity) GetStacktrace
0x00007ff761e1bbcd (Unity) DebugStringToFile
0x00007ff75f9ac502 (Unity) DebugLogHandler_CUSTOM_Internal_Log
0x0000024a4af486c3 (Mono JIT Code) (wrapper managed-to-native) UnityEngine.DebugLogHandler:Internal_Log (UnityEngine.LogType,UnityEngine.LogOption,string,UnityEngine.Object)
0x0000024a4af4837b (Mono JIT Code) UnityEngine.DebugLogHandler:LogFormat (UnityEngine.LogType,UnityEngine.Object,string,object[])
0x0000024a4af480c1 (Mono JIT Code) UnityEngine.Logger:Log (UnityEngine.LogType,object,UnityEngine.Object)
0x0000024a4af47f9d (Mono JIT Code) UnityEngine.Debug:LogWarning (object,UnityEngine.Object)
0x0000024a49f62b03 (Mono JIT Code) [SpineEditorUtilities.cs:212] Spine.Unity.Editor.SpineEditorUtilities:IssueWarningsForUnrecommendedTextureSettings (string) 
0x0000024a49f6265b (Mono JIT Code) [SpineEditorUtilities.cs:181] Spine.Unity.Editor.SpineEditorUtilities:IssueWarningsForUnrecommendedTextureSettings () 
0x0000024c8000965b (Mono JIT Code) [SpineEditorUtilities.cs:163] Spine.Unity.Editor.SpineEditorUtilities:Initialize () 
0x0000024c80008e9b (Mono JIT Code) [SpineEditorUtilities.cs:97] Spine.Unity.Editor.SpineEditorUtilities:.cctor () 
0x0000024c80008f5d (Mono JIT Code) (wrapper runtime-invoke) object:runtime_invoke_void (object,intptr,intptr,intptr)
0x00007ffd729afe24 (mono-2.0-bdwgc) [mini-runtime.c:3445] mono_jit_runtime_invoke 
0x00007ffd728ee764 (mono-2.0-bdwgc) [object.c:3066] do_runtime_invoke 
0x00007ffd728e9810 (mono-2.0-bdwgc) [object.c:563] mono_runtime_class_init_full 
0x00007ffd72856290 (mono-2.0-bdwgc) [icall-def.h:751] ves_icall_System_Runtime_CompilerServices_RuntimeHelpers_RunClassConstructor_raw 
0x0000024c7ff52eea (Mono JIT Code) (wrapper managed-to-native) System.Runtime.CompilerServices.RuntimeHelpers:RunClassConstructor (intptr)
0x0000024c7ff52dfb (Mono JIT Code) System.Runtime.CompilerServices.RuntimeHelpers:RunClassConstructor (System.RuntimeTypeHandle)
0x0000024c7ff51e0b (Mono JIT Code) UnityEditor.EditorAssemblies:ProcessInitializeOnLoadAttributes (System.Type[])
0x0000024c7f7d7e08 (Mono JIT Code) (wrapper runtime-invoke) <Module>:runtime_invoke_void_object (object,intptr,intptr,intptr)
0x00007ffd729afe24 (mono-2.0-bdwgc) [mini-runtime.c:3445] mono_jit_runtime_invoke 
0x00007ffd728ee764 (mono-2.0-bdwgc) [object.c:3066] do_runtime_invoke 
0x00007ffd728ee8fc (mono-2.0-bdwgc) [object.c:3113] mono_runtime_invoke 
0x00007ff760734db4 (Unity) scripting_method_invoke
0x00007ff760714654 (Unity) ScriptingInvocation::Invoke
0x00007ff76070f265 (Unity) ScriptingInvocation::Invoke<void>
0x00007ff760867e23 (Unity) Scripting::UnityEditor::EditorAssembliesProxy::ProcessInitializeOnLoadAttributes
0x00007ff7607094ab (Unity) MonoManager::SetupLoadedEditorAssemblies
0x00007ff7606ff16d (Unity) MonoManager::EndReloadAssembly
0x00007ff760706b28 (Unity) MonoManager::ReloadAssembly
0x00007ff76163fcf2 (Unity) LoadDomainAndUserAssemblies
0x00007ff761640424 (Unity) LoadUserAssemblies
0x00007ff7613310d3 (Unity) Application::InitializeProject
0x00007ff76178f828 (Unity) WinMain
0x00007ff762b1421e (Unity) __scrt_common_main_seh
0x00007ffde2837034 (KERNEL32) BaseThreadInitThunk
0x00007ffde2ce26a1 (ntdll) RtlUserThreadStart

`Assets/DChild/Objects/Location/CityOfTheDead/Arena Crowd/Crowd2/skeleton.png` and material `skeleton_Material.mat` : Incorrect Texture / Material Settings found: It is strongly recommended to enable `Alpha Is Transparency` on `Straight alpha` textures.
Assuming `Straight alpha` texture because `Straight Alpha Texture` is enabled at material). (You can disable this warning in `Edit - Preferences - Spine`)
0x00007ff76080ffed (Unity) StackWalker::GetCurrentCallstack
0x00007ff760816cc9 (Unity) StackWalker::ShowCallstack
0x00007ff7617850e3 (Unity) GetStacktrace
0x00007ff761e1bbcd (Unity) DebugStringToFile
0x00007ff75f9ac502 (Unity) DebugLogHandler_CUSTOM_Internal_Log
0x0000024a4af486c3 (Mono JIT Code) (wrapper managed-to-native) UnityEngine.DebugLogHandler:Internal_Log (UnityEngine.LogType,UnityEngine.LogOption,string,UnityEngine.Object)
0x0000024a4af4837b (Mono JIT Code) UnityEngine.DebugLogHandler:LogFormat (UnityEngine.LogType,UnityEngine.Object,string,object[])
0x0000024a4af480c1 (Mono JIT Code) UnityEngine.Logger:Log (UnityEngine.LogType,object,UnityEngine.Object)
0x0000024a4af47f9d (Mono JIT Code) UnityEngine.Debug:LogWarning (object,UnityEngine.Object)
0x0000024a49f62b03 (Mono JIT Code) [SpineEditorUtilities.cs:212] Spine.Unity.Editor.SpineEditorUtilities:IssueWarningsForUnrecommendedTextureSettings (string) 
0x0000024a49f6265b (Mono JIT Code) [SpineEditorUtilities.cs:181] Spine.Unity.Editor.SpineEditorUtilities:IssueWarningsForUnrecommendedTextureSettings () 
0x0000024c8000965b (Mono JIT Code) [SpineEditorUtilities.cs:163] Spine.Unity.Editor.SpineEditorUtilities:Initialize () 
0x0000024c80008e9b (Mono JIT Code) [SpineEditorUtilities.cs:97] Spine.Unity.Editor.SpineEditorUtilities:.cctor () 
0x0000024c80008f5d (Mono JIT Code) (wrapper runtime-invoke) object:runtime_invoke_void (object,intptr,intptr,intptr)
0x00007ffd729afe24 (mono-2.0-bdwgc) [mini-runtime.c:3445] mono_jit_runtime_invoke 
0x00007ffd728ee764 (mono-2.0-bdwgc) [object.c:3066] do_runtime_invoke 
0x00007ffd728e9810 (mono-2.0-bdwgc) [object.c:563] mono_runtime_class_init_full 
0x00007ffd72856290 (mono-2.0-bdwgc) [icall-def.h:751] ves_icall_System_Runtime_CompilerServices_RuntimeHelpers_RunClassConstructor_raw 
0x0000024c7ff52eea (Mono JIT Code) (wrapper managed-to-native) System.Runtime.CompilerServices.RuntimeHelpers:RunClassConstructor (intptr)
0x0000024c7ff52dfb (Mono JIT Code) System.Runtime.CompilerServices.RuntimeHelpers:RunClassConstructor (System.RuntimeTypeHandle)
0x0000024c7ff51e0b (Mono JIT Code) UnityEditor.EditorAssemblies:ProcessInitializeOnLoadAttributes (System.Type[])
0x0000024c7f7d7e08 (Mono JIT Code) (wrapper runtime-invoke) <Module>:runtime_invoke_void_object (object,intptr,intptr,intptr)
0x00007ffd729afe24 (mono-2.0-bdwgc) [mini-runtime.c:3445] mono_jit_runtime_invoke 
0x00007ffd728ee764 (mono-2.0-bdwgc) [object.c:3066] do_runtime_invoke 
0x00007ffd728ee8fc (mono-2.0-bdwgc) [object.c:3113] mono_runtime_invoke 
0x00007ff760734db4 (Unity) scripting_method_invoke
0x00007ff760714654 (Unity) ScriptingInvocation::Invoke
0x00007ff76070f265 (Unity) ScriptingInvocation::Invoke<void>
0x00007ff760867e23 (Unity) Scripting::UnityEditor::EditorAssembliesProxy::ProcessInitializeOnLoadAttributes
0x00007ff7607094ab (Unity) MonoManager::SetupLoadedEditorAssemblies
0x00007ff7606ff16d (Unity) MonoManager::EndReloadAssembly
0x00007ff760706b28 (Unity) MonoManager::ReloadAssembly
0x00007ff76163fcf2 (Unity) LoadDomainAndUserAssemblies
0x00007ff761640424 (Unity) LoadUserAssemblies
0x00007ff7613310d3 (Unity) Application::InitializeProject
0x00007ff76178f828 (Unity) WinMain
0x00007ff762b1421e (Unity) __scrt_common_main_seh
0x00007ffde2837034 (KERNEL32) BaseThreadInitThunk
0x00007ffde2ce26a1 (ntdll) RtlUserThreadStart

`Assets/DChild/Objects/Location/CityOfTheDead/Arena Crowd/CrowdGroup/skeleton.png` and material `skeleton_Material.mat` : Incorrect Texture / Material Settings found: It is strongly recommended to enable `Alpha Is Transparency` on `Straight alpha` textures.
Assuming `Straight alpha` texture because `Straight Alpha Texture` is enabled at material). (You can disable this warning in `Edit - Preferences - Spine`)
0x00007ff76080ffed (Unity) StackWalker::GetCurrentCallstack
0x00007ff760816cc9 (Unity) StackWalker::ShowCallstack
0x00007ff7617850e3 (Unity) GetStacktrace
0x00007ff761e1bbcd (Unity) DebugStringToFile
0x00007ff75f9ac502 (Unity) DebugLogHandler_CUSTOM_Internal_Log
0x0000024a4af486c3 (Mono JIT Code) (wrapper managed-to-native) UnityEngine.DebugLogHandler:Internal_Log (UnityEngine.LogType,UnityEngine.LogOption,string,UnityEngine.Object)
0x0000024a4af4837b (Mono JIT Code) UnityEngine.DebugLogHandler:LogFormat (UnityEngine.LogType,UnityEngine.Object,string,object[])
0x0000024a4af480c1 (Mono JIT Code) UnityEngine.Logger:Log (UnityEngine.LogType,object,UnityEngine.Object)
0x0000024a4af47f9d (Mono JIT Code) UnityEngine.Debug:LogWarning (object,UnityEngine.Object)
0x0000024a49f62b03 (Mono JIT Code) [SpineEditorUtilities.cs:212] Spine.Unity.Editor.SpineEditorUtilities:IssueWarningsForUnrecommendedTextureSettings (string) 
0x0000024a49f6265b (Mono JIT Code) [SpineEditorUtilities.cs:181] Spine.Unity.Editor.SpineEditorUtilities:IssueWarningsForUnrecommendedTextureSettings () 
0x0000024c8000965b (Mono JIT Code) [SpineEditorUtilities.cs:163] Spine.Unity.Editor.SpineEditorUtilities:Initialize () 
0x0000024c80008e9b (Mono JIT Code) [SpineEditorUtilities.cs:97] Spine.Unity.Editor.SpineEditorUtilities:.cctor () 
0x0000024c80008f5d (Mono JIT Code) (wrapper runtime-invoke) object:runtime_invoke_void (object,intptr,intptr,intptr)
0x00007ffd729afe24 (mono-2.0-bdwgc) [mini-runtime.c:3445] mono_jit_runtime_invoke 
0x00007ffd728ee764 (mono-2.0-bdwgc) [object.c:3066] do_runtime_invoke 
0x00007ffd728e9810 (mono-2.0-bdwgc) [object.c:563] mono_runtime_class_init_full 
0x00007ffd72856290 (mono-2.0-bdwgc) [icall-def.h:751] ves_icall_System_Runtime_CompilerServices_RuntimeHelpers_RunClassConstructor_raw 
0x0000024c7ff52eea (Mono JIT Code) (wrapper managed-to-native) System.Runtime.CompilerServices.RuntimeHelpers:RunClassConstructor (intptr)
0x0000024c7ff52dfb (Mono JIT Code) System.Runtime.CompilerServices.RuntimeHelpers:RunClassConstructor (System.RuntimeTypeHandle)
0x0000024c7ff51e0b (Mono JIT Code) UnityEditor.EditorAssemblies:ProcessInitializeOnLoadAttributes (System.Type[])
0x0000024c7f7d7e08 (Mono JIT Code) (wrapper runtime-invoke) <Module>:runtime_invoke_void_object (object,intptr,intptr,intptr)
0x00007ffd729afe24 (mono-2.0-bdwgc) [mini-runtime.c:3445] mono_jit_runtime_invoke 
0x00007ffd728ee764 (mono-2.0-bdwgc) [object.c:3066] do_runtime_invoke 
0x00007ffd728ee8fc (mono-2.0-bdwgc) [object.c:3113] mono_runtime_invoke 
0x00007ff760734db4 (Unity) scripting_method_invoke
0x00007ff760714654 (Unity) ScriptingInvocation::Invoke
0x00007ff76070f265 (Unity) ScriptingInvocation::Invoke<void>
0x00007ff760867e23 (Unity) Scripting::UnityEditor::EditorAssembliesProxy::ProcessInitializeOnLoadAttributes
0x00007ff7607094ab (Unity) MonoManager::SetupLoadedEditorAssemblies
0x00007ff7606ff16d (Unity) MonoManager::EndReloadAssembly
0x00007ff760706b28 (Unity) MonoManager::ReloadAssembly
0x00007ff76163fcf2 (Unity) LoadDomainAndUserAssemblies
0x00007ff761640424 (Unity) LoadUserAssemblies
0x00007ff7613310d3 (Unity) Application::InitializeProject
0x00007ff76178f828 (Unity) WinMain
0x00007ff762b1421e (Unity) __scrt_common_main_seh
0x00007ffde2837034 (KERNEL32) BaseThreadInitThunk
0x00007ffde2ce26a1 (ntdll) RtlUserThreadStart

`Assets/DChild/Objects/Location/General/Idling Background Creatures/Crow/NewCrow.png` and material `NewCrow_Material.mat` : Problematic Texture / Material Settings found: It is recommended to disable `Alpha Is Transparency` on `Premultiply alpha` textures.
Assuming `Premultiply alpha` texture because `Straight Alpha Texture` is disabled at material). (You can disable this warning in `Edit - Preferences - Spine`)
0x00007ff76080ffed (Unity) StackWalker::GetCurrentCallstack
0x00007ff760816cc9 (Unity) StackWalker::ShowCallstack
0x00007ff7617850e3 (Unity) GetStacktrace
0x00007ff761e1bbcd (Unity) DebugStringToFile
0x00007ff75f9ac502 (Unity) DebugLogHandler_CUSTOM_Internal_Log
0x0000024a4af486c3 (Mono JIT Code) (wrapper managed-to-native) UnityEngine.DebugLogHandler:Internal_Log (UnityEngine.LogType,UnityEngine.LogOption,string,UnityEngine.Object)
0x0000024a4af4837b (Mono JIT Code) UnityEngine.DebugLogHandler:LogFormat (UnityEngine.LogType,UnityEngine.Object,string,object[])
0x0000024a4af480c1 (Mono JIT Code) UnityEngine.Logger:Log (UnityEngine.LogType,object,UnityEngine.Object)
0x0000024a4af47f9d (Mono JIT Code) UnityEngine.Debug:LogWarning (object,UnityEngine.Object)
0x0000024a49f62b03 (Mono JIT Code) [SpineEditorUtilities.cs:212] Spine.Unity.Editor.SpineEditorUtilities:IssueWarningsForUnrecommendedTextureSettings (string) 
0x0000024a49f6265b (Mono JIT Code) [SpineEditorUtilities.cs:181] Spine.Unity.Editor.SpineEditorUtilities:IssueWarningsForUnrecommendedTextureSettings () 
0x0000024c8000965b (Mono JIT Code) [SpineEditorUtilities.cs:163] Spine.Unity.Editor.SpineEditorUtilities:Initialize () 
0x0000024c80008e9b (Mono JIT Code) [SpineEditorUtilities.cs:97] Spine.Unity.Editor.SpineEditorUtilities:.cctor () 
0x0000024c80008f5d (Mono JIT Code) (wrapper runtime-invoke) object:runtime_invoke_void (object,intptr,intptr,intptr)
0x00007ffd729afe24 (mono-2.0-bdwgc) [mini-runtime.c:3445] mono_jit_runtime_invoke 
0x00007ffd728ee764 (mono-2.0-bdwgc) [object.c:3066] do_runtime_invoke 
0x00007ffd728e9810 (mono-2.0-bdwgc) [object.c:563] mono_runtime_class_init_full 
0x00007ffd72856290 (mono-2.0-bdwgc) [icall-def.h:751] ves_icall_System_Runtime_CompilerServices_RuntimeHelpers_RunClassConstructor_raw 
0x0000024c7ff52eea (Mono JIT Code) (wrapper managed-to-native) System.Runtime.CompilerServices.RuntimeHelpers:RunClassConstructor (intptr)
0x0000024c7ff52dfb (Mono JIT Code) System.Runtime.CompilerServices.RuntimeHelpers:RunClassConstructor (System.RuntimeTypeHandle)
0x0000024c7ff51e0b (Mono JIT Code) UnityEditor.EditorAssemblies:ProcessInitializeOnLoadAttributes (System.Type[])
0x0000024c7f7d7e08 (Mono JIT Code) (wrapper runtime-invoke) <Module>:runtime_invoke_void_object (object,intptr,intptr,intptr)
0x00007ffd729afe24 (mono-2.0-bdwgc) [mini-runtime.c:3445] mono_jit_runtime_invoke 
0x00007ffd728ee764 (mono-2.0-bdwgc) [object.c:3066] do_runtime_invoke 
0x00007ffd728ee8fc (mono-2.0-bdwgc) [object.c:3113] mono_runtime_invoke 
0x00007ff760734db4 (Unity) scripting_method_invoke
0x00007ff760714654 (Unity) ScriptingInvocation::Invoke
0x00007ff76070f265 (Unity) ScriptingInvocation::Invoke<void>
0x00007ff760867e23 (Unity) Scripting::UnityEditor::EditorAssembliesProxy::ProcessInitializeOnLoadAttributes
0x00007ff7607094ab (Unity) MonoManager::SetupLoadedEditorAssemblies
0x00007ff7606ff16d (Unity) MonoManager::EndReloadAssembly
0x00007ff760706b28 (Unity) MonoManager::ReloadAssembly
0x00007ff76163fcf2 (Unity) LoadDomainAndUserAssemblies
0x00007ff761640424 (Unity) LoadUserAssemblies
0x00007ff7613310d3 (Unity) Application::InitializeProject
0x00007ff76178f828 (Unity) WinMain
0x00007ff762b1421e (Unity) __scrt_common_main_seh
0x00007ffde2837034 (KERNEL32) BaseThreadInitThunk
0x00007ffde2ce26a1 (ntdll) RtlUserThreadStart

Mono: successfully reloaded assembly
- Completed reload, in  5.444 seconds
Domain Reload Profiling:
	ReloadAssembly (5445ms)
		BeginReloadAssembly (120ms)
			ExecutionOrderSort (0ms)
			DisableScriptedObjects (8ms)
			BackupInstance (0ms)
			ReleaseScriptingObjects (0ms)
			CreateAndSetChildDomain (19ms)
		EndReloadAssembly (5194ms)
			LoadAssemblies (103ms)
			RebuildTransferFunctionScriptingTraits (0ms)
			SetupTypeCache (553ms)
			ReleaseScriptCaches (1ms)
			RebuildScriptCaches (408ms)
			SetupLoadedEditorAssemblies (4064ms)
				LogAssemblyErrors (0ms)
				InitializePlatformSupportModulesInManaged (14ms)
				SetLoadedEditorAssemblies (0ms)
				RefreshPlugins (401ms)
				BeforeProcessingInitializeOnLoad (111ms)
				ProcessInitializeOnLoadAttributes (3371ms)
				ProcessInitializeOnLoadMethodAttributes (156ms)
				AfterProcessingInitializeOnLoad (10ms)
				EditorAssembliesLoaded (0ms)
			ExecutionOrderSort2 (0ms)
			AwakeInstancesAfterBackupRestoration (10ms)
Platform modules already initialized, skipping
========================================================================
Worker process is ready to serve import requests
Refreshing native plugins compatible for Editor in 8.87 ms, found 3 plugins.
Preloading 0 native plugins for Editor in 0.00 ms.
Unloading 9467 Unused Serialized files (Serialized files now loaded: 0)
Unloading 764 unused Assets / (4.4 MB). Loaded Objects now: 9495.
Memory consumption went from 1.34 GB to 1.34 GB.
Total: 86.666000 ms (FindLiveObjects: 1.002500 ms CreateObjectMapping: 1.138600 ms MarkObjects: 79.540200 ms  DeleteObjects: 4.983300 ms)

AssetImportParameters requested are different than current active one (requested -> active):
  custom:video-decoder-ogg-theora: a1e56fd34408186e4bbccfd4996cb3dc -> 
  custom:container-muxer-webm: aa71ff27fc2769a1b78a27578f13a17b -> 
  custom:container-demuxer-webm: 4f35f7cbe854078d1ac9338744f61a02 -> 
  custom:video-encoder-webm-vp8: eb34c28f22e8b96e1ab97ce403110664 -> 
  custom:audio-encoder-webm-vorbis: bf7c407c2cedff20999df2af8eb42d56 -> 
  custom:framework-win-MediaFoundation: 216162199b28c13a410421893ffa2e32 -> 
  custom:container-demuxer-ogg: 62fdf1f143b41e24485cea50d1cbac27 -> 
  custom:video-decoder-webm-vp8: 9c59270c3fd7afecdb556c50c9e8de78 -> 
  custom:audio-decoder-ogg-vorbis: bf7c407c2cedff20999df2af8eb42d56 -> 
========================================================================
Received Import Request.
  Time since last request: 1725935.297935 seconds.
  path: Assets/DChild/Scripts/Gameplay/System/Lore/LoreNote.cs
  artifactKey: Guid(0ef7ea485691603429a2c67e4f26791b) Importer(815301076,1909f56bfc062723c751e8b465ee728b)
Start importing Assets/DChild/Scripts/Gameplay/System/Lore/LoreNote.cs using Guid(0ef7ea485691603429a2c67e4f26791b) Importer(815301076,1909f56bfc062723c751e8b465ee728b)  -> (artifact id: '690d139a77a628e0a982d81cadbd1005') in 0.082142 seconds 
Thread 0000000000003808 may have been prematurely finalized
Thread 0000000000003808 may have been prematurely finalized
