Using pre-set license
Built from '2021.3/staging' branch; Version is '2021.3.11f1 (0a5ca18544bf) revision 679073'; Using compiler version '192829333'; Build Type 'Release'
OS: 'Windows 10  (10.0.19044) 64bit Professional' Language: 'en' Physical Memory: 32707 MB
BatchMode: 1, IsHumanControllingUs: 0, StartBugReporterOnCrash: 0, Is64bit: 1, IsPro: 1

COMMAND LINE ARGUMENTS:
C:\Program Files\Unity 2021.3.11f1\Editor\Unity.exe
-adb2
-batchMode
-noUpm
-name
AssetImportWorker0
-projectPath
C:/Users/Windows 10/Documents/TheDoomChild
-logFile
Logs/AssetImportWorker0.log
-srvPort
50143
Successfully changed project path to: C:/Users/Windows 10/Documents/TheDoomChild
C:/Users/Windows 10/Documents/TheDoomChild
[UnityMemory] Configuration Parameters - Can be set up in boot.config
    "memorysetup-bucket-allocator-granularity=16"
    "memorysetup-bucket-allocator-bucket-count=8"
    "memorysetup-bucket-allocator-block-size=33554432"
    "memorysetup-bucket-allocator-block-count=8"
    "memorysetup-main-allocator-block-size=16777216"
    "memorysetup-thread-allocator-block-size=16777216"
    "memorysetup-gfx-main-allocator-block-size=16777216"
    "memorysetup-gfx-thread-allocator-block-size=16777216"
    "memorysetup-cache-allocator-block-size=4194304"
    "memorysetup-typetree-allocator-block-size=2097152"
    "memorysetup-profiler-bucket-allocator-granularity=16"
    "memorysetup-profiler-bucket-allocator-bucket-count=8"
    "memorysetup-profiler-bucket-allocator-block-size=33554432"
    "memorysetup-profiler-bucket-allocator-block-count=8"
    "memorysetup-profiler-allocator-block-size=16777216"
    "memorysetup-profiler-editor-allocator-block-size=1048576"
    "memorysetup-temp-allocator-size-main=16777216"
    "memorysetup-job-temp-allocator-block-size=2097152"
    "memorysetup-job-temp-allocator-block-size-background=1048576"
    "memorysetup-job-temp-allocator-reduction-small-platforms=262144"
    "memorysetup-temp-allocator-size-background-worker=32768"
    "memorysetup-temp-allocator-size-job-worker=262144"
    "memorysetup-temp-allocator-size-preload-manager=33554432"
    "memorysetup-temp-allocator-size-nav-mesh-worker=65536"
    "memorysetup-temp-allocator-size-audio-worker=65536"
    "memorysetup-temp-allocator-size-cloud-worker=32768"
    "memorysetup-temp-allocator-size-gi-baking-worker=262144"
    "memorysetup-temp-allocator-size-gfx=262144"
Refreshing native plugins compatible for Editor in 454.52 ms, found 3 plugins.
Preloading 0 native plugins for Editor in 0.00 ms.
Initialize engine version: 2021.3.11f1 (0a5ca18544bf)
[Subsystems] Discovering subsystems at path C:/Program Files/Unity 2021.3.11f1/Editor/Data/Resources/UnitySubsystems
[Subsystems] Discovering subsystems at path C:/Users/Windows 10/Documents/TheDoomChild/Assets
GfxDevice: creating device client; threaded=0; jobified=0
Direct3D:
    Version:  Direct3D 11.0 [level 11.1]
    Renderer: NVIDIA GeForce GTX 1050 Ti (ID=0x1c82)
    Vendor:   NVIDIA
    VRAM:     4018 MB
    Driver:   31.0.15.1694
Initialize mono
Mono path[0] = 'C:/Program Files/Unity 2021.3.11f1/Editor/Data/Managed'
Mono path[1] = 'C:/Program Files/Unity 2021.3.11f1/Editor/Data/MonoBleedingEdge/lib/mono/unityjit-win32'
Mono config path = 'C:/Program Files/Unity 2021.3.11f1/Editor/Data/MonoBleedingEdge/etc'
Using monoOptions --debugger-agent=transport=dt_socket,embedding=1,server=y,suspend=n,address=127.0.0.1:56956
Begin MonoManager ReloadAssembly
Registering precompiled unity dll's ...
Register platform support module: C:/Program Files/Unity 2021.3.11f1/Editor/Data/PlaybackEngines/WindowsStandaloneSupport/UnityEditor.WindowsStandalone.Extensions.dll
Registered in 0.005922 seconds.
Native extension for WindowsStandalone target not found
Refreshing native plugins compatible for Editor in 417.87 ms, found 3 plugins.
Preloading 0 native plugins for Editor in 0.00 ms.
Mono: successfully reloaded assembly
- Completed reload, in  0.993 seconds
Domain Reload Profiling:
	ReloadAssembly (993ms)
		BeginReloadAssembly (75ms)
			ExecutionOrderSort (0ms)
			DisableScriptedObjects (0ms)
			BackupInstance (0ms)
			ReleaseScriptingObjects (0ms)
			CreateAndSetChildDomain (1ms)
		EndReloadAssembly (807ms)
			LoadAssemblies (72ms)
			RebuildTransferFunctionScriptingTraits (0ms)
			SetupTypeCache (113ms)
			ReleaseScriptCaches (0ms)
			RebuildScriptCaches (32ms)
			SetupLoadedEditorAssemblies (605ms)
				LogAssemblyErrors (0ms)
				InitializePlatformSupportModulesInManaged (9ms)
				SetLoadedEditorAssemblies (0ms)
				RefreshPlugins (418ms)
				BeforeProcessingInitializeOnLoad (1ms)
				ProcessInitializeOnLoadAttributes (133ms)
				ProcessInitializeOnLoadMethodAttributes (43ms)
				AfterProcessingInitializeOnLoad (0ms)
				EditorAssembliesLoaded (0ms)
			ExecutionOrderSort2 (0ms)
			AwakeInstancesAfterBackupRestoration (0ms)
Platform modules already initialized, skipping
Registering precompiled user dll's ...
Registered in 0.012997 seconds.
Begin MonoManager ReloadAssembly
Script error (ComplexIdlingCreature): OnDestroy() can not take parameters.
0x00007ff60215368d (Unity) StackWalker::GetCurrentCallstack
0x00007ff60215a369 (Unity) StackWalker::ShowCallstack
0x00007ff6030cb683 (Unity) GetStacktrace
0x00007ff60376947d (Unity) DebugStringToFile
0x00007ff60201c2fc (Unity) PopulateMethods
0x00007ff602014d35 (Unity) CreateMonoScriptCache
0x00007ff60201d573 (Unity) MonoScript::Renew
0x00007ff6020424a0 (Unity) MonoManager::EndReloadAssembly
0x00007ff602049ed8 (Unity) MonoManager::ReloadAssembly
0x00007ff602f86412 (Unity) LoadDomainAndUserAssemblies
0x00007ff602f86b44 (Unity) LoadUserAssemblies
0x00007ff602c76153 (Unity) Application::InitializeProject
0x00007ff6030d5dc8 (Unity) WinMain
0x00007ff60447533e (Unity) __scrt_common_main_seh
0x00007fff3cd17614 (KERNEL32) BaseThreadInitThunk
0x00007fff3d4826a1 (ntdll) RtlUserThreadStart

Script error (MapAreaUI): Update() can not take parameters.
0x00007ff60215368d (Unity) StackWalker::GetCurrentCallstack
0x00007ff60215a369 (Unity) StackWalker::ShowCallstack
0x00007ff6030cb683 (Unity) GetStacktrace
0x00007ff60376947d (Unity) DebugStringToFile
0x00007ff60201c2fc (Unity) PopulateMethods
0x00007ff602014d35 (Unity) CreateMonoScriptCache
0x00007ff60201d573 (Unity) MonoScript::Renew
0x00007ff6020424a0 (Unity) MonoManager::EndReloadAssembly
0x00007ff602049ed8 (Unity) MonoManager::ReloadAssembly
0x00007ff602f86412 (Unity) LoadDomainAndUserAssemblies
0x00007ff602f86b44 (Unity) LoadUserAssemblies
0x00007ff602c76153 (Unity) Application::InitializeProject
0x00007ff6030d5dc8 (Unity) WinMain
0x00007ff60447533e (Unity) __scrt_common_main_seh
0x00007fff3cd17614 (KERNEL32) BaseThreadInitThunk
0x00007fff3d4826a1 (ntdll) RtlUserThreadStart

Native extension for WindowsStandalone target not found
Refreshing native plugins compatible for Editor in 462.33 ms, found 3 plugins.
Preloading 0 native plugins for Editor in 0.00 ms.
Launched and connected shader compiler UnityShaderCompiler.exe after 0.05 seconds
`Assets/DChild/Objects/Characters/Enemy/Bosses/QueenBee/Model 3/QUEEN BEE NO DRONES.png` and material `QUEEN BEE NO DRONES_Material.mat` : Problematic Texture / Material Settings found: It is recommended to disable `Alpha Is Transparency` on `Premultiply alpha` textures.
Assuming `Premultiply alpha` texture because `Straight Alpha Texture` is disabled at material). (You can disable this warning in `Edit - Preferences - Spine`)
0x00007ff60215368d (Unity) StackWalker::GetCurrentCallstack
0x00007ff60215a369 (Unity) StackWalker::ShowCallstack
0x00007ff6030cb683 (Unity) GetStacktrace
0x00007ff60376947d (Unity) DebugStringToFile
0x00007ff60133abd2 (Unity) DebugLogHandler_CUSTOM_Internal_Log
0x0000023a9ce075a3 (Mono JIT Code) (wrapper managed-to-native) UnityEngine.DebugLogHandler:Internal_Log (UnityEngine.LogType,UnityEngine.LogOption,string,UnityEngine.Object)
0x0000023a9ce072bb (Mono JIT Code) UnityEngine.DebugLogHandler:LogFormat (UnityEngine.LogType,UnityEngine.Object,string,object[])
0x0000023a9ce07041 (Mono JIT Code) UnityEngine.Logger:Log (UnityEngine.LogType,object,UnityEngine.Object)
0x0000023a9ce06f1d (Mono JIT Code) UnityEngine.Debug:LogWarning (object,UnityEngine.Object)
0x0000023a9c740623 (Mono JIT Code) [SpineEditorUtilities.cs:212] Spine.Unity.Editor.SpineEditorUtilities:IssueWarningsForUnrecommendedTextureSettings (string) 
0x0000023a91f3fe4b (Mono JIT Code) [SpineEditorUtilities.cs:181] Spine.Unity.Editor.SpineEditorUtilities:IssueWarningsForUnrecommendedTextureSettings () 
0x0000023a935796ab (Mono JIT Code) [SpineEditorUtilities.cs:163] Spine.Unity.Editor.SpineEditorUtilities:Initialize () 
0x0000023a93578eeb (Mono JIT Code) [SpineEditorUtilities.cs:97] Spine.Unity.Editor.SpineEditorUtilities:.cctor () 
0x0000023a93578fad (Mono JIT Code) (wrapper runtime-invoke) object:runtime_invoke_void (object,intptr,intptr,intptr)
0x00007fff13ccfe24 (mono-2.0-bdwgc) [mini-runtime.c:3445] mono_jit_runtime_invoke 
0x00007fff13c0e764 (mono-2.0-bdwgc) [object.c:3066] do_runtime_invoke 
0x00007fff13c09810 (mono-2.0-bdwgc) [object.c:563] mono_runtime_class_init_full 
0x00007fff13b76290 (mono-2.0-bdwgc) [icall-def.h:751] ves_icall_System_Runtime_CompilerServices_RuntimeHelpers_RunClassConstructor_raw 
0x0000023a91f3167a (Mono JIT Code) (wrapper managed-to-native) System.Runtime.CompilerServices.RuntimeHelpers:RunClassConstructor (intptr)
0x0000023a91f3158b (Mono JIT Code) System.Runtime.CompilerServices.RuntimeHelpers:RunClassConstructor (System.RuntimeTypeHandle)
0x0000023a91f3059b (Mono JIT Code) UnityEditor.EditorAssemblies:ProcessInitializeOnLoadAttributes (System.Type[])
0x0000023a934c7e08 (Mono JIT Code) (wrapper runtime-invoke) <Module>:runtime_invoke_void_object (object,intptr,intptr,intptr)
0x00007fff13ccfe24 (mono-2.0-bdwgc) [mini-runtime.c:3445] mono_jit_runtime_invoke 
0x00007fff13c0e764 (mono-2.0-bdwgc) [object.c:3066] do_runtime_invoke 
0x00007fff13c0e8fc (mono-2.0-bdwgc) [object.c:3113] mono_runtime_invoke 
0x00007ff602078164 (Unity) scripting_method_invoke
0x00007ff602057a04 (Unity) ScriptingInvocation::Invoke
0x00007ff602052615 (Unity) ScriptingInvocation::Invoke<void>
0x00007ff6021ab673 (Unity) Scripting::UnityEditor::EditorAssembliesProxy::ProcessInitializeOnLoadAttributes
0x00007ff60204c85b (Unity) MonoManager::SetupLoadedEditorAssemblies
0x00007ff60204251d (Unity) MonoManager::EndReloadAssembly
0x00007ff602049ed8 (Unity) MonoManager::ReloadAssembly
0x00007ff602f86412 (Unity) LoadDomainAndUserAssemblies
0x00007ff602f86b44 (Unity) LoadUserAssemblies
0x00007ff602c76153 (Unity) Application::InitializeProject
0x00007ff6030d5dc8 (Unity) WinMain
0x00007ff60447533e (Unity) __scrt_common_main_seh
0x00007fff3cd17614 (KERNEL32) BaseThreadInitThunk
0x00007fff3d4826a1 (ntdll) RtlUserThreadStart

`Assets/DChild/Objects/Location/CityOfTheDead/Arena Crowd/Crowd2/skeleton.png` and material `skeleton_Material.mat` : Incorrect Texture / Material Settings found: It is strongly recommended to enable `Alpha Is Transparency` on `Straight alpha` textures.
Assuming `Straight alpha` texture because `Straight Alpha Texture` is enabled at material). (You can disable this warning in `Edit - Preferences - Spine`)
0x00007ff60215368d (Unity) StackWalker::GetCurrentCallstack
0x00007ff60215a369 (Unity) StackWalker::ShowCallstack
0x00007ff6030cb683 (Unity) GetStacktrace
0x00007ff60376947d (Unity) DebugStringToFile
0x00007ff60133abd2 (Unity) DebugLogHandler_CUSTOM_Internal_Log
0x0000023a9ce075a3 (Mono JIT Code) (wrapper managed-to-native) UnityEngine.DebugLogHandler:Internal_Log (UnityEngine.LogType,UnityEngine.LogOption,string,UnityEngine.Object)
0x0000023a9ce072bb (Mono JIT Code) UnityEngine.DebugLogHandler:LogFormat (UnityEngine.LogType,UnityEngine.Object,string,object[])
0x0000023a9ce07041 (Mono JIT Code) UnityEngine.Logger:Log (UnityEngine.LogType,object,UnityEngine.Object)
0x0000023a9ce06f1d (Mono JIT Code) UnityEngine.Debug:LogWarning (object,UnityEngine.Object)
0x0000023a9c740623 (Mono JIT Code) [SpineEditorUtilities.cs:212] Spine.Unity.Editor.SpineEditorUtilities:IssueWarningsForUnrecommendedTextureSettings (string) 
0x0000023a91f3fe4b (Mono JIT Code) [SpineEditorUtilities.cs:181] Spine.Unity.Editor.SpineEditorUtilities:IssueWarningsForUnrecommendedTextureSettings () 
0x0000023a935796ab (Mono JIT Code) [SpineEditorUtilities.cs:163] Spine.Unity.Editor.SpineEditorUtilities:Initialize () 
0x0000023a93578eeb (Mono JIT Code) [SpineEditorUtilities.cs:97] Spine.Unity.Editor.SpineEditorUtilities:.cctor () 
0x0000023a93578fad (Mono JIT Code) (wrapper runtime-invoke) object:runtime_invoke_void (object,intptr,intptr,intptr)
0x00007fff13ccfe24 (mono-2.0-bdwgc) [mini-runtime.c:3445] mono_jit_runtime_invoke 
0x00007fff13c0e764 (mono-2.0-bdwgc) [object.c:3066] do_runtime_invoke 
0x00007fff13c09810 (mono-2.0-bdwgc) [object.c:563] mono_runtime_class_init_full 
0x00007fff13b76290 (mono-2.0-bdwgc) [icall-def.h:751] ves_icall_System_Runtime_CompilerServices_RuntimeHelpers_RunClassConstructor_raw 
0x0000023a91f3167a (Mono JIT Code) (wrapper managed-to-native) System.Runtime.CompilerServices.RuntimeHelpers:RunClassConstructor (intptr)
0x0000023a91f3158b (Mono JIT Code) System.Runtime.CompilerServices.RuntimeHelpers:RunClassConstructor (System.RuntimeTypeHandle)
0x0000023a91f3059b (Mono JIT Code) UnityEditor.EditorAssemblies:ProcessInitializeOnLoadAttributes (System.Type[])
0x0000023a934c7e08 (Mono JIT Code) (wrapper runtime-invoke) <Module>:runtime_invoke_void_object (object,intptr,intptr,intptr)
0x00007fff13ccfe24 (mono-2.0-bdwgc) [mini-runtime.c:3445] mono_jit_runtime_invoke 
0x00007fff13c0e764 (mono-2.0-bdwgc) [object.c:3066] do_runtime_invoke 
0x00007fff13c0e8fc (mono-2.0-bdwgc) [object.c:3113] mono_runtime_invoke 
0x00007ff602078164 (Unity) scripting_method_invoke
0x00007ff602057a04 (Unity) ScriptingInvocation::Invoke
0x00007ff602052615 (Unity) ScriptingInvocation::Invoke<void>
0x00007ff6021ab673 (Unity) Scripting::UnityEditor::EditorAssembliesProxy::ProcessInitializeOnLoadAttributes
0x00007ff60204c85b (Unity) MonoManager::SetupLoadedEditorAssemblies
0x00007ff60204251d (Unity) MonoManager::EndReloadAssembly
0x00007ff602049ed8 (Unity) MonoManager::ReloadAssembly
0x00007ff602f86412 (Unity) LoadDomainAndUserAssemblies
0x00007ff602f86b44 (Unity) LoadUserAssemblies
0x00007ff602c76153 (Unity) Application::InitializeProject
0x00007ff6030d5dc8 (Unity) WinMain
0x00007ff60447533e (Unity) __scrt_common_main_seh
0x00007fff3cd17614 (KERNEL32) BaseThreadInitThunk
0x00007fff3d4826a1 (ntdll) RtlUserThreadStart

`Assets/DChild/Objects/Location/CityOfTheDead/Arena Crowd/CrowdGroup/skeleton.png` and material `skeleton_Material.mat` : Incorrect Texture / Material Settings found: It is strongly recommended to enable `Alpha Is Transparency` on `Straight alpha` textures.
Assuming `Straight alpha` texture because `Straight Alpha Texture` is enabled at material). (You can disable this warning in `Edit - Preferences - Spine`)
0x00007ff60215368d (Unity) StackWalker::GetCurrentCallstack
0x00007ff60215a369 (Unity) StackWalker::ShowCallstack
0x00007ff6030cb683 (Unity) GetStacktrace
0x00007ff60376947d (Unity) DebugStringToFile
0x00007ff60133abd2 (Unity) DebugLogHandler_CUSTOM_Internal_Log
0x0000023a9ce075a3 (Mono JIT Code) (wrapper managed-to-native) UnityEngine.DebugLogHandler:Internal_Log (UnityEngine.LogType,UnityEngine.LogOption,string,UnityEngine.Object)
0x0000023a9ce072bb (Mono JIT Code) UnityEngine.DebugLogHandler:LogFormat (UnityEngine.LogType,UnityEngine.Object,string,object[])
0x0000023a9ce07041 (Mono JIT Code) UnityEngine.Logger:Log (UnityEngine.LogType,object,UnityEngine.Object)
0x0000023a9ce06f1d (Mono JIT Code) UnityEngine.Debug:LogWarning (object,UnityEngine.Object)
0x0000023a9c740623 (Mono JIT Code) [SpineEditorUtilities.cs:212] Spine.Unity.Editor.SpineEditorUtilities:IssueWarningsForUnrecommendedTextureSettings (string) 
0x0000023a91f3fe4b (Mono JIT Code) [SpineEditorUtilities.cs:181] Spine.Unity.Editor.SpineEditorUtilities:IssueWarningsForUnrecommendedTextureSettings () 
0x0000023a935796ab (Mono JIT Code) [SpineEditorUtilities.cs:163] Spine.Unity.Editor.SpineEditorUtilities:Initialize () 
0x0000023a93578eeb (Mono JIT Code) [SpineEditorUtilities.cs:97] Spine.Unity.Editor.SpineEditorUtilities:.cctor () 
0x0000023a93578fad (Mono JIT Code) (wrapper runtime-invoke) object:runtime_invoke_void (object,intptr,intptr,intptr)
0x00007fff13ccfe24 (mono-2.0-bdwgc) [mini-runtime.c:3445] mono_jit_runtime_invoke 
0x00007fff13c0e764 (mono-2.0-bdwgc) [object.c:3066] do_runtime_invoke 
0x00007fff13c09810 (mono-2.0-bdwgc) [object.c:563] mono_runtime_class_init_full 
0x00007fff13b76290 (mono-2.0-bdwgc) [icall-def.h:751] ves_icall_System_Runtime_CompilerServices_RuntimeHelpers_RunClassConstructor_raw 
0x0000023a91f3167a (Mono JIT Code) (wrapper managed-to-native) System.Runtime.CompilerServices.RuntimeHelpers:RunClassConstructor (intptr)
0x0000023a91f3158b (Mono JIT Code) System.Runtime.CompilerServices.RuntimeHelpers:RunClassConstructor (System.RuntimeTypeHandle)
0x0000023a91f3059b (Mono JIT Code) UnityEditor.EditorAssemblies:ProcessInitializeOnLoadAttributes (System.Type[])
0x0000023a934c7e08 (Mono JIT Code) (wrapper runtime-invoke) <Module>:runtime_invoke_void_object (object,intptr,intptr,intptr)
0x00007fff13ccfe24 (mono-2.0-bdwgc) [mini-runtime.c:3445] mono_jit_runtime_invoke 
0x00007fff13c0e764 (mono-2.0-bdwgc) [object.c:3066] do_runtime_invoke 
0x00007fff13c0e8fc (mono-2.0-bdwgc) [object.c:3113] mono_runtime_invoke 
0x00007ff602078164 (Unity) scripting_method_invoke
0x00007ff602057a04 (Unity) ScriptingInvocation::Invoke
0x00007ff602052615 (Unity) ScriptingInvocation::Invoke<void>
0x00007ff6021ab673 (Unity) Scripting::UnityEditor::EditorAssembliesProxy::ProcessInitializeOnLoadAttributes
0x00007ff60204c85b (Unity) MonoManager::SetupLoadedEditorAssemblies
0x00007ff60204251d (Unity) MonoManager::EndReloadAssembly
0x00007ff602049ed8 (Unity) MonoManager::ReloadAssembly
0x00007ff602f86412 (Unity) LoadDomainAndUserAssemblies
0x00007ff602f86b44 (Unity) LoadUserAssemblies
0x00007ff602c76153 (Unity) Application::InitializeProject
0x00007ff6030d5dc8 (Unity) WinMain
0x00007ff60447533e (Unity) __scrt_common_main_seh
0x00007fff3cd17614 (KERNEL32) BaseThreadInitThunk
0x00007fff3d4826a1 (ntdll) RtlUserThreadStart

`Assets/DChild/Objects/Location/General/Idling Background Creatures/Crow/NewCrow.png` and material `NewCrow_Material.mat` : Problematic Texture / Material Settings found: It is recommended to disable `Alpha Is Transparency` on `Premultiply alpha` textures.
Assuming `Premultiply alpha` texture because `Straight Alpha Texture` is disabled at material). (You can disable this warning in `Edit - Preferences - Spine`)
0x00007ff60215368d (Unity) StackWalker::GetCurrentCallstack
0x00007ff60215a369 (Unity) StackWalker::ShowCallstack
0x00007ff6030cb683 (Unity) GetStacktrace
0x00007ff60376947d (Unity) DebugStringToFile
0x00007ff60133abd2 (Unity) DebugLogHandler_CUSTOM_Internal_Log
0x0000023a9ce075a3 (Mono JIT Code) (wrapper managed-to-native) UnityEngine.DebugLogHandler:Internal_Log (UnityEngine.LogType,UnityEngine.LogOption,string,UnityEngine.Object)
0x0000023a9ce072bb (Mono JIT Code) UnityEngine.DebugLogHandler:LogFormat (UnityEngine.LogType,UnityEngine.Object,string,object[])
0x0000023a9ce07041 (Mono JIT Code) UnityEngine.Logger:Log (UnityEngine.LogType,object,UnityEngine.Object)
0x0000023a9ce06f1d (Mono JIT Code) UnityEngine.Debug:LogWarning (object,UnityEngine.Object)
0x0000023a9c740623 (Mono JIT Code) [SpineEditorUtilities.cs:212] Spine.Unity.Editor.SpineEditorUtilities:IssueWarningsForUnrecommendedTextureSettings (string) 
0x0000023a91f3fe4b (Mono JIT Code) [SpineEditorUtilities.cs:181] Spine.Unity.Editor.SpineEditorUtilities:IssueWarningsForUnrecommendedTextureSettings () 
0x0000023a935796ab (Mono JIT Code) [SpineEditorUtilities.cs:163] Spine.Unity.Editor.SpineEditorUtilities:Initialize () 
0x0000023a93578eeb (Mono JIT Code) [SpineEditorUtilities.cs:97] Spine.Unity.Editor.SpineEditorUtilities:.cctor () 
0x0000023a93578fad (Mono JIT Code) (wrapper runtime-invoke) object:runtime_invoke_void (object,intptr,intptr,intptr)
0x00007fff13ccfe24 (mono-2.0-bdwgc) [mini-runtime.c:3445] mono_jit_runtime_invoke 
0x00007fff13c0e764 (mono-2.0-bdwgc) [object.c:3066] do_runtime_invoke 
0x00007fff13c09810 (mono-2.0-bdwgc) [object.c:563] mono_runtime_class_init_full 
0x00007fff13b76290 (mono-2.0-bdwgc) [icall-def.h:751] ves_icall_System_Runtime_CompilerServices_RuntimeHelpers_RunClassConstructor_raw 
0x0000023a91f3167a (Mono JIT Code) (wrapper managed-to-native) System.Runtime.CompilerServices.RuntimeHelpers:RunClassConstructor (intptr)
0x0000023a91f3158b (Mono JIT Code) System.Runtime.CompilerServices.RuntimeHelpers:RunClassConstructor (System.RuntimeTypeHandle)
0x0000023a91f3059b (Mono JIT Code) UnityEditor.EditorAssemblies:ProcessInitializeOnLoadAttributes (System.Type[])
0x0000023a934c7e08 (Mono JIT Code) (wrapper runtime-invoke) <Module>:runtime_invoke_void_object (object,intptr,intptr,intptr)
0x00007fff13ccfe24 (mono-2.0-bdwgc) [mini-runtime.c:3445] mono_jit_runtime_invoke 
0x00007fff13c0e764 (mono-2.0-bdwgc) [object.c:3066] do_runtime_invoke 
0x00007fff13c0e8fc (mono-2.0-bdwgc) [object.c:3113] mono_runtime_invoke 
0x00007ff602078164 (Unity) scripting_method_invoke
0x00007ff602057a04 (Unity) ScriptingInvocation::Invoke
0x00007ff602052615 (Unity) ScriptingInvocation::Invoke<void>
0x00007ff6021ab673 (Unity) Scripting::UnityEditor::EditorAssembliesProxy::ProcessInitializeOnLoadAttributes
0x00007ff60204c85b (Unity) MonoManager::SetupLoadedEditorAssemblies
0x00007ff60204251d (Unity) MonoManager::EndReloadAssembly
0x00007ff602049ed8 (Unity) MonoManager::ReloadAssembly
0x00007ff602f86412 (Unity) LoadDomainAndUserAssemblies
0x00007ff602f86b44 (Unity) LoadUserAssemblies
0x00007ff602c76153 (Unity) Application::InitializeProject
0x00007ff6030d5dc8 (Unity) WinMain
0x00007ff60447533e (Unity) __scrt_common_main_seh
0x00007fff3cd17614 (KERNEL32) BaseThreadInitThunk
0x00007fff3d4826a1 (ntdll) RtlUserThreadStart

Mono: successfully reloaded assembly
- Completed reload, in  5.409 seconds
Domain Reload Profiling:
	ReloadAssembly (5409ms)
		BeginReloadAssembly (113ms)
			ExecutionOrderSort (0ms)
			DisableScriptedObjects (5ms)
			BackupInstance (0ms)
			ReleaseScriptingObjects (0ms)
			CreateAndSetChildDomain (20ms)
		EndReloadAssembly (5189ms)
			LoadAssemblies (93ms)
			RebuildTransferFunctionScriptingTraits (0ms)
			SetupTypeCache (429ms)
			ReleaseScriptCaches (1ms)
			RebuildScriptCaches (396ms)
			SetupLoadedEditorAssemblies (4209ms)
				LogAssemblyErrors (0ms)
				InitializePlatformSupportModulesInManaged (11ms)
				SetLoadedEditorAssemblies (0ms)
				RefreshPlugins (462ms)
				BeforeProcessingInitializeOnLoad (148ms)
				ProcessInitializeOnLoadAttributes (3445ms)
				ProcessInitializeOnLoadMethodAttributes (135ms)
				AfterProcessingInitializeOnLoad (8ms)
				EditorAssembliesLoaded (0ms)
			ExecutionOrderSort2 (0ms)
			AwakeInstancesAfterBackupRestoration (6ms)
Platform modules already initialized, skipping
========================================================================
Worker process is ready to serve import requests
Refreshing native plugins compatible for Editor in 5.49 ms, found 3 plugins.
Preloading 0 native plugins for Editor in 0.00 ms.
Unloading 10420 Unused Serialized files (Serialized files now loaded: 0)
Unloading 855 unused Assets / (5.0 MB). Loaded Objects now: 10388.
Memory consumption went from 1.56 GB to 1.56 GB.
Total: 38.567700 ms (FindLiveObjects: 0.968200 ms CreateObjectMapping: 0.991800 ms MarkObjects: 28.323300 ms  DeleteObjects: 8.283100 ms)

AssetImportParameters requested are different than current active one (requested -> active):
  custom:video-decoder-ogg-theora: a1e56fd34408186e4bbccfd4996cb3dc -> 
  custom:container-muxer-webm: aa71ff27fc2769a1b78a27578f13a17b -> 
  custom:container-demuxer-webm: 4f35f7cbe854078d1ac9338744f61a02 -> 
  custom:video-encoder-webm-vp8: eb34c28f22e8b96e1ab97ce403110664 -> 
  custom:audio-encoder-webm-vorbis: bf7c407c2cedff20999df2af8eb42d56 -> 
  custom:framework-win-MediaFoundation: 216162199b28c13a410421893ffa2e32 -> 
  custom:container-demuxer-ogg: 62fdf1f143b41e24485cea50d1cbac27 -> 
  custom:video-decoder-webm-vp8: 9c59270c3fd7afecdb556c50c9e8de78 -> 
  custom:audio-decoder-ogg-vorbis: bf7c407c2cedff20999df2af8eb42d56 -> 
========================================================================
Received Import Request.
  Time since last request: 3084.970761 seconds.
  path: Assets/DChild/Objects/Misc/SoulSkills/SoulSkills_VFX/StoneBuiltFX.prefab
  artifactKey: Guid(2ecc497050cfe2241a18ccb591130d97) Importer(815301076,1909f56bfc062723c751e8b465ee728b)
Start importing Assets/DChild/Objects/Misc/SoulSkills/SoulSkills_VFX/StoneBuiltFX.prefab using Guid(2ecc497050cfe2241a18ccb591130d97) Importer(815301076,1909f56bfc062723c751e8b465ee728b)  -> (artifact id: 'ff9316004417c0465001c5b98294d28f') in 0.446215 seconds 
========================================================================
Received Import Request.
  Time since last request: 3171.925360 seconds.
  path: Assets/DChild/Objects/Misc/SoulSkills/SoulSkills_Shaders/BlinkingTexture_Shader.shadergraph
  artifactKey: Guid(b6e7679fa0572a64cadc3ffeeaf9ad3a) Importer(815301076,1909f56bfc062723c751e8b465ee728b)
Start importing Assets/DChild/Objects/Misc/SoulSkills/SoulSkills_Shaders/BlinkingTexture_Shader.shadergraph using Guid(b6e7679fa0572a64cadc3ffeeaf9ad3a) Importer(815301076,1909f56bfc062723c751e8b465ee728b)  -> (artifact id: '8fe8e2b59c94fbe3884ee562a24b3f08') in 0.009250 seconds 
========================================================================
Received Import Request.
  Time since last request: 212.607335 seconds.
  path: Assets/DChild/Objects/Location/General/Textures/Transparent
  artifactKey: Guid(ff94de4a577bdf140aaa8b7241b8026c) Importer(815301076,1909f56bfc062723c751e8b465ee728b)
Start importing Assets/DChild/Objects/Location/General/Textures/Transparent using Guid(ff94de4a577bdf140aaa8b7241b8026c) Importer(815301076,1909f56bfc062723c751e8b465ee728b)  -> (artifact id: '29d69972d2678146f3bf9f5b50dc8a7d') in 0.006273 seconds 
========================================================================
Received Import Request.
  Time since last request: 369.136594 seconds.
  path: Assets/DChild/Objects/Location/General/Textures/Transparent/FInisherIcon.png
  artifactKey: Guid(4f7c6d5df2f2cb3418d77233a3aa6b21) Importer(815301076,1909f56bfc062723c751e8b465ee728b)
Start importing Assets/DChild/Objects/Location/General/Textures/Transparent/FInisherIcon.png using Guid(4f7c6d5df2f2cb3418d77233a3aa6b21) Importer(815301076,1909f56bfc062723c751e8b465ee728b)  -> (artifact id: '1444d2ae5600636e8e50a839a91b49ca') in 0.280814 seconds 
========================================================================
Received Import Request.
  Time since last request: 455.008428 seconds.
  path: Assets/DChild/Objects/Location/General/Textures/Full_Image/FInisherIconBW.png
  artifactKey: Guid(be050f9774d3b91468d09ed816f5f3d6) Importer(815301076,1909f56bfc062723c751e8b465ee728b)
Start importing Assets/DChild/Objects/Location/General/Textures/Full_Image/FInisherIconBW.png using Guid(be050f9774d3b91468d09ed816f5f3d6) Importer(815301076,1909f56bfc062723c751e8b465ee728b)  -> (artifact id: 'd2a75828f5bde01311b79d00eed38f3b') in 0.186037 seconds 
========================================================================
Received Import Request.
  Time since last request: 3.736948 seconds.
  path: Assets/DChild/Objects/Menu/Gameplay/Trading/Filter_KEY ITEM NOT SELECTED.png
  artifactKey: Guid(353c609e85ed3694a81ecadf5391e44b) Importer(815301076,1909f56bfc062723c751e8b465ee728b)
Start importing Assets/DChild/Objects/Menu/Gameplay/Trading/Filter_KEY ITEM NOT SELECTED.png using Guid(353c609e85ed3694a81ecadf5391e44b) Importer(815301076,1909f56bfc062723c751e8b465ee728b)  -> (artifact id: '6fa7e4e12a4fe7d4726cc20341d6461c') in 0.036041 seconds 
========================================================================
Received Import Request.
  Time since last request: 0.000048 seconds.
  path: Assets/DChild/Objects/Menu/Gameplay/Trading/Filter_POTION SELECTED.png
  artifactKey: Guid(dfae959426def4f4eb7b35ca823bd405) Importer(815301076,1909f56bfc062723c751e8b465ee728b)
Start importing Assets/DChild/Objects/Menu/Gameplay/Trading/Filter_POTION SELECTED.png using Guid(dfae959426def4f4eb7b35ca823bd405) Importer(815301076,1909f56bfc062723c751e8b465ee728b)  -> (artifact id: '3fd68142b83086b6a1b4ce0e020f44b4') in 0.064827 seconds 
========================================================================
Received Import Request.
  Time since last request: 0.000030 seconds.
  path: Assets/DChild/Objects/Prefabs/fireball trap.png
  artifactKey: Guid(6cce1f77e774a6c4695ca5b80d0d317e) Importer(815301076,1909f56bfc062723c751e8b465ee728b)
Start importing Assets/DChild/Objects/Prefabs/fireball trap.png using Guid(6cce1f77e774a6c4695ca5b80d0d317e) Importer(815301076,1909f56bfc062723c751e8b465ee728b)  -> (artifact id: 'd8a62a67d062e006100bf86345029087') in 0.067330 seconds 
========================================================================
Received Import Request.
  Time since last request: 0.000035 seconds.
  path: Assets/DChild/Objects/Menu/Gameplay/Trading/Filter_WEAPON NOT SELECTED.png
  artifactKey: Guid(e9a1255806218bf4884b31695c1f0886) Importer(815301076,1909f56bfc062723c751e8b465ee728b)
Start importing Assets/DChild/Objects/Menu/Gameplay/Trading/Filter_WEAPON NOT SELECTED.png using Guid(e9a1255806218bf4884b31695c1f0886) Importer(815301076,1909f56bfc062723c751e8b465ee728b)  -> (artifact id: '78fd9f78fa0fa6ec42e4e50473b8a1ee') in 0.026586 seconds 
========================================================================
Received Import Request.
  Time since last request: 159.915871 seconds.
  path: Assets/DChild/Objects/Location/General/Textures/Full_Image/FInisherIconBW1.png
  artifactKey: Guid(9de8103e7a4fbe748844a7cba32f9d62) Importer(815301076,1909f56bfc062723c751e8b465ee728b)
Start importing Assets/DChild/Objects/Location/General/Textures/Full_Image/FInisherIconBW1.png using Guid(9de8103e7a4fbe748844a7cba32f9d62) Importer(815301076,1909f56bfc062723c751e8b465ee728b)  -> (artifact id: 'a379c612ccca053470739fc2cbf3d36e') in 0.155147 seconds 
========================================================================
Received Import Request.
  Time since last request: 9699.873691 seconds.
  path: Assets/DChild/Objects/Misc/SoulSkills/SoulSkills_VFX/FInisherIconFX.prefab
  artifactKey: Guid(c8f97d52544d2644fb5fc28385aec4e1) Importer(815301076,1909f56bfc062723c751e8b465ee728b)
Start importing Assets/DChild/Objects/Misc/SoulSkills/SoulSkills_VFX/FInisherIconFX.prefab using Guid(c8f97d52544d2644fb5fc28385aec4e1) Importer(815301076,1909f56bfc062723c751e8b465ee728b)  -> (artifact id: 'a1c9366b319a7ffec23db5449fc13d24') in 0.036367 seconds 
