Using pre-set license
Built from '2021.3/staging' branch; Version is '2021.3.11f1 (0a5ca18544bf) revision 679073'; Using compiler version '192829333'; Build Type 'Release'
OS: 'Windows 10  (10.0.19044) 64bit Professional' Language: 'en' Physical Memory: 32707 MB
BatchMode: 1, IsHumanControllingUs: 0, StartBugReporterOnCrash: 0, Is64bit: 1, IsPro: 1

COMMAND LINE ARGUMENTS:
C:\Program Files\Unity 2021.3.11f1\Editor\Unity.exe
-adb2
-batchMode
-noUpm
-name
AssetImportWorker4
-projectPath
C:/Users/Windows 10/Documents/TheDoomChild
-logFile
Logs/AssetImportWorker4.log
-srvPort
64523
Successfully changed project path to: C:/Users/Windows 10/Documents/TheDoomChild
C:/Users/Windows 10/Documents/TheDoomChild
[UnityMemory] Configuration Parameters - Can be set up in boot.config
    "memorysetup-bucket-allocator-granularity=16"
    "memorysetup-bucket-allocator-bucket-count=8"
    "memorysetup-bucket-allocator-block-size=33554432"
    "memorysetup-bucket-allocator-block-count=8"
    "memorysetup-main-allocator-block-size=16777216"
    "memorysetup-thread-allocator-block-size=16777216"
    "memorysetup-gfx-main-allocator-block-size=16777216"
    "memorysetup-gfx-thread-allocator-block-size=16777216"
    "memorysetup-cache-allocator-block-size=4194304"
    "memorysetup-typetree-allocator-block-size=2097152"
    "memorysetup-profiler-bucket-allocator-granularity=16"
    "memorysetup-profiler-bucket-allocator-bucket-count=8"
    "memorysetup-profiler-bucket-allocator-block-size=33554432"
    "memorysetup-profiler-bucket-allocator-block-count=8"
    "memorysetup-profiler-allocator-block-size=16777216"
    "memorysetup-profiler-editor-allocator-block-size=1048576"
    "memorysetup-temp-allocator-size-main=16777216"
    "memorysetup-job-temp-allocator-block-size=2097152"
    "memorysetup-job-temp-allocator-block-size-background=1048576"
    "memorysetup-job-temp-allocator-reduction-small-platforms=262144"
    "memorysetup-temp-allocator-size-background-worker=32768"
    "memorysetup-temp-allocator-size-job-worker=262144"
    "memorysetup-temp-allocator-size-preload-manager=33554432"
    "memorysetup-temp-allocator-size-nav-mesh-worker=65536"
    "memorysetup-temp-allocator-size-audio-worker=65536"
    "memorysetup-temp-allocator-size-cloud-worker=32768"
    "memorysetup-temp-allocator-size-gi-baking-worker=262144"
    "memorysetup-temp-allocator-size-gfx=262144"
Refreshing native plugins compatible for Editor in 347.91 ms, found 3 plugins.
Preloading 0 native plugins for Editor in 0.00 ms.
Initialize engine version: 2021.3.11f1 (0a5ca18544bf)
[Subsystems] Discovering subsystems at path C:/Program Files/Unity 2021.3.11f1/Editor/Data/Resources/UnitySubsystems
[Subsystems] Discovering subsystems at path C:/Users/Windows 10/Documents/TheDoomChild/Assets
GfxDevice: creating device client; threaded=0; jobified=0
Direct3D:
    Version:  Direct3D 11.0 [level 11.1]
    Renderer: NVIDIA GeForce GTX 1050 Ti (ID=0x1c82)
    Vendor:   NVIDIA
    VRAM:     4018 MB
    Driver:   31.0.15.1659
Initialize mono
Mono path[0] = 'C:/Program Files/Unity 2021.3.11f1/Editor/Data/Managed'
Mono path[1] = 'C:/Program Files/Unity 2021.3.11f1/Editor/Data/MonoBleedingEdge/lib/mono/unityjit-win32'
Mono config path = 'C:/Program Files/Unity 2021.3.11f1/Editor/Data/MonoBleedingEdge/etc'
Using monoOptions --debugger-agent=transport=dt_socket,embedding=1,server=y,suspend=n,address=127.0.0.1:56988
Begin MonoManager ReloadAssembly
Registering precompiled unity dll's ...
Register platform support module: C:/Program Files/Unity 2021.3.11f1/Editor/Data/PlaybackEngines/WindowsStandaloneSupport/UnityEditor.WindowsStandalone.Extensions.dll
Registered in 0.005978 seconds.
Native extension for WindowsStandalone target not found
Refreshing native plugins compatible for Editor in 357.04 ms, found 3 plugins.
Preloading 0 native plugins for Editor in 0.00 ms.
Mono: successfully reloaded assembly
- Completed reload, in  0.885 seconds
Domain Reload Profiling:
	ReloadAssembly (885ms)
		BeginReloadAssembly (73ms)
			ExecutionOrderSort (0ms)
			DisableScriptedObjects (0ms)
			BackupInstance (0ms)
			ReleaseScriptingObjects (0ms)
			CreateAndSetChildDomain (1ms)
		EndReloadAssembly (705ms)
			LoadAssemblies (71ms)
			RebuildTransferFunctionScriptingTraits (0ms)
			SetupTypeCache (102ms)
			ReleaseScriptCaches (0ms)
			RebuildScriptCaches (29ms)
			SetupLoadedEditorAssemblies (521ms)
				LogAssemblyErrors (0ms)
				InitializePlatformSupportModulesInManaged (7ms)
				SetLoadedEditorAssemblies (0ms)
				RefreshPlugins (357ms)
				BeforeProcessingInitializeOnLoad (1ms)
				ProcessInitializeOnLoadAttributes (112ms)
				ProcessInitializeOnLoadMethodAttributes (44ms)
				AfterProcessingInitializeOnLoad (0ms)
				EditorAssembliesLoaded (0ms)
			ExecutionOrderSort2 (0ms)
			AwakeInstancesAfterBackupRestoration (0ms)
Platform modules already initialized, skipping
Registering precompiled user dll's ...
Registered in 0.015876 seconds.
Begin MonoManager ReloadAssembly
Script error (ComplexIdlingCreature): OnDestroy() can not take parameters.
0x00007ff717ab368d (Unity) StackWalker::GetCurrentCallstack
0x00007ff717aba369 (Unity) StackWalker::ShowCallstack
0x00007ff718a2b683 (Unity) GetStacktrace
0x00007ff7190c947d (Unity) DebugStringToFile
0x00007ff71797c2fc (Unity) PopulateMethods
0x00007ff717974d35 (Unity) CreateMonoScriptCache
0x00007ff71797d573 (Unity) MonoScript::Renew
0x00007ff7179a24a0 (Unity) MonoManager::EndReloadAssembly
0x00007ff7179a9ed8 (Unity) MonoManager::ReloadAssembly
0x00007ff7188e6412 (Unity) LoadDomainAndUserAssemblies
0x00007ff7188e6b44 (Unity) LoadUserAssemblies
0x00007ff7185d6153 (Unity) Application::InitializeProject
0x00007ff718a35dc8 (Unity) WinMain
0x00007ff719dd533e (Unity) __scrt_common_main_seh
0x00007fff992974b4 (KERNEL32) BaseThreadInitThunk
0x00007fff9b0226a1 (ntdll) RtlUserThreadStart

Script error (MapAreaUI): Update() can not take parameters.
0x00007ff717ab368d (Unity) StackWalker::GetCurrentCallstack
0x00007ff717aba369 (Unity) StackWalker::ShowCallstack
0x00007ff718a2b683 (Unity) GetStacktrace
0x00007ff7190c947d (Unity) DebugStringToFile
0x00007ff71797c2fc (Unity) PopulateMethods
0x00007ff717974d35 (Unity) CreateMonoScriptCache
0x00007ff71797d573 (Unity) MonoScript::Renew
0x00007ff7179a24a0 (Unity) MonoManager::EndReloadAssembly
0x00007ff7179a9ed8 (Unity) MonoManager::ReloadAssembly
0x00007ff7188e6412 (Unity) LoadDomainAndUserAssemblies
0x00007ff7188e6b44 (Unity) LoadUserAssemblies
0x00007ff7185d6153 (Unity) Application::InitializeProject
0x00007ff718a35dc8 (Unity) WinMain
0x00007ff719dd533e (Unity) __scrt_common_main_seh
0x00007fff992974b4 (KERNEL32) BaseThreadInitThunk
0x00007fff9b0226a1 (ntdll) RtlUserThreadStart

Native extension for WindowsStandalone target not found
Refreshing native plugins compatible for Editor in 366.20 ms, found 3 plugins.
Preloading 0 native plugins for Editor in 0.00 ms.
Launched and connected shader compiler UnityShaderCompiler.exe after 0.08 seconds
`Assets/DChild/Objects/Characters/Enemy/Bosses/QueenBee/Model 3/QUEEN BEE NO DRONES.png` and material `QUEEN BEE NO DRONES_Material.mat` : Problematic Texture / Material Settings found: It is recommended to disable `Alpha Is Transparency` on `Premultiply alpha` textures.
Assuming `Premultiply alpha` texture because `Straight Alpha Texture` is disabled at material). (You can disable this warning in `Edit - Preferences - Spine`)
0x00007ff717ab368d (Unity) StackWalker::GetCurrentCallstack
0x00007ff717aba369 (Unity) StackWalker::ShowCallstack
0x00007ff718a2b683 (Unity) GetStacktrace
0x00007ff7190c947d (Unity) DebugStringToFile
0x00007ff716c9abd2 (Unity) DebugLogHandler_CUSTOM_Internal_Log
0x000001e9f29b36c3 (Mono JIT Code) (wrapper managed-to-native) UnityEngine.DebugLogHandler:Internal_Log (UnityEngine.LogType,UnityEngine.LogOption,string,UnityEngine.Object)
0x000001e9f29b33db (Mono JIT Code) UnityEngine.DebugLogHandler:LogFormat (UnityEngine.LogType,UnityEngine.Object,string,object[])
0x000001e9f29b3161 (Mono JIT Code) UnityEngine.Logger:Log (UnityEngine.LogType,object,UnityEngine.Object)
0x000001e9f29b303d (Mono JIT Code) UnityEngine.Debug:LogWarning (object,UnityEngine.Object)
0x000001e9f19c0c83 (Mono JIT Code) [SpineEditorUtilities.cs:212] Spine.Unity.Editor.SpineEditorUtilities:IssueWarningsForUnrecommendedTextureSettings (string) 
0x000001e9f19c07eb (Mono JIT Code) [SpineEditorUtilities.cs:181] Spine.Unity.Editor.SpineEditorUtilities:IssueWarningsForUnrecommendedTextureSettings () 
0x000001e9e9a296ab (Mono JIT Code) [SpineEditorUtilities.cs:163] Spine.Unity.Editor.SpineEditorUtilities:Initialize () 
0x000001e9e9a28eeb (Mono JIT Code) [SpineEditorUtilities.cs:97] Spine.Unity.Editor.SpineEditorUtilities:.cctor () 
0x000001e9e9a28fad (Mono JIT Code) (wrapper runtime-invoke) object:runtime_invoke_void (object,intptr,intptr,intptr)
0x00007fff2be8fe24 (mono-2.0-bdwgc) [mini-runtime.c:3445] mono_jit_runtime_invoke 
0x00007fff2bdce764 (mono-2.0-bdwgc) [object.c:3066] do_runtime_invoke 
0x00007fff2bdc9810 (mono-2.0-bdwgc) [object.c:563] mono_runtime_class_init_full 
0x00007fff2bd36290 (mono-2.0-bdwgc) [icall-def.h:751] ves_icall_System_Runtime_CompilerServices_RuntimeHelpers_RunClassConstructor_raw 
0x000001e9e83e167a (Mono JIT Code) (wrapper managed-to-native) System.Runtime.CompilerServices.RuntimeHelpers:RunClassConstructor (intptr)
0x000001e9e83e158b (Mono JIT Code) System.Runtime.CompilerServices.RuntimeHelpers:RunClassConstructor (System.RuntimeTypeHandle)
0x000001e9e83e059b (Mono JIT Code) UnityEditor.EditorAssemblies:ProcessInitializeOnLoadAttributes (System.Type[])
0x000001e9e9977e08 (Mono JIT Code) (wrapper runtime-invoke) <Module>:runtime_invoke_void_object (object,intptr,intptr,intptr)
0x00007fff2be8fe24 (mono-2.0-bdwgc) [mini-runtime.c:3445] mono_jit_runtime_invoke 
0x00007fff2bdce764 (mono-2.0-bdwgc) [object.c:3066] do_runtime_invoke 
0x00007fff2bdce8fc (mono-2.0-bdwgc) [object.c:3113] mono_runtime_invoke 
0x00007ff7179d8164 (Unity) scripting_method_invoke
0x00007ff7179b7a04 (Unity) ScriptingInvocation::Invoke
0x00007ff7179b2615 (Unity) ScriptingInvocation::Invoke<void>
0x00007ff717b0b673 (Unity) Scripting::UnityEditor::EditorAssembliesProxy::ProcessInitializeOnLoadAttributes
0x00007ff7179ac85b (Unity) MonoManager::SetupLoadedEditorAssemblies
0x00007ff7179a251d (Unity) MonoManager::EndReloadAssembly
0x00007ff7179a9ed8 (Unity) MonoManager::ReloadAssembly
0x00007ff7188e6412 (Unity) LoadDomainAndUserAssemblies
0x00007ff7188e6b44 (Unity) LoadUserAssemblies
0x00007ff7185d6153 (Unity) Application::InitializeProject
0x00007ff718a35dc8 (Unity) WinMain
0x00007ff719dd533e (Unity) __scrt_common_main_seh
0x00007fff992974b4 (KERNEL32) BaseThreadInitThunk
0x00007fff9b0226a1 (ntdll) RtlUserThreadStart

`Assets/DChild/Objects/Location/CityOfTheDead/Arena Crowd/Crowd2/skeleton.png` and material `skeleton_Material.mat` : Incorrect Texture / Material Settings found: It is strongly recommended to enable `Alpha Is Transparency` on `Straight alpha` textures.
Assuming `Straight alpha` texture because `Straight Alpha Texture` is enabled at material). (You can disable this warning in `Edit - Preferences - Spine`)
0x00007ff717ab368d (Unity) StackWalker::GetCurrentCallstack
0x00007ff717aba369 (Unity) StackWalker::ShowCallstack
0x00007ff718a2b683 (Unity) GetStacktrace
0x00007ff7190c947d (Unity) DebugStringToFile
0x00007ff716c9abd2 (Unity) DebugLogHandler_CUSTOM_Internal_Log
0x000001e9f29b36c3 (Mono JIT Code) (wrapper managed-to-native) UnityEngine.DebugLogHandler:Internal_Log (UnityEngine.LogType,UnityEngine.LogOption,string,UnityEngine.Object)
0x000001e9f29b33db (Mono JIT Code) UnityEngine.DebugLogHandler:LogFormat (UnityEngine.LogType,UnityEngine.Object,string,object[])
0x000001e9f29b3161 (Mono JIT Code) UnityEngine.Logger:Log (UnityEngine.LogType,object,UnityEngine.Object)
0x000001e9f29b303d (Mono JIT Code) UnityEngine.Debug:LogWarning (object,UnityEngine.Object)
0x000001e9f19c0c83 (Mono JIT Code) [SpineEditorUtilities.cs:212] Spine.Unity.Editor.SpineEditorUtilities:IssueWarningsForUnrecommendedTextureSettings (string) 
0x000001e9f19c07eb (Mono JIT Code) [SpineEditorUtilities.cs:181] Spine.Unity.Editor.SpineEditorUtilities:IssueWarningsForUnrecommendedTextureSettings () 
0x000001e9e9a296ab (Mono JIT Code) [SpineEditorUtilities.cs:163] Spine.Unity.Editor.SpineEditorUtilities:Initialize () 
0x000001e9e9a28eeb (Mono JIT Code) [SpineEditorUtilities.cs:97] Spine.Unity.Editor.SpineEditorUtilities:.cctor () 
0x000001e9e9a28fad (Mono JIT Code) (wrapper runtime-invoke) object:runtime_invoke_void (object,intptr,intptr,intptr)
0x00007fff2be8fe24 (mono-2.0-bdwgc) [mini-runtime.c:3445] mono_jit_runtime_invoke 
0x00007fff2bdce764 (mono-2.0-bdwgc) [object.c:3066] do_runtime_invoke 
0x00007fff2bdc9810 (mono-2.0-bdwgc) [object.c:563] mono_runtime_class_init_full 
0x00007fff2bd36290 (mono-2.0-bdwgc) [icall-def.h:751] ves_icall_System_Runtime_CompilerServices_RuntimeHelpers_RunClassConstructor_raw 
0x000001e9e83e167a (Mono JIT Code) (wrapper managed-to-native) System.Runtime.CompilerServices.RuntimeHelpers:RunClassConstructor (intptr)
0x000001e9e83e158b (Mono JIT Code) System.Runtime.CompilerServices.RuntimeHelpers:RunClassConstructor (System.RuntimeTypeHandle)
0x000001e9e83e059b (Mono JIT Code) UnityEditor.EditorAssemblies:ProcessInitializeOnLoadAttributes (System.Type[])
0x000001e9e9977e08 (Mono JIT Code) (wrapper runtime-invoke) <Module>:runtime_invoke_void_object (object,intptr,intptr,intptr)
0x00007fff2be8fe24 (mono-2.0-bdwgc) [mini-runtime.c:3445] mono_jit_runtime_invoke 
0x00007fff2bdce764 (mono-2.0-bdwgc) [object.c:3066] do_runtime_invoke 
0x00007fff2bdce8fc (mono-2.0-bdwgc) [object.c:3113] mono_runtime_invoke 
0x00007ff7179d8164 (Unity) scripting_method_invoke
0x00007ff7179b7a04 (Unity) ScriptingInvocation::Invoke
0x00007ff7179b2615 (Unity) ScriptingInvocation::Invoke<void>
0x00007ff717b0b673 (Unity) Scripting::UnityEditor::EditorAssembliesProxy::ProcessInitializeOnLoadAttributes
0x00007ff7179ac85b (Unity) MonoManager::SetupLoadedEditorAssemblies
0x00007ff7179a251d (Unity) MonoManager::EndReloadAssembly
0x00007ff7179a9ed8 (Unity) MonoManager::ReloadAssembly
0x00007ff7188e6412 (Unity) LoadDomainAndUserAssemblies
0x00007ff7188e6b44 (Unity) LoadUserAssemblies
0x00007ff7185d6153 (Unity) Application::InitializeProject
0x00007ff718a35dc8 (Unity) WinMain
0x00007ff719dd533e (Unity) __scrt_common_main_seh
0x00007fff992974b4 (KERNEL32) BaseThreadInitThunk
0x00007fff9b0226a1 (ntdll) RtlUserThreadStart

`Assets/DChild/Objects/Location/CityOfTheDead/Arena Crowd/CrowdGroup/skeleton.png` and material `skeleton_Material.mat` : Incorrect Texture / Material Settings found: It is strongly recommended to enable `Alpha Is Transparency` on `Straight alpha` textures.
Assuming `Straight alpha` texture because `Straight Alpha Texture` is enabled at material). (You can disable this warning in `Edit - Preferences - Spine`)
0x00007ff717ab368d (Unity) StackWalker::GetCurrentCallstack
0x00007ff717aba369 (Unity) StackWalker::ShowCallstack
0x00007ff718a2b683 (Unity) GetStacktrace
0x00007ff7190c947d (Unity) DebugStringToFile
0x00007ff716c9abd2 (Unity) DebugLogHandler_CUSTOM_Internal_Log
0x000001e9f29b36c3 (Mono JIT Code) (wrapper managed-to-native) UnityEngine.DebugLogHandler:Internal_Log (UnityEngine.LogType,UnityEngine.LogOption,string,UnityEngine.Object)
0x000001e9f29b33db (Mono JIT Code) UnityEngine.DebugLogHandler:LogFormat (UnityEngine.LogType,UnityEngine.Object,string,object[])
0x000001e9f29b3161 (Mono JIT Code) UnityEngine.Logger:Log (UnityEngine.LogType,object,UnityEngine.Object)
0x000001e9f29b303d (Mono JIT Code) UnityEngine.Debug:LogWarning (object,UnityEngine.Object)
0x000001e9f19c0c83 (Mono JIT Code) [SpineEditorUtilities.cs:212] Spine.Unity.Editor.SpineEditorUtilities:IssueWarningsForUnrecommendedTextureSettings (string) 
0x000001e9f19c07eb (Mono JIT Code) [SpineEditorUtilities.cs:181] Spine.Unity.Editor.SpineEditorUtilities:IssueWarningsForUnrecommendedTextureSettings () 
0x000001e9e9a296ab (Mono JIT Code) [SpineEditorUtilities.cs:163] Spine.Unity.Editor.SpineEditorUtilities:Initialize () 
0x000001e9e9a28eeb (Mono JIT Code) [SpineEditorUtilities.cs:97] Spine.Unity.Editor.SpineEditorUtilities:.cctor () 
0x000001e9e9a28fad (Mono JIT Code) (wrapper runtime-invoke) object:runtime_invoke_void (object,intptr,intptr,intptr)
0x00007fff2be8fe24 (mono-2.0-bdwgc) [mini-runtime.c:3445] mono_jit_runtime_invoke 
0x00007fff2bdce764 (mono-2.0-bdwgc) [object.c:3066] do_runtime_invoke 
0x00007fff2bdc9810 (mono-2.0-bdwgc) [object.c:563] mono_runtime_class_init_full 
0x00007fff2bd36290 (mono-2.0-bdwgc) [icall-def.h:751] ves_icall_System_Runtime_CompilerServices_RuntimeHelpers_RunClassConstructor_raw 
0x000001e9e83e167a (Mono JIT Code) (wrapper managed-to-native) System.Runtime.CompilerServices.RuntimeHelpers:RunClassConstructor (intptr)
0x000001e9e83e158b (Mono JIT Code) System.Runtime.CompilerServices.RuntimeHelpers:RunClassConstructor (System.RuntimeTypeHandle)
0x000001e9e83e059b (Mono JIT Code) UnityEditor.EditorAssemblies:ProcessInitializeOnLoadAttributes (System.Type[])
0x000001e9e9977e08 (Mono JIT Code) (wrapper runtime-invoke) <Module>:runtime_invoke_void_object (object,intptr,intptr,intptr)
0x00007fff2be8fe24 (mono-2.0-bdwgc) [mini-runtime.c:3445] mono_jit_runtime_invoke 
0x00007fff2bdce764 (mono-2.0-bdwgc) [object.c:3066] do_runtime_invoke 
0x00007fff2bdce8fc (mono-2.0-bdwgc) [object.c:3113] mono_runtime_invoke 
0x00007ff7179d8164 (Unity) scripting_method_invoke
0x00007ff7179b7a04 (Unity) ScriptingInvocation::Invoke
0x00007ff7179b2615 (Unity) ScriptingInvocation::Invoke<void>
0x00007ff717b0b673 (Unity) Scripting::UnityEditor::EditorAssembliesProxy::ProcessInitializeOnLoadAttributes
0x00007ff7179ac85b (Unity) MonoManager::SetupLoadedEditorAssemblies
0x00007ff7179a251d (Unity) MonoManager::EndReloadAssembly
0x00007ff7179a9ed8 (Unity) MonoManager::ReloadAssembly
0x00007ff7188e6412 (Unity) LoadDomainAndUserAssemblies
0x00007ff7188e6b44 (Unity) LoadUserAssemblies
0x00007ff7185d6153 (Unity) Application::InitializeProject
0x00007ff718a35dc8 (Unity) WinMain
0x00007ff719dd533e (Unity) __scrt_common_main_seh
0x00007fff992974b4 (KERNEL32) BaseThreadInitThunk
0x00007fff9b0226a1 (ntdll) RtlUserThreadStart

`Assets/DChild/Objects/Location/General/Idling Background Creatures/Crow/NewCrow.png` and material `NewCrow_Material.mat` : Problematic Texture / Material Settings found: It is recommended to disable `Alpha Is Transparency` on `Premultiply alpha` textures.
Assuming `Premultiply alpha` texture because `Straight Alpha Texture` is disabled at material). (You can disable this warning in `Edit - Preferences - Spine`)
0x00007ff717ab368d (Unity) StackWalker::GetCurrentCallstack
0x00007ff717aba369 (Unity) StackWalker::ShowCallstack
0x00007ff718a2b683 (Unity) GetStacktrace
0x00007ff7190c947d (Unity) DebugStringToFile
0x00007ff716c9abd2 (Unity) DebugLogHandler_CUSTOM_Internal_Log
0x000001e9f29b36c3 (Mono JIT Code) (wrapper managed-to-native) UnityEngine.DebugLogHandler:Internal_Log (UnityEngine.LogType,UnityEngine.LogOption,string,UnityEngine.Object)
0x000001e9f29b33db (Mono JIT Code) UnityEngine.DebugLogHandler:LogFormat (UnityEngine.LogType,UnityEngine.Object,string,object[])
0x000001e9f29b3161 (Mono JIT Code) UnityEngine.Logger:Log (UnityEngine.LogType,object,UnityEngine.Object)
0x000001e9f29b303d (Mono JIT Code) UnityEngine.Debug:LogWarning (object,UnityEngine.Object)
0x000001e9f19c0c83 (Mono JIT Code) [SpineEditorUtilities.cs:212] Spine.Unity.Editor.SpineEditorUtilities:IssueWarningsForUnrecommendedTextureSettings (string) 
0x000001e9f19c07eb (Mono JIT Code) [SpineEditorUtilities.cs:181] Spine.Unity.Editor.SpineEditorUtilities:IssueWarningsForUnrecommendedTextureSettings () 
0x000001e9e9a296ab (Mono JIT Code) [SpineEditorUtilities.cs:163] Spine.Unity.Editor.SpineEditorUtilities:Initialize () 
0x000001e9e9a28eeb (Mono JIT Code) [SpineEditorUtilities.cs:97] Spine.Unity.Editor.SpineEditorUtilities:.cctor () 
0x000001e9e9a28fad (Mono JIT Code) (wrapper runtime-invoke) object:runtime_invoke_void (object,intptr,intptr,intptr)
0x00007fff2be8fe24 (mono-2.0-bdwgc) [mini-runtime.c:3445] mono_jit_runtime_invoke 
0x00007fff2bdce764 (mono-2.0-bdwgc) [object.c:3066] do_runtime_invoke 
0x00007fff2bdc9810 (mono-2.0-bdwgc) [object.c:563] mono_runtime_class_init_full 
0x00007fff2bd36290 (mono-2.0-bdwgc) [icall-def.h:751] ves_icall_System_Runtime_CompilerServices_RuntimeHelpers_RunClassConstructor_raw 
0x000001e9e83e167a (Mono JIT Code) (wrapper managed-to-native) System.Runtime.CompilerServices.RuntimeHelpers:RunClassConstructor (intptr)
0x000001e9e83e158b (Mono JIT Code) System.Runtime.CompilerServices.RuntimeHelpers:RunClassConstructor (System.RuntimeTypeHandle)
0x000001e9e83e059b (Mono JIT Code) UnityEditor.EditorAssemblies:ProcessInitializeOnLoadAttributes (System.Type[])
0x000001e9e9977e08 (Mono JIT Code) (wrapper runtime-invoke) <Module>:runtime_invoke_void_object (object,intptr,intptr,intptr)
0x00007fff2be8fe24 (mono-2.0-bdwgc) [mini-runtime.c:3445] mono_jit_runtime_invoke 
0x00007fff2bdce764 (mono-2.0-bdwgc) [object.c:3066] do_runtime_invoke 
0x00007fff2bdce8fc (mono-2.0-bdwgc) [object.c:3113] mono_runtime_invoke 
0x00007ff7179d8164 (Unity) scripting_method_invoke
0x00007ff7179b7a04 (Unity) ScriptingInvocation::Invoke
0x00007ff7179b2615 (Unity) ScriptingInvocation::Invoke<void>
0x00007ff717b0b673 (Unity) Scripting::UnityEditor::EditorAssembliesProxy::ProcessInitializeOnLoadAttributes
0x00007ff7179ac85b (Unity) MonoManager::SetupLoadedEditorAssemblies
0x00007ff7179a251d (Unity) MonoManager::EndReloadAssembly
0x00007ff7179a9ed8 (Unity) MonoManager::ReloadAssembly
0x00007ff7188e6412 (Unity) LoadDomainAndUserAssemblies
0x00007ff7188e6b44 (Unity) LoadUserAssemblies
0x00007ff7185d6153 (Unity) Application::InitializeProject
0x00007ff718a35dc8 (Unity) WinMain
0x00007ff719dd533e (Unity) __scrt_common_main_seh
0x00007fff992974b4 (KERNEL32) BaseThreadInitThunk
0x00007fff9b0226a1 (ntdll) RtlUserThreadStart

Mono: successfully reloaded assembly
- Completed reload, in  9.734 seconds
Domain Reload Profiling:
	ReloadAssembly (9735ms)
		BeginReloadAssembly (116ms)
			ExecutionOrderSort (0ms)
			DisableScriptedObjects (5ms)
			BackupInstance (0ms)
			ReleaseScriptingObjects (0ms)
			CreateAndSetChildDomain (20ms)
		EndReloadAssembly (9509ms)
			LoadAssemblies (2037ms)
			RebuildTransferFunctionScriptingTraits (0ms)
			SetupTypeCache (564ms)
			ReleaseScriptCaches (1ms)
			RebuildScriptCaches (352ms)
			SetupLoadedEditorAssemblies (6503ms)
				LogAssemblyErrors (0ms)
				InitializePlatformSupportModulesInManaged (11ms)
				SetLoadedEditorAssemblies (0ms)
				RefreshPlugins (366ms)
				BeforeProcessingInitializeOnLoad (135ms)
				ProcessInitializeOnLoadAttributes (5857ms)
				ProcessInitializeOnLoadMethodAttributes (124ms)
				AfterProcessingInitializeOnLoad (9ms)
				EditorAssembliesLoaded (0ms)
			ExecutionOrderSort2 (0ms)
			AwakeInstancesAfterBackupRestoration (6ms)
Platform modules already initialized, skipping
========================================================================
Worker process is ready to serve import requests
Refreshing native plugins compatible for Editor in 4.03 ms, found 3 plugins.
Preloading 0 native plugins for Editor in 0.00 ms.
Unloading 9504 Unused Serialized files (Serialized files now loaded: 0)
Unloading 823 unused Assets / (5.0 MB). Loaded Objects now: 9492.
Memory consumption went from 1.44 GB to 1.43 GB.
Total: 30.919200 ms (FindLiveObjects: 0.852600 ms CreateObjectMapping: 0.961100 ms MarkObjects: 25.043000 ms  DeleteObjects: 4.061200 ms)

AssetImportParameters requested are different than current active one (requested -> active):
  custom:video-decoder-ogg-theora: a1e56fd34408186e4bbccfd4996cb3dc -> 
  custom:container-muxer-webm: aa71ff27fc2769a1b78a27578f13a17b -> 
  custom:container-demuxer-webm: 4f35f7cbe854078d1ac9338744f61a02 -> 
  custom:video-encoder-webm-vp8: eb34c28f22e8b96e1ab97ce403110664 -> 
  custom:audio-encoder-webm-vorbis: bf7c407c2cedff20999df2af8eb42d56 -> 
  custom:framework-win-MediaFoundation: 216162199b28c13a410421893ffa2e32 -> 
  custom:container-demuxer-ogg: 62fdf1f143b41e24485cea50d1cbac27 -> 
  custom:video-decoder-webm-vp8: 9c59270c3fd7afecdb556c50c9e8de78 -> 
  custom:audio-decoder-ogg-vorbis: bf7c407c2cedff20999df2af8eb42d56 -> 
========================================================================
Received Import Request.
  Time since last request: 100735.052584 seconds.
  path: Assets/DChild/Objects/Location/General/Interactables/SkillShrine/SkillShrine_sequence/SkillSequence 2.playable
  artifactKey: Guid(0c7bf981d5b2dc241878de5879f9b001) Importer(815301076,1909f56bfc062723c751e8b465ee728b)
Start importing Assets/DChild/Objects/Location/General/Interactables/SkillShrine/SkillShrine_sequence/SkillSequence 2.playable using Guid(0c7bf981d5b2dc241878de5879f9b001) Importer(815301076,1909f56bfc062723c751e8b465ee728b)  -> (artifact id: 'a3877d59c95169d6b96282dc3dad9e5a') in 0.139052 seconds 
========================================================================
Received Import Request.
  Time since last request: 4939.558956 seconds.
  path: Assets/DChild/CustomForwardRendererData.asset
  artifactKey: Guid(ed74d9e464f0ea844beeb2ed2ccd7fec) Importer(815301076,1909f56bfc062723c751e8b465ee728b)
Start importing Assets/DChild/CustomForwardRendererData.asset using Guid(ed74d9e464f0ea844beeb2ed2ccd7fec) Importer(815301076,1909f56bfc062723c751e8b465ee728b)  -> (artifact id: 'c9a45698d4a336bcdb8fc185ec997a68') in 0.028164 seconds 
========================================================================
Received Import Request.
  Time since last request: 0.000023 seconds.
  path: Assets/DChild/UniversalRenderPipelineAsset.asset
  artifactKey: Guid(0902bfbb21264d04a89c4257230ad270) Importer(815301076,1909f56bfc062723c751e8b465ee728b)
Start importing Assets/DChild/UniversalRenderPipelineAsset.asset using Guid(0902bfbb21264d04a89c4257230ad270) Importer(815301076,1909f56bfc062723c751e8b465ee728b)  -> (artifact id: '5f6dbd1ad5f94b888badf86fb2e2a8bf') in 0.019736 seconds 
========================================================================
Received Import Request.
  Time since last request: 0.000024 seconds.
  path: Assets/DChild/UniversalRenderPipelineAsset_Renderer.asset
  artifactKey: Guid(dcdf87ad54bddaf44b574ed4545aedd4) Importer(815301076,1909f56bfc062723c751e8b465ee728b)
Start importing Assets/DChild/UniversalRenderPipelineAsset_Renderer.asset using Guid(dcdf87ad54bddaf44b574ed4545aedd4) Importer(815301076,1909f56bfc062723c751e8b465ee728b)  -> (artifact id: '106817d7c7bd0bd64cf14df754ac5999') in 0.013142 seconds 
========================================================================
Received Import Request.
  Time since last request: 3.313195 seconds.
  path: Assets/DChild
  artifactKey: Guid(97e179ac9d6530b4f96e4f2b1a9a7143) Importer(815301076,1909f56bfc062723c751e8b465ee728b)
Start importing Assets/DChild using Guid(97e179ac9d6530b4f96e4f2b1a9a7143) Importer(815301076,1909f56bfc062723c751e8b465ee728b)  -> (artifact id: '379d7dffa9c60153aa020ad15f5114de') in 0.006353 seconds 
========================================================================
Received Import Request.
  Time since last request: 13.025347 seconds.
  path: Assets/DChild/New Material.mat
  artifactKey: Guid(9b7cd3dd2ba42ee4a86fc3fff2d4a55b) Importer(815301076,1909f56bfc062723c751e8b465ee728b)
Start importing Assets/DChild/New Material.mat using Guid(9b7cd3dd2ba42ee4a86fc3fff2d4a55b) Importer(815301076,1909f56bfc062723c751e8b465ee728b)  -> (artifact id: 'bf1eeb8e8a824fc371fb59541c365fc7') in 0.236717 seconds 
========================================================================
Received Import Request.
  Time since last request: 66.299956 seconds.
  path: Assets/DChild/Scenes/_Zone City of The Dead/CityOfTheDead_Revised_Map/CityOfTheDead_Revised_Scene5.unity
  artifactKey: Guid(e0fdc0f256963c44995979dd89fe3a81) Importer(815301076,1909f56bfc062723c751e8b465ee728b)
Start importing Assets/DChild/Scenes/_Zone City of The Dead/CityOfTheDead_Revised_Map/CityOfTheDead_Revised_Scene5.unity using Guid(e0fdc0f256963c44995979dd89fe3a81) Importer(815301076,1909f56bfc062723c751e8b465ee728b)  -> (artifact id: '9a5ff5df7b52ba74e1486a725cd55f4b') in 0.008061 seconds 
