Using pre-set license
Built from '2021.3/staging' branch; Version is '2021.3.9f1 (ad3870b89536) revision 11352176'; Using compiler version '192829333'; Build Type 'Release'
OS: 'Windows 10  (10.0.19044) 64bit Professional' Language: 'en' Physical Memory: 32707 MB
BatchMode: 1, IsHumanControllingUs: 0, StartBugReporterOnCrash: 0, Is64bit: 1, IsPro: 1

COMMAND LINE ARGUMENTS:
C:\Program Files\Unity 2021.3.9f1\Editor\Unity.exe
-adb2
-batchMode
-noUpm
-name
AssetImportWorker2
-projectPath
D:/HolySoft Projects/DoomChild - Copy
-logFile
Logs/AssetImportWorker2.log
-srvPort
50253
Successfully changed project path to: D:/HolySoft Projects/DoomChild - Copy
D:/HolySoft Projects/DoomChild - Copy
[UnityMemory] Configuration Parameters - Can be set up in boot.config
    "memorysetup-bucket-allocator-granularity=16"
    "memorysetup-bucket-allocator-bucket-count=8"
    "memorysetup-bucket-allocator-block-size=33554432"
    "memorysetup-bucket-allocator-block-count=8"
    "memorysetup-main-allocator-block-size=16777216"
    "memorysetup-thread-allocator-block-size=16777216"
    "memorysetup-gfx-main-allocator-block-size=16777216"
    "memorysetup-gfx-thread-allocator-block-size=16777216"
    "memorysetup-cache-allocator-block-size=4194304"
    "memorysetup-typetree-allocator-block-size=2097152"
    "memorysetup-profiler-bucket-allocator-granularity=16"
    "memorysetup-profiler-bucket-allocator-bucket-count=8"
    "memorysetup-profiler-bucket-allocator-block-size=33554432"
    "memorysetup-profiler-bucket-allocator-block-count=8"
    "memorysetup-profiler-allocator-block-size=16777216"
    "memorysetup-profiler-editor-allocator-block-size=1048576"
    "memorysetup-temp-allocator-size-main=16777216"
    "memorysetup-job-temp-allocator-block-size=2097152"
    "memorysetup-job-temp-allocator-block-size-background=1048576"
    "memorysetup-job-temp-allocator-reduction-small-platforms=262144"
    "memorysetup-temp-allocator-size-background-worker=32768"
    "memorysetup-temp-allocator-size-job-worker=262144"
    "memorysetup-temp-allocator-size-preload-manager=33554432"
    "memorysetup-temp-allocator-size-nav-mesh-worker=65536"
    "memorysetup-temp-allocator-size-audio-worker=65536"
    "memorysetup-temp-allocator-size-cloud-worker=32768"
    "memorysetup-temp-allocator-size-gi-baking-worker=262144"
    "memorysetup-temp-allocator-size-gfx=262144"
Refreshing native plugins compatible for Editor in 580.14 ms, found 3 plugins.
Preloading 0 native plugins for Editor in 0.00 ms.
Initialize engine version: 2021.3.9f1 (ad3870b89536)
[Subsystems] Discovering subsystems at path C:/Program Files/Unity 2021.3.9f1/Editor/Data/Resources/UnitySubsystems
[Subsystems] Discovering subsystems at path D:/HolySoft Projects/DoomChild - Copy/Assets
GfxDevice: creating device client; threaded=0; jobified=0
Direct3D:
    Version:  Direct3D 11.0 [level 11.1]
    Renderer: NVIDIA GeForce GTX 1050 Ti (ID=0x1c82)
    Vendor:   NVIDIA
    VRAM:     4018 MB
    Driver:   30.0.15.1215
Initialize mono
Mono path[0] = 'C:/Program Files/Unity 2021.3.9f1/Editor/Data/Managed'
Mono path[1] = 'C:/Program Files/Unity 2021.3.9f1/Editor/Data/MonoBleedingEdge/lib/mono/unityjit-win32'
Mono config path = 'C:/Program Files/Unity 2021.3.9f1/Editor/Data/MonoBleedingEdge/etc'
Using monoOptions --debugger-agent=transport=dt_socket,embedding=1,server=y,suspend=n,address=127.0.0.1:56892
Begin MonoManager ReloadAssembly
Registering precompiled unity dll's ...
Register platform support module: C:/Program Files/Unity 2021.3.9f1/Editor/Data/PlaybackEngines/WindowsStandaloneSupport/UnityEditor.WindowsStandalone.Extensions.dll
Registered in 0.007593 seconds.
Native extension for WindowsStandalone target not found
Refreshing native plugins compatible for Editor in 718.22 ms, found 3 plugins.
Preloading 0 native plugins for Editor in 0.00 ms.
Mono: successfully reloaded assembly
- Completed reload, in  1.392 seconds
Domain Reload Profiling:
	ReloadAssembly (1393ms)
		BeginReloadAssembly (93ms)
			ExecutionOrderSort (0ms)
			DisableScriptedObjects (0ms)
			BackupInstance (0ms)
			ReleaseScriptingObjects (0ms)
			CreateAndSetChildDomain (1ms)
		EndReloadAssembly (1166ms)
			LoadAssemblies (89ms)
			RebuildTransferFunctionScriptingTraits (0ms)
			SetupTypeCache (142ms)
			ReleaseScriptCaches (0ms)
			RebuildScriptCaches (31ms)
			SetupLoadedEditorAssemblies (934ms)
				LogAssemblyErrors (0ms)
				InitializePlatformSupportModulesInManaged (10ms)
				SetLoadedEditorAssemblies (0ms)
				RefreshPlugins (718ms)
				BeforeProcessingInitializeOnLoad (2ms)
				ProcessInitializeOnLoadAttributes (147ms)
				ProcessInitializeOnLoadMethodAttributes (56ms)
				AfterProcessingInitializeOnLoad (0ms)
				EditorAssembliesLoaded (0ms)
			ExecutionOrderSort2 (0ms)
			AwakeInstancesAfterBackupRestoration (0ms)
Platform modules already initialized, skipping
Registering precompiled user dll's ...
Registered in 0.011785 seconds.
Begin MonoManager ReloadAssembly
Script error (MapAreaUI): Update() can not take parameters.
0x00007ff73facffed (Unity) StackWalker::GetCurrentCallstack
0x00007ff73fad6cc9 (Unity) StackWalker::ShowCallstack
0x00007ff740a450e3 (Unity) GetStacktrace
0x00007ff7410dbbcd (Unity) DebugStringToFile
0x00007ff73f998f4c (Unity) PopulateMethods
0x00007ff73f991c15 (Unity) CreateMonoScriptCache
0x00007ff73f99a1c3 (Unity) MonoScript::Renew
0x00007ff73f9bf0f0 (Unity) MonoManager::EndReloadAssembly
0x00007ff73f9c6b28 (Unity) MonoManager::ReloadAssembly
0x00007ff7408ffcf2 (Unity) LoadDomainAndUserAssemblies
0x00007ff740900424 (Unity) LoadUserAssemblies
0x00007ff7405f10d3 (Unity) Application::InitializeProject
0x00007ff740a4f828 (Unity) WinMain
0x00007ff741dd421e (Unity) __scrt_common_main_seh
0x00007ff902be7034 (KERNEL32) BaseThreadInitThunk
0x00007ff9030626a1 (ntdll) RtlUserThreadStart

Native extension for WindowsStandalone target not found
Refreshing native plugins compatible for Editor in 657.89 ms, found 3 plugins.
Preloading 0 native plugins for Editor in 0.00 ms.
Launched and connected shader compiler UnityShaderCompiler.exe after 0.07 seconds
`Assets/DChild/Objects/Characters/Enemy/Bosses/QueenBee/Model 3/QUEEN BEE NO DRONES.png` and material `QUEEN BEE NO DRONES_Material.mat` : Problematic Texture / Material Settings found: It is recommended to disable `Alpha Is Transparency` on `Premultiply alpha` textures.
Assuming `Premultiply alpha` texture because `Straight Alpha Texture` is disabled at material). (You can disable this warning in `Edit - Preferences - Spine`)
0x00007ff73facffed (Unity) StackWalker::GetCurrentCallstack
0x00007ff73fad6cc9 (Unity) StackWalker::ShowCallstack
0x00007ff740a450e3 (Unity) GetStacktrace
0x00007ff7410dbbcd (Unity) DebugStringToFile
0x00007ff73ec6c502 (Unity) DebugLogHandler_CUSTOM_Internal_Log
0x000001d391254403 (Mono JIT Code) (wrapper managed-to-native) UnityEngine.DebugLogHandler:Internal_Log (UnityEngine.LogType,UnityEngine.LogOption,string,UnityEngine.Object)
0x000001d39125411b (Mono JIT Code) UnityEngine.DebugLogHandler:LogFormat (UnityEngine.LogType,UnityEngine.Object,string,object[])
0x000001d391253ea1 (Mono JIT Code) UnityEngine.Logger:Log (UnityEngine.LogType,object,UnityEngine.Object)
0x000001d391253d7d (Mono JIT Code) UnityEngine.Debug:LogWarning (object,UnityEngine.Object)
0x000001d3901318e3 (Mono JIT Code) [SpineEditorUtilities.cs:212] Spine.Unity.Editor.SpineEditorUtilities:IssueWarningsForUnrecommendedTextureSettings (string) 
0x000001d39013144b (Mono JIT Code) [SpineEditorUtilities.cs:181] Spine.Unity.Editor.SpineEditorUtilities:IssueWarningsForUnrecommendedTextureSettings () 
0x000001d3885198cb (Mono JIT Code) [SpineEditorUtilities.cs:163] Spine.Unity.Editor.SpineEditorUtilities:Initialize () 
0x000001d38851910b (Mono JIT Code) [SpineEditorUtilities.cs:97] Spine.Unity.Editor.SpineEditorUtilities:.cctor () 
0x000001d3885191cd (Mono JIT Code) (wrapper runtime-invoke) object:runtime_invoke_void (object,intptr,intptr,intptr)
0x00007ff85a38fe24 (mono-2.0-bdwgc) [mini-runtime.c:3445] mono_jit_runtime_invoke 
0x00007ff85a2ce764 (mono-2.0-bdwgc) [object.c:3066] do_runtime_invoke 
0x00007ff85a2c9810 (mono-2.0-bdwgc) [object.c:563] mono_runtime_class_init_full 
0x00007ff85a236290 (mono-2.0-bdwgc) [icall-def.h:751] ves_icall_System_Runtime_CompilerServices_RuntimeHelpers_RunClassConstructor_raw 
0x000001d3883a2eea (Mono JIT Code) (wrapper managed-to-native) System.Runtime.CompilerServices.RuntimeHelpers:RunClassConstructor (intptr)
0x000001d3883a2dfb (Mono JIT Code) System.Runtime.CompilerServices.RuntimeHelpers:RunClassConstructor (System.RuntimeTypeHandle)
0x000001d3883a1e0b (Mono JIT Code) UnityEditor.EditorAssemblies:ProcessInitializeOnLoadAttributes (System.Type[])
0x000001d386c57e08 (Mono JIT Code) (wrapper runtime-invoke) <Module>:runtime_invoke_void_object (object,intptr,intptr,intptr)
0x00007ff85a38fe24 (mono-2.0-bdwgc) [mini-runtime.c:3445] mono_jit_runtime_invoke 
0x00007ff85a2ce764 (mono-2.0-bdwgc) [object.c:3066] do_runtime_invoke 
0x00007ff85a2ce8fc (mono-2.0-bdwgc) [object.c:3113] mono_runtime_invoke 
0x00007ff73f9f4db4 (Unity) scripting_method_invoke
0x00007ff73f9d4654 (Unity) ScriptingInvocation::Invoke
0x00007ff73f9cf265 (Unity) ScriptingInvocation::Invoke<void>
0x00007ff73fb27e23 (Unity) Scripting::UnityEditor::EditorAssembliesProxy::ProcessInitializeOnLoadAttributes
0x00007ff73f9c94ab (Unity) MonoManager::SetupLoadedEditorAssemblies
0x00007ff73f9bf16d (Unity) MonoManager::EndReloadAssembly
0x00007ff73f9c6b28 (Unity) MonoManager::ReloadAssembly
0x00007ff7408ffcf2 (Unity) LoadDomainAndUserAssemblies
0x00007ff740900424 (Unity) LoadUserAssemblies
0x00007ff7405f10d3 (Unity) Application::InitializeProject
0x00007ff740a4f828 (Unity) WinMain
0x00007ff741dd421e (Unity) __scrt_common_main_seh
0x00007ff902be7034 (KERNEL32) BaseThreadInitThunk
0x00007ff9030626a1 (ntdll) RtlUserThreadStart

`Assets/DChild/Objects/Location/CityOfTheDead/Arena Crowd/Crowd2/skeleton.png` and material `skeleton_Material.mat` : Incorrect Texture / Material Settings found: It is strongly recommended to enable `Alpha Is Transparency` on `Straight alpha` textures.
Assuming `Straight alpha` texture because `Straight Alpha Texture` is enabled at material). (You can disable this warning in `Edit - Preferences - Spine`)
0x00007ff73facffed (Unity) StackWalker::GetCurrentCallstack
0x00007ff73fad6cc9 (Unity) StackWalker::ShowCallstack
0x00007ff740a450e3 (Unity) GetStacktrace
0x00007ff7410dbbcd (Unity) DebugStringToFile
0x00007ff73ec6c502 (Unity) DebugLogHandler_CUSTOM_Internal_Log
0x000001d391254403 (Mono JIT Code) (wrapper managed-to-native) UnityEngine.DebugLogHandler:Internal_Log (UnityEngine.LogType,UnityEngine.LogOption,string,UnityEngine.Object)
0x000001d39125411b (Mono JIT Code) UnityEngine.DebugLogHandler:LogFormat (UnityEngine.LogType,UnityEngine.Object,string,object[])
0x000001d391253ea1 (Mono JIT Code) UnityEngine.Logger:Log (UnityEngine.LogType,object,UnityEngine.Object)
0x000001d391253d7d (Mono JIT Code) UnityEngine.Debug:LogWarning (object,UnityEngine.Object)
0x000001d3901318e3 (Mono JIT Code) [SpineEditorUtilities.cs:212] Spine.Unity.Editor.SpineEditorUtilities:IssueWarningsForUnrecommendedTextureSettings (string) 
0x000001d39013144b (Mono JIT Code) [SpineEditorUtilities.cs:181] Spine.Unity.Editor.SpineEditorUtilities:IssueWarningsForUnrecommendedTextureSettings () 
0x000001d3885198cb (Mono JIT Code) [SpineEditorUtilities.cs:163] Spine.Unity.Editor.SpineEditorUtilities:Initialize () 
0x000001d38851910b (Mono JIT Code) [SpineEditorUtilities.cs:97] Spine.Unity.Editor.SpineEditorUtilities:.cctor () 
0x000001d3885191cd (Mono JIT Code) (wrapper runtime-invoke) object:runtime_invoke_void (object,intptr,intptr,intptr)
0x00007ff85a38fe24 (mono-2.0-bdwgc) [mini-runtime.c:3445] mono_jit_runtime_invoke 
0x00007ff85a2ce764 (mono-2.0-bdwgc) [object.c:3066] do_runtime_invoke 
0x00007ff85a2c9810 (mono-2.0-bdwgc) [object.c:563] mono_runtime_class_init_full 
0x00007ff85a236290 (mono-2.0-bdwgc) [icall-def.h:751] ves_icall_System_Runtime_CompilerServices_RuntimeHelpers_RunClassConstructor_raw 
0x000001d3883a2eea (Mono JIT Code) (wrapper managed-to-native) System.Runtime.CompilerServices.RuntimeHelpers:RunClassConstructor (intptr)
0x000001d3883a2dfb (Mono JIT Code) System.Runtime.CompilerServices.RuntimeHelpers:RunClassConstructor (System.RuntimeTypeHandle)
0x000001d3883a1e0b (Mono JIT Code) UnityEditor.EditorAssemblies:ProcessInitializeOnLoadAttributes (System.Type[])
0x000001d386c57e08 (Mono JIT Code) (wrapper runtime-invoke) <Module>:runtime_invoke_void_object (object,intptr,intptr,intptr)
0x00007ff85a38fe24 (mono-2.0-bdwgc) [mini-runtime.c:3445] mono_jit_runtime_invoke 
0x00007ff85a2ce764 (mono-2.0-bdwgc) [object.c:3066] do_runtime_invoke 
0x00007ff85a2ce8fc (mono-2.0-bdwgc) [object.c:3113] mono_runtime_invoke 
0x00007ff73f9f4db4 (Unity) scripting_method_invoke
0x00007ff73f9d4654 (Unity) ScriptingInvocation::Invoke
0x00007ff73f9cf265 (Unity) ScriptingInvocation::Invoke<void>
0x00007ff73fb27e23 (Unity) Scripting::UnityEditor::EditorAssembliesProxy::ProcessInitializeOnLoadAttributes
0x00007ff73f9c94ab (Unity) MonoManager::SetupLoadedEditorAssemblies
0x00007ff73f9bf16d (Unity) MonoManager::EndReloadAssembly
0x00007ff73f9c6b28 (Unity) MonoManager::ReloadAssembly
0x00007ff7408ffcf2 (Unity) LoadDomainAndUserAssemblies
0x00007ff740900424 (Unity) LoadUserAssemblies
0x00007ff7405f10d3 (Unity) Application::InitializeProject
0x00007ff740a4f828 (Unity) WinMain
0x00007ff741dd421e (Unity) __scrt_common_main_seh
0x00007ff902be7034 (KERNEL32) BaseThreadInitThunk
0x00007ff9030626a1 (ntdll) RtlUserThreadStart

`Assets/DChild/Objects/Location/CityOfTheDead/Arena Crowd/CrowdGroup/skeleton.png` and material `skeleton_Material.mat` : Incorrect Texture / Material Settings found: It is strongly recommended to enable `Alpha Is Transparency` on `Straight alpha` textures.
Assuming `Straight alpha` texture because `Straight Alpha Texture` is enabled at material). (You can disable this warning in `Edit - Preferences - Spine`)
0x00007ff73facffed (Unity) StackWalker::GetCurrentCallstack
0x00007ff73fad6cc9 (Unity) StackWalker::ShowCallstack
0x00007ff740a450e3 (Unity) GetStacktrace
0x00007ff7410dbbcd (Unity) DebugStringToFile
0x00007ff73ec6c502 (Unity) DebugLogHandler_CUSTOM_Internal_Log
0x000001d391254403 (Mono JIT Code) (wrapper managed-to-native) UnityEngine.DebugLogHandler:Internal_Log (UnityEngine.LogType,UnityEngine.LogOption,string,UnityEngine.Object)
0x000001d39125411b (Mono JIT Code) UnityEngine.DebugLogHandler:LogFormat (UnityEngine.LogType,UnityEngine.Object,string,object[])
0x000001d391253ea1 (Mono JIT Code) UnityEngine.Logger:Log (UnityEngine.LogType,object,UnityEngine.Object)
0x000001d391253d7d (Mono JIT Code) UnityEngine.Debug:LogWarning (object,UnityEngine.Object)
0x000001d3901318e3 (Mono JIT Code) [SpineEditorUtilities.cs:212] Spine.Unity.Editor.SpineEditorUtilities:IssueWarningsForUnrecommendedTextureSettings (string) 
0x000001d39013144b (Mono JIT Code) [SpineEditorUtilities.cs:181] Spine.Unity.Editor.SpineEditorUtilities:IssueWarningsForUnrecommendedTextureSettings () 
0x000001d3885198cb (Mono JIT Code) [SpineEditorUtilities.cs:163] Spine.Unity.Editor.SpineEditorUtilities:Initialize () 
0x000001d38851910b (Mono JIT Code) [SpineEditorUtilities.cs:97] Spine.Unity.Editor.SpineEditorUtilities:.cctor () 
0x000001d3885191cd (Mono JIT Code) (wrapper runtime-invoke) object:runtime_invoke_void (object,intptr,intptr,intptr)
0x00007ff85a38fe24 (mono-2.0-bdwgc) [mini-runtime.c:3445] mono_jit_runtime_invoke 
0x00007ff85a2ce764 (mono-2.0-bdwgc) [object.c:3066] do_runtime_invoke 
0x00007ff85a2c9810 (mono-2.0-bdwgc) [object.c:563] mono_runtime_class_init_full 
0x00007ff85a236290 (mono-2.0-bdwgc) [icall-def.h:751] ves_icall_System_Runtime_CompilerServices_RuntimeHelpers_RunClassConstructor_raw 
0x000001d3883a2eea (Mono JIT Code) (wrapper managed-to-native) System.Runtime.CompilerServices.RuntimeHelpers:RunClassConstructor (intptr)
0x000001d3883a2dfb (Mono JIT Code) System.Runtime.CompilerServices.RuntimeHelpers:RunClassConstructor (System.RuntimeTypeHandle)
0x000001d3883a1e0b (Mono JIT Code) UnityEditor.EditorAssemblies:ProcessInitializeOnLoadAttributes (System.Type[])
0x000001d386c57e08 (Mono JIT Code) (wrapper runtime-invoke) <Module>:runtime_invoke_void_object (object,intptr,intptr,intptr)
0x00007ff85a38fe24 (mono-2.0-bdwgc) [mini-runtime.c:3445] mono_jit_runtime_invoke 
0x00007ff85a2ce764 (mono-2.0-bdwgc) [object.c:3066] do_runtime_invoke 
0x00007ff85a2ce8fc (mono-2.0-bdwgc) [object.c:3113] mono_runtime_invoke 
0x00007ff73f9f4db4 (Unity) scripting_method_invoke
0x00007ff73f9d4654 (Unity) ScriptingInvocation::Invoke
0x00007ff73f9cf265 (Unity) ScriptingInvocation::Invoke<void>
0x00007ff73fb27e23 (Unity) Scripting::UnityEditor::EditorAssembliesProxy::ProcessInitializeOnLoadAttributes
0x00007ff73f9c94ab (Unity) MonoManager::SetupLoadedEditorAssemblies
0x00007ff73f9bf16d (Unity) MonoManager::EndReloadAssembly
0x00007ff73f9c6b28 (Unity) MonoManager::ReloadAssembly
0x00007ff7408ffcf2 (Unity) LoadDomainAndUserAssemblies
0x00007ff740900424 (Unity) LoadUserAssemblies
0x00007ff7405f10d3 (Unity) Application::InitializeProject
0x00007ff740a4f828 (Unity) WinMain
0x00007ff741dd421e (Unity) __scrt_common_main_seh
0x00007ff902be7034 (KERNEL32) BaseThreadInitThunk
0x00007ff9030626a1 (ntdll) RtlUserThreadStart

`Assets/DChild/Objects/Location/General/Idling Background Creatures/Crow/NewCrow.png` and material `NewCrow_Material.mat` : Problematic Texture / Material Settings found: It is recommended to disable `Alpha Is Transparency` on `Premultiply alpha` textures.
Assuming `Premultiply alpha` texture because `Straight Alpha Texture` is disabled at material). (You can disable this warning in `Edit - Preferences - Spine`)
0x00007ff73facffed (Unity) StackWalker::GetCurrentCallstack
0x00007ff73fad6cc9 (Unity) StackWalker::ShowCallstack
0x00007ff740a450e3 (Unity) GetStacktrace
0x00007ff7410dbbcd (Unity) DebugStringToFile
0x00007ff73ec6c502 (Unity) DebugLogHandler_CUSTOM_Internal_Log
0x000001d391254403 (Mono JIT Code) (wrapper managed-to-native) UnityEngine.DebugLogHandler:Internal_Log (UnityEngine.LogType,UnityEngine.LogOption,string,UnityEngine.Object)
0x000001d39125411b (Mono JIT Code) UnityEngine.DebugLogHandler:LogFormat (UnityEngine.LogType,UnityEngine.Object,string,object[])
0x000001d391253ea1 (Mono JIT Code) UnityEngine.Logger:Log (UnityEngine.LogType,object,UnityEngine.Object)
0x000001d391253d7d (Mono JIT Code) UnityEngine.Debug:LogWarning (object,UnityEngine.Object)
0x000001d3901318e3 (Mono JIT Code) [SpineEditorUtilities.cs:212] Spine.Unity.Editor.SpineEditorUtilities:IssueWarningsForUnrecommendedTextureSettings (string) 
0x000001d39013144b (Mono JIT Code) [SpineEditorUtilities.cs:181] Spine.Unity.Editor.SpineEditorUtilities:IssueWarningsForUnrecommendedTextureSettings () 
0x000001d3885198cb (Mono JIT Code) [SpineEditorUtilities.cs:163] Spine.Unity.Editor.SpineEditorUtilities:Initialize () 
0x000001d38851910b (Mono JIT Code) [SpineEditorUtilities.cs:97] Spine.Unity.Editor.SpineEditorUtilities:.cctor () 
0x000001d3885191cd (Mono JIT Code) (wrapper runtime-invoke) object:runtime_invoke_void (object,intptr,intptr,intptr)
0x00007ff85a38fe24 (mono-2.0-bdwgc) [mini-runtime.c:3445] mono_jit_runtime_invoke 
0x00007ff85a2ce764 (mono-2.0-bdwgc) [object.c:3066] do_runtime_invoke 
0x00007ff85a2c9810 (mono-2.0-bdwgc) [object.c:563] mono_runtime_class_init_full 
0x00007ff85a236290 (mono-2.0-bdwgc) [icall-def.h:751] ves_icall_System_Runtime_CompilerServices_RuntimeHelpers_RunClassConstructor_raw 
0x000001d3883a2eea (Mono JIT Code) (wrapper managed-to-native) System.Runtime.CompilerServices.RuntimeHelpers:RunClassConstructor (intptr)
0x000001d3883a2dfb (Mono JIT Code) System.Runtime.CompilerServices.RuntimeHelpers:RunClassConstructor (System.RuntimeTypeHandle)
0x000001d3883a1e0b (Mono JIT Code) UnityEditor.EditorAssemblies:ProcessInitializeOnLoadAttributes (System.Type[])
0x000001d386c57e08 (Mono JIT Code) (wrapper runtime-invoke) <Module>:runtime_invoke_void_object (object,intptr,intptr,intptr)
0x00007ff85a38fe24 (mono-2.0-bdwgc) [mini-runtime.c:3445] mono_jit_runtime_invoke 
0x00007ff85a2ce764 (mono-2.0-bdwgc) [object.c:3066] do_runtime_invoke 
0x00007ff85a2ce8fc (mono-2.0-bdwgc) [object.c:3113] mono_runtime_invoke 
0x00007ff73f9f4db4 (Unity) scripting_method_invoke
0x00007ff73f9d4654 (Unity) ScriptingInvocation::Invoke
0x00007ff73f9cf265 (Unity) ScriptingInvocation::Invoke<void>
0x00007ff73fb27e23 (Unity) Scripting::UnityEditor::EditorAssembliesProxy::ProcessInitializeOnLoadAttributes
0x00007ff73f9c94ab (Unity) MonoManager::SetupLoadedEditorAssemblies
0x00007ff73f9bf16d (Unity) MonoManager::EndReloadAssembly
0x00007ff73f9c6b28 (Unity) MonoManager::ReloadAssembly
0x00007ff7408ffcf2 (Unity) LoadDomainAndUserAssemblies
0x00007ff740900424 (Unity) LoadUserAssemblies
0x00007ff7405f10d3 (Unity) Application::InitializeProject
0x00007ff740a4f828 (Unity) WinMain
0x00007ff741dd421e (Unity) __scrt_common_main_seh
0x00007ff902be7034 (KERNEL32) BaseThreadInitThunk
0x00007ff9030626a1 (ntdll) RtlUserThreadStart

