Using pre-set license
Built from '2021.3/staging' branch; Version is '2021.3.9f1 (ad3870b89536) revision 11352176'; Using compiler version '192829333'; Build Type 'Release'
OS: 'Windows 10  (10.0.19044) 64bit Professional' Language: 'en' Physical Memory: 32707 MB
BatchMode: 1, IsHumanControllingUs: 0, StartBugReporterOnCrash: 0, Is64bit: 1, IsPro: 1

COMMAND LINE ARGUMENTS:
C:\Program Files\Unity 2021.3.9f1\Editor\Unity.exe
-adb2
-batchMode
-noUpm
-name
AssetImportWorker3
-projectPath
D:/HolySoft Projects/DoomChild - Copy
-logFile
Logs/AssetImportWorker3.log
-srvPort
50253
Successfully changed project path to: D:/HolySoft Projects/DoomChild - Copy
D:/HolySoft Projects/DoomChild - Copy
[UnityMemory] Configuration Parameters - Can be set up in boot.config
    "memorysetup-bucket-allocator-granularity=16"
    "memorysetup-bucket-allocator-bucket-count=8"
    "memorysetup-bucket-allocator-block-size=33554432"
    "memorysetup-bucket-allocator-block-count=8"
    "memorysetup-main-allocator-block-size=16777216"
    "memorysetup-thread-allocator-block-size=16777216"
    "memorysetup-gfx-main-allocator-block-size=16777216"
    "memorysetup-gfx-thread-allocator-block-size=16777216"
    "memorysetup-cache-allocator-block-size=4194304"
    "memorysetup-typetree-allocator-block-size=2097152"
    "memorysetup-profiler-bucket-allocator-granularity=16"
    "memorysetup-profiler-bucket-allocator-bucket-count=8"
    "memorysetup-profiler-bucket-allocator-block-size=33554432"
    "memorysetup-profiler-bucket-allocator-block-count=8"
    "memorysetup-profiler-allocator-block-size=16777216"
    "memorysetup-profiler-editor-allocator-block-size=1048576"
    "memorysetup-temp-allocator-size-main=16777216"
    "memorysetup-job-temp-allocator-block-size=2097152"
    "memorysetup-job-temp-allocator-block-size-background=1048576"
    "memorysetup-job-temp-allocator-reduction-small-platforms=262144"
    "memorysetup-temp-allocator-size-background-worker=32768"
    "memorysetup-temp-allocator-size-job-worker=262144"
    "memorysetup-temp-allocator-size-preload-manager=33554432"
    "memorysetup-temp-allocator-size-nav-mesh-worker=65536"
    "memorysetup-temp-allocator-size-audio-worker=65536"
    "memorysetup-temp-allocator-size-cloud-worker=32768"
    "memorysetup-temp-allocator-size-gi-baking-worker=262144"
    "memorysetup-temp-allocator-size-gfx=262144"
Refreshing native plugins compatible for Editor in 412.61 ms, found 3 plugins.
Preloading 0 native plugins for Editor in 0.00 ms.
Initialize engine version: 2021.3.9f1 (ad3870b89536)
[Subsystems] Discovering subsystems at path C:/Program Files/Unity 2021.3.9f1/Editor/Data/Resources/UnitySubsystems
[Subsystems] Discovering subsystems at path D:/HolySoft Projects/DoomChild - Copy/Assets
GfxDevice: creating device client; threaded=0; jobified=0
Direct3D:
    Version:  Direct3D 11.0 [level 11.1]
    Renderer: NVIDIA GeForce GTX 1050 Ti (ID=0x1c82)
    Vendor:   NVIDIA
    VRAM:     4018 MB
    Driver:   30.0.15.1215
Initialize mono
Mono path[0] = 'C:/Program Files/Unity 2021.3.9f1/Editor/Data/Managed'
Mono path[1] = 'C:/Program Files/Unity 2021.3.9f1/Editor/Data/MonoBleedingEdge/lib/mono/unityjit-win32'
Mono config path = 'C:/Program Files/Unity 2021.3.9f1/Editor/Data/MonoBleedingEdge/etc'
Using monoOptions --debugger-agent=transport=dt_socket,embedding=1,server=y,suspend=n,address=127.0.0.1:56160
Begin MonoManager ReloadAssembly
Registering precompiled unity dll's ...
Register platform support module: C:/Program Files/Unity 2021.3.9f1/Editor/Data/PlaybackEngines/WindowsStandaloneSupport/UnityEditor.WindowsStandalone.Extensions.dll
Registered in 0.005569 seconds.
Native extension for WindowsStandalone target not found
Refreshing native plugins compatible for Editor in 447.85 ms, found 3 plugins.
Preloading 0 native plugins for Editor in 0.00 ms.
Mono: successfully reloaded assembly
- Completed reload, in  1.116 seconds
Domain Reload Profiling:
	ReloadAssembly (1116ms)
		BeginReloadAssembly (94ms)
			ExecutionOrderSort (0ms)
			DisableScriptedObjects (0ms)
			BackupInstance (0ms)
			ReleaseScriptingObjects (0ms)
			CreateAndSetChildDomain (1ms)
		EndReloadAssembly (887ms)
			LoadAssemblies (92ms)
			RebuildTransferFunctionScriptingTraits (0ms)
			SetupTypeCache (117ms)
			ReleaseScriptCaches (0ms)
			RebuildScriptCaches (31ms)
			SetupLoadedEditorAssemblies (679ms)
				LogAssemblyErrors (0ms)
				InitializePlatformSupportModulesInManaged (8ms)
				SetLoadedEditorAssemblies (0ms)
				RefreshPlugins (448ms)
				BeforeProcessingInitializeOnLoad (1ms)
				ProcessInitializeOnLoadAttributes (162ms)
				ProcessInitializeOnLoadMethodAttributes (60ms)
				AfterProcessingInitializeOnLoad (0ms)
				EditorAssembliesLoaded (0ms)
			ExecutionOrderSort2 (0ms)
			AwakeInstancesAfterBackupRestoration (0ms)
Platform modules already initialized, skipping
Registering precompiled user dll's ...
Registered in 0.008528 seconds.
Begin MonoManager ReloadAssembly
Script error (MapAreaUI): Update() can not take parameters.
0x00007ff73facffed (Unity) StackWalker::GetCurrentCallstack
0x00007ff73fad6cc9 (Unity) StackWalker::ShowCallstack
0x00007ff740a450e3 (Unity) GetStacktrace
0x00007ff7410dbbcd (Unity) DebugStringToFile
0x00007ff73f998f4c (Unity) PopulateMethods
0x00007ff73f991c15 (Unity) CreateMonoScriptCache
0x00007ff73f99a1c3 (Unity) MonoScript::Renew
0x00007ff73f9bf0f0 (Unity) MonoManager::EndReloadAssembly
0x00007ff73f9c6b28 (Unity) MonoManager::ReloadAssembly
0x00007ff7408ffcf2 (Unity) LoadDomainAndUserAssemblies
0x00007ff740900424 (Unity) LoadUserAssemblies
0x00007ff7405f10d3 (Unity) Application::InitializeProject
0x00007ff740a4f828 (Unity) WinMain
0x00007ff741dd421e (Unity) __scrt_common_main_seh
0x00007ff902be7034 (KERNEL32) BaseThreadInitThunk
0x00007ff9030626a1 (ntdll) RtlUserThreadStart

Native extension for WindowsStandalone target not found
Refreshing native plugins compatible for Editor in 786.96 ms, found 3 plugins.
Preloading 0 native plugins for Editor in 0.00 ms.
Launched and connected shader compiler UnityShaderCompiler.exe after 0.09 seconds
`Assets/DChild/Objects/Characters/Enemy/Bosses/QueenBee/Model 3/QUEEN BEE NO DRONES.png` and material `QUEEN BEE NO DRONES_Material.mat` : Problematic Texture / Material Settings found: It is recommended to disable `Alpha Is Transparency` on `Premultiply alpha` textures.
Assuming `Premultiply alpha` texture because `Straight Alpha Texture` is disabled at material). (You can disable this warning in `Edit - Preferences - Spine`)
0x00007ff73facffed (Unity) StackWalker::GetCurrentCallstack
0x00007ff73fad6cc9 (Unity) StackWalker::ShowCallstack
0x00007ff740a450e3 (Unity) GetStacktrace
0x00007ff7410dbbcd (Unity) DebugStringToFile
0x00007ff73ec6c502 (Unity) DebugLogHandler_CUSTOM_Internal_Log
0x000001b4925644f3 (Mono JIT Code) (wrapper managed-to-native) UnityEngine.DebugLogHandler:Internal_Log (UnityEngine.LogType,UnityEngine.LogOption,string,UnityEngine.Object)
0x000001b49256420b (Mono JIT Code) UnityEngine.DebugLogHandler:LogFormat (UnityEngine.LogType,UnityEngine.Object,string,object[])
0x000001b492563f91 (Mono JIT Code) UnityEngine.Logger:Log (UnityEngine.LogType,object,UnityEngine.Object)
0x000001b492563e6d (Mono JIT Code) UnityEngine.Debug:LogWarning (object,UnityEngine.Object)
0x000001b4915818e3 (Mono JIT Code) [SpineEditorUtilities.cs:212] Spine.Unity.Editor.SpineEditorUtilities:IssueWarningsForUnrecommendedTextureSettings (string) 
0x000001b49158144b (Mono JIT Code) [SpineEditorUtilities.cs:181] Spine.Unity.Editor.SpineEditorUtilities:IssueWarningsForUnrecommendedTextureSettings () 
0x000001b4898298cb (Mono JIT Code) [SpineEditorUtilities.cs:163] Spine.Unity.Editor.SpineEditorUtilities:Initialize () 
0x000001b48982910b (Mono JIT Code) [SpineEditorUtilities.cs:97] Spine.Unity.Editor.SpineEditorUtilities:.cctor () 
0x000001b4898291cd (Mono JIT Code) (wrapper runtime-invoke) object:runtime_invoke_void (object,intptr,intptr,intptr)
0x00007ff85a38fe24 (mono-2.0-bdwgc) [mini-runtime.c:3445] mono_jit_runtime_invoke 
0x00007ff85a2ce764 (mono-2.0-bdwgc) [object.c:3066] do_runtime_invoke 
0x00007ff85a2c9810 (mono-2.0-bdwgc) [object.c:563] mono_runtime_class_init_full 
0x00007ff85a236290 (mono-2.0-bdwgc) [icall-def.h:751] ves_icall_System_Runtime_CompilerServices_RuntimeHelpers_RunClassConstructor_raw 
0x000001b4896b2eea (Mono JIT Code) (wrapper managed-to-native) System.Runtime.CompilerServices.RuntimeHelpers:RunClassConstructor (intptr)
0x000001b4896b2dfb (Mono JIT Code) System.Runtime.CompilerServices.RuntimeHelpers:RunClassConstructor (System.RuntimeTypeHandle)
0x000001b4896b1e0b (Mono JIT Code) UnityEditor.EditorAssemblies:ProcessInitializeOnLoadAttributes (System.Type[])
0x000001b485b97e08 (Mono JIT Code) (wrapper runtime-invoke) <Module>:runtime_invoke_void_object (object,intptr,intptr,intptr)
0x00007ff85a38fe24 (mono-2.0-bdwgc) [mini-runtime.c:3445] mono_jit_runtime_invoke 
0x00007ff85a2ce764 (mono-2.0-bdwgc) [object.c:3066] do_runtime_invoke 
0x00007ff85a2ce8fc (mono-2.0-bdwgc) [object.c:3113] mono_runtime_invoke 
0x00007ff73f9f4db4 (Unity) scripting_method_invoke
0x00007ff73f9d4654 (Unity) ScriptingInvocation::Invoke
0x00007ff73f9cf265 (Unity) ScriptingInvocation::Invoke<void>
0x00007ff73fb27e23 (Unity) Scripting::UnityEditor::EditorAssembliesProxy::ProcessInitializeOnLoadAttributes
0x00007ff73f9c94ab (Unity) MonoManager::SetupLoadedEditorAssemblies
0x00007ff73f9bf16d (Unity) MonoManager::EndReloadAssembly
0x00007ff73f9c6b28 (Unity) MonoManager::ReloadAssembly
0x00007ff7408ffcf2 (Unity) LoadDomainAndUserAssemblies
0x00007ff740900424 (Unity) LoadUserAssemblies
0x00007ff7405f10d3 (Unity) Application::InitializeProject
0x00007ff740a4f828 (Unity) WinMain
0x00007ff741dd421e (Unity) __scrt_common_main_seh
0x00007ff902be7034 (KERNEL32) BaseThreadInitThunk
0x00007ff9030626a1 (ntdll) RtlUserThreadStart

`Assets/DChild/Objects/Location/CityOfTheDead/Arena Crowd/Crowd2/skeleton.png` and material `skeleton_Material.mat` : Incorrect Texture / Material Settings found: It is strongly recommended to enable `Alpha Is Transparency` on `Straight alpha` textures.
Assuming `Straight alpha` texture because `Straight Alpha Texture` is enabled at material). (You can disable this warning in `Edit - Preferences - Spine`)
0x00007ff73facffed (Unity) StackWalker::GetCurrentCallstack
0x00007ff73fad6cc9 (Unity) StackWalker::ShowCallstack
0x00007ff740a450e3 (Unity) GetStacktrace
0x00007ff7410dbbcd (Unity) DebugStringToFile
0x00007ff73ec6c502 (Unity) DebugLogHandler_CUSTOM_Internal_Log
0x000001b4925644f3 (Mono JIT Code) (wrapper managed-to-native) UnityEngine.DebugLogHandler:Internal_Log (UnityEngine.LogType,UnityEngine.LogOption,string,UnityEngine.Object)
0x000001b49256420b (Mono JIT Code) UnityEngine.DebugLogHandler:LogFormat (UnityEngine.LogType,UnityEngine.Object,string,object[])
0x000001b492563f91 (Mono JIT Code) UnityEngine.Logger:Log (UnityEngine.LogType,object,UnityEngine.Object)
0x000001b492563e6d (Mono JIT Code) UnityEngine.Debug:LogWarning (object,UnityEngine.Object)
0x000001b4915818e3 (Mono JIT Code) [SpineEditorUtilities.cs:212] Spine.Unity.Editor.SpineEditorUtilities:IssueWarningsForUnrecommendedTextureSettings (string) 
0x000001b49158144b (Mono JIT Code) [SpineEditorUtilities.cs:181] Spine.Unity.Editor.SpineEditorUtilities:IssueWarningsForUnrecommendedTextureSettings () 
0x000001b4898298cb (Mono JIT Code) [SpineEditorUtilities.cs:163] Spine.Unity.Editor.SpineEditorUtilities:Initialize () 
0x000001b48982910b (Mono JIT Code) [SpineEditorUtilities.cs:97] Spine.Unity.Editor.SpineEditorUtilities:.cctor () 
0x000001b4898291cd (Mono JIT Code) (wrapper runtime-invoke) object:runtime_invoke_void (object,intptr,intptr,intptr)
0x00007ff85a38fe24 (mono-2.0-bdwgc) [mini-runtime.c:3445] mono_jit_runtime_invoke 
0x00007ff85a2ce764 (mono-2.0-bdwgc) [object.c:3066] do_runtime_invoke 
0x00007ff85a2c9810 (mono-2.0-bdwgc) [object.c:563] mono_runtime_class_init_full 
0x00007ff85a236290 (mono-2.0-bdwgc) [icall-def.h:751] ves_icall_System_Runtime_CompilerServices_RuntimeHelpers_RunClassConstructor_raw 
0x000001b4896b2eea (Mono JIT Code) (wrapper managed-to-native) System.Runtime.CompilerServices.RuntimeHelpers:RunClassConstructor (intptr)
0x000001b4896b2dfb (Mono JIT Code) System.Runtime.CompilerServices.RuntimeHelpers:RunClassConstructor (System.RuntimeTypeHandle)
0x000001b4896b1e0b (Mono JIT Code) UnityEditor.EditorAssemblies:ProcessInitializeOnLoadAttributes (System.Type[])
0x000001b485b97e08 (Mono JIT Code) (wrapper runtime-invoke) <Module>:runtime_invoke_void_object (object,intptr,intptr,intptr)
0x00007ff85a38fe24 (mono-2.0-bdwgc) [mini-runtime.c:3445] mono_jit_runtime_invoke 
0x00007ff85a2ce764 (mono-2.0-bdwgc) [object.c:3066] do_runtime_invoke 
0x00007ff85a2ce8fc (mono-2.0-bdwgc) [object.c:3113] mono_runtime_invoke 
0x00007ff73f9f4db4 (Unity) scripting_method_invoke
0x00007ff73f9d4654 (Unity) ScriptingInvocation::Invoke
0x00007ff73f9cf265 (Unity) ScriptingInvocation::Invoke<void>
0x00007ff73fb27e23 (Unity) Scripting::UnityEditor::EditorAssembliesProxy::ProcessInitializeOnLoadAttributes
0x00007ff73f9c94ab (Unity) MonoManager::SetupLoadedEditorAssemblies
0x00007ff73f9bf16d (Unity) MonoManager::EndReloadAssembly
0x00007ff73f9c6b28 (Unity) MonoManager::ReloadAssembly
0x00007ff7408ffcf2 (Unity) LoadDomainAndUserAssemblies
0x00007ff740900424 (Unity) LoadUserAssemblies
0x00007ff7405f10d3 (Unity) Application::InitializeProject
0x00007ff740a4f828 (Unity) WinMain
0x00007ff741dd421e (Unity) __scrt_common_main_seh
0x00007ff902be7034 (KERNEL32) BaseThreadInitThunk
0x00007ff9030626a1 (ntdll) RtlUserThreadStart

`Assets/DChild/Objects/Location/CityOfTheDead/Arena Crowd/CrowdGroup/skeleton.png` and material `skeleton_Material.mat` : Incorrect Texture / Material Settings found: It is strongly recommended to enable `Alpha Is Transparency` on `Straight alpha` textures.
Assuming `Straight alpha` texture because `Straight Alpha Texture` is enabled at material). (You can disable this warning in `Edit - Preferences - Spine`)
0x00007ff73facffed (Unity) StackWalker::GetCurrentCallstack
0x00007ff73fad6cc9 (Unity) StackWalker::ShowCallstack
0x00007ff740a450e3 (Unity) GetStacktrace
0x00007ff7410dbbcd (Unity) DebugStringToFile
0x00007ff73ec6c502 (Unity) DebugLogHandler_CUSTOM_Internal_Log
0x000001b4925644f3 (Mono JIT Code) (wrapper managed-to-native) UnityEngine.DebugLogHandler:Internal_Log (UnityEngine.LogType,UnityEngine.LogOption,string,UnityEngine.Object)
0x000001b49256420b (Mono JIT Code) UnityEngine.DebugLogHandler:LogFormat (UnityEngine.LogType,UnityEngine.Object,string,object[])
0x000001b492563f91 (Mono JIT Code) UnityEngine.Logger:Log (UnityEngine.LogType,object,UnityEngine.Object)
0x000001b492563e6d (Mono JIT Code) UnityEngine.Debug:LogWarning (object,UnityEngine.Object)
0x000001b4915818e3 (Mono JIT Code) [SpineEditorUtilities.cs:212] Spine.Unity.Editor.SpineEditorUtilities:IssueWarningsForUnrecommendedTextureSettings (string) 
0x000001b49158144b (Mono JIT Code) [SpineEditorUtilities.cs:181] Spine.Unity.Editor.SpineEditorUtilities:IssueWarningsForUnrecommendedTextureSettings () 
0x000001b4898298cb (Mono JIT Code) [SpineEditorUtilities.cs:163] Spine.Unity.Editor.SpineEditorUtilities:Initialize () 
0x000001b48982910b (Mono JIT Code) [SpineEditorUtilities.cs:97] Spine.Unity.Editor.SpineEditorUtilities:.cctor () 
0x000001b4898291cd (Mono JIT Code) (wrapper runtime-invoke) object:runtime_invoke_void (object,intptr,intptr,intptr)
0x00007ff85a38fe24 (mono-2.0-bdwgc) [mini-runtime.c:3445] mono_jit_runtime_invoke 
0x00007ff85a2ce764 (mono-2.0-bdwgc) [object.c:3066] do_runtime_invoke 
0x00007ff85a2c9810 (mono-2.0-bdwgc) [object.c:563] mono_runtime_class_init_full 
0x00007ff85a236290 (mono-2.0-bdwgc) [icall-def.h:751] ves_icall_System_Runtime_CompilerServices_RuntimeHelpers_RunClassConstructor_raw 
0x000001b4896b2eea (Mono JIT Code) (wrapper managed-to-native) System.Runtime.CompilerServices.RuntimeHelpers:RunClassConstructor (intptr)
0x000001b4896b2dfb (Mono JIT Code) System.Runtime.CompilerServices.RuntimeHelpers:RunClassConstructor (System.RuntimeTypeHandle)
0x000001b4896b1e0b (Mono JIT Code) UnityEditor.EditorAssemblies:ProcessInitializeOnLoadAttributes (System.Type[])
0x000001b485b97e08 (Mono JIT Code) (wrapper runtime-invoke) <Module>:runtime_invoke_void_object (object,intptr,intptr,intptr)
0x00007ff85a38fe24 (mono-2.0-bdwgc) [mini-runtime.c:3445] mono_jit_runtime_invoke 
0x00007ff85a2ce764 (mono-2.0-bdwgc) [object.c:3066] do_runtime_invoke 
0x00007ff85a2ce8fc (mono-2.0-bdwgc) [object.c:3113] mono_runtime_invoke 
0x00007ff73f9f4db4 (Unity) scripting_method_invoke
0x00007ff73f9d4654 (Unity) ScriptingInvocation::Invoke
0x00007ff73f9cf265 (Unity) ScriptingInvocation::Invoke<void>
0x00007ff73fb27e23 (Unity) Scripting::UnityEditor::EditorAssembliesProxy::ProcessInitializeOnLoadAttributes
0x00007ff73f9c94ab (Unity) MonoManager::SetupLoadedEditorAssemblies
0x00007ff73f9bf16d (Unity) MonoManager::EndReloadAssembly
0x00007ff73f9c6b28 (Unity) MonoManager::ReloadAssembly
0x00007ff7408ffcf2 (Unity) LoadDomainAndUserAssemblies
0x00007ff740900424 (Unity) LoadUserAssemblies
0x00007ff7405f10d3 (Unity) Application::InitializeProject
0x00007ff740a4f828 (Unity) WinMain
0x00007ff741dd421e (Unity) __scrt_common_main_seh
0x00007ff902be7034 (KERNEL32) BaseThreadInitThunk
0x00007ff9030626a1 (ntdll) RtlUserThreadStart

`Assets/DChild/Objects/Location/General/Idling Background Creatures/Crow/NewCrow.png` and material `NewCrow_Material.mat` : Problematic Texture / Material Settings found: It is recommended to disable `Alpha Is Transparency` on `Premultiply alpha` textures.
Assuming `Premultiply alpha` texture because `Straight Alpha Texture` is disabled at material). (You can disable this warning in `Edit - Preferences - Spine`)
0x00007ff73facffed (Unity) StackWalker::GetCurrentCallstack
0x00007ff73fad6cc9 (Unity) StackWalker::ShowCallstack
0x00007ff740a450e3 (Unity) GetStacktrace
0x00007ff7410dbbcd (Unity) DebugStringToFile
0x00007ff73ec6c502 (Unity) DebugLogHandler_CUSTOM_Internal_Log
0x000001b4925644f3 (Mono JIT Code) (wrapper managed-to-native) UnityEngine.DebugLogHandler:Internal_Log (UnityEngine.LogType,UnityEngine.LogOption,string,UnityEngine.Object)
0x000001b49256420b (Mono JIT Code) UnityEngine.DebugLogHandler:LogFormat (UnityEngine.LogType,UnityEngine.Object,string,object[])
0x000001b492563f91 (Mono JIT Code) UnityEngine.Logger:Log (UnityEngine.LogType,object,UnityEngine.Object)
0x000001b492563e6d (Mono JIT Code) UnityEngine.Debug:LogWarning (object,UnityEngine.Object)
0x000001b4915818e3 (Mono JIT Code) [SpineEditorUtilities.cs:212] Spine.Unity.Editor.SpineEditorUtilities:IssueWarningsForUnrecommendedTextureSettings (string) 
0x000001b49158144b (Mono JIT Code) [SpineEditorUtilities.cs:181] Spine.Unity.Editor.SpineEditorUtilities:IssueWarningsForUnrecommendedTextureSettings () 
0x000001b4898298cb (Mono JIT Code) [SpineEditorUtilities.cs:163] Spine.Unity.Editor.SpineEditorUtilities:Initialize () 
0x000001b48982910b (Mono JIT Code) [SpineEditorUtilities.cs:97] Spine.Unity.Editor.SpineEditorUtilities:.cctor () 
0x000001b4898291cd (Mono JIT Code) (wrapper runtime-invoke) object:runtime_invoke_void (object,intptr,intptr,intptr)
0x00007ff85a38fe24 (mono-2.0-bdwgc) [mini-runtime.c:3445] mono_jit_runtime_invoke 
0x00007ff85a2ce764 (mono-2.0-bdwgc) [object.c:3066] do_runtime_invoke 
0x00007ff85a2c9810 (mono-2.0-bdwgc) [object.c:563] mono_runtime_class_init_full 
0x00007ff85a236290 (mono-2.0-bdwgc) [icall-def.h:751] ves_icall_System_Runtime_CompilerServices_RuntimeHelpers_RunClassConstructor_raw 
0x000001b4896b2eea (Mono JIT Code) (wrapper managed-to-native) System.Runtime.CompilerServices.RuntimeHelpers:RunClassConstructor (intptr)
0x000001b4896b2dfb (Mono JIT Code) System.Runtime.CompilerServices.RuntimeHelpers:RunClassConstructor (System.RuntimeTypeHandle)
0x000001b4896b1e0b (Mono JIT Code) UnityEditor.EditorAssemblies:ProcessInitializeOnLoadAttributes (System.Type[])
0x000001b485b97e08 (Mono JIT Code) (wrapper runtime-invoke) <Module>:runtime_invoke_void_object (object,intptr,intptr,intptr)
0x00007ff85a38fe24 (mono-2.0-bdwgc) [mini-runtime.c:3445] mono_jit_runtime_invoke 
0x00007ff85a2ce764 (mono-2.0-bdwgc) [object.c:3066] do_runtime_invoke 
0x00007ff85a2ce8fc (mono-2.0-bdwgc) [object.c:3113] mono_runtime_invoke 
0x00007ff73f9f4db4 (Unity) scripting_method_invoke
0x00007ff73f9d4654 (Unity) ScriptingInvocation::Invoke
0x00007ff73f9cf265 (Unity) ScriptingInvocation::Invoke<void>
0x00007ff73fb27e23 (Unity) Scripting::UnityEditor::EditorAssembliesProxy::ProcessInitializeOnLoadAttributes
0x00007ff73f9c94ab (Unity) MonoManager::SetupLoadedEditorAssemblies
0x00007ff73f9bf16d (Unity) MonoManager::EndReloadAssembly
0x00007ff73f9c6b28 (Unity) MonoManager::ReloadAssembly
0x00007ff7408ffcf2 (Unity) LoadDomainAndUserAssemblies
0x00007ff740900424 (Unity) LoadUserAssemblies
0x00007ff7405f10d3 (Unity) Application::InitializeProject
0x00007ff740a4f828 (Unity) WinMain
0x00007ff741dd421e (Unity) __scrt_common_main_seh
0x00007ff902be7034 (KERNEL32) BaseThreadInitThunk
0x00007ff9030626a1 (ntdll) RtlUserThreadStart

Mono: successfully reloaded assembly
- Completed reload, in  8.845 seconds
Domain Reload Profiling:
	ReloadAssembly (8846ms)
		BeginReloadAssembly (156ms)
			ExecutionOrderSort (0ms)
			DisableScriptedObjects (8ms)
			BackupInstance (0ms)
			ReleaseScriptingObjects (0ms)
			CreateAndSetChildDomain (24ms)
		EndReloadAssembly (8508ms)
			LoadAssemblies (129ms)
			RebuildTransferFunctionScriptingTraits (0ms)
			SetupTypeCache (615ms)
			ReleaseScriptCaches (2ms)
			RebuildScriptCaches (438ms)
			SetupLoadedEditorAssemblies (7255ms)
				LogAssemblyErrors (0ms)
				InitializePlatformSupportModulesInManaged (16ms)
				SetLoadedEditorAssemblies (0ms)
				RefreshPlugins (787ms)
				BeforeProcessingInitializeOnLoad (148ms)
				ProcessInitializeOnLoadAttributes (6084ms)
				ProcessInitializeOnLoadMethodAttributes (208ms)
				AfterProcessingInitializeOnLoad (11ms)
				EditorAssembliesLoaded (0ms)
			ExecutionOrderSort2 (0ms)
			AwakeInstancesAfterBackupRestoration (13ms)
Platform modules already initialized, skipping
========================================================================
Worker process is ready to serve import requests
Refreshing native plugins compatible for Editor in 6.01 ms, found 3 plugins.
Preloading 0 native plugins for Editor in 0.00 ms.
Unloading 9482 Unused Serialized files (Serialized files now loaded: 0)
Unloading 762 unused Assets / (4.2 MB). Loaded Objects now: 9512.
Memory consumption went from 1.36 GB to 1.35 GB.
Total: 33.004700 ms (FindLiveObjects: 0.838300 ms CreateObjectMapping: 1.106100 ms MarkObjects: 27.388600 ms  DeleteObjects: 3.670300 ms)

AssetImportParameters requested are different than current active one (requested -> active):
  custom:video-decoder-ogg-theora: a1e56fd34408186e4bbccfd4996cb3dc -> 
  custom:container-muxer-webm: aa71ff27fc2769a1b78a27578f13a17b -> 
  custom:container-demuxer-webm: 4f35f7cbe854078d1ac9338744f61a02 -> 
  custom:video-encoder-webm-vp8: eb34c28f22e8b96e1ab97ce403110664 -> 
  custom:audio-encoder-webm-vorbis: bf7c407c2cedff20999df2af8eb42d56 -> 
  custom:framework-win-MediaFoundation: 216162199b28c13a410421893ffa2e32 -> 
  custom:container-demuxer-ogg: 62fdf1f143b41e24485cea50d1cbac27 -> 
  custom:video-decoder-webm-vp8: 9c59270c3fd7afecdb556c50c9e8de78 -> 
  custom:audio-decoder-ogg-vorbis: bf7c407c2cedff20999df2af8eb42d56 -> 
========================================================================
Received Import Request.
  Time since last request: 851682.403531 seconds.
  path: Assets/DChild/Scripts/Gameplay/System/Combat/Modules/DPSColliderDamage.cs
  artifactKey: Guid(38f1c154d0bdfe644b279d0b4b6b7d08) Importer(815301076,1909f56bfc062723c751e8b465ee728b)
Start importing Assets/DChild/Scripts/Gameplay/System/Combat/Modules/DPSColliderDamage.cs using Guid(38f1c154d0bdfe644b279d0b4b6b7d08) Importer(815301076,1909f56bfc062723c751e8b465ee728b)  -> (artifact id: '81870de438647bfa9f76c47d84fa1383') in 0.060969 seconds 
========================================================================
Received Prepare
Registering precompiled user dll's ...
Registered in 0.011243 seconds.
Script error (MapAreaUI): Update() can not take parameters.
0x00007ff73facffed (Unity) StackWalker::GetCurrentCallstack
0x00007ff73fad6cc9 (Unity) StackWalker::ShowCallstack
0x00007ff740a450e3 (Unity) GetStacktrace
0x00007ff7410dbbcd (Unity) DebugStringToFile
0x00007ff73f998f4c (Unity) PopulateMethods
0x00007ff73f991c15 (Unity) CreateMonoScriptCache
0x00007ff73f99a1c3 (Unity) MonoScript::Renew
0x00007ff73f999796 (Unity) MonoScript::RebuildFromAwake
0x00007ff73fa8216a (Unity) PersistentManager::ReadAndActivateObjectThreaded
0x00007ff73fa826b1 (Unity) PersistentManager::ReadObjectThreaded
0x00007ff73fa82467 (Unity) PersistentManager::ReadObject
0x00007ff73f98c8cf (Unity) AddScriptsToList
0x00007ff73f99414a (Unity) MonoScriptManager::GetAllRuntimeAndEditorScripts
0x00007ff740902ec3 (Unity) UpdateAllScriptPaths
0x00007ff7408fe64c (Unity) InitializeManagedCompilationPipeline
0x00007ff7409013e7 (Unity) RegisterAssetsAndInitializeAssemblies
0x00007ff74090041f (Unity) LoadUserAssemblies
0x00007ff740df05ef (Unity) <lambda_f586749871dc2f4b36dca2d21a52c840>::operator()
0x00007ff740e30162 (Unity) asio::detail::completion_handler<core::mutable_function<void __cdecl(void)>,asio::io_context::basic_executor_type<std::allocator<void>,0> >::do_complete
0x00007ff740e1c04e (Unity) asio::detail::win_iocp_io_context::do_one
0x00007ff740e1dcb4 (Unity) asio::detail::win_iocp_io_context::run
0x00007ff740e2e54e (Unity) IOService::Run
0x00007ff740e0113f (Unity) AssetImportWorkerClient::Run
0x00007ff740dcb593 (Unity) RunAssetImportWorkerClientV2
0x00007ff740dcb61b (Unity) RunAssetImporterV2
0x00007ff7405f10d8 (Unity) Application::InitializeProject
0x00007ff740a4f828 (Unity) WinMain
0x00007ff741dd421e (Unity) __scrt_common_main_seh
0x00007ff902be7034 (KERNEL32) BaseThreadInitThunk
0x00007ff9030626a1 (ntdll) RtlUserThreadStart

Begin MonoManager ReloadAssembly
Script error (MapAreaUI): Update() can not take parameters.
0x00007ff73facffed (Unity) StackWalker::GetCurrentCallstack
0x00007ff73fad6cc9 (Unity) StackWalker::ShowCallstack
0x00007ff740a450e3 (Unity) GetStacktrace
0x00007ff7410dbbcd (Unity) DebugStringToFile
0x00007ff73f998f4c (Unity) PopulateMethods
0x00007ff73f991c15 (Unity) CreateMonoScriptCache
0x00007ff73f99a1c3 (Unity) MonoScript::Renew
0x00007ff73f9bf0f0 (Unity) MonoManager::EndReloadAssembly
0x00007ff73f9c6b28 (Unity) MonoManager::ReloadAssembly
0x00007ff7408ffcf2 (Unity) LoadDomainAndUserAssemblies
0x00007ff740900424 (Unity) LoadUserAssemblies
0x00007ff740df05ef (Unity) <lambda_f586749871dc2f4b36dca2d21a52c840>::operator()
0x00007ff740e30162 (Unity) asio::detail::completion_handler<core::mutable_function<void __cdecl(void)>,asio::io_context::basic_executor_type<std::allocator<void>,0> >::do_complete
0x00007ff740e1c04e (Unity) asio::detail::win_iocp_io_context::do_one
0x00007ff740e1dcb4 (Unity) asio::detail::win_iocp_io_context::run
0x00007ff740e2e54e (Unity) IOService::Run
0x00007ff740e0113f (Unity) AssetImportWorkerClient::Run
0x00007ff740dcb593 (Unity) RunAssetImportWorkerClientV2
0x00007ff740dcb61b (Unity) RunAssetImporterV2
0x00007ff7405f10d8 (Unity) Application::InitializeProject
0x00007ff740a4f828 (Unity) WinMain
0x00007ff741dd421e (Unity) __scrt_common_main_seh
0x00007ff902be7034 (KERNEL32) BaseThreadInitThunk
0x00007ff9030626a1 (ntdll) RtlUserThreadStart

Native extension for WindowsStandalone target not found
Refreshing native plugins compatible for Editor in 4.61 ms, found 3 plugins.
Preloading 0 native plugins for Editor in 0.00 ms.
`Assets/DChild/Objects/Characters/Enemy/Bosses/QueenBee/Model 3/QUEEN BEE NO DRONES.png` and material `QUEEN BEE NO DRONES_Material.mat` : Problematic Texture / Material Settings found: It is recommended to disable `Alpha Is Transparency` on `Premultiply alpha` textures.
Assuming `Premultiply alpha` texture because `Straight Alpha Texture` is disabled at material). (You can disable this warning in `Edit - Preferences - Spine`)
0x00007ff73facffed (Unity) StackWalker::GetCurrentCallstack
0x00007ff73fad6cc9 (Unity) StackWalker::ShowCallstack
0x00007ff740a450e3 (Unity) GetStacktrace
0x00007ff7410dbbcd (Unity) DebugStringToFile
0x00007ff73ec6c502 (Unity) DebugLogHandler_CUSTOM_Internal_Log
0x000001b488293b83 (Mono JIT Code) (wrapper managed-to-native) UnityEngine.DebugLogHandler:Internal_Log (UnityEngine.LogType,UnityEngine.LogOption,string,UnityEngine.Object)
0x000001b48829389b (Mono JIT Code) UnityEngine.DebugLogHandler:LogFormat (UnityEngine.LogType,UnityEngine.Object,string,object[])
0x000001b488293621 (Mono JIT Code) UnityEngine.Logger:Log (UnityEngine.LogType,object,UnityEngine.Object)
0x000001b4882934fd (Mono JIT Code) UnityEngine.Debug:LogWarning (object,UnityEngine.Object)
0x000001b4881f5053 (Mono JIT Code) [SpineEditorUtilities.cs:212] Spine.Unity.Editor.SpineEditorUtilities:IssueWarningsForUnrecommendedTextureSettings (string) 
0x000001b4881f4bbb (Mono JIT Code) [SpineEditorUtilities.cs:181] Spine.Unity.Editor.SpineEditorUtilities:IssueWarningsForUnrecommendedTextureSettings () 
0x000001b54baaa6db (Mono JIT Code) [SpineEditorUtilities.cs:163] Spine.Unity.Editor.SpineEditorUtilities:Initialize () 
0x000001b54baa9e8b (Mono JIT Code) [SpineEditorUtilities.cs:97] Spine.Unity.Editor.SpineEditorUtilities:.cctor () 
0x000001b54baa9f6d (Mono JIT Code) (wrapper runtime-invoke) object:runtime_invoke_void (object,intptr,intptr,intptr)
0x00007ff85a38fe24 (mono-2.0-bdwgc) [mini-runtime.c:3445] mono_jit_runtime_invoke 
0x00007ff85a2ce764 (mono-2.0-bdwgc) [object.c:3066] do_runtime_invoke 
0x00007ff85a2c9810 (mono-2.0-bdwgc) [object.c:563] mono_runtime_class_init_full 
0x00007ff85a236290 (mono-2.0-bdwgc) [icall-def.h:751] ves_icall_System_Runtime_CompilerServices_RuntimeHelpers_RunClassConstructor_raw 
0x000001b494ad42fa (Mono JIT Code) (wrapper managed-to-native) System.Runtime.CompilerServices.RuntimeHelpers:RunClassConstructor (intptr)
0x000001b494ad420b (Mono JIT Code) System.Runtime.CompilerServices.RuntimeHelpers:RunClassConstructor (System.RuntimeTypeHandle)
0x000001b494ad338b (Mono JIT Code) UnityEditor.EditorAssemblies:ProcessInitializeOnLoadAttributes (System.Type[])
0x000001b491587e08 (Mono JIT Code) (wrapper runtime-invoke) <Module>:runtime_invoke_void_object (object,intptr,intptr,intptr)
0x00007ff85a38fe24 (mono-2.0-bdwgc) [mini-runtime.c:3445] mono_jit_runtime_invoke 
0x00007ff85a2ce764 (mono-2.0-bdwgc) [object.c:3066] do_runtime_invoke 
0x00007ff85a2ce8fc (mono-2.0-bdwgc) [object.c:3113] mono_runtime_invoke 
0x00007ff73f9f4db4 (Unity) scripting_method_invoke
0x00007ff73f9d4654 (Unity) ScriptingInvocation::Invoke
0x00007ff73f9cf265 (Unity) ScriptingInvocation::Invoke<void>
0x00007ff73fb27e23 (Unity) Scripting::UnityEditor::EditorAssembliesProxy::ProcessInitializeOnLoadAttributes
0x00007ff73f9c94ab (Unity) MonoManager::SetupLoadedEditorAssemblies
0x00007ff73f9bf16d (Unity) MonoManager::EndReloadAssembly
0x00007ff73f9c6b28 (Unity) MonoManager::ReloadAssembly
0x00007ff7408ffcf2 (Unity) LoadDomainAndUserAssemblies
0x00007ff740900424 (Unity) LoadUserAssemblies
0x00007ff740df05ef (Unity) <lambda_f586749871dc2f4b36dca2d21a52c840>::operator()
0x00007ff740e30162 (Unity) asio::detail::completion_handler<core::mutable_function<void __cdecl(void)>,asio::io_context::basic_executor_type<std::allocator<void>,0> >::do_complete
0x00007ff740e1c04e (Unity) asio::detail::win_iocp_io_context::do_one
0x00007ff740e1dcb4 (Unity) asio::detail::win_iocp_io_context::run
0x00007ff740e2e54e (Unity) IOService::Run
0x00007ff740e0113f (Unity) AssetImportWorkerClient::Run
0x00007ff740dcb593 (Unity) RunAssetImportWorkerClientV2
0x00007ff740dcb61b (Unity) RunAssetImporterV2
0x00007ff7405f10d8 (Unity) Application::InitializeProject
0x00007ff740a4f828 (Unity) WinMain
0x00007ff741dd421e (Unity) __scrt_common_main_seh
0x00007ff902be7034 (KERNEL32) BaseThreadInitThunk
0x00007ff9030626a1 (ntdll) RtlUserThreadStart

`Assets/DChild/Objects/Location/CityOfTheDead/Arena Crowd/Crowd2/skeleton.png` and material `skeleton_Material.mat` : Incorrect Texture / Material Settings found: It is strongly recommended to enable `Alpha Is Transparency` on `Straight alpha` textures.
Assuming `Straight alpha` texture because `Straight Alpha Texture` is enabled at material). (You can disable this warning in `Edit - Preferences - Spine`)
0x00007ff73facffed (Unity) StackWalker::GetCurrentCallstack
0x00007ff73fad6cc9 (Unity) StackWalker::ShowCallstack
0x00007ff740a450e3 (Unity) GetStacktrace
0x00007ff7410dbbcd (Unity) DebugStringToFile
0x00007ff73ec6c502 (Unity) DebugLogHandler_CUSTOM_Internal_Log
0x000001b488293b83 (Mono JIT Code) (wrapper managed-to-native) UnityEngine.DebugLogHandler:Internal_Log (UnityEngine.LogType,UnityEngine.LogOption,string,UnityEngine.Object)
0x000001b48829389b (Mono JIT Code) UnityEngine.DebugLogHandler:LogFormat (UnityEngine.LogType,UnityEngine.Object,string,object[])
0x000001b488293621 (Mono JIT Code) UnityEngine.Logger:Log (UnityEngine.LogType,object,UnityEngine.Object)
0x000001b4882934fd (Mono JIT Code) UnityEngine.Debug:LogWarning (object,UnityEngine.Object)
0x000001b4881f5053 (Mono JIT Code) [SpineEditorUtilities.cs:212] Spine.Unity.Editor.SpineEditorUtilities:IssueWarningsForUnrecommendedTextureSettings (string) 
0x000001b4881f4bbb (Mono JIT Code) [SpineEditorUtilities.cs:181] Spine.Unity.Editor.SpineEditorUtilities:IssueWarningsForUnrecommendedTextureSettings () 
0x000001b54baaa6db (Mono JIT Code) [SpineEditorUtilities.cs:163] Spine.Unity.Editor.SpineEditorUtilities:Initialize () 
0x000001b54baa9e8b (Mono JIT Code) [SpineEditorUtilities.cs:97] Spine.Unity.Editor.SpineEditorUtilities:.cctor () 
0x000001b54baa9f6d (Mono JIT Code) (wrapper runtime-invoke) object:runtime_invoke_void (object,intptr,intptr,intptr)
0x00007ff85a38fe24 (mono-2.0-bdwgc) [mini-runtime.c:3445] mono_jit_runtime_invoke 
0x00007ff85a2ce764 (mono-2.0-bdwgc) [object.c:3066] do_runtime_invoke 
0x00007ff85a2c9810 (mono-2.0-bdwgc) [object.c:563] mono_runtime_class_init_full 
0x00007ff85a236290 (mono-2.0-bdwgc) [icall-def.h:751] ves_icall_System_Runtime_CompilerServices_RuntimeHelpers_RunClassConstructor_raw 
0x000001b494ad42fa (Mono JIT Code) (wrapper managed-to-native) System.Runtime.CompilerServices.RuntimeHelpers:RunClassConstructor (intptr)
0x000001b494ad420b (Mono JIT Code) System.Runtime.CompilerServices.RuntimeHelpers:RunClassConstructor (System.RuntimeTypeHandle)
0x000001b494ad338b (Mono JIT Code) UnityEditor.EditorAssemblies:ProcessInitializeOnLoadAttributes (System.Type[])
0x000001b491587e08 (Mono JIT Code) (wrapper runtime-invoke) <Module>:runtime_invoke_void_object (object,intptr,intptr,intptr)
0x00007ff85a38fe24 (mono-2.0-bdwgc) [mini-runtime.c:3445] mono_jit_runtime_invoke 
0x00007ff85a2ce764 (mono-2.0-bdwgc) [object.c:3066] do_runtime_invoke 
0x00007ff85a2ce8fc (mono-2.0-bdwgc) [object.c:3113] mono_runtime_invoke 
0x00007ff73f9f4db4 (Unity) scripting_method_invoke
0x00007ff73f9d4654 (Unity) ScriptingInvocation::Invoke
0x00007ff73f9cf265 (Unity) ScriptingInvocation::Invoke<void>
0x00007ff73fb27e23 (Unity) Scripting::UnityEditor::EditorAssembliesProxy::ProcessInitializeOnLoadAttributes
0x00007ff73f9c94ab (Unity) MonoManager::SetupLoadedEditorAssemblies
0x00007ff73f9bf16d (Unity) MonoManager::EndReloadAssembly
0x00007ff73f9c6b28 (Unity) MonoManager::ReloadAssembly
0x00007ff7408ffcf2 (Unity) LoadDomainAndUserAssemblies
0x00007ff740900424 (Unity) LoadUserAssemblies
0x00007ff740df05ef (Unity) <lambda_f586749871dc2f4b36dca2d21a52c840>::operator()
0x00007ff740e30162 (Unity) asio::detail::completion_handler<core::mutable_function<void __cdecl(void)>,asio::io_context::basic_executor_type<std::allocator<void>,0> >::do_complete
0x00007ff740e1c04e (Unity) asio::detail::win_iocp_io_context::do_one
0x00007ff740e1dcb4 (Unity) asio::detail::win_iocp_io_context::run
0x00007ff740e2e54e (Unity) IOService::Run
0x00007ff740e0113f (Unity) AssetImportWorkerClient::Run
0x00007ff740dcb593 (Unity) RunAssetImportWorkerClientV2
0x00007ff740dcb61b (Unity) RunAssetImporterV2
0x00007ff7405f10d8 (Unity) Application::InitializeProject
0x00007ff740a4f828 (Unity) WinMain
0x00007ff741dd421e (Unity) __scrt_common_main_seh
0x00007ff902be7034 (KERNEL32) BaseThreadInitThunk
0x00007ff9030626a1 (ntdll) RtlUserThreadStart

`Assets/DChild/Objects/Location/CityOfTheDead/Arena Crowd/CrowdGroup/skeleton.png` and material `skeleton_Material.mat` : Incorrect Texture / Material Settings found: It is strongly recommended to enable `Alpha Is Transparency` on `Straight alpha` textures.
Assuming `Straight alpha` texture because `Straight Alpha Texture` is enabled at material). (You can disable this warning in `Edit - Preferences - Spine`)
0x00007ff73facffed (Unity) StackWalker::GetCurrentCallstack
0x00007ff73fad6cc9 (Unity) StackWalker::ShowCallstack
0x00007ff740a450e3 (Unity) GetStacktrace
0x00007ff7410dbbcd (Unity) DebugStringToFile
0x00007ff73ec6c502 (Unity) DebugLogHandler_CUSTOM_Internal_Log
0x000001b488293b83 (Mono JIT Code) (wrapper managed-to-native) UnityEngine.DebugLogHandler:Internal_Log (UnityEngine.LogType,UnityEngine.LogOption,string,UnityEngine.Object)
0x000001b48829389b (Mono JIT Code) UnityEngine.DebugLogHandler:LogFormat (UnityEngine.LogType,UnityEngine.Object,string,object[])
0x000001b488293621 (Mono JIT Code) UnityEngine.Logger:Log (UnityEngine.LogType,object,UnityEngine.Object)
0x000001b4882934fd (Mono JIT Code) UnityEngine.Debug:LogWarning (object,UnityEngine.Object)
0x000001b4881f5053 (Mono JIT Code) [SpineEditorUtilities.cs:212] Spine.Unity.Editor.SpineEditorUtilities:IssueWarningsForUnrecommendedTextureSettings (string) 
0x000001b4881f4bbb (Mono JIT Code) [SpineEditorUtilities.cs:181] Spine.Unity.Editor.SpineEditorUtilities:IssueWarningsForUnrecommendedTextureSettings () 
0x000001b54baaa6db (Mono JIT Code) [SpineEditorUtilities.cs:163] Spine.Unity.Editor.SpineEditorUtilities:Initialize () 
0x000001b54baa9e8b (Mono JIT Code) [SpineEditorUtilities.cs:97] Spine.Unity.Editor.SpineEditorUtilities:.cctor () 
0x000001b54baa9f6d (Mono JIT Code) (wrapper runtime-invoke) object:runtime_invoke_void (object,intptr,intptr,intptr)
0x00007ff85a38fe24 (mono-2.0-bdwgc) [mini-runtime.c:3445] mono_jit_runtime_invoke 
0x00007ff85a2ce764 (mono-2.0-bdwgc) [object.c:3066] do_runtime_invoke 
0x00007ff85a2c9810 (mono-2.0-bdwgc) [object.c:563] mono_runtime_class_init_full 
0x00007ff85a236290 (mono-2.0-bdwgc) [icall-def.h:751] ves_icall_System_Runtime_CompilerServices_RuntimeHelpers_RunClassConstructor_raw 
0x000001b494ad42fa (Mono JIT Code) (wrapper managed-to-native) System.Runtime.CompilerServices.RuntimeHelpers:RunClassConstructor (intptr)
0x000001b494ad420b (Mono JIT Code) System.Runtime.CompilerServices.RuntimeHelpers:RunClassConstructor (System.RuntimeTypeHandle)
0x000001b494ad338b (Mono JIT Code) UnityEditor.EditorAssemblies:ProcessInitializeOnLoadAttributes (System.Type[])
0x000001b491587e08 (Mono JIT Code) (wrapper runtime-invoke) <Module>:runtime_invoke_void_object (object,intptr,intptr,intptr)
0x00007ff85a38fe24 (mono-2.0-bdwgc) [mini-runtime.c:3445] mono_jit_runtime_invoke 
0x00007ff85a2ce764 (mono-2.0-bdwgc) [object.c:3066] do_runtime_invoke 
0x00007ff85a2ce8fc (mono-2.0-bdwgc) [object.c:3113] mono_runtime_invoke 
0x00007ff73f9f4db4 (Unity) scripting_method_invoke
0x00007ff73f9d4654 (Unity) ScriptingInvocation::Invoke
0x00007ff73f9cf265 (Unity) ScriptingInvocation::Invoke<void>
0x00007ff73fb27e23 (Unity) Scripting::UnityEditor::EditorAssembliesProxy::ProcessInitializeOnLoadAttributes
0x00007ff73f9c94ab (Unity) MonoManager::SetupLoadedEditorAssemblies
0x00007ff73f9bf16d (Unity) MonoManager::EndReloadAssembly
0x00007ff73f9c6b28 (Unity) MonoManager::ReloadAssembly
0x00007ff7408ffcf2 (Unity) LoadDomainAndUserAssemblies
0x00007ff740900424 (Unity) LoadUserAssemblies
0x00007ff740df05ef (Unity) <lambda_f586749871dc2f4b36dca2d21a52c840>::operator()
0x00007ff740e30162 (Unity) asio::detail::completion_handler<core::mutable_function<void __cdecl(void)>,asio::io_context::basic_executor_type<std::allocator<void>,0> >::do_complete
0x00007ff740e1c04e (Unity) asio::detail::win_iocp_io_context::do_one
0x00007ff740e1dcb4 (Unity) asio::detail::win_iocp_io_context::run
0x00007ff740e2e54e (Unity) IOService::Run
0x00007ff740e0113f (Unity) AssetImportWorkerClient::Run
0x00007ff740dcb593 (Unity) RunAssetImportWorkerClientV2
0x00007ff740dcb61b (Unity) RunAssetImporterV2
0x00007ff7405f10d8 (Unity) Application::InitializeProject
0x00007ff740a4f828 (Unity) WinMain
0x00007ff741dd421e (Unity) __scrt_common_main_seh
0x00007ff902be7034 (KERNEL32) BaseThreadInitThunk
0x00007ff9030626a1 (ntdll) RtlUserThreadStart

`Assets/DChild/Objects/Location/General/Idling Background Creatures/Crow/NewCrow.png` and material `NewCrow_Material.mat` : Problematic Texture / Material Settings found: It is recommended to disable `Alpha Is Transparency` on `Premultiply alpha` textures.
Assuming `Premultiply alpha` texture because `Straight Alpha Texture` is disabled at material). (You can disable this warning in `Edit - Preferences - Spine`)
0x00007ff73facffed (Unity) StackWalker::GetCurrentCallstack
0x00007ff73fad6cc9 (Unity) StackWalker::ShowCallstack
0x00007ff740a450e3 (Unity) GetStacktrace
0x00007ff7410dbbcd (Unity) DebugStringToFile
0x00007ff73ec6c502 (Unity) DebugLogHandler_CUSTOM_Internal_Log
0x000001b488293b83 (Mono JIT Code) (wrapper managed-to-native) UnityEngine.DebugLogHandler:Internal_Log (UnityEngine.LogType,UnityEngine.LogOption,string,UnityEngine.Object)
0x000001b48829389b (Mono JIT Code) UnityEngine.DebugLogHandler:LogFormat (UnityEngine.LogType,UnityEngine.Object,string,object[])
0x000001b488293621 (Mono JIT Code) UnityEngine.Logger:Log (UnityEngine.LogType,object,UnityEngine.Object)
0x000001b4882934fd (Mono JIT Code) UnityEngine.Debug:LogWarning (object,UnityEngine.Object)
0x000001b4881f5053 (Mono JIT Code) [SpineEditorUtilities.cs:212] Spine.Unity.Editor.SpineEditorUtilities:IssueWarningsForUnrecommendedTextureSettings (string) 
0x000001b4881f4bbb (Mono JIT Code) [SpineEditorUtilities.cs:181] Spine.Unity.Editor.SpineEditorUtilities:IssueWarningsForUnrecommendedTextureSettings () 
0x000001b54baaa6db (Mono JIT Code) [SpineEditorUtilities.cs:163] Spine.Unity.Editor.SpineEditorUtilities:Initialize () 
0x000001b54baa9e8b (Mono JIT Code) [SpineEditorUtilities.cs:97] Spine.Unity.Editor.SpineEditorUtilities:.cctor () 
0x000001b54baa9f6d (Mono JIT Code) (wrapper runtime-invoke) object:runtime_invoke_void (object,intptr,intptr,intptr)
0x00007ff85a38fe24 (mono-2.0-bdwgc) [mini-runtime.c:3445] mono_jit_runtime_invoke 
0x00007ff85a2ce764 (mono-2.0-bdwgc) [object.c:3066] do_runtime_invoke 
0x00007ff85a2c9810 (mono-2.0-bdwgc) [object.c:563] mono_runtime_class_init_full 
0x00007ff85a236290 (mono-2.0-bdwgc) [icall-def.h:751] ves_icall_System_Runtime_CompilerServices_RuntimeHelpers_RunClassConstructor_raw 
0x000001b494ad42fa (Mono JIT Code) (wrapper managed-to-native) System.Runtime.CompilerServices.RuntimeHelpers:RunClassConstructor (intptr)
0x000001b494ad420b (Mono JIT Code) System.Runtime.CompilerServices.RuntimeHelpers:RunClassConstructor (System.RuntimeTypeHandle)
0x000001b494ad338b (Mono JIT Code) UnityEditor.EditorAssemblies:ProcessInitializeOnLoadAttributes (System.Type[])
0x000001b491587e08 (Mono JIT Code) (wrapper runtime-invoke) <Module>:runtime_invoke_void_object (object,intptr,intptr,intptr)
0x00007ff85a38fe24 (mono-2.0-bdwgc) [mini-runtime.c:3445] mono_jit_runtime_invoke 
0x00007ff85a2ce764 (mono-2.0-bdwgc) [object.c:3066] do_runtime_invoke 
0x00007ff85a2ce8fc (mono-2.0-bdwgc) [object.c:3113] mono_runtime_invoke 
0x00007ff73f9f4db4 (Unity) scripting_method_invoke
0x00007ff73f9d4654 (Unity) ScriptingInvocation::Invoke
0x00007ff73f9cf265 (Unity) ScriptingInvocation::Invoke<void>
0x00007ff73fb27e23 (Unity) Scripting::UnityEditor::EditorAssembliesProxy::ProcessInitializeOnLoadAttributes
0x00007ff73f9c94ab (Unity) MonoManager::SetupLoadedEditorAssemblies
0x00007ff73f9bf16d (Unity) MonoManager::EndReloadAssembly
0x00007ff73f9c6b28 (Unity) MonoManager::ReloadAssembly
0x00007ff7408ffcf2 (Unity) LoadDomainAndUserAssemblies
0x00007ff740900424 (Unity) LoadUserAssemblies
0x00007ff740df05ef (Unity) <lambda_f586749871dc2f4b36dca2d21a52c840>::operator()
0x00007ff740e30162 (Unity) asio::detail::completion_handler<core::mutable_function<void __cdecl(void)>,asio::io_context::basic_executor_type<std::allocator<void>,0> >::do_complete
0x00007ff740e1c04e (Unity) asio::detail::win_iocp_io_context::do_one
0x00007ff740e1dcb4 (Unity) asio::detail::win_iocp_io_context::run
0x00007ff740e2e54e (Unity) IOService::Run
0x00007ff740e0113f (Unity) AssetImportWorkerClient::Run
0x00007ff740dcb593 (Unity) RunAssetImportWorkerClientV2
0x00007ff740dcb61b (Unity) RunAssetImporterV2
0x00007ff7405f10d8 (Unity) Application::InitializeProject
0x00007ff740a4f828 (Unity) WinMain
0x00007ff741dd421e (Unity) __scrt_common_main_seh
0x00007ff902be7034 (KERNEL32) BaseThreadInitThunk
0x00007ff9030626a1 (ntdll) RtlUserThreadStart

Mono: successfully reloaded assembly
- Completed reload, in  5.281 seconds
Domain Reload Profiling:
	ReloadAssembly (5282ms)
		BeginReloadAssembly (213ms)
			ExecutionOrderSort (0ms)
			DisableScriptedObjects (7ms)
			BackupInstance (0ms)
			ReleaseScriptingObjects (0ms)
			CreateAndSetChildDomain (75ms)
		EndReloadAssembly (4936ms)
			LoadAssemblies (136ms)
			RebuildTransferFunctionScriptingTraits (0ms)
			SetupTypeCache (474ms)
			ReleaseScriptCaches (6ms)
			RebuildScriptCaches (246ms)
			SetupLoadedEditorAssemblies (3929ms)
				LogAssemblyErrors (0ms)
				InitializePlatformSupportModulesInManaged (18ms)
				SetLoadedEditorAssemblies (0ms)
				RefreshPlugins (5ms)
				BeforeProcessingInitializeOnLoad (137ms)
				ProcessInitializeOnLoadAttributes (3652ms)
				ProcessInitializeOnLoadMethodAttributes (109ms)
				AfterProcessingInitializeOnLoad (8ms)
				EditorAssembliesLoaded (0ms)
			ExecutionOrderSort2 (0ms)
			AwakeInstancesAfterBackupRestoration (97ms)
Platform modules already initialized, skipping
Script error (MapAreaUI): Update() can not take parameters.
0x00007ff73facffed (Unity) StackWalker::GetCurrentCallstack
0x00007ff73fad6cc9 (Unity) StackWalker::ShowCallstack
0x00007ff740a450e3 (Unity) GetStacktrace
0x00007ff7410dbbcd (Unity) DebugStringToFile
0x00007ff73f998f4c (Unity) PopulateMethods
0x00007ff73f991c15 (Unity) CreateMonoScriptCache
0x00007ff73f99a1c3 (Unity) MonoScript::Renew
0x00007ff73f999796 (Unity) MonoScript::RebuildFromAwake
0x00007ff73fa8216a (Unity) PersistentManager::ReadAndActivateObjectThreaded
0x00007ff73fa826b1 (Unity) PersistentManager::ReadObjectThreaded
0x00007ff73fa82467 (Unity) PersistentManager::ReadObject
0x00007ff740dfe9f8 (Unity) AssetImportWorkerClient::RegisterAvailableScripts
0x00007ff740df062e (Unity) <lambda_f586749871dc2f4b36dca2d21a52c840>::operator()
0x00007ff740e30162 (Unity) asio::detail::completion_handler<core::mutable_function<void __cdecl(void)>,asio::io_context::basic_executor_type<std::allocator<void>,0> >::do_complete
0x00007ff740e1c04e (Unity) asio::detail::win_iocp_io_context::do_one
0x00007ff740e1dcb4 (Unity) asio::detail::win_iocp_io_context::run
0x00007ff740e2e54e (Unity) IOService::Run
0x00007ff740e0113f (Unity) AssetImportWorkerClient::Run
0x00007ff740dcb593 (Unity) RunAssetImportWorkerClientV2
0x00007ff740dcb61b (Unity) RunAssetImporterV2
0x00007ff7405f10d8 (Unity) Application::InitializeProject
0x00007ff740a4f828 (Unity) WinMain
0x00007ff741dd421e (Unity) __scrt_common_main_seh
0x00007ff902be7034 (KERNEL32) BaseThreadInitThunk
0x00007ff9030626a1 (ntdll) RtlUserThreadStart

Refreshing native plugins compatible for Editor in 7.08 ms, found 3 plugins.
Preloading 0 native plugins for Editor in 0.00 ms.
Unloading 9051 Unused Serialized files (Serialized files now loaded: 0)
Unloading 65 unused Assets / (2.9 MB). Loaded Objects now: 9515.
Memory consumption went from 0.53 GB to 0.53 GB.
Total: 44.145800 ms (FindLiveObjects: 0.799700 ms CreateObjectMapping: 1.132500 ms MarkObjects: 40.387900 ms  DeleteObjects: 1.824300 ms)

AssetImportParameters requested are different than current active one (requested -> active):
  custom:video-decoder-ogg-theora: a1e56fd34408186e4bbccfd4996cb3dc -> 
  custom:container-muxer-webm: aa71ff27fc2769a1b78a27578f13a17b -> 
  custom:container-demuxer-webm: 4f35f7cbe854078d1ac9338744f61a02 -> 
  custom:video-encoder-webm-vp8: eb34c28f22e8b96e1ab97ce403110664 -> 
  custom:audio-encoder-webm-vorbis: bf7c407c2cedff20999df2af8eb42d56 -> 
  custom:framework-win-MediaFoundation: 216162199b28c13a410421893ffa2e32 -> 
  custom:container-demuxer-ogg: 62fdf1f143b41e24485cea50d1cbac27 -> 
  custom:video-decoder-webm-vp8: 9c59270c3fd7afecdb556c50c9e8de78 -> 
  custom:audio-decoder-ogg-vorbis: bf7c407c2cedff20999df2af8eb42d56 -> 
========================================================================
Received Prepare
Registering precompiled user dll's ...
Registered in 0.011327 seconds.
Script error (MapAreaUI): Update() can not take parameters.
0x00007ff73facffed (Unity) StackWalker::GetCurrentCallstack
0x00007ff73fad6cc9 (Unity) StackWalker::ShowCallstack
0x00007ff740a450e3 (Unity) GetStacktrace
0x00007ff7410dbbcd (Unity) DebugStringToFile
0x00007ff73f998f4c (Unity) PopulateMethods
0x00007ff73f991c15 (Unity) CreateMonoScriptCache
0x00007ff73f99a1c3 (Unity) MonoScript::Renew
0x00007ff73f999796 (Unity) MonoScript::RebuildFromAwake
0x00007ff73fa8216a (Unity) PersistentManager::ReadAndActivateObjectThreaded
0x00007ff73fa826b1 (Unity) PersistentManager::ReadObjectThreaded
0x00007ff73fa82467 (Unity) PersistentManager::ReadObject
0x00007ff73f98c8cf (Unity) AddScriptsToList
0x00007ff73f99414a (Unity) MonoScriptManager::GetAllRuntimeAndEditorScripts
0x00007ff740902ec3 (Unity) UpdateAllScriptPaths
0x00007ff7408fe64c (Unity) InitializeManagedCompilationPipeline
0x00007ff7409013e7 (Unity) RegisterAssetsAndInitializeAssemblies
0x00007ff74090041f (Unity) LoadUserAssemblies
0x00007ff740df05ef (Unity) <lambda_f586749871dc2f4b36dca2d21a52c840>::operator()
0x00007ff740e30162 (Unity) asio::detail::completion_handler<core::mutable_function<void __cdecl(void)>,asio::io_context::basic_executor_type<std::allocator<void>,0> >::do_complete
0x00007ff740e1c04e (Unity) asio::detail::win_iocp_io_context::do_one
0x00007ff740e1dcb4 (Unity) asio::detail::win_iocp_io_context::run
0x00007ff740e2e54e (Unity) IOService::Run
0x00007ff740e0113f (Unity) AssetImportWorkerClient::Run
0x00007ff740dcb593 (Unity) RunAssetImportWorkerClientV2
0x00007ff740dcb61b (Unity) RunAssetImporterV2
0x00007ff7405f10d8 (Unity) Application::InitializeProject
0x00007ff740a4f828 (Unity) WinMain
0x00007ff741dd421e (Unity) __scrt_common_main_seh
0x00007ff902be7034 (KERNEL32) BaseThreadInitThunk
0x00007ff9030626a1 (ntdll) RtlUserThreadStart

Begin MonoManager ReloadAssembly
Script error (MapAreaUI): Update() can not take parameters.
0x00007ff73facffed (Unity) StackWalker::GetCurrentCallstack
0x00007ff73fad6cc9 (Unity) StackWalker::ShowCallstack
0x00007ff740a450e3 (Unity) GetStacktrace
0x00007ff7410dbbcd (Unity) DebugStringToFile
0x00007ff73f998f4c (Unity) PopulateMethods
0x00007ff73f991c15 (Unity) CreateMonoScriptCache
0x00007ff73f99a1c3 (Unity) MonoScript::Renew
0x00007ff73f9bf0f0 (Unity) MonoManager::EndReloadAssembly
0x00007ff73f9c6b28 (Unity) MonoManager::ReloadAssembly
0x00007ff7408ffcf2 (Unity) LoadDomainAndUserAssemblies
0x00007ff740900424 (Unity) LoadUserAssemblies
0x00007ff740df05ef (Unity) <lambda_f586749871dc2f4b36dca2d21a52c840>::operator()
0x00007ff740e30162 (Unity) asio::detail::completion_handler<core::mutable_function<void __cdecl(void)>,asio::io_context::basic_executor_type<std::allocator<void>,0> >::do_complete
0x00007ff740e1c04e (Unity) asio::detail::win_iocp_io_context::do_one
0x00007ff740e1dcb4 (Unity) asio::detail::win_iocp_io_context::run
0x00007ff740e2e54e (Unity) IOService::Run
0x00007ff740e0113f (Unity) AssetImportWorkerClient::Run
0x00007ff740dcb593 (Unity) RunAssetImportWorkerClientV2
0x00007ff740dcb61b (Unity) RunAssetImporterV2
0x00007ff7405f10d8 (Unity) Application::InitializeProject
0x00007ff740a4f828 (Unity) WinMain
0x00007ff741dd421e (Unity) __scrt_common_main_seh
0x00007ff902be7034 (KERNEL32) BaseThreadInitThunk
0x00007ff9030626a1 (ntdll) RtlUserThreadStart

Native extension for WindowsStandalone target not found
Refreshing native plugins compatible for Editor in 10.41 ms, found 3 plugins.
Preloading 0 native plugins for Editor in 0.00 ms.
`Assets/DChild/Objects/Characters/Enemy/Bosses/QueenBee/Model 3/QUEEN BEE NO DRONES.png` and material `QUEEN BEE NO DRONES_Material.mat` : Problematic Texture / Material Settings found: It is recommended to disable `Alpha Is Transparency` on `Premultiply alpha` textures.
Assuming `Premultiply alpha` texture because `Straight Alpha Texture` is disabled at material). (You can disable this warning in `Edit - Preferences - Spine`)
0x00007ff73facffed (Unity) StackWalker::GetCurrentCallstack
0x00007ff73fad6cc9 (Unity) StackWalker::ShowCallstack
0x00007ff740a450e3 (Unity) GetStacktrace
0x00007ff7410dbbcd (Unity) DebugStringToFile
0x00007ff73ec6c502 (Unity) DebugLogHandler_CUSTOM_Internal_Log
0x000001b48b8c1163 (Mono JIT Code) (wrapper managed-to-native) UnityEngine.DebugLogHandler:Internal_Log (UnityEngine.LogType,UnityEngine.LogOption,string,UnityEngine.Object)
0x000001b48b8c0e7b (Mono JIT Code) UnityEngine.DebugLogHandler:LogFormat (UnityEngine.LogType,UnityEngine.Object,string,object[])
0x000001b48b8c0c01 (Mono JIT Code) UnityEngine.Logger:Log (UnityEngine.LogType,object,UnityEngine.Object)
0x000001b48b8c0add (Mono JIT Code) UnityEngine.Debug:LogWarning (object,UnityEngine.Object)
0x000001b48b8b1663 (Mono JIT Code) [SpineEditorUtilities.cs:212] Spine.Unity.Editor.SpineEditorUtilities:IssueWarningsForUnrecommendedTextureSettings (string) 
0x000001b48b8b11cb (Mono JIT Code) [SpineEditorUtilities.cs:181] Spine.Unity.Editor.SpineEditorUtilities:IssueWarningsForUnrecommendedTextureSettings () 
0x000001b48b899d6b (Mono JIT Code) [SpineEditorUtilities.cs:163] Spine.Unity.Editor.SpineEditorUtilities:Initialize () 
0x000001b48b8995ab (Mono JIT Code) [SpineEditorUtilities.cs:97] Spine.Unity.Editor.SpineEditorUtilities:.cctor () 
0x000001b48b89966d (Mono JIT Code) (wrapper runtime-invoke) object:runtime_invoke_void (object,intptr,intptr,intptr)
0x00007ff85a38fe24 (mono-2.0-bdwgc) [mini-runtime.c:3445] mono_jit_runtime_invoke 
0x00007ff85a2ce764 (mono-2.0-bdwgc) [object.c:3066] do_runtime_invoke 
0x00007ff85a2c9810 (mono-2.0-bdwgc) [object.c:563] mono_runtime_class_init_full 
0x00007ff85a236290 (mono-2.0-bdwgc) [icall-def.h:751] ves_icall_System_Runtime_CompilerServices_RuntimeHelpers_RunClassConstructor_raw 
0x000001b494ae42fa (Mono JIT Code) (wrapper managed-to-native) System.Runtime.CompilerServices.RuntimeHelpers:RunClassConstructor (intptr)
0x000001b494ae420b (Mono JIT Code) System.Runtime.CompilerServices.RuntimeHelpers:RunClassConstructor (System.RuntimeTypeHandle)
0x000001b494ae338b (Mono JIT Code) UnityEditor.EditorAssemblies:ProcessInitializeOnLoadAttributes (System.Type[])
0x000001b488297e08 (Mono JIT Code) (wrapper runtime-invoke) <Module>:runtime_invoke_void_object (object,intptr,intptr,intptr)
0x00007ff85a38fe24 (mono-2.0-bdwgc) [mini-runtime.c:3445] mono_jit_runtime_invoke 
0x00007ff85a2ce764 (mono-2.0-bdwgc) [object.c:3066] do_runtime_invoke 
0x00007ff85a2ce8fc (mono-2.0-bdwgc) [object.c:3113] mono_runtime_invoke 
0x00007ff73f9f4db4 (Unity) scripting_method_invoke
0x00007ff73f9d4654 (Unity) ScriptingInvocation::Invoke
0x00007ff73f9cf265 (Unity) ScriptingInvocation::Invoke<void>
0x00007ff73fb27e23 (Unity) Scripting::UnityEditor::EditorAssembliesProxy::ProcessInitializeOnLoadAttributes
0x00007ff73f9c94ab (Unity) MonoManager::SetupLoadedEditorAssemblies
0x00007ff73f9bf16d (Unity) MonoManager::EndReloadAssembly
0x00007ff73f9c6b28 (Unity) MonoManager::ReloadAssembly
0x00007ff7408ffcf2 (Unity) LoadDomainAndUserAssemblies
0x00007ff740900424 (Unity) LoadUserAssemblies
0x00007ff740df05ef (Unity) <lambda_f586749871dc2f4b36dca2d21a52c840>::operator()
0x00007ff740e30162 (Unity) asio::detail::completion_handler<core::mutable_function<void __cdecl(void)>,asio::io_context::basic_executor_type<std::allocator<void>,0> >::do_complete
0x00007ff740e1c04e (Unity) asio::detail::win_iocp_io_context::do_one
0x00007ff740e1dcb4 (Unity) asio::detail::win_iocp_io_context::run
0x00007ff740e2e54e (Unity) IOService::Run
0x00007ff740e0113f (Unity) AssetImportWorkerClient::Run
0x00007ff740dcb593 (Unity) RunAssetImportWorkerClientV2
0x00007ff740dcb61b (Unity) RunAssetImporterV2
0x00007ff7405f10d8 (Unity) Application::InitializeProject
0x00007ff740a4f828 (Unity) WinMain
0x00007ff741dd421e (Unity) __scrt_common_main_seh
0x00007ff902be7034 (KERNEL32) BaseThreadInitThunk
0x00007ff9030626a1 (ntdll) RtlUserThreadStart

`Assets/DChild/Objects/Location/CityOfTheDead/Arena Crowd/Crowd2/skeleton.png` and material `skeleton_Material.mat` : Incorrect Texture / Material Settings found: It is strongly recommended to enable `Alpha Is Transparency` on `Straight alpha` textures.
Assuming `Straight alpha` texture because `Straight Alpha Texture` is enabled at material). (You can disable this warning in `Edit - Preferences - Spine`)
0x00007ff73facffed (Unity) StackWalker::GetCurrentCallstack
0x00007ff73fad6cc9 (Unity) StackWalker::ShowCallstack
0x00007ff740a450e3 (Unity) GetStacktrace
0x00007ff7410dbbcd (Unity) DebugStringToFile
0x00007ff73ec6c502 (Unity) DebugLogHandler_CUSTOM_Internal_Log
0x000001b48b8c1163 (Mono JIT Code) (wrapper managed-to-native) UnityEngine.DebugLogHandler:Internal_Log (UnityEngine.LogType,UnityEngine.LogOption,string,UnityEngine.Object)
0x000001b48b8c0e7b (Mono JIT Code) UnityEngine.DebugLogHandler:LogFormat (UnityEngine.LogType,UnityEngine.Object,string,object[])
0x000001b48b8c0c01 (Mono JIT Code) UnityEngine.Logger:Log (UnityEngine.LogType,object,UnityEngine.Object)
0x000001b48b8c0add (Mono JIT Code) UnityEngine.Debug:LogWarning (object,UnityEngine.Object)
0x000001b48b8b1663 (Mono JIT Code) [SpineEditorUtilities.cs:212] Spine.Unity.Editor.SpineEditorUtilities:IssueWarningsForUnrecommendedTextureSettings (string) 
0x000001b48b8b11cb (Mono JIT Code) [SpineEditorUtilities.cs:181] Spine.Unity.Editor.SpineEditorUtilities:IssueWarningsForUnrecommendedTextureSettings () 
0x000001b48b899d6b (Mono JIT Code) [SpineEditorUtilities.cs:163] Spine.Unity.Editor.SpineEditorUtilities:Initialize () 
0x000001b48b8995ab (Mono JIT Code) [SpineEditorUtilities.cs:97] Spine.Unity.Editor.SpineEditorUtilities:.cctor () 
0x000001b48b89966d (Mono JIT Code) (wrapper runtime-invoke) object:runtime_invoke_void (object,intptr,intptr,intptr)
0x00007ff85a38fe24 (mono-2.0-bdwgc) [mini-runtime.c:3445] mono_jit_runtime_invoke 
0x00007ff85a2ce764 (mono-2.0-bdwgc) [object.c:3066] do_runtime_invoke 
0x00007ff85a2c9810 (mono-2.0-bdwgc) [object.c:563] mono_runtime_class_init_full 
0x00007ff85a236290 (mono-2.0-bdwgc) [icall-def.h:751] ves_icall_System_Runtime_CompilerServices_RuntimeHelpers_RunClassConstructor_raw 
0x000001b494ae42fa (Mono JIT Code) (wrapper managed-to-native) System.Runtime.CompilerServices.RuntimeHelpers:RunClassConstructor (intptr)
0x000001b494ae420b (Mono JIT Code) System.Runtime.CompilerServices.RuntimeHelpers:RunClassConstructor (System.RuntimeTypeHandle)
0x000001b494ae338b (Mono JIT Code) UnityEditor.EditorAssemblies:ProcessInitializeOnLoadAttributes (System.Type[])
0x000001b488297e08 (Mono JIT Code) (wrapper runtime-invoke) <Module>:runtime_invoke_void_object (object,intptr,intptr,intptr)
0x00007ff85a38fe24 (mono-2.0-bdwgc) [mini-runtime.c:3445] mono_jit_runtime_invoke 
0x00007ff85a2ce764 (mono-2.0-bdwgc) [object.c:3066] do_runtime_invoke 
0x00007ff85a2ce8fc (mono-2.0-bdwgc) [object.c:3113] mono_runtime_invoke 
0x00007ff73f9f4db4 (Unity) scripting_method_invoke
0x00007ff73f9d4654 (Unity) ScriptingInvocation::Invoke
0x00007ff73f9cf265 (Unity) ScriptingInvocation::Invoke<void>
0x00007ff73fb27e23 (Unity) Scripting::UnityEditor::EditorAssembliesProxy::ProcessInitializeOnLoadAttributes
0x00007ff73f9c94ab (Unity) MonoManager::SetupLoadedEditorAssemblies
0x00007ff73f9bf16d (Unity) MonoManager::EndReloadAssembly
0x00007ff73f9c6b28 (Unity) MonoManager::ReloadAssembly
0x00007ff7408ffcf2 (Unity) LoadDomainAndUserAssemblies
0x00007ff740900424 (Unity) LoadUserAssemblies
0x00007ff740df05ef (Unity) <lambda_f586749871dc2f4b36dca2d21a52c840>::operator()
0x00007ff740e30162 (Unity) asio::detail::completion_handler<core::mutable_function<void __cdecl(void)>,asio::io_context::basic_executor_type<std::allocator<void>,0> >::do_complete
0x00007ff740e1c04e (Unity) asio::detail::win_iocp_io_context::do_one
0x00007ff740e1dcb4 (Unity) asio::detail::win_iocp_io_context::run
0x00007ff740e2e54e (Unity) IOService::Run
0x00007ff740e0113f (Unity) AssetImportWorkerClient::Run
0x00007ff740dcb593 (Unity) RunAssetImportWorkerClientV2
0x00007ff740dcb61b (Unity) RunAssetImporterV2
0x00007ff7405f10d8 (Unity) Application::InitializeProject
0x00007ff740a4f828 (Unity) WinMain
0x00007ff741dd421e (Unity) __scrt_common_main_seh
0x00007ff902be7034 (KERNEL32) BaseThreadInitThunk
0x00007ff9030626a1 (ntdll) RtlUserThreadStart

`Assets/DChild/Objects/Location/CityOfTheDead/Arena Crowd/CrowdGroup/skeleton.png` and material `skeleton_Material.mat` : Incorrect Texture / Material Settings found: It is strongly recommended to enable `Alpha Is Transparency` on `Straight alpha` textures.
Assuming `Straight alpha` texture because `Straight Alpha Texture` is enabled at material). (You can disable this warning in `Edit - Preferences - Spine`)
0x00007ff73facffed (Unity) StackWalker::GetCurrentCallstack
0x00007ff73fad6cc9 (Unity) StackWalker::ShowCallstack
0x00007ff740a450e3 (Unity) GetStacktrace
0x00007ff7410dbbcd (Unity) DebugStringToFile
0x00007ff73ec6c502 (Unity) DebugLogHandler_CUSTOM_Internal_Log
0x000001b48b8c1163 (Mono JIT Code) (wrapper managed-to-native) UnityEngine.DebugLogHandler:Internal_Log (UnityEngine.LogType,UnityEngine.LogOption,string,UnityEngine.Object)
0x000001b48b8c0e7b (Mono JIT Code) UnityEngine.DebugLogHandler:LogFormat (UnityEngine.LogType,UnityEngine.Object,string,object[])
0x000001b48b8c0c01 (Mono JIT Code) UnityEngine.Logger:Log (UnityEngine.LogType,object,UnityEngine.Object)
0x000001b48b8c0add (Mono JIT Code) UnityEngine.Debug:LogWarning (object,UnityEngine.Object)
0x000001b48b8b1663 (Mono JIT Code) [SpineEditorUtilities.cs:212] Spine.Unity.Editor.SpineEditorUtilities:IssueWarningsForUnrecommendedTextureSettings (string) 
0x000001b48b8b11cb (Mono JIT Code) [SpineEditorUtilities.cs:181] Spine.Unity.Editor.SpineEditorUtilities:IssueWarningsForUnrecommendedTextureSettings () 
0x000001b48b899d6b (Mono JIT Code) [SpineEditorUtilities.cs:163] Spine.Unity.Editor.SpineEditorUtilities:Initialize () 
0x000001b48b8995ab (Mono JIT Code) [SpineEditorUtilities.cs:97] Spine.Unity.Editor.SpineEditorUtilities:.cctor () 
0x000001b48b89966d (Mono JIT Code) (wrapper runtime-invoke) object:runtime_invoke_void (object,intptr,intptr,intptr)
0x00007ff85a38fe24 (mono-2.0-bdwgc) [mini-runtime.c:3445] mono_jit_runtime_invoke 
0x00007ff85a2ce764 (mono-2.0-bdwgc) [object.c:3066] do_runtime_invoke 
0x00007ff85a2c9810 (mono-2.0-bdwgc) [object.c:563] mono_runtime_class_init_full 
0x00007ff85a236290 (mono-2.0-bdwgc) [icall-def.h:751] ves_icall_System_Runtime_CompilerServices_RuntimeHelpers_RunClassConstructor_raw 
0x000001b494ae42fa (Mono JIT Code) (wrapper managed-to-native) System.Runtime.CompilerServices.RuntimeHelpers:RunClassConstructor (intptr)
0x000001b494ae420b (Mono JIT Code) System.Runtime.CompilerServices.RuntimeHelpers:RunClassConstructor (System.RuntimeTypeHandle)
0x000001b494ae338b (Mono JIT Code) UnityEditor.EditorAssemblies:ProcessInitializeOnLoadAttributes (System.Type[])
0x000001b488297e08 (Mono JIT Code) (wrapper runtime-invoke) <Module>:runtime_invoke_void_object (object,intptr,intptr,intptr)
0x00007ff85a38fe24 (mono-2.0-bdwgc) [mini-runtime.c:3445] mono_jit_runtime_invoke 
0x00007ff85a2ce764 (mono-2.0-bdwgc) [object.c:3066] do_runtime_invoke 
0x00007ff85a2ce8fc (mono-2.0-bdwgc) [object.c:3113] mono_runtime_invoke 
0x00007ff73f9f4db4 (Unity) scripting_method_invoke
0x00007ff73f9d4654 (Unity) ScriptingInvocation::Invoke
0x00007ff73f9cf265 (Unity) ScriptingInvocation::Invoke<void>
0x00007ff73fb27e23 (Unity) Scripting::UnityEditor::EditorAssembliesProxy::ProcessInitializeOnLoadAttributes
0x00007ff73f9c94ab (Unity) MonoManager::SetupLoadedEditorAssemblies
0x00007ff73f9bf16d (Unity) MonoManager::EndReloadAssembly
0x00007ff73f9c6b28 (Unity) MonoManager::ReloadAssembly
0x00007ff7408ffcf2 (Unity) LoadDomainAndUserAssemblies
0x00007ff740900424 (Unity) LoadUserAssemblies
0x00007ff740df05ef (Unity) <lambda_f586749871dc2f4b36dca2d21a52c840>::operator()
0x00007ff740e30162 (Unity) asio::detail::completion_handler<core::mutable_function<void __cdecl(void)>,asio::io_context::basic_executor_type<std::allocator<void>,0> >::do_complete
0x00007ff740e1c04e (Unity) asio::detail::win_iocp_io_context::do_one
0x00007ff740e1dcb4 (Unity) asio::detail::win_iocp_io_context::run
0x00007ff740e2e54e (Unity) IOService::Run
0x00007ff740e0113f (Unity) AssetImportWorkerClient::Run
0x00007ff740dcb593 (Unity) RunAssetImportWorkerClientV2
0x00007ff740dcb61b (Unity) RunAssetImporterV2
0x00007ff7405f10d8 (Unity) Application::InitializeProject
0x00007ff740a4f828 (Unity) WinMain
0x00007ff741dd421e (Unity) __scrt_common_main_seh
0x00007ff902be7034 (KERNEL32) BaseThreadInitThunk
0x00007ff9030626a1 (ntdll) RtlUserThreadStart

`Assets/DChild/Objects/Location/General/Idling Background Creatures/Crow/NewCrow.png` and material `NewCrow_Material.mat` : Problematic Texture / Material Settings found: It is recommended to disable `Alpha Is Transparency` on `Premultiply alpha` textures.
Assuming `Premultiply alpha` texture because `Straight Alpha Texture` is disabled at material). (You can disable this warning in `Edit - Preferences - Spine`)
0x00007ff73facffed (Unity) StackWalker::GetCurrentCallstack
0x00007ff73fad6cc9 (Unity) StackWalker::ShowCallstack
0x00007ff740a450e3 (Unity) GetStacktrace
0x00007ff7410dbbcd (Unity) DebugStringToFile
0x00007ff73ec6c502 (Unity) DebugLogHandler_CUSTOM_Internal_Log
0x000001b48b8c1163 (Mono JIT Code) (wrapper managed-to-native) UnityEngine.DebugLogHandler:Internal_Log (UnityEngine.LogType,UnityEngine.LogOption,string,UnityEngine.Object)
0x000001b48b8c0e7b (Mono JIT Code) UnityEngine.DebugLogHandler:LogFormat (UnityEngine.LogType,UnityEngine.Object,string,object[])
0x000001b48b8c0c01 (Mono JIT Code) UnityEngine.Logger:Log (UnityEngine.LogType,object,UnityEngine.Object)
0x000001b48b8c0add (Mono JIT Code) UnityEngine.Debug:LogWarning (object,UnityEngine.Object)
0x000001b48b8b1663 (Mono JIT Code) [SpineEditorUtilities.cs:212] Spine.Unity.Editor.SpineEditorUtilities:IssueWarningsForUnrecommendedTextureSettings (string) 
0x000001b48b8b11cb (Mono JIT Code) [SpineEditorUtilities.cs:181] Spine.Unity.Editor.SpineEditorUtilities:IssueWarningsForUnrecommendedTextureSettings () 
0x000001b48b899d6b (Mono JIT Code) [SpineEditorUtilities.cs:163] Spine.Unity.Editor.SpineEditorUtilities:Initialize () 
0x000001b48b8995ab (Mono JIT Code) [SpineEditorUtilities.cs:97] Spine.Unity.Editor.SpineEditorUtilities:.cctor () 
0x000001b48b89966d (Mono JIT Code) (wrapper runtime-invoke) object:runtime_invoke_void (object,intptr,intptr,intptr)
0x00007ff85a38fe24 (mono-2.0-bdwgc) [mini-runtime.c:3445] mono_jit_runtime_invoke 
0x00007ff85a2ce764 (mono-2.0-bdwgc) [object.c:3066] do_runtime_invoke 
0x00007ff85a2c9810 (mono-2.0-bdwgc) [object.c:563] mono_runtime_class_init_full 
0x00007ff85a236290 (mono-2.0-bdwgc) [icall-def.h:751] ves_icall_System_Runtime_CompilerServices_RuntimeHelpers_RunClassConstructor_raw 
0x000001b494ae42fa (Mono JIT Code) (wrapper managed-to-native) System.Runtime.CompilerServices.RuntimeHelpers:RunClassConstructor (intptr)
0x000001b494ae420b (Mono JIT Code) System.Runtime.CompilerServices.RuntimeHelpers:RunClassConstructor (System.RuntimeTypeHandle)
0x000001b494ae338b (Mono JIT Code) UnityEditor.EditorAssemblies:ProcessInitializeOnLoadAttributes (System.Type[])
0x000001b488297e08 (Mono JIT Code) (wrapper runtime-invoke) <Module>:runtime_invoke_void_object (object,intptr,intptr,intptr)
0x00007ff85a38fe24 (mono-2.0-bdwgc) [mini-runtime.c:3445] mono_jit_runtime_invoke 
0x00007ff85a2ce764 (mono-2.0-bdwgc) [object.c:3066] do_runtime_invoke 
0x00007ff85a2ce8fc (mono-2.0-bdwgc) [object.c:3113] mono_runtime_invoke 
0x00007ff73f9f4db4 (Unity) scripting_method_invoke
0x00007ff73f9d4654 (Unity) ScriptingInvocation::Invoke
0x00007ff73f9cf265 (Unity) ScriptingInvocation::Invoke<void>
0x00007ff73fb27e23 (Unity) Scripting::UnityEditor::EditorAssembliesProxy::ProcessInitializeOnLoadAttributes
0x00007ff73f9c94ab (Unity) MonoManager::SetupLoadedEditorAssemblies
0x00007ff73f9bf16d (Unity) MonoManager::EndReloadAssembly
0x00007ff73f9c6b28 (Unity) MonoManager::ReloadAssembly
0x00007ff7408ffcf2 (Unity) LoadDomainAndUserAssemblies
0x00007ff740900424 (Unity) LoadUserAssemblies
0x00007ff740df05ef (Unity) <lambda_f586749871dc2f4b36dca2d21a52c840>::operator()
0x00007ff740e30162 (Unity) asio::detail::completion_handler<core::mutable_function<void __cdecl(void)>,asio::io_context::basic_executor_type<std::allocator<void>,0> >::do_complete
0x00007ff740e1c04e (Unity) asio::detail::win_iocp_io_context::do_one
0x00007ff740e1dcb4 (Unity) asio::detail::win_iocp_io_context::run
0x00007ff740e2e54e (Unity) IOService::Run
0x00007ff740e0113f (Unity) AssetImportWorkerClient::Run
0x00007ff740dcb593 (Unity) RunAssetImportWorkerClientV2
0x00007ff740dcb61b (Unity) RunAssetImporterV2
0x00007ff7405f10d8 (Unity) Application::InitializeProject
0x00007ff740a4f828 (Unity) WinMain
0x00007ff741dd421e (Unity) __scrt_common_main_seh
0x00007ff902be7034 (KERNEL32) BaseThreadInitThunk
0x00007ff9030626a1 (ntdll) RtlUserThreadStart

Mono: successfully reloaded assembly
- Completed reload, in  8.244 seconds
Domain Reload Profiling:
	ReloadAssembly (8245ms)
		BeginReloadAssembly (257ms)
			ExecutionOrderSort (0ms)
			DisableScriptedObjects (9ms)
			BackupInstance (0ms)
			ReleaseScriptingObjects (0ms)
			CreateAndSetChildDomain (95ms)
		EndReloadAssembly (7792ms)
			LoadAssemblies (190ms)
			RebuildTransferFunctionScriptingTraits (0ms)
			SetupTypeCache (655ms)
			ReleaseScriptCaches (10ms)
			RebuildScriptCaches (313ms)
			SetupLoadedEditorAssemblies (6423ms)
				LogAssemblyErrors (0ms)
				InitializePlatformSupportModulesInManaged (23ms)
				SetLoadedEditorAssemblies (1ms)
				RefreshPlugins (11ms)
				BeforeProcessingInitializeOnLoad (168ms)
				ProcessInitializeOnLoadAttributes (6065ms)
				ProcessInitializeOnLoadMethodAttributes (145ms)
				AfterProcessingInitializeOnLoad (11ms)
				EditorAssembliesLoaded (0ms)
			ExecutionOrderSort2 (0ms)
			AwakeInstancesAfterBackupRestoration (122ms)
Platform modules already initialized, skipping
Script error (MapAreaUI): Update() can not take parameters.
0x00007ff73facffed (Unity) StackWalker::GetCurrentCallstack
0x00007ff73fad6cc9 (Unity) StackWalker::ShowCallstack
0x00007ff740a450e3 (Unity) GetStacktrace
0x00007ff7410dbbcd (Unity) DebugStringToFile
0x00007ff73f998f4c (Unity) PopulateMethods
0x00007ff73f991c15 (Unity) CreateMonoScriptCache
0x00007ff73f99a1c3 (Unity) MonoScript::Renew
0x00007ff73f999796 (Unity) MonoScript::RebuildFromAwake
0x00007ff73fa8216a (Unity) PersistentManager::ReadAndActivateObjectThreaded
0x00007ff73fa826b1 (Unity) PersistentManager::ReadObjectThreaded
0x00007ff73fa82467 (Unity) PersistentManager::ReadObject
0x00007ff740dfe9f8 (Unity) AssetImportWorkerClient::RegisterAvailableScripts
0x00007ff740df062e (Unity) <lambda_f586749871dc2f4b36dca2d21a52c840>::operator()
0x00007ff740e30162 (Unity) asio::detail::completion_handler<core::mutable_function<void __cdecl(void)>,asio::io_context::basic_executor_type<std::allocator<void>,0> >::do_complete
0x00007ff740e1c04e (Unity) asio::detail::win_iocp_io_context::do_one
0x00007ff740e1dcb4 (Unity) asio::detail::win_iocp_io_context::run
0x00007ff740e2e54e (Unity) IOService::Run
0x00007ff740e0113f (Unity) AssetImportWorkerClient::Run
0x00007ff740dcb593 (Unity) RunAssetImportWorkerClientV2
0x00007ff740dcb61b (Unity) RunAssetImporterV2
0x00007ff7405f10d8 (Unity) Application::InitializeProject
0x00007ff740a4f828 (Unity) WinMain
0x00007ff741dd421e (Unity) __scrt_common_main_seh
0x00007ff902be7034 (KERNEL32) BaseThreadInitThunk
0x00007ff9030626a1 (ntdll) RtlUserThreadStart

Refreshing native plugins compatible for Editor in 12.22 ms, found 3 plugins.
Preloading 0 native plugins for Editor in 0.00 ms.
Unloading 9051 Unused Serialized files (Serialized files now loaded: 0)
Unloading 65 unused Assets / (2.9 MB). Loaded Objects now: 9518.
Memory consumption went from 0.54 GB to 0.54 GB.
Total: 53.358500 ms (FindLiveObjects: 0.834700 ms CreateObjectMapping: 1.029900 ms MarkObjects: 49.376100 ms  DeleteObjects: 2.116500 ms)

AssetImportParameters requested are different than current active one (requested -> active):
  custom:video-decoder-ogg-theora: a1e56fd34408186e4bbccfd4996cb3dc -> 
  custom:container-muxer-webm: aa71ff27fc2769a1b78a27578f13a17b -> 
  custom:container-demuxer-webm: 4f35f7cbe854078d1ac9338744f61a02 -> 
  custom:video-encoder-webm-vp8: eb34c28f22e8b96e1ab97ce403110664 -> 
  custom:audio-encoder-webm-vorbis: bf7c407c2cedff20999df2af8eb42d56 -> 
  custom:framework-win-MediaFoundation: 216162199b28c13a410421893ffa2e32 -> 
  custom:container-demuxer-ogg: 62fdf1f143b41e24485cea50d1cbac27 -> 
  custom:video-decoder-webm-vp8: 9c59270c3fd7afecdb556c50c9e8de78 -> 
  custom:audio-decoder-ogg-vorbis: bf7c407c2cedff20999df2af8eb42d56 -> 
