Using pre-set license
Built from '2021.3/staging' branch; Version is '2021.3.9f1 (ad3870b89536) revision 11352176'; Using compiler version '192829333'; Build Type 'Release'
OS: 'Windows 10  (10.0.19044) 64bit Professional' Language: 'en' Physical Memory: 32707 MB
BatchMode: 1, IsHumanControllingUs: 0, StartBugReporterOnCrash: 0, Is64bit: 1, IsPro: 1

COMMAND LINE ARGUMENTS:
C:\Program Files\Unity 2021.3.9f1\Editor\Unity.exe
-adb2
-batchMode
-noUpm
-name
AssetImportWorker4
-projectPath
D:/HolySoft Projects/DoomChild - Copy
-logFile
Logs/AssetImportWorker4.log
-srvPort
50253
Successfully changed project path to: D:/HolySoft Projects/DoomChild - Copy
D:/HolySoft Projects/DoomChild - Copy
[UnityMemory] Configuration Parameters - Can be set up in boot.config
    "memorysetup-bucket-allocator-granularity=16"
    "memorysetup-bucket-allocator-bucket-count=8"
    "memorysetup-bucket-allocator-block-size=33554432"
    "memorysetup-bucket-allocator-block-count=8"
    "memorysetup-main-allocator-block-size=16777216"
    "memorysetup-thread-allocator-block-size=16777216"
    "memorysetup-gfx-main-allocator-block-size=16777216"
    "memorysetup-gfx-thread-allocator-block-size=16777216"
    "memorysetup-cache-allocator-block-size=4194304"
    "memorysetup-typetree-allocator-block-size=2097152"
    "memorysetup-profiler-bucket-allocator-granularity=16"
    "memorysetup-profiler-bucket-allocator-bucket-count=8"
    "memorysetup-profiler-bucket-allocator-block-size=33554432"
    "memorysetup-profiler-bucket-allocator-block-count=8"
    "memorysetup-profiler-allocator-block-size=16777216"
    "memorysetup-profiler-editor-allocator-block-size=1048576"
    "memorysetup-temp-allocator-size-main=16777216"
    "memorysetup-job-temp-allocator-block-size=2097152"
    "memorysetup-job-temp-allocator-block-size-background=1048576"
    "memorysetup-job-temp-allocator-reduction-small-platforms=262144"
    "memorysetup-temp-allocator-size-background-worker=32768"
    "memorysetup-temp-allocator-size-job-worker=262144"
    "memorysetup-temp-allocator-size-preload-manager=33554432"
    "memorysetup-temp-allocator-size-nav-mesh-worker=65536"
    "memorysetup-temp-allocator-size-audio-worker=65536"
    "memorysetup-temp-allocator-size-cloud-worker=32768"
    "memorysetup-temp-allocator-size-gi-baking-worker=262144"
    "memorysetup-temp-allocator-size-gfx=262144"
Refreshing native plugins compatible for Editor in 811.48 ms, found 3 plugins.
Preloading 0 native plugins for Editor in 0.00 ms.
Initialize engine version: 2021.3.9f1 (ad3870b89536)
[Subsystems] Discovering subsystems at path C:/Program Files/Unity 2021.3.9f1/Editor/Data/Resources/UnitySubsystems
[Subsystems] Discovering subsystems at path D:/HolySoft Projects/DoomChild - Copy/Assets
GfxDevice: creating device client; threaded=0; jobified=0
Direct3D:
    Version:  Direct3D 11.0 [level 11.1]
    Renderer: NVIDIA GeForce GTX 1050 Ti (ID=0x1c82)
    Vendor:   NVIDIA
    VRAM:     4018 MB
    Driver:   30.0.15.1215
Initialize mono
Mono path[0] = 'C:/Program Files/Unity 2021.3.9f1/Editor/Data/Managed'
Mono path[1] = 'C:/Program Files/Unity 2021.3.9f1/Editor/Data/MonoBleedingEdge/lib/mono/unityjit-win32'
Mono config path = 'C:/Program Files/Unity 2021.3.9f1/Editor/Data/MonoBleedingEdge/etc'
Using monoOptions --debugger-agent=transport=dt_socket,embedding=1,server=y,suspend=n,address=127.0.0.1:56724
Begin MonoManager ReloadAssembly
Registering precompiled unity dll's ...
Register platform support module: C:/Program Files/Unity 2021.3.9f1/Editor/Data/PlaybackEngines/WindowsStandaloneSupport/UnityEditor.WindowsStandalone.Extensions.dll
Registered in 0.007319 seconds.
Native extension for WindowsStandalone target not found
Refreshing native plugins compatible for Editor in 475.68 ms, found 3 plugins.
Preloading 0 native plugins for Editor in 0.00 ms.
Mono: successfully reloaded assembly
- Completed reload, in  1.564 seconds
Domain Reload Profiling:
	ReloadAssembly (1565ms)
		BeginReloadAssembly (112ms)
			ExecutionOrderSort (0ms)
			DisableScriptedObjects (0ms)
			BackupInstance (0ms)
			ReleaseScriptingObjects (0ms)
			CreateAndSetChildDomain (2ms)
		EndReloadAssembly (1269ms)
			LoadAssemblies (108ms)
			RebuildTransferFunctionScriptingTraits (0ms)
			SetupTypeCache (182ms)
			ReleaseScriptCaches (0ms)
			RebuildScriptCaches (52ms)
			SetupLoadedEditorAssemblies (708ms)
				LogAssemblyErrors (0ms)
				InitializePlatformSupportModulesInManaged (13ms)
				SetLoadedEditorAssemblies (0ms)
				RefreshPlugins (476ms)
				BeforeProcessingInitializeOnLoad (1ms)
				ProcessInitializeOnLoadAttributes (157ms)
				ProcessInitializeOnLoadMethodAttributes (60ms)
				AfterProcessingInitializeOnLoad (0ms)
				EditorAssembliesLoaded (0ms)
			ExecutionOrderSort2 (0ms)
			AwakeInstancesAfterBackupRestoration (0ms)
Platform modules already initialized, skipping
Registering precompiled user dll's ...
Registered in 0.010179 seconds.
Begin MonoManager ReloadAssembly
Script error (MapAreaUI): Update() can not take parameters.
0x00007ff73facffed (Unity) StackWalker::GetCurrentCallstack
0x00007ff73fad6cc9 (Unity) StackWalker::ShowCallstack
0x00007ff740a450e3 (Unity) GetStacktrace
0x00007ff7410dbbcd (Unity) DebugStringToFile
0x00007ff73f998f4c (Unity) PopulateMethods
0x00007ff73f991c15 (Unity) CreateMonoScriptCache
0x00007ff73f99a1c3 (Unity) MonoScript::Renew
0x00007ff73f9bf0f0 (Unity) MonoManager::EndReloadAssembly
0x00007ff73f9c6b28 (Unity) MonoManager::ReloadAssembly
0x00007ff7408ffcf2 (Unity) LoadDomainAndUserAssemblies
0x00007ff740900424 (Unity) LoadUserAssemblies
0x00007ff7405f10d3 (Unity) Application::InitializeProject
0x00007ff740a4f828 (Unity) WinMain
0x00007ff741dd421e (Unity) __scrt_common_main_seh
0x00007ff902be7034 (KERNEL32) BaseThreadInitThunk
0x00007ff9030626a1 (ntdll) RtlUserThreadStart

Native extension for WindowsStandalone target not found
Refreshing native plugins compatible for Editor in 489.16 ms, found 3 plugins.
Preloading 0 native plugins for Editor in 0.00 ms.
Launched and connected shader compiler UnityShaderCompiler.exe after 0.07 seconds
`Assets/DChild/Objects/Characters/Enemy/Bosses/QueenBee/Model 3/QUEEN BEE NO DRONES.png` and material `QUEEN BEE NO DRONES_Material.mat` : Problematic Texture / Material Settings found: It is recommended to disable `Alpha Is Transparency` on `Premultiply alpha` textures.
Assuming `Premultiply alpha` texture because `Straight Alpha Texture` is disabled at material). (You can disable this warning in `Edit - Preferences - Spine`)
0x00007ff73facffed (Unity) StackWalker::GetCurrentCallstack
0x00007ff73fad6cc9 (Unity) StackWalker::ShowCallstack
0x00007ff740a450e3 (Unity) GetStacktrace
0x00007ff7410dbbcd (Unity) DebugStringToFile
0x00007ff73ec6c502 (Unity) DebugLogHandler_CUSTOM_Internal_Log
0x000001cc866386f3 (Mono JIT Code) (wrapper managed-to-native) UnityEngine.DebugLogHandler:Internal_Log (UnityEngine.LogType,UnityEngine.LogOption,string,UnityEngine.Object)
0x000001cc866383ab (Mono JIT Code) UnityEngine.DebugLogHandler:LogFormat (UnityEngine.LogType,UnityEngine.Object,string,object[])
0x000001cc866380f1 (Mono JIT Code) UnityEngine.Logger:Log (UnityEngine.LogType,object,UnityEngine.Object)
0x000001cc86637fcd (Mono JIT Code) UnityEngine.Debug:LogWarning (object,UnityEngine.Object)
0x000001cc856540d3 (Mono JIT Code) [SpineEditorUtilities.cs:212] Spine.Unity.Editor.SpineEditorUtilities:IssueWarningsForUnrecommendedTextureSettings (string) 
0x000001cc85653c2b (Mono JIT Code) [SpineEditorUtilities.cs:181] Spine.Unity.Editor.SpineEditorUtilities:IssueWarningsForUnrecommendedTextureSettings () 
0x000001cefd91965b (Mono JIT Code) [SpineEditorUtilities.cs:163] Spine.Unity.Editor.SpineEditorUtilities:Initialize () 
0x000001cefd918e9b (Mono JIT Code) [SpineEditorUtilities.cs:97] Spine.Unity.Editor.SpineEditorUtilities:.cctor () 
0x000001cefd918f5d (Mono JIT Code) (wrapper runtime-invoke) object:runtime_invoke_void (object,intptr,intptr,intptr)
0x00007ff85a38fe24 (mono-2.0-bdwgc) [mini-runtime.c:3445] mono_jit_runtime_invoke 
0x00007ff85a2ce764 (mono-2.0-bdwgc) [object.c:3066] do_runtime_invoke 
0x00007ff85a2c9810 (mono-2.0-bdwgc) [object.c:563] mono_runtime_class_init_full 
0x00007ff85a236290 (mono-2.0-bdwgc) [icall-def.h:751] ves_icall_System_Runtime_CompilerServices_RuntimeHelpers_RunClassConstructor_raw 
0x000001cefd7a2eea (Mono JIT Code) (wrapper managed-to-native) System.Runtime.CompilerServices.RuntimeHelpers:RunClassConstructor (intptr)
0x000001cefd7a2dfb (Mono JIT Code) System.Runtime.CompilerServices.RuntimeHelpers:RunClassConstructor (System.RuntimeTypeHandle)
0x000001cefd7a1e0b (Mono JIT Code) UnityEditor.EditorAssemblies:ProcessInitializeOnLoadAttributes (System.Type[])
0x000001cefc057e08 (Mono JIT Code) (wrapper runtime-invoke) <Module>:runtime_invoke_void_object (object,intptr,intptr,intptr)
0x00007ff85a38fe24 (mono-2.0-bdwgc) [mini-runtime.c:3445] mono_jit_runtime_invoke 
0x00007ff85a2ce764 (mono-2.0-bdwgc) [object.c:3066] do_runtime_invoke 
0x00007ff85a2ce8fc (mono-2.0-bdwgc) [object.c:3113] mono_runtime_invoke 
0x00007ff73f9f4db4 (Unity) scripting_method_invoke
0x00007ff73f9d4654 (Unity) ScriptingInvocation::Invoke
0x00007ff73f9cf265 (Unity) ScriptingInvocation::Invoke<void>
0x00007ff73fb27e23 (Unity) Scripting::UnityEditor::EditorAssembliesProxy::ProcessInitializeOnLoadAttributes
0x00007ff73f9c94ab (Unity) MonoManager::SetupLoadedEditorAssemblies
0x00007ff73f9bf16d (Unity) MonoManager::EndReloadAssembly
0x00007ff73f9c6b28 (Unity) MonoManager::ReloadAssembly
0x00007ff7408ffcf2 (Unity) LoadDomainAndUserAssemblies
0x00007ff740900424 (Unity) LoadUserAssemblies
0x00007ff7405f10d3 (Unity) Application::InitializeProject
0x00007ff740a4f828 (Unity) WinMain
0x00007ff741dd421e (Unity) __scrt_common_main_seh
0x00007ff902be7034 (KERNEL32) BaseThreadInitThunk
0x00007ff9030626a1 (ntdll) RtlUserThreadStart

`Assets/DChild/Objects/Location/CityOfTheDead/Arena Crowd/Crowd2/skeleton.png` and material `skeleton_Material.mat` : Incorrect Texture / Material Settings found: It is strongly recommended to enable `Alpha Is Transparency` on `Straight alpha` textures.
Assuming `Straight alpha` texture because `Straight Alpha Texture` is enabled at material). (You can disable this warning in `Edit - Preferences - Spine`)
0x00007ff73facffed (Unity) StackWalker::GetCurrentCallstack
0x00007ff73fad6cc9 (Unity) StackWalker::ShowCallstack
0x00007ff740a450e3 (Unity) GetStacktrace
0x00007ff7410dbbcd (Unity) DebugStringToFile
0x00007ff73ec6c502 (Unity) DebugLogHandler_CUSTOM_Internal_Log
0x000001cc866386f3 (Mono JIT Code) (wrapper managed-to-native) UnityEngine.DebugLogHandler:Internal_Log (UnityEngine.LogType,UnityEngine.LogOption,string,UnityEngine.Object)
0x000001cc866383ab (Mono JIT Code) UnityEngine.DebugLogHandler:LogFormat (UnityEngine.LogType,UnityEngine.Object,string,object[])
0x000001cc866380f1 (Mono JIT Code) UnityEngine.Logger:Log (UnityEngine.LogType,object,UnityEngine.Object)
0x000001cc86637fcd (Mono JIT Code) UnityEngine.Debug:LogWarning (object,UnityEngine.Object)
0x000001cc856540d3 (Mono JIT Code) [SpineEditorUtilities.cs:212] Spine.Unity.Editor.SpineEditorUtilities:IssueWarningsForUnrecommendedTextureSettings (string) 
0x000001cc85653c2b (Mono JIT Code) [SpineEditorUtilities.cs:181] Spine.Unity.Editor.SpineEditorUtilities:IssueWarningsForUnrecommendedTextureSettings () 
0x000001cefd91965b (Mono JIT Code) [SpineEditorUtilities.cs:163] Spine.Unity.Editor.SpineEditorUtilities:Initialize () 
0x000001cefd918e9b (Mono JIT Code) [SpineEditorUtilities.cs:97] Spine.Unity.Editor.SpineEditorUtilities:.cctor () 
0x000001cefd918f5d (Mono JIT Code) (wrapper runtime-invoke) object:runtime_invoke_void (object,intptr,intptr,intptr)
0x00007ff85a38fe24 (mono-2.0-bdwgc) [mini-runtime.c:3445] mono_jit_runtime_invoke 
0x00007ff85a2ce764 (mono-2.0-bdwgc) [object.c:3066] do_runtime_invoke 
0x00007ff85a2c9810 (mono-2.0-bdwgc) [object.c:563] mono_runtime_class_init_full 
0x00007ff85a236290 (mono-2.0-bdwgc) [icall-def.h:751] ves_icall_System_Runtime_CompilerServices_RuntimeHelpers_RunClassConstructor_raw 
0x000001cefd7a2eea (Mono JIT Code) (wrapper managed-to-native) System.Runtime.CompilerServices.RuntimeHelpers:RunClassConstructor (intptr)
0x000001cefd7a2dfb (Mono JIT Code) System.Runtime.CompilerServices.RuntimeHelpers:RunClassConstructor (System.RuntimeTypeHandle)
0x000001cefd7a1e0b (Mono JIT Code) UnityEditor.EditorAssemblies:ProcessInitializeOnLoadAttributes (System.Type[])
0x000001cefc057e08 (Mono JIT Code) (wrapper runtime-invoke) <Module>:runtime_invoke_void_object (object,intptr,intptr,intptr)
0x00007ff85a38fe24 (mono-2.0-bdwgc) [mini-runtime.c:3445] mono_jit_runtime_invoke 
0x00007ff85a2ce764 (mono-2.0-bdwgc) [object.c:3066] do_runtime_invoke 
0x00007ff85a2ce8fc (mono-2.0-bdwgc) [object.c:3113] mono_runtime_invoke 
0x00007ff73f9f4db4 (Unity) scripting_method_invoke
0x00007ff73f9d4654 (Unity) ScriptingInvocation::Invoke
0x00007ff73f9cf265 (Unity) ScriptingInvocation::Invoke<void>
0x00007ff73fb27e23 (Unity) Scripting::UnityEditor::EditorAssembliesProxy::ProcessInitializeOnLoadAttributes
0x00007ff73f9c94ab (Unity) MonoManager::SetupLoadedEditorAssemblies
0x00007ff73f9bf16d (Unity) MonoManager::EndReloadAssembly
0x00007ff73f9c6b28 (Unity) MonoManager::ReloadAssembly
0x00007ff7408ffcf2 (Unity) LoadDomainAndUserAssemblies
0x00007ff740900424 (Unity) LoadUserAssemblies
0x00007ff7405f10d3 (Unity) Application::InitializeProject
0x00007ff740a4f828 (Unity) WinMain
0x00007ff741dd421e (Unity) __scrt_common_main_seh
0x00007ff902be7034 (KERNEL32) BaseThreadInitThunk
0x00007ff9030626a1 (ntdll) RtlUserThreadStart

`Assets/DChild/Objects/Location/CityOfTheDead/Arena Crowd/CrowdGroup/skeleton.png` and material `skeleton_Material.mat` : Incorrect Texture / Material Settings found: It is strongly recommended to enable `Alpha Is Transparency` on `Straight alpha` textures.
Assuming `Straight alpha` texture because `Straight Alpha Texture` is enabled at material). (You can disable this warning in `Edit - Preferences - Spine`)
0x00007ff73facffed (Unity) StackWalker::GetCurrentCallstack
0x00007ff73fad6cc9 (Unity) StackWalker::ShowCallstack
0x00007ff740a450e3 (Unity) GetStacktrace
0x00007ff7410dbbcd (Unity) DebugStringToFile
0x00007ff73ec6c502 (Unity) DebugLogHandler_CUSTOM_Internal_Log
0x000001cc866386f3 (Mono JIT Code) (wrapper managed-to-native) UnityEngine.DebugLogHandler:Internal_Log (UnityEngine.LogType,UnityEngine.LogOption,string,UnityEngine.Object)
0x000001cc866383ab (Mono JIT Code) UnityEngine.DebugLogHandler:LogFormat (UnityEngine.LogType,UnityEngine.Object,string,object[])
0x000001cc866380f1 (Mono JIT Code) UnityEngine.Logger:Log (UnityEngine.LogType,object,UnityEngine.Object)
0x000001cc86637fcd (Mono JIT Code) UnityEngine.Debug:LogWarning (object,UnityEngine.Object)
0x000001cc856540d3 (Mono JIT Code) [SpineEditorUtilities.cs:212] Spine.Unity.Editor.SpineEditorUtilities:IssueWarningsForUnrecommendedTextureSettings (string) 
0x000001cc85653c2b (Mono JIT Code) [SpineEditorUtilities.cs:181] Spine.Unity.Editor.SpineEditorUtilities:IssueWarningsForUnrecommendedTextureSettings () 
0x000001cefd91965b (Mono JIT Code) [SpineEditorUtilities.cs:163] Spine.Unity.Editor.SpineEditorUtilities:Initialize () 
0x000001cefd918e9b (Mono JIT Code) [SpineEditorUtilities.cs:97] Spine.Unity.Editor.SpineEditorUtilities:.cctor () 
0x000001cefd918f5d (Mono JIT Code) (wrapper runtime-invoke) object:runtime_invoke_void (object,intptr,intptr,intptr)
0x00007ff85a38fe24 (mono-2.0-bdwgc) [mini-runtime.c:3445] mono_jit_runtime_invoke 
0x00007ff85a2ce764 (mono-2.0-bdwgc) [object.c:3066] do_runtime_invoke 
0x00007ff85a2c9810 (mono-2.0-bdwgc) [object.c:563] mono_runtime_class_init_full 
0x00007ff85a236290 (mono-2.0-bdwgc) [icall-def.h:751] ves_icall_System_Runtime_CompilerServices_RuntimeHelpers_RunClassConstructor_raw 
0x000001cefd7a2eea (Mono JIT Code) (wrapper managed-to-native) System.Runtime.CompilerServices.RuntimeHelpers:RunClassConstructor (intptr)
0x000001cefd7a2dfb (Mono JIT Code) System.Runtime.CompilerServices.RuntimeHelpers:RunClassConstructor (System.RuntimeTypeHandle)
0x000001cefd7a1e0b (Mono JIT Code) UnityEditor.EditorAssemblies:ProcessInitializeOnLoadAttributes (System.Type[])
0x000001cefc057e08 (Mono JIT Code) (wrapper runtime-invoke) <Module>:runtime_invoke_void_object (object,intptr,intptr,intptr)
0x00007ff85a38fe24 (mono-2.0-bdwgc) [mini-runtime.c:3445] mono_jit_runtime_invoke 
0x00007ff85a2ce764 (mono-2.0-bdwgc) [object.c:3066] do_runtime_invoke 
0x00007ff85a2ce8fc (mono-2.0-bdwgc) [object.c:3113] mono_runtime_invoke 
0x00007ff73f9f4db4 (Unity) scripting_method_invoke
0x00007ff73f9d4654 (Unity) ScriptingInvocation::Invoke
0x00007ff73f9cf265 (Unity) ScriptingInvocation::Invoke<void>
0x00007ff73fb27e23 (Unity) Scripting::UnityEditor::EditorAssembliesProxy::ProcessInitializeOnLoadAttributes
0x00007ff73f9c94ab (Unity) MonoManager::SetupLoadedEditorAssemblies
0x00007ff73f9bf16d (Unity) MonoManager::EndReloadAssembly
0x00007ff73f9c6b28 (Unity) MonoManager::ReloadAssembly
0x00007ff7408ffcf2 (Unity) LoadDomainAndUserAssemblies
0x00007ff740900424 (Unity) LoadUserAssemblies
0x00007ff7405f10d3 (Unity) Application::InitializeProject
0x00007ff740a4f828 (Unity) WinMain
0x00007ff741dd421e (Unity) __scrt_common_main_seh
0x00007ff902be7034 (KERNEL32) BaseThreadInitThunk
0x00007ff9030626a1 (ntdll) RtlUserThreadStart

`Assets/DChild/Objects/Location/General/Idling Background Creatures/Crow/NewCrow.png` and material `NewCrow_Material.mat` : Problematic Texture / Material Settings found: It is recommended to disable `Alpha Is Transparency` on `Premultiply alpha` textures.
Assuming `Premultiply alpha` texture because `Straight Alpha Texture` is disabled at material). (You can disable this warning in `Edit - Preferences - Spine`)
0x00007ff73facffed (Unity) StackWalker::GetCurrentCallstack
0x00007ff73fad6cc9 (Unity) StackWalker::ShowCallstack
0x00007ff740a450e3 (Unity) GetStacktrace
0x00007ff7410dbbcd (Unity) DebugStringToFile
0x00007ff73ec6c502 (Unity) DebugLogHandler_CUSTOM_Internal_Log
0x000001cc866386f3 (Mono JIT Code) (wrapper managed-to-native) UnityEngine.DebugLogHandler:Internal_Log (UnityEngine.LogType,UnityEngine.LogOption,string,UnityEngine.Object)
0x000001cc866383ab (Mono JIT Code) UnityEngine.DebugLogHandler:LogFormat (UnityEngine.LogType,UnityEngine.Object,string,object[])
0x000001cc866380f1 (Mono JIT Code) UnityEngine.Logger:Log (UnityEngine.LogType,object,UnityEngine.Object)
0x000001cc86637fcd (Mono JIT Code) UnityEngine.Debug:LogWarning (object,UnityEngine.Object)
0x000001cc856540d3 (Mono JIT Code) [SpineEditorUtilities.cs:212] Spine.Unity.Editor.SpineEditorUtilities:IssueWarningsForUnrecommendedTextureSettings (string) 
0x000001cc85653c2b (Mono JIT Code) [SpineEditorUtilities.cs:181] Spine.Unity.Editor.SpineEditorUtilities:IssueWarningsForUnrecommendedTextureSettings () 
0x000001cefd91965b (Mono JIT Code) [SpineEditorUtilities.cs:163] Spine.Unity.Editor.SpineEditorUtilities:Initialize () 
0x000001cefd918e9b (Mono JIT Code) [SpineEditorUtilities.cs:97] Spine.Unity.Editor.SpineEditorUtilities:.cctor () 
0x000001cefd918f5d (Mono JIT Code) (wrapper runtime-invoke) object:runtime_invoke_void (object,intptr,intptr,intptr)
0x00007ff85a38fe24 (mono-2.0-bdwgc) [mini-runtime.c:3445] mono_jit_runtime_invoke 
0x00007ff85a2ce764 (mono-2.0-bdwgc) [object.c:3066] do_runtime_invoke 
0x00007ff85a2c9810 (mono-2.0-bdwgc) [object.c:563] mono_runtime_class_init_full 
0x00007ff85a236290 (mono-2.0-bdwgc) [icall-def.h:751] ves_icall_System_Runtime_CompilerServices_RuntimeHelpers_RunClassConstructor_raw 
0x000001cefd7a2eea (Mono JIT Code) (wrapper managed-to-native) System.Runtime.CompilerServices.RuntimeHelpers:RunClassConstructor (intptr)
0x000001cefd7a2dfb (Mono JIT Code) System.Runtime.CompilerServices.RuntimeHelpers:RunClassConstructor (System.RuntimeTypeHandle)
0x000001cefd7a1e0b (Mono JIT Code) UnityEditor.EditorAssemblies:ProcessInitializeOnLoadAttributes (System.Type[])
0x000001cefc057e08 (Mono JIT Code) (wrapper runtime-invoke) <Module>:runtime_invoke_void_object (object,intptr,intptr,intptr)
0x00007ff85a38fe24 (mono-2.0-bdwgc) [mini-runtime.c:3445] mono_jit_runtime_invoke 
0x00007ff85a2ce764 (mono-2.0-bdwgc) [object.c:3066] do_runtime_invoke 
0x00007ff85a2ce8fc (mono-2.0-bdwgc) [object.c:3113] mono_runtime_invoke 
0x00007ff73f9f4db4 (Unity) scripting_method_invoke
0x00007ff73f9d4654 (Unity) ScriptingInvocation::Invoke
0x00007ff73f9cf265 (Unity) ScriptingInvocation::Invoke<void>
0x00007ff73fb27e23 (Unity) Scripting::UnityEditor::EditorAssembliesProxy::ProcessInitializeOnLoadAttributes
0x00007ff73f9c94ab (Unity) MonoManager::SetupLoadedEditorAssemblies
0x00007ff73f9bf16d (Unity) MonoManager::EndReloadAssembly
0x00007ff73f9c6b28 (Unity) MonoManager::ReloadAssembly
0x00007ff7408ffcf2 (Unity) LoadDomainAndUserAssemblies
0x00007ff740900424 (Unity) LoadUserAssemblies
0x00007ff7405f10d3 (Unity) Application::InitializeProject
0x00007ff740a4f828 (Unity) WinMain
0x00007ff741dd421e (Unity) __scrt_common_main_seh
0x00007ff902be7034 (KERNEL32) BaseThreadInitThunk
0x00007ff9030626a1 (ntdll) RtlUserThreadStart

Mono: successfully reloaded assembly
- Completed reload, in  5.717 seconds
Domain Reload Profiling:
	ReloadAssembly (5718ms)
		BeginReloadAssembly (151ms)
			ExecutionOrderSort (0ms)
			DisableScriptedObjects (8ms)
			BackupInstance (0ms)
			ReleaseScriptingObjects (0ms)
			CreateAndSetChildDomain (24ms)
		EndReloadAssembly (5432ms)
			LoadAssemblies (128ms)
			RebuildTransferFunctionScriptingTraits (0ms)
			SetupTypeCache (523ms)
			ReleaseScriptCaches (2ms)
			RebuildScriptCaches (443ms)
			SetupLoadedEditorAssemblies (4279ms)
				LogAssemblyErrors (0ms)
				InitializePlatformSupportModulesInManaged (13ms)
				SetLoadedEditorAssemblies (0ms)
				RefreshPlugins (489ms)
				BeforeProcessingInitializeOnLoad (158ms)
				ProcessInitializeOnLoadAttributes (3474ms)
				ProcessInitializeOnLoadMethodAttributes (134ms)
				AfterProcessingInitializeOnLoad (10ms)
				EditorAssembliesLoaded (0ms)
			ExecutionOrderSort2 (0ms)
			AwakeInstancesAfterBackupRestoration (10ms)
Platform modules already initialized, skipping
========================================================================
Worker process is ready to serve import requests
Refreshing native plugins compatible for Editor in 3.99 ms, found 3 plugins.
Preloading 0 native plugins for Editor in 0.00 ms.
Unloading 9482 Unused Serialized files (Serialized files now loaded: 0)
Unloading 762 unused Assets / (4.2 MB). Loaded Objects now: 9512.
Memory consumption went from 1.36 GB to 1.35 GB.
Total: 29.238900 ms (FindLiveObjects: 0.737600 ms CreateObjectMapping: 0.693000 ms MarkObjects: 24.668800 ms  DeleteObjects: 3.138300 ms)

AssetImportParameters requested are different than current active one (requested -> active):
  custom:video-decoder-ogg-theora: a1e56fd34408186e4bbccfd4996cb3dc -> 
  custom:container-muxer-webm: aa71ff27fc2769a1b78a27578f13a17b -> 
  custom:container-demuxer-webm: 4f35f7cbe854078d1ac9338744f61a02 -> 
  custom:video-encoder-webm-vp8: eb34c28f22e8b96e1ab97ce403110664 -> 
  custom:audio-encoder-webm-vorbis: bf7c407c2cedff20999df2af8eb42d56 -> 
  custom:framework-win-MediaFoundation: 216162199b28c13a410421893ffa2e32 -> 
  custom:container-demuxer-ogg: 62fdf1f143b41e24485cea50d1cbac27 -> 
  custom:video-decoder-webm-vp8: 9c59270c3fd7afecdb556c50c9e8de78 -> 
  custom:audio-decoder-ogg-vorbis: bf7c407c2cedff20999df2af8eb42d56 -> 
========================================================================
Received Prepare
Registering precompiled user dll's ...
Registered in 0.009088 seconds.
Script error (MapAreaUI): Update() can not take parameters.
0x00007ff73facffed (Unity) StackWalker::GetCurrentCallstack
0x00007ff73fad6cc9 (Unity) StackWalker::ShowCallstack
0x00007ff740a450e3 (Unity) GetStacktrace
0x00007ff7410dbbcd (Unity) DebugStringToFile
0x00007ff73f998f4c (Unity) PopulateMethods
0x00007ff73f991c15 (Unity) CreateMonoScriptCache
0x00007ff73f99a1c3 (Unity) MonoScript::Renew
0x00007ff73f999796 (Unity) MonoScript::RebuildFromAwake
0x00007ff73fa8216a (Unity) PersistentManager::ReadAndActivateObjectThreaded
0x00007ff73fa826b1 (Unity) PersistentManager::ReadObjectThreaded
0x00007ff73fa82467 (Unity) PersistentManager::ReadObject
0x00007ff73f98c8cf (Unity) AddScriptsToList
0x00007ff73f99414a (Unity) MonoScriptManager::GetAllRuntimeAndEditorScripts
0x00007ff740902ec3 (Unity) UpdateAllScriptPaths
0x00007ff7408fe64c (Unity) InitializeManagedCompilationPipeline
0x00007ff7409013e7 (Unity) RegisterAssetsAndInitializeAssemblies
0x00007ff74090041f (Unity) LoadUserAssemblies
0x00007ff740df05ef (Unity) <lambda_f586749871dc2f4b36dca2d21a52c840>::operator()
0x00007ff740e30162 (Unity) asio::detail::completion_handler<core::mutable_function<void __cdecl(void)>,asio::io_context::basic_executor_type<std::allocator<void>,0> >::do_complete
0x00007ff740e1c04e (Unity) asio::detail::win_iocp_io_context::do_one
0x00007ff740e1dcb4 (Unity) asio::detail::win_iocp_io_context::run
0x00007ff740e2e54e (Unity) IOService::Run
0x00007ff740e0113f (Unity) AssetImportWorkerClient::Run
0x00007ff740dcb593 (Unity) RunAssetImportWorkerClientV2
0x00007ff740dcb61b (Unity) RunAssetImporterV2
0x00007ff7405f10d8 (Unity) Application::InitializeProject
0x00007ff740a4f828 (Unity) WinMain
0x00007ff741dd421e (Unity) __scrt_common_main_seh
0x00007ff902be7034 (KERNEL32) BaseThreadInitThunk
0x00007ff9030626a1 (ntdll) RtlUserThreadStart

Begin MonoManager ReloadAssembly
Script error (MapAreaUI): Update() can not take parameters.
0x00007ff73facffed (Unity) StackWalker::GetCurrentCallstack
0x00007ff73fad6cc9 (Unity) StackWalker::ShowCallstack
0x00007ff740a450e3 (Unity) GetStacktrace
0x00007ff7410dbbcd (Unity) DebugStringToFile
0x00007ff73f998f4c (Unity) PopulateMethods
0x00007ff73f991c15 (Unity) CreateMonoScriptCache
0x00007ff73f99a1c3 (Unity) MonoScript::Renew
0x00007ff73f9bf0f0 (Unity) MonoManager::EndReloadAssembly
0x00007ff73f9c6b28 (Unity) MonoManager::ReloadAssembly
0x00007ff7408ffcf2 (Unity) LoadDomainAndUserAssemblies
0x00007ff740900424 (Unity) LoadUserAssemblies
0x00007ff740df05ef (Unity) <lambda_f586749871dc2f4b36dca2d21a52c840>::operator()
0x00007ff740e30162 (Unity) asio::detail::completion_handler<core::mutable_function<void __cdecl(void)>,asio::io_context::basic_executor_type<std::allocator<void>,0> >::do_complete
0x00007ff740e1c04e (Unity) asio::detail::win_iocp_io_context::do_one
0x00007ff740e1dcb4 (Unity) asio::detail::win_iocp_io_context::run
0x00007ff740e2e54e (Unity) IOService::Run
0x00007ff740e0113f (Unity) AssetImportWorkerClient::Run
0x00007ff740dcb593 (Unity) RunAssetImportWorkerClientV2
0x00007ff740dcb61b (Unity) RunAssetImporterV2
0x00007ff7405f10d8 (Unity) Application::InitializeProject
0x00007ff740a4f828 (Unity) WinMain
0x00007ff741dd421e (Unity) __scrt_common_main_seh
0x00007ff902be7034 (KERNEL32) BaseThreadInitThunk
0x00007ff9030626a1 (ntdll) RtlUserThreadStart

Native extension for WindowsStandalone target not found
Refreshing native plugins compatible for Editor in 6.53 ms, found 3 plugins.
Preloading 0 native plugins for Editor in 0.00 ms.
`Assets/DChild/Objects/Characters/Enemy/Bosses/QueenBee/Model 3/QUEEN BEE NO DRONES.png` and material `QUEEN BEE NO DRONES_Material.mat` : Problematic Texture / Material Settings found: It is recommended to disable `Alpha Is Transparency` on `Premultiply alpha` textures.
Assuming `Premultiply alpha` texture because `Straight Alpha Texture` is disabled at material). (You can disable this warning in `Edit - Preferences - Spine`)
0x00007ff73facffed (Unity) StackWalker::GetCurrentCallstack
0x00007ff73fad6cc9 (Unity) StackWalker::ShowCallstack
0x00007ff740a450e3 (Unity) GetStacktrace
0x00007ff7410dbbcd (Unity) DebugStringToFile
0x00007ff73ec6c502 (Unity) DebugLogHandler_CUSTOM_Internal_Log
0x000001cefc7328c3 (Mono JIT Code) (wrapper managed-to-native) UnityEngine.DebugLogHandler:Internal_Log (UnityEngine.LogType,UnityEngine.LogOption,string,UnityEngine.Object)
0x000001cefc7325db (Mono JIT Code) UnityEngine.DebugLogHandler:LogFormat (UnityEngine.LogType,UnityEngine.Object,string,object[])
0x000001cefc732361 (Mono JIT Code) UnityEngine.Logger:Log (UnityEngine.LogType,object,UnityEngine.Object)
0x000001cefc73223d (Mono JIT Code) UnityEngine.Debug:LogWarning (object,UnityEngine.Object)
0x000001cefc7231b3 (Mono JIT Code) [SpineEditorUtilities.cs:212] Spine.Unity.Editor.SpineEditorUtilities:IssueWarningsForUnrecommendedTextureSettings (string) 
0x000001cefc722d1b (Mono JIT Code) [SpineEditorUtilities.cs:181] Spine.Unity.Editor.SpineEditorUtilities:IssueWarningsForUnrecommendedTextureSettings () 
0x000001cefc709afb (Mono JIT Code) [SpineEditorUtilities.cs:163] Spine.Unity.Editor.SpineEditorUtilities:Initialize () 
0x000001cefc70933b (Mono JIT Code) [SpineEditorUtilities.cs:97] Spine.Unity.Editor.SpineEditorUtilities:.cctor () 
0x000001cefc7093fd (Mono JIT Code) (wrapper runtime-invoke) object:runtime_invoke_void (object,intptr,intptr,intptr)
0x00007ff85a38fe24 (mono-2.0-bdwgc) [mini-runtime.c:3445] mono_jit_runtime_invoke 
0x00007ff85a2ce764 (mono-2.0-bdwgc) [object.c:3066] do_runtime_invoke 
0x00007ff85a2c9810 (mono-2.0-bdwgc) [object.c:563] mono_runtime_class_init_full 
0x00007ff85a236290 (mono-2.0-bdwgc) [icall-def.h:751] ves_icall_System_Runtime_CompilerServices_RuntimeHelpers_RunClassConstructor_raw 
0x000001cfba22047a (Mono JIT Code) (wrapper managed-to-native) System.Runtime.CompilerServices.RuntimeHelpers:RunClassConstructor (intptr)
0x000001cfba22036b (Mono JIT Code) System.Runtime.CompilerServices.RuntimeHelpers:RunClassConstructor (System.RuntimeTypeHandle)
0x000001cfb924f49b (Mono JIT Code) UnityEditor.EditorAssemblies:ProcessInitializeOnLoadAttributes (System.Type[])
0x000001cc87bc8eb8 (Mono JIT Code) (wrapper runtime-invoke) <Module>:runtime_invoke_void_object (object,intptr,intptr,intptr)
0x00007ff85a38fe24 (mono-2.0-bdwgc) [mini-runtime.c:3445] mono_jit_runtime_invoke 
0x00007ff85a2ce764 (mono-2.0-bdwgc) [object.c:3066] do_runtime_invoke 
0x00007ff85a2ce8fc (mono-2.0-bdwgc) [object.c:3113] mono_runtime_invoke 
0x00007ff73f9f4db4 (Unity) scripting_method_invoke
0x00007ff73f9d4654 (Unity) ScriptingInvocation::Invoke
0x00007ff73f9cf265 (Unity) ScriptingInvocation::Invoke<void>
0x00007ff73fb27e23 (Unity) Scripting::UnityEditor::EditorAssembliesProxy::ProcessInitializeOnLoadAttributes
0x00007ff73f9c94ab (Unity) MonoManager::SetupLoadedEditorAssemblies
0x00007ff73f9bf16d (Unity) MonoManager::EndReloadAssembly
0x00007ff73f9c6b28 (Unity) MonoManager::ReloadAssembly
0x00007ff7408ffcf2 (Unity) LoadDomainAndUserAssemblies
0x00007ff740900424 (Unity) LoadUserAssemblies
0x00007ff740df05ef (Unity) <lambda_f586749871dc2f4b36dca2d21a52c840>::operator()
0x00007ff740e30162 (Unity) asio::detail::completion_handler<core::mutable_function<void __cdecl(void)>,asio::io_context::basic_executor_type<std::allocator<void>,0> >::do_complete
0x00007ff740e1c04e (Unity) asio::detail::win_iocp_io_context::do_one
0x00007ff740e1dcb4 (Unity) asio::detail::win_iocp_io_context::run
0x00007ff740e2e54e (Unity) IOService::Run
0x00007ff740e0113f (Unity) AssetImportWorkerClient::Run
0x00007ff740dcb593 (Unity) RunAssetImportWorkerClientV2
0x00007ff740dcb61b (Unity) RunAssetImporterV2
0x00007ff7405f10d8 (Unity) Application::InitializeProject
0x00007ff740a4f828 (Unity) WinMain
0x00007ff741dd421e (Unity) __scrt_common_main_seh
0x00007ff902be7034 (KERNEL32) BaseThreadInitThunk
0x00007ff9030626a1 (ntdll) RtlUserThreadStart

`Assets/DChild/Objects/Location/CityOfTheDead/Arena Crowd/Crowd2/skeleton.png` and material `skeleton_Material.mat` : Incorrect Texture / Material Settings found: It is strongly recommended to enable `Alpha Is Transparency` on `Straight alpha` textures.
Assuming `Straight alpha` texture because `Straight Alpha Texture` is enabled at material). (You can disable this warning in `Edit - Preferences - Spine`)
0x00007ff73facffed (Unity) StackWalker::GetCurrentCallstack
0x00007ff73fad6cc9 (Unity) StackWalker::ShowCallstack
0x00007ff740a450e3 (Unity) GetStacktrace
0x00007ff7410dbbcd (Unity) DebugStringToFile
0x00007ff73ec6c502 (Unity) DebugLogHandler_CUSTOM_Internal_Log
0x000001cefc7328c3 (Mono JIT Code) (wrapper managed-to-native) UnityEngine.DebugLogHandler:Internal_Log (UnityEngine.LogType,UnityEngine.LogOption,string,UnityEngine.Object)
0x000001cefc7325db (Mono JIT Code) UnityEngine.DebugLogHandler:LogFormat (UnityEngine.LogType,UnityEngine.Object,string,object[])
0x000001cefc732361 (Mono JIT Code) UnityEngine.Logger:Log (UnityEngine.LogType,object,UnityEngine.Object)
0x000001cefc73223d (Mono JIT Code) UnityEngine.Debug:LogWarning (object,UnityEngine.Object)
0x000001cefc7231b3 (Mono JIT Code) [SpineEditorUtilities.cs:212] Spine.Unity.Editor.SpineEditorUtilities:IssueWarningsForUnrecommendedTextureSettings (string) 
0x000001cefc722d1b (Mono JIT Code) [SpineEditorUtilities.cs:181] Spine.Unity.Editor.SpineEditorUtilities:IssueWarningsForUnrecommendedTextureSettings () 
0x000001cefc709afb (Mono JIT Code) [SpineEditorUtilities.cs:163] Spine.Unity.Editor.SpineEditorUtilities:Initialize () 
0x000001cefc70933b (Mono JIT Code) [SpineEditorUtilities.cs:97] Spine.Unity.Editor.SpineEditorUtilities:.cctor () 
0x000001cefc7093fd (Mono JIT Code) (wrapper runtime-invoke) object:runtime_invoke_void (object,intptr,intptr,intptr)
0x00007ff85a38fe24 (mono-2.0-bdwgc) [mini-runtime.c:3445] mono_jit_runtime_invoke 
0x00007ff85a2ce764 (mono-2.0-bdwgc) [object.c:3066] do_runtime_invoke 
0x00007ff85a2c9810 (mono-2.0-bdwgc) [object.c:563] mono_runtime_class_init_full 
0x00007ff85a236290 (mono-2.0-bdwgc) [icall-def.h:751] ves_icall_System_Runtime_CompilerServices_RuntimeHelpers_RunClassConstructor_raw 
0x000001cfba22047a (Mono JIT Code) (wrapper managed-to-native) System.Runtime.CompilerServices.RuntimeHelpers:RunClassConstructor (intptr)
0x000001cfba22036b (Mono JIT Code) System.Runtime.CompilerServices.RuntimeHelpers:RunClassConstructor (System.RuntimeTypeHandle)
0x000001cfb924f49b (Mono JIT Code) UnityEditor.EditorAssemblies:ProcessInitializeOnLoadAttributes (System.Type[])
0x000001cc87bc8eb8 (Mono JIT Code) (wrapper runtime-invoke) <Module>:runtime_invoke_void_object (object,intptr,intptr,intptr)
0x00007ff85a38fe24 (mono-2.0-bdwgc) [mini-runtime.c:3445] mono_jit_runtime_invoke 
0x00007ff85a2ce764 (mono-2.0-bdwgc) [object.c:3066] do_runtime_invoke 
0x00007ff85a2ce8fc (mono-2.0-bdwgc) [object.c:3113] mono_runtime_invoke 
0x00007ff73f9f4db4 (Unity) scripting_method_invoke
0x00007ff73f9d4654 (Unity) ScriptingInvocation::Invoke
0x00007ff73f9cf265 (Unity) ScriptingInvocation::Invoke<void>
0x00007ff73fb27e23 (Unity) Scripting::UnityEditor::EditorAssembliesProxy::ProcessInitializeOnLoadAttributes
0x00007ff73f9c94ab (Unity) MonoManager::SetupLoadedEditorAssemblies
0x00007ff73f9bf16d (Unity) MonoManager::EndReloadAssembly
0x00007ff73f9c6b28 (Unity) MonoManager::ReloadAssembly
0x00007ff7408ffcf2 (Unity) LoadDomainAndUserAssemblies
0x00007ff740900424 (Unity) LoadUserAssemblies
0x00007ff740df05ef (Unity) <lambda_f586749871dc2f4b36dca2d21a52c840>::operator()
0x00007ff740e30162 (Unity) asio::detail::completion_handler<core::mutable_function<void __cdecl(void)>,asio::io_context::basic_executor_type<std::allocator<void>,0> >::do_complete
0x00007ff740e1c04e (Unity) asio::detail::win_iocp_io_context::do_one
0x00007ff740e1dcb4 (Unity) asio::detail::win_iocp_io_context::run
0x00007ff740e2e54e (Unity) IOService::Run
0x00007ff740e0113f (Unity) AssetImportWorkerClient::Run
0x00007ff740dcb593 (Unity) RunAssetImportWorkerClientV2
0x00007ff740dcb61b (Unity) RunAssetImporterV2
0x00007ff7405f10d8 (Unity) Application::InitializeProject
0x00007ff740a4f828 (Unity) WinMain
0x00007ff741dd421e (Unity) __scrt_common_main_seh
0x00007ff902be7034 (KERNEL32) BaseThreadInitThunk
0x00007ff9030626a1 (ntdll) RtlUserThreadStart

`Assets/DChild/Objects/Location/CityOfTheDead/Arena Crowd/CrowdGroup/skeleton.png` and material `skeleton_Material.mat` : Incorrect Texture / Material Settings found: It is strongly recommended to enable `Alpha Is Transparency` on `Straight alpha` textures.
Assuming `Straight alpha` texture because `Straight Alpha Texture` is enabled at material). (You can disable this warning in `Edit - Preferences - Spine`)
0x00007ff73facffed (Unity) StackWalker::GetCurrentCallstack
0x00007ff73fad6cc9 (Unity) StackWalker::ShowCallstack
0x00007ff740a450e3 (Unity) GetStacktrace
0x00007ff7410dbbcd (Unity) DebugStringToFile
0x00007ff73ec6c502 (Unity) DebugLogHandler_CUSTOM_Internal_Log
0x000001cefc7328c3 (Mono JIT Code) (wrapper managed-to-native) UnityEngine.DebugLogHandler:Internal_Log (UnityEngine.LogType,UnityEngine.LogOption,string,UnityEngine.Object)
0x000001cefc7325db (Mono JIT Code) UnityEngine.DebugLogHandler:LogFormat (UnityEngine.LogType,UnityEngine.Object,string,object[])
0x000001cefc732361 (Mono JIT Code) UnityEngine.Logger:Log (UnityEngine.LogType,object,UnityEngine.Object)
0x000001cefc73223d (Mono JIT Code) UnityEngine.Debug:LogWarning (object,UnityEngine.Object)
0x000001cefc7231b3 (Mono JIT Code) [SpineEditorUtilities.cs:212] Spine.Unity.Editor.SpineEditorUtilities:IssueWarningsForUnrecommendedTextureSettings (string) 
0x000001cefc722d1b (Mono JIT Code) [SpineEditorUtilities.cs:181] Spine.Unity.Editor.SpineEditorUtilities:IssueWarningsForUnrecommendedTextureSettings () 
0x000001cefc709afb (Mono JIT Code) [SpineEditorUtilities.cs:163] Spine.Unity.Editor.SpineEditorUtilities:Initialize () 
0x000001cefc70933b (Mono JIT Code) [SpineEditorUtilities.cs:97] Spine.Unity.Editor.SpineEditorUtilities:.cctor () 
0x000001cefc7093fd (Mono JIT Code) (wrapper runtime-invoke) object:runtime_invoke_void (object,intptr,intptr,intptr)
0x00007ff85a38fe24 (mono-2.0-bdwgc) [mini-runtime.c:3445] mono_jit_runtime_invoke 
0x00007ff85a2ce764 (mono-2.0-bdwgc) [object.c:3066] do_runtime_invoke 
0x00007ff85a2c9810 (mono-2.0-bdwgc) [object.c:563] mono_runtime_class_init_full 
0x00007ff85a236290 (mono-2.0-bdwgc) [icall-def.h:751] ves_icall_System_Runtime_CompilerServices_RuntimeHelpers_RunClassConstructor_raw 
0x000001cfba22047a (Mono JIT Code) (wrapper managed-to-native) System.Runtime.CompilerServices.RuntimeHelpers:RunClassConstructor (intptr)
0x000001cfba22036b (Mono JIT Code) System.Runtime.CompilerServices.RuntimeHelpers:RunClassConstructor (System.RuntimeTypeHandle)
0x000001cfb924f49b (Mono JIT Code) UnityEditor.EditorAssemblies:ProcessInitializeOnLoadAttributes (System.Type[])
0x000001cc87bc8eb8 (Mono JIT Code) (wrapper runtime-invoke) <Module>:runtime_invoke_void_object (object,intptr,intptr,intptr)
0x00007ff85a38fe24 (mono-2.0-bdwgc) [mini-runtime.c:3445] mono_jit_runtime_invoke 
0x00007ff85a2ce764 (mono-2.0-bdwgc) [object.c:3066] do_runtime_invoke 
0x00007ff85a2ce8fc (mono-2.0-bdwgc) [object.c:3113] mono_runtime_invoke 
0x00007ff73f9f4db4 (Unity) scripting_method_invoke
0x00007ff73f9d4654 (Unity) ScriptingInvocation::Invoke
0x00007ff73f9cf265 (Unity) ScriptingInvocation::Invoke<void>
0x00007ff73fb27e23 (Unity) Scripting::UnityEditor::EditorAssembliesProxy::ProcessInitializeOnLoadAttributes
0x00007ff73f9c94ab (Unity) MonoManager::SetupLoadedEditorAssemblies
0x00007ff73f9bf16d (Unity) MonoManager::EndReloadAssembly
0x00007ff73f9c6b28 (Unity) MonoManager::ReloadAssembly
0x00007ff7408ffcf2 (Unity) LoadDomainAndUserAssemblies
0x00007ff740900424 (Unity) LoadUserAssemblies
0x00007ff740df05ef (Unity) <lambda_f586749871dc2f4b36dca2d21a52c840>::operator()
0x00007ff740e30162 (Unity) asio::detail::completion_handler<core::mutable_function<void __cdecl(void)>,asio::io_context::basic_executor_type<std::allocator<void>,0> >::do_complete
0x00007ff740e1c04e (Unity) asio::detail::win_iocp_io_context::do_one
0x00007ff740e1dcb4 (Unity) asio::detail::win_iocp_io_context::run
0x00007ff740e2e54e (Unity) IOService::Run
0x00007ff740e0113f (Unity) AssetImportWorkerClient::Run
0x00007ff740dcb593 (Unity) RunAssetImportWorkerClientV2
0x00007ff740dcb61b (Unity) RunAssetImporterV2
0x00007ff7405f10d8 (Unity) Application::InitializeProject
0x00007ff740a4f828 (Unity) WinMain
0x00007ff741dd421e (Unity) __scrt_common_main_seh
0x00007ff902be7034 (KERNEL32) BaseThreadInitThunk
0x00007ff9030626a1 (ntdll) RtlUserThreadStart

`Assets/DChild/Objects/Location/General/Idling Background Creatures/Crow/NewCrow.png` and material `NewCrow_Material.mat` : Problematic Texture / Material Settings found: It is recommended to disable `Alpha Is Transparency` on `Premultiply alpha` textures.
Assuming `Premultiply alpha` texture because `Straight Alpha Texture` is disabled at material). (You can disable this warning in `Edit - Preferences - Spine`)
0x00007ff73facffed (Unity) StackWalker::GetCurrentCallstack
0x00007ff73fad6cc9 (Unity) StackWalker::ShowCallstack
0x00007ff740a450e3 (Unity) GetStacktrace
0x00007ff7410dbbcd (Unity) DebugStringToFile
0x00007ff73ec6c502 (Unity) DebugLogHandler_CUSTOM_Internal_Log
0x000001cefc7328c3 (Mono JIT Code) (wrapper managed-to-native) UnityEngine.DebugLogHandler:Internal_Log (UnityEngine.LogType,UnityEngine.LogOption,string,UnityEngine.Object)
0x000001cefc7325db (Mono JIT Code) UnityEngine.DebugLogHandler:LogFormat (UnityEngine.LogType,UnityEngine.Object,string,object[])
0x000001cefc732361 (Mono JIT Code) UnityEngine.Logger:Log (UnityEngine.LogType,object,UnityEngine.Object)
0x000001cefc73223d (Mono JIT Code) UnityEngine.Debug:LogWarning (object,UnityEngine.Object)
0x000001cefc7231b3 (Mono JIT Code) [SpineEditorUtilities.cs:212] Spine.Unity.Editor.SpineEditorUtilities:IssueWarningsForUnrecommendedTextureSettings (string) 
0x000001cefc722d1b (Mono JIT Code) [SpineEditorUtilities.cs:181] Spine.Unity.Editor.SpineEditorUtilities:IssueWarningsForUnrecommendedTextureSettings () 
0x000001cefc709afb (Mono JIT Code) [SpineEditorUtilities.cs:163] Spine.Unity.Editor.SpineEditorUtilities:Initialize () 
0x000001cefc70933b (Mono JIT Code) [SpineEditorUtilities.cs:97] Spine.Unity.Editor.SpineEditorUtilities:.cctor () 
0x000001cefc7093fd (Mono JIT Code) (wrapper runtime-invoke) object:runtime_invoke_void (object,intptr,intptr,intptr)
0x00007ff85a38fe24 (mono-2.0-bdwgc) [mini-runtime.c:3445] mono_jit_runtime_invoke 
0x00007ff85a2ce764 (mono-2.0-bdwgc) [object.c:3066] do_runtime_invoke 
0x00007ff85a2c9810 (mono-2.0-bdwgc) [object.c:563] mono_runtime_class_init_full 
0x00007ff85a236290 (mono-2.0-bdwgc) [icall-def.h:751] ves_icall_System_Runtime_CompilerServices_RuntimeHelpers_RunClassConstructor_raw 
0x000001cfba22047a (Mono JIT Code) (wrapper managed-to-native) System.Runtime.CompilerServices.RuntimeHelpers:RunClassConstructor (intptr)
0x000001cfba22036b (Mono JIT Code) System.Runtime.CompilerServices.RuntimeHelpers:RunClassConstructor (System.RuntimeTypeHandle)
0x000001cfb924f49b (Mono JIT Code) UnityEditor.EditorAssemblies:ProcessInitializeOnLoadAttributes (System.Type[])
0x000001cc87bc8eb8 (Mono JIT Code) (wrapper runtime-invoke) <Module>:runtime_invoke_void_object (object,intptr,intptr,intptr)
0x00007ff85a38fe24 (mono-2.0-bdwgc) [mini-runtime.c:3445] mono_jit_runtime_invoke 
0x00007ff85a2ce764 (mono-2.0-bdwgc) [object.c:3066] do_runtime_invoke 
0x00007ff85a2ce8fc (mono-2.0-bdwgc) [object.c:3113] mono_runtime_invoke 
0x00007ff73f9f4db4 (Unity) scripting_method_invoke
0x00007ff73f9d4654 (Unity) ScriptingInvocation::Invoke
0x00007ff73f9cf265 (Unity) ScriptingInvocation::Invoke<void>
0x00007ff73fb27e23 (Unity) Scripting::UnityEditor::EditorAssembliesProxy::ProcessInitializeOnLoadAttributes
0x00007ff73f9c94ab (Unity) MonoManager::SetupLoadedEditorAssemblies
0x00007ff73f9bf16d (Unity) MonoManager::EndReloadAssembly
0x00007ff73f9c6b28 (Unity) MonoManager::ReloadAssembly
0x00007ff7408ffcf2 (Unity) LoadDomainAndUserAssemblies
0x00007ff740900424 (Unity) LoadUserAssemblies
0x00007ff740df05ef (Unity) <lambda_f586749871dc2f4b36dca2d21a52c840>::operator()
0x00007ff740e30162 (Unity) asio::detail::completion_handler<core::mutable_function<void __cdecl(void)>,asio::io_context::basic_executor_type<std::allocator<void>,0> >::do_complete
0x00007ff740e1c04e (Unity) asio::detail::win_iocp_io_context::do_one
0x00007ff740e1dcb4 (Unity) asio::detail::win_iocp_io_context::run
0x00007ff740e2e54e (Unity) IOService::Run
0x00007ff740e0113f (Unity) AssetImportWorkerClient::Run
0x00007ff740dcb593 (Unity) RunAssetImportWorkerClientV2
0x00007ff740dcb61b (Unity) RunAssetImporterV2
0x00007ff7405f10d8 (Unity) Application::InitializeProject
0x00007ff740a4f828 (Unity) WinMain
0x00007ff741dd421e (Unity) __scrt_common_main_seh
0x00007ff902be7034 (KERNEL32) BaseThreadInitThunk
0x00007ff9030626a1 (ntdll) RtlUserThreadStart

Mono: successfully reloaded assembly
- Completed reload, in  5.289 seconds
Domain Reload Profiling:
	ReloadAssembly (5290ms)
		BeginReloadAssembly (208ms)
			ExecutionOrderSort (0ms)
			DisableScriptedObjects (7ms)
			BackupInstance (0ms)
			ReleaseScriptingObjects (0ms)
			CreateAndSetChildDomain (69ms)
		EndReloadAssembly (4949ms)
			LoadAssemblies (141ms)
			RebuildTransferFunctionScriptingTraits (0ms)
			SetupTypeCache (465ms)
			ReleaseScriptCaches (5ms)
			RebuildScriptCaches (239ms)
			SetupLoadedEditorAssemblies (3959ms)
				LogAssemblyErrors (0ms)
				InitializePlatformSupportModulesInManaged (15ms)
				SetLoadedEditorAssemblies (1ms)
				RefreshPlugins (7ms)
				BeforeProcessingInitializeOnLoad (139ms)
				ProcessInitializeOnLoadAttributes (3679ms)
				ProcessInitializeOnLoadMethodAttributes (108ms)
				AfterProcessingInitializeOnLoad (9ms)
				EditorAssembliesLoaded (0ms)
			ExecutionOrderSort2 (0ms)
			AwakeInstancesAfterBackupRestoration (90ms)
Platform modules already initialized, skipping
Script error (MapAreaUI): Update() can not take parameters.
0x00007ff73facffed (Unity) StackWalker::GetCurrentCallstack
0x00007ff73fad6cc9 (Unity) StackWalker::ShowCallstack
0x00007ff740a450e3 (Unity) GetStacktrace
0x00007ff7410dbbcd (Unity) DebugStringToFile
0x00007ff73f998f4c (Unity) PopulateMethods
0x00007ff73f991c15 (Unity) CreateMonoScriptCache
0x00007ff73f99a1c3 (Unity) MonoScript::Renew
0x00007ff73f999796 (Unity) MonoScript::RebuildFromAwake
0x00007ff73fa8216a (Unity) PersistentManager::ReadAndActivateObjectThreaded
0x00007ff73fa826b1 (Unity) PersistentManager::ReadObjectThreaded
0x00007ff73fa82467 (Unity) PersistentManager::ReadObject
0x00007ff740dfe9f8 (Unity) AssetImportWorkerClient::RegisterAvailableScripts
0x00007ff740df062e (Unity) <lambda_f586749871dc2f4b36dca2d21a52c840>::operator()
0x00007ff740e30162 (Unity) asio::detail::completion_handler<core::mutable_function<void __cdecl(void)>,asio::io_context::basic_executor_type<std::allocator<void>,0> >::do_complete
0x00007ff740e1c04e (Unity) asio::detail::win_iocp_io_context::do_one
0x00007ff740e1dcb4 (Unity) asio::detail::win_iocp_io_context::run
0x00007ff740e2e54e (Unity) IOService::Run
0x00007ff740e0113f (Unity) AssetImportWorkerClient::Run
0x00007ff740dcb593 (Unity) RunAssetImportWorkerClientV2
0x00007ff740dcb61b (Unity) RunAssetImporterV2
0x00007ff7405f10d8 (Unity) Application::InitializeProject
0x00007ff740a4f828 (Unity) WinMain
0x00007ff741dd421e (Unity) __scrt_common_main_seh
0x00007ff902be7034 (KERNEL32) BaseThreadInitThunk
0x00007ff9030626a1 (ntdll) RtlUserThreadStart

Refreshing native plugins compatible for Editor in 8.52 ms, found 3 plugins.
Preloading 0 native plugins for Editor in 0.00 ms.
Unloading 9051 Unused Serialized files (Serialized files now loaded: 0)
Unloading 65 unused Assets / (2.9 MB). Loaded Objects now: 9515.
Memory consumption went from 0.53 GB to 0.53 GB.
Total: 46.738900 ms (FindLiveObjects: 0.902400 ms CreateObjectMapping: 0.988500 ms MarkObjects: 42.511600 ms  DeleteObjects: 2.335000 ms)

AssetImportParameters requested are different than current active one (requested -> active):
  custom:video-decoder-ogg-theora: a1e56fd34408186e4bbccfd4996cb3dc -> 
  custom:container-muxer-webm: aa71ff27fc2769a1b78a27578f13a17b -> 
  custom:container-demuxer-webm: 4f35f7cbe854078d1ac9338744f61a02 -> 
  custom:video-encoder-webm-vp8: eb34c28f22e8b96e1ab97ce403110664 -> 
  custom:audio-encoder-webm-vorbis: bf7c407c2cedff20999df2af8eb42d56 -> 
  custom:framework-win-MediaFoundation: 216162199b28c13a410421893ffa2e32 -> 
  custom:container-demuxer-ogg: 62fdf1f143b41e24485cea50d1cbac27 -> 
  custom:video-decoder-webm-vp8: 9c59270c3fd7afecdb556c50c9e8de78 -> 
  custom:audio-decoder-ogg-vorbis: bf7c407c2cedff20999df2af8eb42d56 -> 
========================================================================
Received Import Request.
  Time since last request: 852058.496039 seconds.
  path: Assets/DChild/Scripts/Gameplay/System/Combat/Modules/DPSColliderDamage.cs
  artifactKey: Guid(38f1c154d0bdfe644b279d0b4b6b7d08) Importer(815301076,1909f56bfc062723c751e8b465ee728b)
Start importing Assets/DChild/Scripts/Gameplay/System/Combat/Modules/DPSColliderDamage.cs using Guid(38f1c154d0bdfe644b279d0b4b6b7d08) Importer(815301076,1909f56bfc062723c751e8b465ee728b)  -> (artifact id: 'fd3478125273613ec4fcc6dab284c41b') in 0.062491 seconds 
========================================================================
Received Prepare
Registering precompiled user dll's ...
Registered in 0.008350 seconds.
Script error (MapAreaUI): Update() can not take parameters.
0x00007ff73facffed (Unity) StackWalker::GetCurrentCallstack
0x00007ff73fad6cc9 (Unity) StackWalker::ShowCallstack
0x00007ff740a450e3 (Unity) GetStacktrace
0x00007ff7410dbbcd (Unity) DebugStringToFile
0x00007ff73f998f4c (Unity) PopulateMethods
0x00007ff73f991c15 (Unity) CreateMonoScriptCache
0x00007ff73f99a1c3 (Unity) MonoScript::Renew
0x00007ff73f999796 (Unity) MonoScript::RebuildFromAwake
0x00007ff73fa8216a (Unity) PersistentManager::ReadAndActivateObjectThreaded
0x00007ff73fa826b1 (Unity) PersistentManager::ReadObjectThreaded
0x00007ff73fa82467 (Unity) PersistentManager::ReadObject
0x00007ff73f98c8cf (Unity) AddScriptsToList
0x00007ff73f99414a (Unity) MonoScriptManager::GetAllRuntimeAndEditorScripts
0x00007ff740902ec3 (Unity) UpdateAllScriptPaths
0x00007ff7408fe64c (Unity) InitializeManagedCompilationPipeline
0x00007ff7409013e7 (Unity) RegisterAssetsAndInitializeAssemblies
0x00007ff74090041f (Unity) LoadUserAssemblies
0x00007ff740df05ef (Unity) <lambda_f586749871dc2f4b36dca2d21a52c840>::operator()
0x00007ff740e30162 (Unity) asio::detail::completion_handler<core::mutable_function<void __cdecl(void)>,asio::io_context::basic_executor_type<std::allocator<void>,0> >::do_complete
0x00007ff740e1c04e (Unity) asio::detail::win_iocp_io_context::do_one
0x00007ff740e1dcb4 (Unity) asio::detail::win_iocp_io_context::run
0x00007ff740e2e54e (Unity) IOService::Run
0x00007ff740e0113f (Unity) AssetImportWorkerClient::Run
0x00007ff740dcb593 (Unity) RunAssetImportWorkerClientV2
0x00007ff740dcb61b (Unity) RunAssetImporterV2
0x00007ff7405f10d8 (Unity) Application::InitializeProject
0x00007ff740a4f828 (Unity) WinMain
0x00007ff741dd421e (Unity) __scrt_common_main_seh
0x00007ff902be7034 (KERNEL32) BaseThreadInitThunk
0x00007ff9030626a1 (ntdll) RtlUserThreadStart

Begin MonoManager ReloadAssembly
Script error (MapAreaUI): Update() can not take parameters.
0x00007ff73facffed (Unity) StackWalker::GetCurrentCallstack
0x00007ff73fad6cc9 (Unity) StackWalker::ShowCallstack
0x00007ff740a450e3 (Unity) GetStacktrace
0x00007ff7410dbbcd (Unity) DebugStringToFile
0x00007ff73f998f4c (Unity) PopulateMethods
0x00007ff73f991c15 (Unity) CreateMonoScriptCache
0x00007ff73f99a1c3 (Unity) MonoScript::Renew
0x00007ff73f9bf0f0 (Unity) MonoManager::EndReloadAssembly
0x00007ff73f9c6b28 (Unity) MonoManager::ReloadAssembly
0x00007ff7408ffcf2 (Unity) LoadDomainAndUserAssemblies
0x00007ff740900424 (Unity) LoadUserAssemblies
0x00007ff740df05ef (Unity) <lambda_f586749871dc2f4b36dca2d21a52c840>::operator()
0x00007ff740e30162 (Unity) asio::detail::completion_handler<core::mutable_function<void __cdecl(void)>,asio::io_context::basic_executor_type<std::allocator<void>,0> >::do_complete
0x00007ff740e1c04e (Unity) asio::detail::win_iocp_io_context::do_one
0x00007ff740e1dcb4 (Unity) asio::detail::win_iocp_io_context::run
0x00007ff740e2e54e (Unity) IOService::Run
0x00007ff740e0113f (Unity) AssetImportWorkerClient::Run
0x00007ff740dcb593 (Unity) RunAssetImportWorkerClientV2
0x00007ff740dcb61b (Unity) RunAssetImporterV2
0x00007ff7405f10d8 (Unity) Application::InitializeProject
0x00007ff740a4f828 (Unity) WinMain
0x00007ff741dd421e (Unity) __scrt_common_main_seh
0x00007ff902be7034 (KERNEL32) BaseThreadInitThunk
0x00007ff9030626a1 (ntdll) RtlUserThreadStart

Native extension for WindowsStandalone target not found
Refreshing native plugins compatible for Editor in 10.28 ms, found 3 plugins.
Preloading 0 native plugins for Editor in 0.00 ms.
`Assets/DChild/Objects/Characters/Enemy/Bosses/QueenBee/Model 3/QUEEN BEE NO DRONES.png` and material `QUEEN BEE NO DRONES_Material.mat` : Problematic Texture / Material Settings found: It is recommended to disable `Alpha Is Transparency` on `Premultiply alpha` textures.
Assuming `Premultiply alpha` texture because `Straight Alpha Texture` is disabled at material). (You can disable this warning in `Edit - Preferences - Spine`)
0x00007ff73facffed (Unity) StackWalker::GetCurrentCallstack
0x00007ff73fad6cc9 (Unity) StackWalker::ShowCallstack
0x00007ff740a450e3 (Unity) GetStacktrace
0x00007ff7410dbbcd (Unity) DebugStringToFile
0x00007ff73ec6c502 (Unity) DebugLogHandler_CUSTOM_Internal_Log
0x000001cefc735783 (Mono JIT Code) (wrapper managed-to-native) UnityEngine.DebugLogHandler:Internal_Log (UnityEngine.LogType,UnityEngine.LogOption,string,UnityEngine.Object)
0x000001cefc73524b (Mono JIT Code) UnityEngine.DebugLogHandler:LogFormat (UnityEngine.LogType,UnityEngine.Object,string,object[])
0x000001cefc734fd1 (Mono JIT Code) UnityEngine.Logger:Log (UnityEngine.LogType,object,UnityEngine.Object)
0x000001cefc734ead (Mono JIT Code) UnityEngine.Debug:LogWarning (object,UnityEngine.Object)
0x000001cefc725b33 (Mono JIT Code) [SpineEditorUtilities.cs:212] Spine.Unity.Editor.SpineEditorUtilities:IssueWarningsForUnrecommendedTextureSettings (string) 
0x000001cefc72569b (Mono JIT Code) [SpineEditorUtilities.cs:181] Spine.Unity.Editor.SpineEditorUtilities:IssueWarningsForUnrecommendedTextureSettings () 
0x000001ceff8ac17b (Mono JIT Code) [SpineEditorUtilities.cs:163] Spine.Unity.Editor.SpineEditorUtilities:Initialize () 
0x000001ceff8ab9bb (Mono JIT Code) [SpineEditorUtilities.cs:97] Spine.Unity.Editor.SpineEditorUtilities:.cctor () 
0x000001ceff8aba7d (Mono JIT Code) (wrapper runtime-invoke) object:runtime_invoke_void (object,intptr,intptr,intptr)
0x00007ff85a38fe24 (mono-2.0-bdwgc) [mini-runtime.c:3445] mono_jit_runtime_invoke 
0x00007ff85a2ce764 (mono-2.0-bdwgc) [object.c:3066] do_runtime_invoke 
0x00007ff85a2c9810 (mono-2.0-bdwgc) [object.c:563] mono_runtime_class_init_full 
0x00007ff85a236290 (mono-2.0-bdwgc) [icall-def.h:751] ves_icall_System_Runtime_CompilerServices_RuntimeHelpers_RunClassConstructor_raw 
0x000001ceff8883ea (Mono JIT Code) (wrapper managed-to-native) System.Runtime.CompilerServices.RuntimeHelpers:RunClassConstructor (intptr)
0x000001ceff8882fb (Mono JIT Code) System.Runtime.CompilerServices.RuntimeHelpers:RunClassConstructor (System.RuntimeTypeHandle)
0x000001ceff88747b (Mono JIT Code) UnityEditor.EditorAssemblies:ProcessInitializeOnLoadAttributes (System.Type[])
0x000001cefd747e08 (Mono JIT Code) (wrapper runtime-invoke) <Module>:runtime_invoke_void_object (object,intptr,intptr,intptr)
0x00007ff85a38fe24 (mono-2.0-bdwgc) [mini-runtime.c:3445] mono_jit_runtime_invoke 
0x00007ff85a2ce764 (mono-2.0-bdwgc) [object.c:3066] do_runtime_invoke 
0x00007ff85a2ce8fc (mono-2.0-bdwgc) [object.c:3113] mono_runtime_invoke 
0x00007ff73f9f4db4 (Unity) scripting_method_invoke
0x00007ff73f9d4654 (Unity) ScriptingInvocation::Invoke
0x00007ff73f9cf265 (Unity) ScriptingInvocation::Invoke<void>
0x00007ff73fb27e23 (Unity) Scripting::UnityEditor::EditorAssembliesProxy::ProcessInitializeOnLoadAttributes
0x00007ff73f9c94ab (Unity) MonoManager::SetupLoadedEditorAssemblies
0x00007ff73f9bf16d (Unity) MonoManager::EndReloadAssembly
0x00007ff73f9c6b28 (Unity) MonoManager::ReloadAssembly
0x00007ff7408ffcf2 (Unity) LoadDomainAndUserAssemblies
0x00007ff740900424 (Unity) LoadUserAssemblies
0x00007ff740df05ef (Unity) <lambda_f586749871dc2f4b36dca2d21a52c840>::operator()
0x00007ff740e30162 (Unity) asio::detail::completion_handler<core::mutable_function<void __cdecl(void)>,asio::io_context::basic_executor_type<std::allocator<void>,0> >::do_complete
0x00007ff740e1c04e (Unity) asio::detail::win_iocp_io_context::do_one
0x00007ff740e1dcb4 (Unity) asio::detail::win_iocp_io_context::run
0x00007ff740e2e54e (Unity) IOService::Run
0x00007ff740e0113f (Unity) AssetImportWorkerClient::Run
0x00007ff740dcb593 (Unity) RunAssetImportWorkerClientV2
0x00007ff740dcb61b (Unity) RunAssetImporterV2
0x00007ff7405f10d8 (Unity) Application::InitializeProject
0x00007ff740a4f828 (Unity) WinMain
0x00007ff741dd421e (Unity) __scrt_common_main_seh
0x00007ff902be7034 (KERNEL32) BaseThreadInitThunk
0x00007ff9030626a1 (ntdll) RtlUserThreadStart

`Assets/DChild/Objects/Location/CityOfTheDead/Arena Crowd/Crowd2/skeleton.png` and material `skeleton_Material.mat` : Incorrect Texture / Material Settings found: It is strongly recommended to enable `Alpha Is Transparency` on `Straight alpha` textures.
Assuming `Straight alpha` texture because `Straight Alpha Texture` is enabled at material). (You can disable this warning in `Edit - Preferences - Spine`)
0x00007ff73facffed (Unity) StackWalker::GetCurrentCallstack
0x00007ff73fad6cc9 (Unity) StackWalker::ShowCallstack
0x00007ff740a450e3 (Unity) GetStacktrace
0x00007ff7410dbbcd (Unity) DebugStringToFile
0x00007ff73ec6c502 (Unity) DebugLogHandler_CUSTOM_Internal_Log
0x000001cefc735783 (Mono JIT Code) (wrapper managed-to-native) UnityEngine.DebugLogHandler:Internal_Log (UnityEngine.LogType,UnityEngine.LogOption,string,UnityEngine.Object)
0x000001cefc73524b (Mono JIT Code) UnityEngine.DebugLogHandler:LogFormat (UnityEngine.LogType,UnityEngine.Object,string,object[])
0x000001cefc734fd1 (Mono JIT Code) UnityEngine.Logger:Log (UnityEngine.LogType,object,UnityEngine.Object)
0x000001cefc734ead (Mono JIT Code) UnityEngine.Debug:LogWarning (object,UnityEngine.Object)
0x000001cefc725b33 (Mono JIT Code) [SpineEditorUtilities.cs:212] Spine.Unity.Editor.SpineEditorUtilities:IssueWarningsForUnrecommendedTextureSettings (string) 
0x000001cefc72569b (Mono JIT Code) [SpineEditorUtilities.cs:181] Spine.Unity.Editor.SpineEditorUtilities:IssueWarningsForUnrecommendedTextureSettings () 
0x000001ceff8ac17b (Mono JIT Code) [SpineEditorUtilities.cs:163] Spine.Unity.Editor.SpineEditorUtilities:Initialize () 
0x000001ceff8ab9bb (Mono JIT Code) [SpineEditorUtilities.cs:97] Spine.Unity.Editor.SpineEditorUtilities:.cctor () 
0x000001ceff8aba7d (Mono JIT Code) (wrapper runtime-invoke) object:runtime_invoke_void (object,intptr,intptr,intptr)
0x00007ff85a38fe24 (mono-2.0-bdwgc) [mini-runtime.c:3445] mono_jit_runtime_invoke 
0x00007ff85a2ce764 (mono-2.0-bdwgc) [object.c:3066] do_runtime_invoke 
0x00007ff85a2c9810 (mono-2.0-bdwgc) [object.c:563] mono_runtime_class_init_full 
0x00007ff85a236290 (mono-2.0-bdwgc) [icall-def.h:751] ves_icall_System_Runtime_CompilerServices_RuntimeHelpers_RunClassConstructor_raw 
0x000001ceff8883ea (Mono JIT Code) (wrapper managed-to-native) System.Runtime.CompilerServices.RuntimeHelpers:RunClassConstructor (intptr)
0x000001ceff8882fb (Mono JIT Code) System.Runtime.CompilerServices.RuntimeHelpers:RunClassConstructor (System.RuntimeTypeHandle)
0x000001ceff88747b (Mono JIT Code) UnityEditor.EditorAssemblies:ProcessInitializeOnLoadAttributes (System.Type[])
0x000001cefd747e08 (Mono JIT Code) (wrapper runtime-invoke) <Module>:runtime_invoke_void_object (object,intptr,intptr,intptr)
0x00007ff85a38fe24 (mono-2.0-bdwgc) [mini-runtime.c:3445] mono_jit_runtime_invoke 
0x00007ff85a2ce764 (mono-2.0-bdwgc) [object.c:3066] do_runtime_invoke 
0x00007ff85a2ce8fc (mono-2.0-bdwgc) [object.c:3113] mono_runtime_invoke 
0x00007ff73f9f4db4 (Unity) scripting_method_invoke
0x00007ff73f9d4654 (Unity) ScriptingInvocation::Invoke
0x00007ff73f9cf265 (Unity) ScriptingInvocation::Invoke<void>
0x00007ff73fb27e23 (Unity) Scripting::UnityEditor::EditorAssembliesProxy::ProcessInitializeOnLoadAttributes
0x00007ff73f9c94ab (Unity) MonoManager::SetupLoadedEditorAssemblies
0x00007ff73f9bf16d (Unity) MonoManager::EndReloadAssembly
0x00007ff73f9c6b28 (Unity) MonoManager::ReloadAssembly
0x00007ff7408ffcf2 (Unity) LoadDomainAndUserAssemblies
0x00007ff740900424 (Unity) LoadUserAssemblies
0x00007ff740df05ef (Unity) <lambda_f586749871dc2f4b36dca2d21a52c840>::operator()
0x00007ff740e30162 (Unity) asio::detail::completion_handler<core::mutable_function<void __cdecl(void)>,asio::io_context::basic_executor_type<std::allocator<void>,0> >::do_complete
0x00007ff740e1c04e (Unity) asio::detail::win_iocp_io_context::do_one
0x00007ff740e1dcb4 (Unity) asio::detail::win_iocp_io_context::run
0x00007ff740e2e54e (Unity) IOService::Run
0x00007ff740e0113f (Unity) AssetImportWorkerClient::Run
0x00007ff740dcb593 (Unity) RunAssetImportWorkerClientV2
0x00007ff740dcb61b (Unity) RunAssetImporterV2
0x00007ff7405f10d8 (Unity) Application::InitializeProject
0x00007ff740a4f828 (Unity) WinMain
0x00007ff741dd421e (Unity) __scrt_common_main_seh
0x00007ff902be7034 (KERNEL32) BaseThreadInitThunk
0x00007ff9030626a1 (ntdll) RtlUserThreadStart

`Assets/DChild/Objects/Location/CityOfTheDead/Arena Crowd/CrowdGroup/skeleton.png` and material `skeleton_Material.mat` : Incorrect Texture / Material Settings found: It is strongly recommended to enable `Alpha Is Transparency` on `Straight alpha` textures.
Assuming `Straight alpha` texture because `Straight Alpha Texture` is enabled at material). (You can disable this warning in `Edit - Preferences - Spine`)
0x00007ff73facffed (Unity) StackWalker::GetCurrentCallstack
0x00007ff73fad6cc9 (Unity) StackWalker::ShowCallstack
0x00007ff740a450e3 (Unity) GetStacktrace
0x00007ff7410dbbcd (Unity) DebugStringToFile
0x00007ff73ec6c502 (Unity) DebugLogHandler_CUSTOM_Internal_Log
0x000001cefc735783 (Mono JIT Code) (wrapper managed-to-native) UnityEngine.DebugLogHandler:Internal_Log (UnityEngine.LogType,UnityEngine.LogOption,string,UnityEngine.Object)
0x000001cefc73524b (Mono JIT Code) UnityEngine.DebugLogHandler:LogFormat (UnityEngine.LogType,UnityEngine.Object,string,object[])
0x000001cefc734fd1 (Mono JIT Code) UnityEngine.Logger:Log (UnityEngine.LogType,object,UnityEngine.Object)
0x000001cefc734ead (Mono JIT Code) UnityEngine.Debug:LogWarning (object,UnityEngine.Object)
0x000001cefc725b33 (Mono JIT Code) [SpineEditorUtilities.cs:212] Spine.Unity.Editor.SpineEditorUtilities:IssueWarningsForUnrecommendedTextureSettings (string) 
0x000001cefc72569b (Mono JIT Code) [SpineEditorUtilities.cs:181] Spine.Unity.Editor.SpineEditorUtilities:IssueWarningsForUnrecommendedTextureSettings () 
0x000001ceff8ac17b (Mono JIT Code) [SpineEditorUtilities.cs:163] Spine.Unity.Editor.SpineEditorUtilities:Initialize () 
0x000001ceff8ab9bb (Mono JIT Code) [SpineEditorUtilities.cs:97] Spine.Unity.Editor.SpineEditorUtilities:.cctor () 
0x000001ceff8aba7d (Mono JIT Code) (wrapper runtime-invoke) object:runtime_invoke_void (object,intptr,intptr,intptr)
0x00007ff85a38fe24 (mono-2.0-bdwgc) [mini-runtime.c:3445] mono_jit_runtime_invoke 
0x00007ff85a2ce764 (mono-2.0-bdwgc) [object.c:3066] do_runtime_invoke 
0x00007ff85a2c9810 (mono-2.0-bdwgc) [object.c:563] mono_runtime_class_init_full 
0x00007ff85a236290 (mono-2.0-bdwgc) [icall-def.h:751] ves_icall_System_Runtime_CompilerServices_RuntimeHelpers_RunClassConstructor_raw 
0x000001ceff8883ea (Mono JIT Code) (wrapper managed-to-native) System.Runtime.CompilerServices.RuntimeHelpers:RunClassConstructor (intptr)
0x000001ceff8882fb (Mono JIT Code) System.Runtime.CompilerServices.RuntimeHelpers:RunClassConstructor (System.RuntimeTypeHandle)
0x000001ceff88747b (Mono JIT Code) UnityEditor.EditorAssemblies:ProcessInitializeOnLoadAttributes (System.Type[])
0x000001cefd747e08 (Mono JIT Code) (wrapper runtime-invoke) <Module>:runtime_invoke_void_object (object,intptr,intptr,intptr)
0x00007ff85a38fe24 (mono-2.0-bdwgc) [mini-runtime.c:3445] mono_jit_runtime_invoke 
0x00007ff85a2ce764 (mono-2.0-bdwgc) [object.c:3066] do_runtime_invoke 
0x00007ff85a2ce8fc (mono-2.0-bdwgc) [object.c:3113] mono_runtime_invoke 
0x00007ff73f9f4db4 (Unity) scripting_method_invoke
0x00007ff73f9d4654 (Unity) ScriptingInvocation::Invoke
0x00007ff73f9cf265 (Unity) ScriptingInvocation::Invoke<void>
0x00007ff73fb27e23 (Unity) Scripting::UnityEditor::EditorAssembliesProxy::ProcessInitializeOnLoadAttributes
0x00007ff73f9c94ab (Unity) MonoManager::SetupLoadedEditorAssemblies
0x00007ff73f9bf16d (Unity) MonoManager::EndReloadAssembly
0x00007ff73f9c6b28 (Unity) MonoManager::ReloadAssembly
0x00007ff7408ffcf2 (Unity) LoadDomainAndUserAssemblies
0x00007ff740900424 (Unity) LoadUserAssemblies
0x00007ff740df05ef (Unity) <lambda_f586749871dc2f4b36dca2d21a52c840>::operator()
0x00007ff740e30162 (Unity) asio::detail::completion_handler<core::mutable_function<void __cdecl(void)>,asio::io_context::basic_executor_type<std::allocator<void>,0> >::do_complete
0x00007ff740e1c04e (Unity) asio::detail::win_iocp_io_context::do_one
0x00007ff740e1dcb4 (Unity) asio::detail::win_iocp_io_context::run
0x00007ff740e2e54e (Unity) IOService::Run
0x00007ff740e0113f (Unity) AssetImportWorkerClient::Run
0x00007ff740dcb593 (Unity) RunAssetImportWorkerClientV2
0x00007ff740dcb61b (Unity) RunAssetImporterV2
0x00007ff7405f10d8 (Unity) Application::InitializeProject
0x00007ff740a4f828 (Unity) WinMain
0x00007ff741dd421e (Unity) __scrt_common_main_seh
0x00007ff902be7034 (KERNEL32) BaseThreadInitThunk
0x00007ff9030626a1 (ntdll) RtlUserThreadStart

`Assets/DChild/Objects/Location/General/Idling Background Creatures/Crow/NewCrow.png` and material `NewCrow_Material.mat` : Problematic Texture / Material Settings found: It is recommended to disable `Alpha Is Transparency` on `Premultiply alpha` textures.
Assuming `Premultiply alpha` texture because `Straight Alpha Texture` is disabled at material). (You can disable this warning in `Edit - Preferences - Spine`)
0x00007ff73facffed (Unity) StackWalker::GetCurrentCallstack
0x00007ff73fad6cc9 (Unity) StackWalker::ShowCallstack
0x00007ff740a450e3 (Unity) GetStacktrace
0x00007ff7410dbbcd (Unity) DebugStringToFile
0x00007ff73ec6c502 (Unity) DebugLogHandler_CUSTOM_Internal_Log
0x000001cefc735783 (Mono JIT Code) (wrapper managed-to-native) UnityEngine.DebugLogHandler:Internal_Log (UnityEngine.LogType,UnityEngine.LogOption,string,UnityEngine.Object)
0x000001cefc73524b (Mono JIT Code) UnityEngine.DebugLogHandler:LogFormat (UnityEngine.LogType,UnityEngine.Object,string,object[])
0x000001cefc734fd1 (Mono JIT Code) UnityEngine.Logger:Log (UnityEngine.LogType,object,UnityEngine.Object)
0x000001cefc734ead (Mono JIT Code) UnityEngine.Debug:LogWarning (object,UnityEngine.Object)
0x000001cefc725b33 (Mono JIT Code) [SpineEditorUtilities.cs:212] Spine.Unity.Editor.SpineEditorUtilities:IssueWarningsForUnrecommendedTextureSettings (string) 
0x000001cefc72569b (Mono JIT Code) [SpineEditorUtilities.cs:181] Spine.Unity.Editor.SpineEditorUtilities:IssueWarningsForUnrecommendedTextureSettings () 
0x000001ceff8ac17b (Mono JIT Code) [SpineEditorUtilities.cs:163] Spine.Unity.Editor.SpineEditorUtilities:Initialize () 
0x000001ceff8ab9bb (Mono JIT Code) [SpineEditorUtilities.cs:97] Spine.Unity.Editor.SpineEditorUtilities:.cctor () 
0x000001ceff8aba7d (Mono JIT Code) (wrapper runtime-invoke) object:runtime_invoke_void (object,intptr,intptr,intptr)
0x00007ff85a38fe24 (mono-2.0-bdwgc) [mini-runtime.c:3445] mono_jit_runtime_invoke 
0x00007ff85a2ce764 (mono-2.0-bdwgc) [object.c:3066] do_runtime_invoke 
0x00007ff85a2c9810 (mono-2.0-bdwgc) [object.c:563] mono_runtime_class_init_full 
0x00007ff85a236290 (mono-2.0-bdwgc) [icall-def.h:751] ves_icall_System_Runtime_CompilerServices_RuntimeHelpers_RunClassConstructor_raw 
0x000001ceff8883ea (Mono JIT Code) (wrapper managed-to-native) System.Runtime.CompilerServices.RuntimeHelpers:RunClassConstructor (intptr)
0x000001ceff8882fb (Mono JIT Code) System.Runtime.CompilerServices.RuntimeHelpers:RunClassConstructor (System.RuntimeTypeHandle)
0x000001ceff88747b (Mono JIT Code) UnityEditor.EditorAssemblies:ProcessInitializeOnLoadAttributes (System.Type[])
0x000001cefd747e08 (Mono JIT Code) (wrapper runtime-invoke) <Module>:runtime_invoke_void_object (object,intptr,intptr,intptr)
0x00007ff85a38fe24 (mono-2.0-bdwgc) [mini-runtime.c:3445] mono_jit_runtime_invoke 
0x00007ff85a2ce764 (mono-2.0-bdwgc) [object.c:3066] do_runtime_invoke 
0x00007ff85a2ce8fc (mono-2.0-bdwgc) [object.c:3113] mono_runtime_invoke 
0x00007ff73f9f4db4 (Unity) scripting_method_invoke
0x00007ff73f9d4654 (Unity) ScriptingInvocation::Invoke
0x00007ff73f9cf265 (Unity) ScriptingInvocation::Invoke<void>
0x00007ff73fb27e23 (Unity) Scripting::UnityEditor::EditorAssembliesProxy::ProcessInitializeOnLoadAttributes
0x00007ff73f9c94ab (Unity) MonoManager::SetupLoadedEditorAssemblies
0x00007ff73f9bf16d (Unity) MonoManager::EndReloadAssembly
0x00007ff73f9c6b28 (Unity) MonoManager::ReloadAssembly
0x00007ff7408ffcf2 (Unity) LoadDomainAndUserAssemblies
0x00007ff740900424 (Unity) LoadUserAssemblies
0x00007ff740df05ef (Unity) <lambda_f586749871dc2f4b36dca2d21a52c840>::operator()
0x00007ff740e30162 (Unity) asio::detail::completion_handler<core::mutable_function<void __cdecl(void)>,asio::io_context::basic_executor_type<std::allocator<void>,0> >::do_complete
0x00007ff740e1c04e (Unity) asio::detail::win_iocp_io_context::do_one
0x00007ff740e1dcb4 (Unity) asio::detail::win_iocp_io_context::run
0x00007ff740e2e54e (Unity) IOService::Run
0x00007ff740e0113f (Unity) AssetImportWorkerClient::Run
0x00007ff740dcb593 (Unity) RunAssetImportWorkerClientV2
0x00007ff740dcb61b (Unity) RunAssetImporterV2
0x00007ff7405f10d8 (Unity) Application::InitializeProject
0x00007ff740a4f828 (Unity) WinMain
0x00007ff741dd421e (Unity) __scrt_common_main_seh
0x00007ff902be7034 (KERNEL32) BaseThreadInitThunk
0x00007ff9030626a1 (ntdll) RtlUserThreadStart

Mono: successfully reloaded assembly
- Completed reload, in  8.374 seconds
Domain Reload Profiling:
	ReloadAssembly (8378ms)
		BeginReloadAssembly (264ms)
			ExecutionOrderSort (0ms)
			DisableScriptedObjects (10ms)
			BackupInstance (0ms)
			ReleaseScriptingObjects (0ms)
			CreateAndSetChildDomain (96ms)
		EndReloadAssembly (7911ms)
			LoadAssemblies (189ms)
			RebuildTransferFunctionScriptingTraits (0ms)
			SetupTypeCache (649ms)
			ReleaseScriptCaches (10ms)
			RebuildScriptCaches (310ms)
			SetupLoadedEditorAssemblies (6550ms)
				LogAssemblyErrors (0ms)
				InitializePlatformSupportModulesInManaged (22ms)
				SetLoadedEditorAssemblies (1ms)
				RefreshPlugins (10ms)
				BeforeProcessingInitializeOnLoad (170ms)
				ProcessInitializeOnLoadAttributes (6182ms)
				ProcessInitializeOnLoadMethodAttributes (150ms)
				AfterProcessingInitializeOnLoad (14ms)
				EditorAssembliesLoaded (0ms)
			ExecutionOrderSort2 (0ms)
			AwakeInstancesAfterBackupRestoration (116ms)
Platform modules already initialized, skipping
Script error (MapAreaUI): Update() can not take parameters.
0x00007ff73facffed (Unity) StackWalker::GetCurrentCallstack
0x00007ff73fad6cc9 (Unity) StackWalker::ShowCallstack
0x00007ff740a450e3 (Unity) GetStacktrace
0x00007ff7410dbbcd (Unity) DebugStringToFile
0x00007ff73f998f4c (Unity) PopulateMethods
0x00007ff73f991c15 (Unity) CreateMonoScriptCache
0x00007ff73f99a1c3 (Unity) MonoScript::Renew
0x00007ff73f999796 (Unity) MonoScript::RebuildFromAwake
0x00007ff73fa8216a (Unity) PersistentManager::ReadAndActivateObjectThreaded
0x00007ff73fa826b1 (Unity) PersistentManager::ReadObjectThreaded
0x00007ff73fa82467 (Unity) PersistentManager::ReadObject
0x00007ff740dfe9f8 (Unity) AssetImportWorkerClient::RegisterAvailableScripts
0x00007ff740df062e (Unity) <lambda_f586749871dc2f4b36dca2d21a52c840>::operator()
0x00007ff740e30162 (Unity) asio::detail::completion_handler<core::mutable_function<void __cdecl(void)>,asio::io_context::basic_executor_type<std::allocator<void>,0> >::do_complete
0x00007ff740e1c04e (Unity) asio::detail::win_iocp_io_context::do_one
0x00007ff740e1dcb4 (Unity) asio::detail::win_iocp_io_context::run
0x00007ff740e2e54e (Unity) IOService::Run
0x00007ff740e0113f (Unity) AssetImportWorkerClient::Run
0x00007ff740dcb593 (Unity) RunAssetImportWorkerClientV2
0x00007ff740dcb61b (Unity) RunAssetImporterV2
0x00007ff7405f10d8 (Unity) Application::InitializeProject
0x00007ff740a4f828 (Unity) WinMain
0x00007ff741dd421e (Unity) __scrt_common_main_seh
0x00007ff902be7034 (KERNEL32) BaseThreadInitThunk
0x00007ff9030626a1 (ntdll) RtlUserThreadStart

Refreshing native plugins compatible for Editor in 11.10 ms, found 3 plugins.
Preloading 0 native plugins for Editor in 0.00 ms.
Unloading 9051 Unused Serialized files (Serialized files now loaded: 0)
Unloading 65 unused Assets / (2.9 MB). Loaded Objects now: 9518.
Memory consumption went from 0.54 GB to 0.54 GB.
Total: 37.389900 ms (FindLiveObjects: 1.015800 ms CreateObjectMapping: 1.055300 ms MarkObjects: 33.290900 ms  DeleteObjects: 2.026900 ms)

AssetImportParameters requested are different than current active one (requested -> active):
  custom:video-decoder-ogg-theora: a1e56fd34408186e4bbccfd4996cb3dc -> 
  custom:container-muxer-webm: aa71ff27fc2769a1b78a27578f13a17b -> 
  custom:container-demuxer-webm: 4f35f7cbe854078d1ac9338744f61a02 -> 
  custom:video-encoder-webm-vp8: eb34c28f22e8b96e1ab97ce403110664 -> 
  custom:audio-encoder-webm-vorbis: bf7c407c2cedff20999df2af8eb42d56 -> 
  custom:framework-win-MediaFoundation: 216162199b28c13a410421893ffa2e32 -> 
  custom:container-demuxer-ogg: 62fdf1f143b41e24485cea50d1cbac27 -> 
  custom:video-decoder-webm-vp8: 9c59270c3fd7afecdb556c50c9e8de78 -> 
  custom:audio-decoder-ogg-vorbis: bf7c407c2cedff20999df2af8eb42d56 -> 
