Using pre-set license
Built from '2021.3/staging' branch; Version is '2021.3.11f1 (0a5ca18544bf) revision 679073'; Using compiler version '192829333'; Build Type 'Release'
OS: 'Windows 10  (10.0.19044) 64bit Professional' Language: 'en' Physical Memory: 32707 MB
BatchMode: 1, IsHumanControllingUs: 0, StartBugReporterOnCrash: 0, Is64bit: 1, IsPro: 1

COMMAND LINE ARGUMENTS:
C:\Program Files\Unity\Hub\Editor\Unity 2021.3.11f1\Editor\Unity.exe
-adb2
-batchMode
-noUpm
-name
AssetImportWorker1
-projectPath
D:/Repo
-logFile
Logs/AssetImportWorker1.log
-srvPort
64993
Successfully changed project path to: D:/Repo
D:/Repo
[UnityMemory] Configuration Parameters - Can be set up in boot.config
    "memorysetup-bucket-allocator-granularity=16"
    "memorysetup-bucket-allocator-bucket-count=8"
    "memorysetup-bucket-allocator-block-size=33554432"
    "memorysetup-bucket-allocator-block-count=8"
    "memorysetup-main-allocator-block-size=16777216"
    "memorysetup-thread-allocator-block-size=16777216"
    "memorysetup-gfx-main-allocator-block-size=16777216"
    "memorysetup-gfx-thread-allocator-block-size=16777216"
    "memorysetup-cache-allocator-block-size=4194304"
    "memorysetup-typetree-allocator-block-size=2097152"
    "memorysetup-profiler-bucket-allocator-granularity=16"
    "memorysetup-profiler-bucket-allocator-bucket-count=8"
    "memorysetup-profiler-bucket-allocator-block-size=33554432"
    "memorysetup-profiler-bucket-allocator-block-count=8"
    "memorysetup-profiler-allocator-block-size=16777216"
    "memorysetup-profiler-editor-allocator-block-size=1048576"
    "memorysetup-temp-allocator-size-main=16777216"
    "memorysetup-job-temp-allocator-block-size=2097152"
    "memorysetup-job-temp-allocator-block-size-background=1048576"
    "memorysetup-job-temp-allocator-reduction-small-platforms=262144"
    "memorysetup-temp-allocator-size-background-worker=32768"
    "memorysetup-temp-allocator-size-job-worker=262144"
    "memorysetup-temp-allocator-size-preload-manager=33554432"
    "memorysetup-temp-allocator-size-nav-mesh-worker=65536"
    "memorysetup-temp-allocator-size-audio-worker=65536"
    "memorysetup-temp-allocator-size-cloud-worker=32768"
    "memorysetup-temp-allocator-size-gi-baking-worker=262144"
    "memorysetup-temp-allocator-size-gfx=262144"
Refreshing native plugins compatible for Editor in 359.56 ms, found 3 plugins.
Preloading 0 native plugins for Editor in 0.00 ms.
Initialize engine version: 2021.3.11f1 (0a5ca18544bf)
[Subsystems] Discovering subsystems at path C:/Program Files/Unity/Hub/Editor/Unity 2021.3.11f1/Editor/Data/Resources/UnitySubsystems
[Subsystems] Discovering subsystems at path D:/Repo/Assets
GfxDevice: creating device client; threaded=0; jobified=0
Direct3D:
    Version:  Direct3D 11.0 [level 11.1]
    Renderer: NVIDIA GeForce GTX 1050 Ti (ID=0x1c82)
    Vendor:   NVIDIA
    VRAM:     4018 MB
    Driver:   31.0.15.1694
Initialize mono
Mono path[0] = 'C:/Program Files/Unity/Hub/Editor/Unity 2021.3.11f1/Editor/Data/Managed'
Mono path[1] = 'C:/Program Files/Unity/Hub/Editor/Unity 2021.3.11f1/Editor/Data/MonoBleedingEdge/lib/mono/unityjit-win32'
Mono config path = 'C:/Program Files/Unity/Hub/Editor/Unity 2021.3.11f1/Editor/Data/MonoBleedingEdge/etc'
Using monoOptions --debugger-agent=transport=dt_socket,embedding=1,server=y,suspend=n,address=127.0.0.1:56296
Begin MonoManager ReloadAssembly
Registering precompiled unity dll's ...
Register platform support module: C:/Program Files/Unity/Hub/Editor/Unity 2021.3.11f1/Editor/Data/PlaybackEngines/WindowsStandaloneSupport/UnityEditor.WindowsStandalone.Extensions.dll
Registered in 0.008307 seconds.
Native extension for WindowsStandalone target not found
Refreshing native plugins compatible for Editor in 355.85 ms, found 3 plugins.
Preloading 0 native plugins for Editor in 0.00 ms.
Mono: successfully reloaded assembly
- Completed reload, in  0.942 seconds
Domain Reload Profiling:
	ReloadAssembly (943ms)
		BeginReloadAssembly (89ms)
			ExecutionOrderSort (0ms)
			DisableScriptedObjects (0ms)
			BackupInstance (0ms)
			ReleaseScriptingObjects (0ms)
			CreateAndSetChildDomain (1ms)
		EndReloadAssembly (734ms)
			LoadAssemblies (88ms)
			RebuildTransferFunctionScriptingTraits (0ms)
			SetupTypeCache (109ms)
			ReleaseScriptCaches (0ms)
			RebuildScriptCaches (28ms)
			SetupLoadedEditorAssemblies (539ms)
				LogAssemblyErrors (0ms)
				InitializePlatformSupportModulesInManaged (8ms)
				SetLoadedEditorAssemblies (0ms)
				RefreshPlugins (356ms)
				BeforeProcessingInitializeOnLoad (1ms)
				ProcessInitializeOnLoadAttributes (121ms)
				ProcessInitializeOnLoadMethodAttributes (53ms)
				AfterProcessingInitializeOnLoad (0ms)
				EditorAssembliesLoaded (0ms)
			ExecutionOrderSort2 (0ms)
			AwakeInstancesAfterBackupRestoration (0ms)
Platform modules already initialized, skipping
Registering precompiled user dll's ...
Registered in 0.009745 seconds.
Begin MonoManager ReloadAssembly
Script error (MapAreaUI): Update() can not take parameters.
0x00007ff64ad7368d (Unity) StackWalker::GetCurrentCallstack
0x00007ff64ad7a369 (Unity) StackWalker::ShowCallstack
0x00007ff64bceb683 (Unity) GetStacktrace
0x00007ff64c38947d (Unity) DebugStringToFile
0x00007ff64ac3c2fc (Unity) PopulateMethods
0x00007ff64ac34d35 (Unity) CreateMonoScriptCache
0x00007ff64ac3d573 (Unity) MonoScript::Renew
0x00007ff64ac624a0 (Unity) MonoManager::EndReloadAssembly
0x00007ff64ac69ed8 (Unity) MonoManager::ReloadAssembly
0x00007ff64bba6412 (Unity) LoadDomainAndUserAssemblies
0x00007ff64bba6b44 (Unity) LoadUserAssemblies
0x00007ff64b896153 (Unity) Application::InitializeProject
0x00007ff64bcf5dc8 (Unity) WinMain
0x00007ff64d09533e (Unity) __scrt_common_main_seh
0x00007fffebc274b4 (KERNEL32) BaseThreadInitThunk
0x00007fffec7c26a1 (ntdll) RtlUserThreadStart

Script error (ComplexIdlingCreature): OnDestroy() can not take parameters.
0x00007ff64ad7368d (Unity) StackWalker::GetCurrentCallstack
0x00007ff64ad7a369 (Unity) StackWalker::ShowCallstack
0x00007ff64bceb683 (Unity) GetStacktrace
0x00007ff64c38947d (Unity) DebugStringToFile
0x00007ff64ac3c2fc (Unity) PopulateMethods
0x00007ff64ac34d35 (Unity) CreateMonoScriptCache
0x00007ff64ac3d573 (Unity) MonoScript::Renew
0x00007ff64ac624a0 (Unity) MonoManager::EndReloadAssembly
0x00007ff64ac69ed8 (Unity) MonoManager::ReloadAssembly
0x00007ff64bba6412 (Unity) LoadDomainAndUserAssemblies
0x00007ff64bba6b44 (Unity) LoadUserAssemblies
0x00007ff64b896153 (Unity) Application::InitializeProject
0x00007ff64bcf5dc8 (Unity) WinMain
0x00007ff64d09533e (Unity) __scrt_common_main_seh
0x00007fffebc274b4 (KERNEL32) BaseThreadInitThunk
0x00007fffec7c26a1 (ntdll) RtlUserThreadStart

Native extension for WindowsStandalone target not found
Refreshing native plugins compatible for Editor in 393.91 ms, found 3 plugins.
Preloading 0 native plugins for Editor in 0.00 ms.
Launched and connected shader compiler UnityShaderCompiler.exe after 0.06 seconds
`Assets/DChild/Objects/Characters/Enemy/Bosses/QueenBee/Model 3/QUEEN BEE NO DRONES.png` and material `QUEEN BEE NO DRONES_Material.mat` : Problematic Texture / Material Settings found: It is recommended to disable `Alpha Is Transparency` on `Premultiply alpha` textures.
Assuming `Premultiply alpha` texture because `Straight Alpha Texture` is disabled at material). (You can disable this warning in `Edit - Preferences - Spine`)
0x00007ff64ad7368d (Unity) StackWalker::GetCurrentCallstack
0x00007ff64ad7a369 (Unity) StackWalker::ShowCallstack
0x00007ff64bceb683 (Unity) GetStacktrace
0x00007ff64c38947d (Unity) DebugStringToFile
0x00007ff649f5abd2 (Unity) DebugLogHandler_CUSTOM_Internal_Log
0x0000025672e7d68a (Mono JIT Code) (wrapper managed-to-native) UnityEngine.DebugLogHandler:Internal_Log (UnityEngine.LogType,UnityEngine.LogOption,string,UnityEngine.Object)
0x0000025672e7d04b (Mono JIT Code) UnityEngine.DebugLogHandler:LogFormat (UnityEngine.LogType,UnityEngine.Object,string,object[])
0x0000025672e7c56e (Mono JIT Code) UnityEngine.Logger:Log (UnityEngine.LogType,object,UnityEngine.Object)
0x0000025672e7c21e (Mono JIT Code) UnityEngine.Debug:LogWarning (object,UnityEngine.Object)
0x000002566d05fe2b (Mono JIT Code) [SpineEditorUtilities.cs:210] Spine.Unity.Editor.SpineEditorUtilities:IssueWarningsForUnrecommendedTextureSettings (string) 
0x000002566d05f2b3 (Mono JIT Code) [SpineEditorUtilities.cs:181] Spine.Unity.Editor.SpineEditorUtilities:IssueWarningsForUnrecommendedTextureSettings () 
0x000002566cfbb773 (Mono JIT Code) [SpineEditorUtilities.cs:160] Spine.Unity.Editor.SpineEditorUtilities:Initialize () 
0x000002566cfba7d3 (Mono JIT Code) [SpineEditorUtilities.cs:96] Spine.Unity.Editor.SpineEditorUtilities:.cctor () 
0x000002566cfba9e5 (Mono JIT Code) (wrapper runtime-invoke) object:runtime_invoke_void (object,intptr,intptr,intptr)
0x00007fff8f74fe24 (mono-2.0-bdwgc) [mini-runtime.c:3445] mono_jit_runtime_invoke 
0x00007fff8f68e764 (mono-2.0-bdwgc) [object.c:3066] do_runtime_invoke 
0x00007fff8f689810 (mono-2.0-bdwgc) [object.c:563] mono_runtime_class_init_full 
0x00007fff8f5f6290 (mono-2.0-bdwgc) [icall-def.h:751] ves_icall_System_Runtime_CompilerServices_RuntimeHelpers_RunClassConstructor_raw 
0x000002566ceee262 (Mono JIT Code) (wrapper managed-to-native) System.Runtime.CompilerServices.RuntimeHelpers:RunClassConstructor (intptr)
0x000002566ceee13b (Mono JIT Code) System.Runtime.CompilerServices.RuntimeHelpers:RunClassConstructor (System.RuntimeTypeHandle)
0x000002566ceeb6b3 (Mono JIT Code) UnityEditor.EditorAssemblies:ProcessInitializeOnLoadAttributes (System.Type[])
0x0000025661f7883b (Mono JIT Code) (wrapper runtime-invoke) <Module>:runtime_invoke_void_object (object,intptr,intptr,intptr)
0x00007fff8f74fe24 (mono-2.0-bdwgc) [mini-runtime.c:3445] mono_jit_runtime_invoke 
0x00007fff8f68e764 (mono-2.0-bdwgc) [object.c:3066] do_runtime_invoke 
0x00007fff8f68e8fc (mono-2.0-bdwgc) [object.c:3113] mono_runtime_invoke 
0x00007ff64ac98164 (Unity) scripting_method_invoke
0x00007ff64ac77a04 (Unity) ScriptingInvocation::Invoke
0x00007ff64ac72615 (Unity) ScriptingInvocation::Invoke<void>
0x00007ff64adcb673 (Unity) Scripting::UnityEditor::EditorAssembliesProxy::ProcessInitializeOnLoadAttributes
0x00007ff64ac6c85b (Unity) MonoManager::SetupLoadedEditorAssemblies
0x00007ff64ac6251d (Unity) MonoManager::EndReloadAssembly
0x00007ff64ac69ed8 (Unity) MonoManager::ReloadAssembly
0x00007ff64bba6412 (Unity) LoadDomainAndUserAssemblies
0x00007ff64bba6b44 (Unity) LoadUserAssemblies
0x00007ff64b896153 (Unity) Application::InitializeProject
0x00007ff64bcf5dc8 (Unity) WinMain
0x00007ff64d09533e (Unity) __scrt_common_main_seh
0x00007fffebc274b4 (KERNEL32) BaseThreadInitThunk
0x00007fffec7c26a1 (ntdll) RtlUserThreadStart

`Assets/DChild/Objects/Location/CityOfTheDead/Arena Crowd/Crowd2/skeleton.png` and material `skeleton_Material.mat` : Incorrect Texture / Material Settings found: It is strongly recommended to enable `Alpha Is Transparency` on `Straight alpha` textures.
Assuming `Straight alpha` texture because `Straight Alpha Texture` is enabled at material). (You can disable this warning in `Edit - Preferences - Spine`)
0x00007ff64ad7368d (Unity) StackWalker::GetCurrentCallstack
0x00007ff64ad7a369 (Unity) StackWalker::ShowCallstack
0x00007ff64bceb683 (Unity) GetStacktrace
0x00007ff64c38947d (Unity) DebugStringToFile
0x00007ff649f5abd2 (Unity) DebugLogHandler_CUSTOM_Internal_Log
0x0000025672e7d68a (Mono JIT Code) (wrapper managed-to-native) UnityEngine.DebugLogHandler:Internal_Log (UnityEngine.LogType,UnityEngine.LogOption,string,UnityEngine.Object)
0x0000025672e7d04b (Mono JIT Code) UnityEngine.DebugLogHandler:LogFormat (UnityEngine.LogType,UnityEngine.Object,string,object[])
0x0000025672e7c56e (Mono JIT Code) UnityEngine.Logger:Log (UnityEngine.LogType,object,UnityEngine.Object)
0x0000025672e7c21e (Mono JIT Code) UnityEngine.Debug:LogWarning (object,UnityEngine.Object)
0x000002566d05fe2b (Mono JIT Code) [SpineEditorUtilities.cs:210] Spine.Unity.Editor.SpineEditorUtilities:IssueWarningsForUnrecommendedTextureSettings (string) 
0x000002566d05f2b3 (Mono JIT Code) [SpineEditorUtilities.cs:181] Spine.Unity.Editor.SpineEditorUtilities:IssueWarningsForUnrecommendedTextureSettings () 
0x000002566cfbb773 (Mono JIT Code) [SpineEditorUtilities.cs:160] Spine.Unity.Editor.SpineEditorUtilities:Initialize () 
0x000002566cfba7d3 (Mono JIT Code) [SpineEditorUtilities.cs:96] Spine.Unity.Editor.SpineEditorUtilities:.cctor () 
0x000002566cfba9e5 (Mono JIT Code) (wrapper runtime-invoke) object:runtime_invoke_void (object,intptr,intptr,intptr)
0x00007fff8f74fe24 (mono-2.0-bdwgc) [mini-runtime.c:3445] mono_jit_runtime_invoke 
0x00007fff8f68e764 (mono-2.0-bdwgc) [object.c:3066] do_runtime_invoke 
0x00007fff8f689810 (mono-2.0-bdwgc) [object.c:563] mono_runtime_class_init_full 
0x00007fff8f5f6290 (mono-2.0-bdwgc) [icall-def.h:751] ves_icall_System_Runtime_CompilerServices_RuntimeHelpers_RunClassConstructor_raw 
0x000002566ceee262 (Mono JIT Code) (wrapper managed-to-native) System.Runtime.CompilerServices.RuntimeHelpers:RunClassConstructor (intptr)
0x000002566ceee13b (Mono JIT Code) System.Runtime.CompilerServices.RuntimeHelpers:RunClassConstructor (System.RuntimeTypeHandle)
0x000002566ceeb6b3 (Mono JIT Code) UnityEditor.EditorAssemblies:ProcessInitializeOnLoadAttributes (System.Type[])
0x0000025661f7883b (Mono JIT Code) (wrapper runtime-invoke) <Module>:runtime_invoke_void_object (object,intptr,intptr,intptr)
0x00007fff8f74fe24 (mono-2.0-bdwgc) [mini-runtime.c:3445] mono_jit_runtime_invoke 
0x00007fff8f68e764 (mono-2.0-bdwgc) [object.c:3066] do_runtime_invoke 
0x00007fff8f68e8fc (mono-2.0-bdwgc) [object.c:3113] mono_runtime_invoke 
0x00007ff64ac98164 (Unity) scripting_method_invoke
0x00007ff64ac77a04 (Unity) ScriptingInvocation::Invoke
0x00007ff64ac72615 (Unity) ScriptingInvocation::Invoke<void>
0x00007ff64adcb673 (Unity) Scripting::UnityEditor::EditorAssembliesProxy::ProcessInitializeOnLoadAttributes
0x00007ff64ac6c85b (Unity) MonoManager::SetupLoadedEditorAssemblies
0x00007ff64ac6251d (Unity) MonoManager::EndReloadAssembly
0x00007ff64ac69ed8 (Unity) MonoManager::ReloadAssembly
0x00007ff64bba6412 (Unity) LoadDomainAndUserAssemblies
0x00007ff64bba6b44 (Unity) LoadUserAssemblies
0x00007ff64b896153 (Unity) Application::InitializeProject
0x00007ff64bcf5dc8 (Unity) WinMain
0x00007ff64d09533e (Unity) __scrt_common_main_seh
0x00007fffebc274b4 (KERNEL32) BaseThreadInitThunk
0x00007fffec7c26a1 (ntdll) RtlUserThreadStart

`Assets/DChild/Objects/Location/CityOfTheDead/Arena Crowd/CrowdGroup/skeleton.png` and material `skeleton_Material.mat` : Incorrect Texture / Material Settings found: It is strongly recommended to enable `Alpha Is Transparency` on `Straight alpha` textures.
Assuming `Straight alpha` texture because `Straight Alpha Texture` is enabled at material). (You can disable this warning in `Edit - Preferences - Spine`)
0x00007ff64ad7368d (Unity) StackWalker::GetCurrentCallstack
0x00007ff64ad7a369 (Unity) StackWalker::ShowCallstack
0x00007ff64bceb683 (Unity) GetStacktrace
0x00007ff64c38947d (Unity) DebugStringToFile
0x00007ff649f5abd2 (Unity) DebugLogHandler_CUSTOM_Internal_Log
0x0000025672e7d68a (Mono JIT Code) (wrapper managed-to-native) UnityEngine.DebugLogHandler:Internal_Log (UnityEngine.LogType,UnityEngine.LogOption,string,UnityEngine.Object)
0x0000025672e7d04b (Mono JIT Code) UnityEngine.DebugLogHandler:LogFormat (UnityEngine.LogType,UnityEngine.Object,string,object[])
0x0000025672e7c56e (Mono JIT Code) UnityEngine.Logger:Log (UnityEngine.LogType,object,UnityEngine.Object)
0x0000025672e7c21e (Mono JIT Code) UnityEngine.Debug:LogWarning (object,UnityEngine.Object)
0x000002566d05fe2b (Mono JIT Code) [SpineEditorUtilities.cs:210] Spine.Unity.Editor.SpineEditorUtilities:IssueWarningsForUnrecommendedTextureSettings (string) 
0x000002566d05f2b3 (Mono JIT Code) [SpineEditorUtilities.cs:181] Spine.Unity.Editor.SpineEditorUtilities:IssueWarningsForUnrecommendedTextureSettings () 
0x000002566cfbb773 (Mono JIT Code) [SpineEditorUtilities.cs:160] Spine.Unity.Editor.SpineEditorUtilities:Initialize () 
0x000002566cfba7d3 (Mono JIT Code) [SpineEditorUtilities.cs:96] Spine.Unity.Editor.SpineEditorUtilities:.cctor () 
0x000002566cfba9e5 (Mono JIT Code) (wrapper runtime-invoke) object:runtime_invoke_void (object,intptr,intptr,intptr)
0x00007fff8f74fe24 (mono-2.0-bdwgc) [mini-runtime.c:3445] mono_jit_runtime_invoke 
0x00007fff8f68e764 (mono-2.0-bdwgc) [object.c:3066] do_runtime_invoke 
0x00007fff8f689810 (mono-2.0-bdwgc) [object.c:563] mono_runtime_class_init_full 
0x00007fff8f5f6290 (mono-2.0-bdwgc) [icall-def.h:751] ves_icall_System_Runtime_CompilerServices_RuntimeHelpers_RunClassConstructor_raw 
0x000002566ceee262 (Mono JIT Code) (wrapper managed-to-native) System.Runtime.CompilerServices.RuntimeHelpers:RunClassConstructor (intptr)
0x000002566ceee13b (Mono JIT Code) System.Runtime.CompilerServices.RuntimeHelpers:RunClassConstructor (System.RuntimeTypeHandle)
0x000002566ceeb6b3 (Mono JIT Code) UnityEditor.EditorAssemblies:ProcessInitializeOnLoadAttributes (System.Type[])
0x0000025661f7883b (Mono JIT Code) (wrapper runtime-invoke) <Module>:runtime_invoke_void_object (object,intptr,intptr,intptr)
0x00007fff8f74fe24 (mono-2.0-bdwgc) [mini-runtime.c:3445] mono_jit_runtime_invoke 
0x00007fff8f68e764 (mono-2.0-bdwgc) [object.c:3066] do_runtime_invoke 
0x00007fff8f68e8fc (mono-2.0-bdwgc) [object.c:3113] mono_runtime_invoke 
0x00007ff64ac98164 (Unity) scripting_method_invoke
0x00007ff64ac77a04 (Unity) ScriptingInvocation::Invoke
0x00007ff64ac72615 (Unity) ScriptingInvocation::Invoke<void>
0x00007ff64adcb673 (Unity) Scripting::UnityEditor::EditorAssembliesProxy::ProcessInitializeOnLoadAttributes
0x00007ff64ac6c85b (Unity) MonoManager::SetupLoadedEditorAssemblies
0x00007ff64ac6251d (Unity) MonoManager::EndReloadAssembly
0x00007ff64ac69ed8 (Unity) MonoManager::ReloadAssembly
0x00007ff64bba6412 (Unity) LoadDomainAndUserAssemblies
0x00007ff64bba6b44 (Unity) LoadUserAssemblies
0x00007ff64b896153 (Unity) Application::InitializeProject
0x00007ff64bcf5dc8 (Unity) WinMain
0x00007ff64d09533e (Unity) __scrt_common_main_seh
0x00007fffebc274b4 (KERNEL32) BaseThreadInitThunk
0x00007fffec7c26a1 (ntdll) RtlUserThreadStart

`Assets/DChild/Objects/Location/General/Idling Background Creatures/Crow/NewCrow.png` and material `NewCrow_Material.mat` : Problematic Texture / Material Settings found: It is recommended to disable `Alpha Is Transparency` on `Premultiply alpha` textures.
Assuming `Premultiply alpha` texture because `Straight Alpha Texture` is disabled at material). (You can disable this warning in `Edit - Preferences - Spine`)
0x00007ff64ad7368d (Unity) StackWalker::GetCurrentCallstack
0x00007ff64ad7a369 (Unity) StackWalker::ShowCallstack
0x00007ff64bceb683 (Unity) GetStacktrace
0x00007ff64c38947d (Unity) DebugStringToFile
0x00007ff649f5abd2 (Unity) DebugLogHandler_CUSTOM_Internal_Log
0x0000025672e7d68a (Mono JIT Code) (wrapper managed-to-native) UnityEngine.DebugLogHandler:Internal_Log (UnityEngine.LogType,UnityEngine.LogOption,string,UnityEngine.Object)
0x0000025672e7d04b (Mono JIT Code) UnityEngine.DebugLogHandler:LogFormat (UnityEngine.LogType,UnityEngine.Object,string,object[])
0x0000025672e7c56e (Mono JIT Code) UnityEngine.Logger:Log (UnityEngine.LogType,object,UnityEngine.Object)
0x0000025672e7c21e (Mono JIT Code) UnityEngine.Debug:LogWarning (object,UnityEngine.Object)
0x000002566d05fe2b (Mono JIT Code) [SpineEditorUtilities.cs:210] Spine.Unity.Editor.SpineEditorUtilities:IssueWarningsForUnrecommendedTextureSettings (string) 
0x000002566d05f2b3 (Mono JIT Code) [SpineEditorUtilities.cs:181] Spine.Unity.Editor.SpineEditorUtilities:IssueWarningsForUnrecommendedTextureSettings () 
0x000002566cfbb773 (Mono JIT Code) [SpineEditorUtilities.cs:160] Spine.Unity.Editor.SpineEditorUtilities:Initialize () 
0x000002566cfba7d3 (Mono JIT Code) [SpineEditorUtilities.cs:96] Spine.Unity.Editor.SpineEditorUtilities:.cctor () 
0x000002566cfba9e5 (Mono JIT Code) (wrapper runtime-invoke) object:runtime_invoke_void (object,intptr,intptr,intptr)
0x00007fff8f74fe24 (mono-2.0-bdwgc) [mini-runtime.c:3445] mono_jit_runtime_invoke 
0x00007fff8f68e764 (mono-2.0-bdwgc) [object.c:3066] do_runtime_invoke 
0x00007fff8f689810 (mono-2.0-bdwgc) [object.c:563] mono_runtime_class_init_full 
0x00007fff8f5f6290 (mono-2.0-bdwgc) [icall-def.h:751] ves_icall_System_Runtime_CompilerServices_RuntimeHelpers_RunClassConstructor_raw 
0x000002566ceee262 (Mono JIT Code) (wrapper managed-to-native) System.Runtime.CompilerServices.RuntimeHelpers:RunClassConstructor (intptr)
0x000002566ceee13b (Mono JIT Code) System.Runtime.CompilerServices.RuntimeHelpers:RunClassConstructor (System.RuntimeTypeHandle)
0x000002566ceeb6b3 (Mono JIT Code) UnityEditor.EditorAssemblies:ProcessInitializeOnLoadAttributes (System.Type[])
0x0000025661f7883b (Mono JIT Code) (wrapper runtime-invoke) <Module>:runtime_invoke_void_object (object,intptr,intptr,intptr)
0x00007fff8f74fe24 (mono-2.0-bdwgc) [mini-runtime.c:3445] mono_jit_runtime_invoke 
0x00007fff8f68e764 (mono-2.0-bdwgc) [object.c:3066] do_runtime_invoke 
0x00007fff8f68e8fc (mono-2.0-bdwgc) [object.c:3113] mono_runtime_invoke 
0x00007ff64ac98164 (Unity) scripting_method_invoke
0x00007ff64ac77a04 (Unity) ScriptingInvocation::Invoke
0x00007ff64ac72615 (Unity) ScriptingInvocation::Invoke<void>
0x00007ff64adcb673 (Unity) Scripting::UnityEditor::EditorAssembliesProxy::ProcessInitializeOnLoadAttributes
0x00007ff64ac6c85b (Unity) MonoManager::SetupLoadedEditorAssemblies
0x00007ff64ac6251d (Unity) MonoManager::EndReloadAssembly
0x00007ff64ac69ed8 (Unity) MonoManager::ReloadAssembly
0x00007ff64bba6412 (Unity) LoadDomainAndUserAssemblies
0x00007ff64bba6b44 (Unity) LoadUserAssemblies
0x00007ff64b896153 (Unity) Application::InitializeProject
0x00007ff64bcf5dc8 (Unity) WinMain
0x00007ff64d09533e (Unity) __scrt_common_main_seh
0x00007fffebc274b4 (KERNEL32) BaseThreadInitThunk
0x00007fffec7c26a1 (ntdll) RtlUserThreadStart

Mono: successfully reloaded assembly
- Completed reload, in  4.967 seconds
Domain Reload Profiling:
	ReloadAssembly (4968ms)
		BeginReloadAssembly (134ms)
			ExecutionOrderSort (0ms)
			DisableScriptedObjects (6ms)
			BackupInstance (0ms)
			ReleaseScriptingObjects (0ms)
			CreateAndSetChildDomain (22ms)
		EndReloadAssembly (4738ms)
			LoadAssemblies (116ms)
			RebuildTransferFunctionScriptingTraits (0ms)
			SetupTypeCache (399ms)
			ReleaseScriptCaches (1ms)
			RebuildScriptCaches (384ms)
			SetupLoadedEditorAssemblies (3805ms)
				LogAssemblyErrors (0ms)
				InitializePlatformSupportModulesInManaged (11ms)
				SetLoadedEditorAssemblies (0ms)
				RefreshPlugins (394ms)
				BeforeProcessingInitializeOnLoad (125ms)
				ProcessInitializeOnLoadAttributes (3131ms)
				ProcessInitializeOnLoadMethodAttributes (134ms)
				AfterProcessingInitializeOnLoad (8ms)
				EditorAssembliesLoaded (0ms)
			ExecutionOrderSort2 (0ms)
			AwakeInstancesAfterBackupRestoration (8ms)
Platform modules already initialized, skipping
========================================================================
Worker process is ready to serve import requests
Refreshing native plugins compatible for Editor in 4.45 ms, found 3 plugins.
Preloading 0 native plugins for Editor in 0.00 ms.
Unloading 9563 Unused Serialized files (Serialized files now loaded: 0)
Unloading 809 unused Assets / (4.0 MB). Loaded Objects now: 9535.
Memory consumption went from 1.37 GB to 1.36 GB.
Total: 27.365100 ms (FindLiveObjects: 0.855300 ms CreateObjectMapping: 0.772600 ms MarkObjects: 22.272300 ms  DeleteObjects: 3.463900 ms)

AssetImportParameters requested are different than current active one (requested -> active):
  custom:video-decoder-ogg-theora: a1e56fd34408186e4bbccfd4996cb3dc -> 
  custom:container-muxer-webm: aa71ff27fc2769a1b78a27578f13a17b -> 
  custom:container-demuxer-webm: 4f35f7cbe854078d1ac9338744f61a02 -> 
  custom:video-encoder-webm-vp8: eb34c28f22e8b96e1ab97ce403110664 -> 
  custom:audio-encoder-webm-vorbis: bf7c407c2cedff20999df2af8eb42d56 -> 
  custom:framework-win-MediaFoundation: 216162199b28c13a410421893ffa2e32 -> 
  custom:container-demuxer-ogg: 62fdf1f143b41e24485cea50d1cbac27 -> 
  custom:video-decoder-webm-vp8: 9c59270c3fd7afecdb556c50c9e8de78 -> 
  custom:audio-decoder-ogg-vorbis: bf7c407c2cedff20999df2af8eb42d56 -> 
========================================================================
Received Import Request.
  Time since last request: 527745.134529 seconds.
  path: Assets/DChild/Objects/Location/UnholyForest/UF_Sounds/UF_AMBIENCE_NEW
  artifactKey: Guid(6c6230bc35dae0b4e9c3d68b530964aa) Importer(815301076,1909f56bfc062723c751e8b465ee728b)
Start importing Assets/DChild/Objects/Location/UnholyForest/UF_Sounds/UF_AMBIENCE_NEW using Guid(6c6230bc35dae0b4e9c3d68b530964aa) Importer(815301076,1909f56bfc062723c751e8b465ee728b)  -> (artifact id: '79e0b45b0c970827f83364c38a9e3537') in 0.017180 seconds 
========================================================================
Received Prepare
Registering precompiled user dll's ...
Registered in 0.010519 seconds.
Script error (MapAreaUI): Update() can not take parameters.
0x00007ff64ad7368d (Unity) StackWalker::GetCurrentCallstack
0x00007ff64ad7a369 (Unity) StackWalker::ShowCallstack
0x00007ff64bceb683 (Unity) GetStacktrace
0x00007ff64c38947d (Unity) DebugStringToFile
0x00007ff64ac3c2fc (Unity) PopulateMethods
0x00007ff64ac34d35 (Unity) CreateMonoScriptCache
0x00007ff64ac3d573 (Unity) MonoScript::Renew
0x00007ff64ac3cb46 (Unity) MonoScript::RebuildFromAwake
0x00007ff64ad2558a (Unity) PersistentManager::ReadAndActivateObjectThreaded
0x00007ff64ad25ad1 (Unity) PersistentManager::ReadObjectThreaded
0x00007ff64ad25887 (Unity) PersistentManager::ReadObject
0x00007ff64ac2f9ef (Unity) AddScriptsToList
0x00007ff64ac374da (Unity) MonoScriptManager::GetAllRuntimeAndEditorScripts
0x00007ff64bba95e3 (Unity) UpdateAllScriptPaths
0x00007ff64bba4d6c (Unity) InitializeManagedCompilationPipeline
0x00007ff64bba7b07 (Unity) RegisterAssetsAndInitializeAssemblies
0x00007ff64bba6b3f (Unity) LoadUserAssemblies
0x00007ff64c09968f (Unity) <lambda_f586749871dc2f4b36dca2d21a52c840>::operator()
0x00007ff64c0d9c82 (Unity) asio::detail::completion_handler<core::mutable_function<void __cdecl(void)>,asio::io_context::basic_executor_type<std::allocator<void>,0> >::do_complete
0x00007ff64c0c5b6e (Unity) asio::detail::win_iocp_io_context::do_one
0x00007ff64c0c77d4 (Unity) asio::detail::win_iocp_io_context::run
0x00007ff64c0d806e (Unity) IOService::Run
0x00007ff64c0aac7f (Unity) AssetImportWorkerClient::Run
0x00007ff64c074db3 (Unity) RunAssetImportWorkerClientV2
0x00007ff64c074e3b (Unity) RunAssetImporterV2
0x00007ff64b896158 (Unity) Application::InitializeProject
0x00007ff64bcf5dc8 (Unity) WinMain
0x00007ff64d09533e (Unity) __scrt_common_main_seh
0x00007fffebc274b4 (KERNEL32) BaseThreadInitThunk
0x00007fffec7c26a1 (ntdll) RtlUserThreadStart

Script error (ComplexIdlingCreature): OnDestroy() can not take parameters.
0x00007ff64ad7368d (Unity) StackWalker::GetCurrentCallstack
0x00007ff64ad7a369 (Unity) StackWalker::ShowCallstack
0x00007ff64bceb683 (Unity) GetStacktrace
0x00007ff64c38947d (Unity) DebugStringToFile
0x00007ff64ac3c2fc (Unity) PopulateMethods
0x00007ff64ac34d35 (Unity) CreateMonoScriptCache
0x00007ff64ac3d573 (Unity) MonoScript::Renew
0x00007ff64ac3cb46 (Unity) MonoScript::RebuildFromAwake
0x00007ff64ad2558a (Unity) PersistentManager::ReadAndActivateObjectThreaded
0x00007ff64ad25ad1 (Unity) PersistentManager::ReadObjectThreaded
0x00007ff64ad25887 (Unity) PersistentManager::ReadObject
0x00007ff64ac2f9ef (Unity) AddScriptsToList
0x00007ff64ac374da (Unity) MonoScriptManager::GetAllRuntimeAndEditorScripts
0x00007ff64bba95e3 (Unity) UpdateAllScriptPaths
0x00007ff64bba4d6c (Unity) InitializeManagedCompilationPipeline
0x00007ff64bba7b07 (Unity) RegisterAssetsAndInitializeAssemblies
0x00007ff64bba6b3f (Unity) LoadUserAssemblies
0x00007ff64c09968f (Unity) <lambda_f586749871dc2f4b36dca2d21a52c840>::operator()
0x00007ff64c0d9c82 (Unity) asio::detail::completion_handler<core::mutable_function<void __cdecl(void)>,asio::io_context::basic_executor_type<std::allocator<void>,0> >::do_complete
0x00007ff64c0c5b6e (Unity) asio::detail::win_iocp_io_context::do_one
0x00007ff64c0c77d4 (Unity) asio::detail::win_iocp_io_context::run
0x00007ff64c0d806e (Unity) IOService::Run
0x00007ff64c0aac7f (Unity) AssetImportWorkerClient::Run
0x00007ff64c074db3 (Unity) RunAssetImportWorkerClientV2
0x00007ff64c074e3b (Unity) RunAssetImporterV2
0x00007ff64b896158 (Unity) Application::InitializeProject
0x00007ff64bcf5dc8 (Unity) WinMain
0x00007ff64d09533e (Unity) __scrt_common_main_seh
0x00007fffebc274b4 (KERNEL32) BaseThreadInitThunk
0x00007fffec7c26a1 (ntdll) RtlUserThreadStart

Begin MonoManager ReloadAssembly
Script error (ComplexIdlingCreature): OnDestroy() can not take parameters.
0x00007ff64ad7368d (Unity) StackWalker::GetCurrentCallstack
0x00007ff64ad7a369 (Unity) StackWalker::ShowCallstack
0x00007ff64bceb683 (Unity) GetStacktrace
0x00007ff64c38947d (Unity) DebugStringToFile
0x00007ff64ac3c2fc (Unity) PopulateMethods
0x00007ff64ac34d35 (Unity) CreateMonoScriptCache
0x00007ff64ac3d573 (Unity) MonoScript::Renew
0x00007ff64ac624a0 (Unity) MonoManager::EndReloadAssembly
0x00007ff64ac69ed8 (Unity) MonoManager::ReloadAssembly
0x00007ff64bba6412 (Unity) LoadDomainAndUserAssemblies
0x00007ff64bba6b44 (Unity) LoadUserAssemblies
0x00007ff64c09968f (Unity) <lambda_f586749871dc2f4b36dca2d21a52c840>::operator()
0x00007ff64c0d9c82 (Unity) asio::detail::completion_handler<core::mutable_function<void __cdecl(void)>,asio::io_context::basic_executor_type<std::allocator<void>,0> >::do_complete
0x00007ff64c0c5b6e (Unity) asio::detail::win_iocp_io_context::do_one
0x00007ff64c0c77d4 (Unity) asio::detail::win_iocp_io_context::run
0x00007ff64c0d806e (Unity) IOService::Run
0x00007ff64c0aac7f (Unity) AssetImportWorkerClient::Run
0x00007ff64c074db3 (Unity) RunAssetImportWorkerClientV2
0x00007ff64c074e3b (Unity) RunAssetImporterV2
0x00007ff64b896158 (Unity) Application::InitializeProject
0x00007ff64bcf5dc8 (Unity) WinMain
0x00007ff64d09533e (Unity) __scrt_common_main_seh
0x00007fffebc274b4 (KERNEL32) BaseThreadInitThunk
0x00007fffec7c26a1 (ntdll) RtlUserThreadStart

Script error (MapAreaUI): Update() can not take parameters.
0x00007ff64ad7368d (Unity) StackWalker::GetCurrentCallstack
0x00007ff64ad7a369 (Unity) StackWalker::ShowCallstack
0x00007ff64bceb683 (Unity) GetStacktrace
0x00007ff64c38947d (Unity) DebugStringToFile
0x00007ff64ac3c2fc (Unity) PopulateMethods
0x00007ff64ac34d35 (Unity) CreateMonoScriptCache
0x00007ff64ac3d573 (Unity) MonoScript::Renew
0x00007ff64ac624a0 (Unity) MonoManager::EndReloadAssembly
0x00007ff64ac69ed8 (Unity) MonoManager::ReloadAssembly
0x00007ff64bba6412 (Unity) LoadDomainAndUserAssemblies
0x00007ff64bba6b44 (Unity) LoadUserAssemblies
0x00007ff64c09968f (Unity) <lambda_f586749871dc2f4b36dca2d21a52c840>::operator()
0x00007ff64c0d9c82 (Unity) asio::detail::completion_handler<core::mutable_function<void __cdecl(void)>,asio::io_context::basic_executor_type<std::allocator<void>,0> >::do_complete
0x00007ff64c0c5b6e (Unity) asio::detail::win_iocp_io_context::do_one
0x00007ff64c0c77d4 (Unity) asio::detail::win_iocp_io_context::run
0x00007ff64c0d806e (Unity) IOService::Run
0x00007ff64c0aac7f (Unity) AssetImportWorkerClient::Run
0x00007ff64c074db3 (Unity) RunAssetImportWorkerClientV2
0x00007ff64c074e3b (Unity) RunAssetImporterV2
0x00007ff64b896158 (Unity) Application::InitializeProject
0x00007ff64bcf5dc8 (Unity) WinMain
0x00007ff64d09533e (Unity) __scrt_common_main_seh
0x00007fffebc274b4 (KERNEL32) BaseThreadInitThunk
0x00007fffec7c26a1 (ntdll) RtlUserThreadStart

Native extension for WindowsStandalone target not found
Refreshing native plugins compatible for Editor in 5.39 ms, found 3 plugins.
Preloading 0 native plugins for Editor in 0.00 ms.
`Assets/DChild/Objects/Characters/Enemy/Bosses/QueenBee/Model 3/QUEEN BEE NO DRONES.png` and material `QUEEN BEE NO DRONES_Material.mat` : Problematic Texture / Material Settings found: It is recommended to disable `Alpha Is Transparency` on `Premultiply alpha` textures.
Assuming `Premultiply alpha` texture because `Straight Alpha Texture` is disabled at material). (You can disable this warning in `Edit - Preferences - Spine`)
0x00007ff64ad7368d (Unity) StackWalker::GetCurrentCallstack
0x00007ff64ad7a369 (Unity) StackWalker::ShowCallstack
0x00007ff64bceb683 (Unity) GetStacktrace
0x00007ff64c38947d (Unity) DebugStringToFile
0x00007ff649f5abd2 (Unity) DebugLogHandler_CUSTOM_Internal_Log
0x000002566c7bd9ea (Mono JIT Code) (wrapper managed-to-native) UnityEngine.DebugLogHandler:Internal_Log (UnityEngine.LogType,UnityEngine.LogOption,string,UnityEngine.Object)
0x000002566c7bd3ab (Mono JIT Code) UnityEngine.DebugLogHandler:LogFormat (UnityEngine.LogType,UnityEngine.Object,string,object[])
0x000002566c7bc8ce (Mono JIT Code) UnityEngine.Logger:Log (UnityEngine.LogType,object,UnityEngine.Object)
0x000002566c7bc64e (Mono JIT Code) UnityEngine.Debug:LogWarning (object,UnityEngine.Object)
0x00000256693c7f6b (Mono JIT Code) [SpineEditorUtilities.cs:210] Spine.Unity.Editor.SpineEditorUtilities:IssueWarningsForUnrecommendedTextureSettings (string) 
0x00000256693c73f3 (Mono JIT Code) [SpineEditorUtilities.cs:181] Spine.Unity.Editor.SpineEditorUtilities:IssueWarningsForUnrecommendedTextureSettings () 
0x0000025665b65143 (Mono JIT Code) [SpineEditorUtilities.cs:160] Spine.Unity.Editor.SpineEditorUtilities:Initialize () 
0x0000025665b641a3 (Mono JIT Code) [SpineEditorUtilities.cs:96] Spine.Unity.Editor.SpineEditorUtilities:.cctor () 
0x0000025665b643b5 (Mono JIT Code) (wrapper runtime-invoke) object:runtime_invoke_void (object,intptr,intptr,intptr)
0x00007fff8f74fe24 (mono-2.0-bdwgc) [mini-runtime.c:3445] mono_jit_runtime_invoke 
0x00007fff8f68e764 (mono-2.0-bdwgc) [object.c:3066] do_runtime_invoke 
0x00007fff8f689810 (mono-2.0-bdwgc) [object.c:563] mono_runtime_class_init_full 
0x00007fff8f5f6290 (mono-2.0-bdwgc) [icall-def.h:751] ves_icall_System_Runtime_CompilerServices_RuntimeHelpers_RunClassConstructor_raw 
0x000002566388a5b2 (Mono JIT Code) (wrapper managed-to-native) System.Runtime.CompilerServices.RuntimeHelpers:RunClassConstructor (intptr)
0x000002566388a48b (Mono JIT Code) System.Runtime.CompilerServices.RuntimeHelpers:RunClassConstructor (System.RuntimeTypeHandle)
0x0000025663888123 (Mono JIT Code) UnityEditor.EditorAssemblies:ProcessInitializeOnLoadAttributes (System.Type[])
0x00000257528fa67b (Mono JIT Code) (wrapper runtime-invoke) <Module>:runtime_invoke_void_object (object,intptr,intptr,intptr)
0x00007fff8f74fe24 (mono-2.0-bdwgc) [mini-runtime.c:3445] mono_jit_runtime_invoke 
0x00007fff8f68e764 (mono-2.0-bdwgc) [object.c:3066] do_runtime_invoke 
0x00007fff8f68e8fc (mono-2.0-bdwgc) [object.c:3113] mono_runtime_invoke 
0x00007ff64ac98164 (Unity) scripting_method_invoke
0x00007ff64ac77a04 (Unity) ScriptingInvocation::Invoke
0x00007ff64ac72615 (Unity) ScriptingInvocation::Invoke<void>
0x00007ff64adcb673 (Unity) Scripting::UnityEditor::EditorAssembliesProxy::ProcessInitializeOnLoadAttributes
0x00007ff64ac6c85b (Unity) MonoManager::SetupLoadedEditorAssemblies
0x00007ff64ac6251d (Unity) MonoManager::EndReloadAssembly
0x00007ff64ac69ed8 (Unity) MonoManager::ReloadAssembly
0x00007ff64bba6412 (Unity) LoadDomainAndUserAssemblies
0x00007ff64bba6b44 (Unity) LoadUserAssemblies
0x00007ff64c09968f (Unity) <lambda_f586749871dc2f4b36dca2d21a52c840>::operator()
0x00007ff64c0d9c82 (Unity) asio::detail::completion_handler<core::mutable_function<void __cdecl(void)>,asio::io_context::basic_executor_type<std::allocator<void>,0> >::do_complete
0x00007ff64c0c5b6e (Unity) asio::detail::win_iocp_io_context::do_one
0x00007ff64c0c77d4 (Unity) asio::detail::win_iocp_io_context::run
0x00007ff64c0d806e (Unity) IOService::Run
0x00007ff64c0aac7f (Unity) AssetImportWorkerClient::Run
0x00007ff64c074db3 (Unity) RunAssetImportWorkerClientV2
0x00007ff64c074e3b (Unity) RunAssetImporterV2
0x00007ff64b896158 (Unity) Application::InitializeProject
0x00007ff64bcf5dc8 (Unity) WinMain
0x00007ff64d09533e (Unity) __scrt_common_main_seh
0x00007fffebc274b4 (KERNEL32) BaseThreadInitThunk
0x00007fffec7c26a1 (ntdll) RtlUserThreadStart

`Assets/DChild/Objects/Location/CityOfTheDead/Arena Crowd/Crowd2/skeleton.png` and material `skeleton_Material.mat` : Incorrect Texture / Material Settings found: It is strongly recommended to enable `Alpha Is Transparency` on `Straight alpha` textures.
Assuming `Straight alpha` texture because `Straight Alpha Texture` is enabled at material). (You can disable this warning in `Edit - Preferences - Spine`)
0x00007ff64ad7368d (Unity) StackWalker::GetCurrentCallstack
0x00007ff64ad7a369 (Unity) StackWalker::ShowCallstack
0x00007ff64bceb683 (Unity) GetStacktrace
0x00007ff64c38947d (Unity) DebugStringToFile
0x00007ff649f5abd2 (Unity) DebugLogHandler_CUSTOM_Internal_Log
0x000002566c7bd9ea (Mono JIT Code) (wrapper managed-to-native) UnityEngine.DebugLogHandler:Internal_Log (UnityEngine.LogType,UnityEngine.LogOption,string,UnityEngine.Object)
0x000002566c7bd3ab (Mono JIT Code) UnityEngine.DebugLogHandler:LogFormat (UnityEngine.LogType,UnityEngine.Object,string,object[])
0x000002566c7bc8ce (Mono JIT Code) UnityEngine.Logger:Log (UnityEngine.LogType,object,UnityEngine.Object)
0x000002566c7bc64e (Mono JIT Code) UnityEngine.Debug:LogWarning (object,UnityEngine.Object)
0x00000256693c7f6b (Mono JIT Code) [SpineEditorUtilities.cs:210] Spine.Unity.Editor.SpineEditorUtilities:IssueWarningsForUnrecommendedTextureSettings (string) 
0x00000256693c73f3 (Mono JIT Code) [SpineEditorUtilities.cs:181] Spine.Unity.Editor.SpineEditorUtilities:IssueWarningsForUnrecommendedTextureSettings () 
0x0000025665b65143 (Mono JIT Code) [SpineEditorUtilities.cs:160] Spine.Unity.Editor.SpineEditorUtilities:Initialize () 
0x0000025665b641a3 (Mono JIT Code) [SpineEditorUtilities.cs:96] Spine.Unity.Editor.SpineEditorUtilities:.cctor () 
0x0000025665b643b5 (Mono JIT Code) (wrapper runtime-invoke) object:runtime_invoke_void (object,intptr,intptr,intptr)
0x00007fff8f74fe24 (mono-2.0-bdwgc) [mini-runtime.c:3445] mono_jit_runtime_invoke 
0x00007fff8f68e764 (mono-2.0-bdwgc) [object.c:3066] do_runtime_invoke 
0x00007fff8f689810 (mono-2.0-bdwgc) [object.c:563] mono_runtime_class_init_full 
0x00007fff8f5f6290 (mono-2.0-bdwgc) [icall-def.h:751] ves_icall_System_Runtime_CompilerServices_RuntimeHelpers_RunClassConstructor_raw 
0x000002566388a5b2 (Mono JIT Code) (wrapper managed-to-native) System.Runtime.CompilerServices.RuntimeHelpers:RunClassConstructor (intptr)
0x000002566388a48b (Mono JIT Code) System.Runtime.CompilerServices.RuntimeHelpers:RunClassConstructor (System.RuntimeTypeHandle)
0x0000025663888123 (Mono JIT Code) UnityEditor.EditorAssemblies:ProcessInitializeOnLoadAttributes (System.Type[])
0x00000257528fa67b (Mono JIT Code) (wrapper runtime-invoke) <Module>:runtime_invoke_void_object (object,intptr,intptr,intptr)
0x00007fff8f74fe24 (mono-2.0-bdwgc) [mini-runtime.c:3445] mono_jit_runtime_invoke 
0x00007fff8f68e764 (mono-2.0-bdwgc) [object.c:3066] do_runtime_invoke 
0x00007fff8f68e8fc (mono-2.0-bdwgc) [object.c:3113] mono_runtime_invoke 
0x00007ff64ac98164 (Unity) scripting_method_invoke
0x00007ff64ac77a04 (Unity) ScriptingInvocation::Invoke
0x00007ff64ac72615 (Unity) ScriptingInvocation::Invoke<void>
0x00007ff64adcb673 (Unity) Scripting::UnityEditor::EditorAssembliesProxy::ProcessInitializeOnLoadAttributes
0x00007ff64ac6c85b (Unity) MonoManager::SetupLoadedEditorAssemblies
0x00007ff64ac6251d (Unity) MonoManager::EndReloadAssembly
0x00007ff64ac69ed8 (Unity) MonoManager::ReloadAssembly
0x00007ff64bba6412 (Unity) LoadDomainAndUserAssemblies
0x00007ff64bba6b44 (Unity) LoadUserAssemblies
0x00007ff64c09968f (Unity) <lambda_f586749871dc2f4b36dca2d21a52c840>::operator()
0x00007ff64c0d9c82 (Unity) asio::detail::completion_handler<core::mutable_function<void __cdecl(void)>,asio::io_context::basic_executor_type<std::allocator<void>,0> >::do_complete
0x00007ff64c0c5b6e (Unity) asio::detail::win_iocp_io_context::do_one
0x00007ff64c0c77d4 (Unity) asio::detail::win_iocp_io_context::run
0x00007ff64c0d806e (Unity) IOService::Run
0x00007ff64c0aac7f (Unity) AssetImportWorkerClient::Run
0x00007ff64c074db3 (Unity) RunAssetImportWorkerClientV2
0x00007ff64c074e3b (Unity) RunAssetImporterV2
0x00007ff64b896158 (Unity) Application::InitializeProject
0x00007ff64bcf5dc8 (Unity) WinMain
0x00007ff64d09533e (Unity) __scrt_common_main_seh
0x00007fffebc274b4 (KERNEL32) BaseThreadInitThunk
0x00007fffec7c26a1 (ntdll) RtlUserThreadStart

`Assets/DChild/Objects/Location/CityOfTheDead/Arena Crowd/CrowdGroup/skeleton.png` and material `skeleton_Material.mat` : Incorrect Texture / Material Settings found: It is strongly recommended to enable `Alpha Is Transparency` on `Straight alpha` textures.
Assuming `Straight alpha` texture because `Straight Alpha Texture` is enabled at material). (You can disable this warning in `Edit - Preferences - Spine`)
0x00007ff64ad7368d (Unity) StackWalker::GetCurrentCallstack
0x00007ff64ad7a369 (Unity) StackWalker::ShowCallstack
0x00007ff64bceb683 (Unity) GetStacktrace
0x00007ff64c38947d (Unity) DebugStringToFile
0x00007ff649f5abd2 (Unity) DebugLogHandler_CUSTOM_Internal_Log
0x000002566c7bd9ea (Mono JIT Code) (wrapper managed-to-native) UnityEngine.DebugLogHandler:Internal_Log (UnityEngine.LogType,UnityEngine.LogOption,string,UnityEngine.Object)
0x000002566c7bd3ab (Mono JIT Code) UnityEngine.DebugLogHandler:LogFormat (UnityEngine.LogType,UnityEngine.Object,string,object[])
0x000002566c7bc8ce (Mono JIT Code) UnityEngine.Logger:Log (UnityEngine.LogType,object,UnityEngine.Object)
0x000002566c7bc64e (Mono JIT Code) UnityEngine.Debug:LogWarning (object,UnityEngine.Object)
0x00000256693c7f6b (Mono JIT Code) [SpineEditorUtilities.cs:210] Spine.Unity.Editor.SpineEditorUtilities:IssueWarningsForUnrecommendedTextureSettings (string) 
0x00000256693c73f3 (Mono JIT Code) [SpineEditorUtilities.cs:181] Spine.Unity.Editor.SpineEditorUtilities:IssueWarningsForUnrecommendedTextureSettings () 
0x0000025665b65143 (Mono JIT Code) [SpineEditorUtilities.cs:160] Spine.Unity.Editor.SpineEditorUtilities:Initialize () 
0x0000025665b641a3 (Mono JIT Code) [SpineEditorUtilities.cs:96] Spine.Unity.Editor.SpineEditorUtilities:.cctor () 
0x0000025665b643b5 (Mono JIT Code) (wrapper runtime-invoke) object:runtime_invoke_void (object,intptr,intptr,intptr)
0x00007fff8f74fe24 (mono-2.0-bdwgc) [mini-runtime.c:3445] mono_jit_runtime_invoke 
0x00007fff8f68e764 (mono-2.0-bdwgc) [object.c:3066] do_runtime_invoke 
0x00007fff8f689810 (mono-2.0-bdwgc) [object.c:563] mono_runtime_class_init_full 
0x00007fff8f5f6290 (mono-2.0-bdwgc) [icall-def.h:751] ves_icall_System_Runtime_CompilerServices_RuntimeHelpers_RunClassConstructor_raw 
0x000002566388a5b2 (Mono JIT Code) (wrapper managed-to-native) System.Runtime.CompilerServices.RuntimeHelpers:RunClassConstructor (intptr)
0x000002566388a48b (Mono JIT Code) System.Runtime.CompilerServices.RuntimeHelpers:RunClassConstructor (System.RuntimeTypeHandle)
0x0000025663888123 (Mono JIT Code) UnityEditor.EditorAssemblies:ProcessInitializeOnLoadAttributes (System.Type[])
0x00000257528fa67b (Mono JIT Code) (wrapper runtime-invoke) <Module>:runtime_invoke_void_object (object,intptr,intptr,intptr)
0x00007fff8f74fe24 (mono-2.0-bdwgc) [mini-runtime.c:3445] mono_jit_runtime_invoke 
0x00007fff8f68e764 (mono-2.0-bdwgc) [object.c:3066] do_runtime_invoke 
0x00007fff8f68e8fc (mono-2.0-bdwgc) [object.c:3113] mono_runtime_invoke 
0x00007ff64ac98164 (Unity) scripting_method_invoke
0x00007ff64ac77a04 (Unity) ScriptingInvocation::Invoke
0x00007ff64ac72615 (Unity) ScriptingInvocation::Invoke<void>
0x00007ff64adcb673 (Unity) Scripting::UnityEditor::EditorAssembliesProxy::ProcessInitializeOnLoadAttributes
0x00007ff64ac6c85b (Unity) MonoManager::SetupLoadedEditorAssemblies
0x00007ff64ac6251d (Unity) MonoManager::EndReloadAssembly
0x00007ff64ac69ed8 (Unity) MonoManager::ReloadAssembly
0x00007ff64bba6412 (Unity) LoadDomainAndUserAssemblies
0x00007ff64bba6b44 (Unity) LoadUserAssemblies
0x00007ff64c09968f (Unity) <lambda_f586749871dc2f4b36dca2d21a52c840>::operator()
0x00007ff64c0d9c82 (Unity) asio::detail::completion_handler<core::mutable_function<void __cdecl(void)>,asio::io_context::basic_executor_type<std::allocator<void>,0> >::do_complete
0x00007ff64c0c5b6e (Unity) asio::detail::win_iocp_io_context::do_one
0x00007ff64c0c77d4 (Unity) asio::detail::win_iocp_io_context::run
0x00007ff64c0d806e (Unity) IOService::Run
0x00007ff64c0aac7f (Unity) AssetImportWorkerClient::Run
0x00007ff64c074db3 (Unity) RunAssetImportWorkerClientV2
0x00007ff64c074e3b (Unity) RunAssetImporterV2
0x00007ff64b896158 (Unity) Application::InitializeProject
0x00007ff64bcf5dc8 (Unity) WinMain
0x00007ff64d09533e (Unity) __scrt_common_main_seh
0x00007fffebc274b4 (KERNEL32) BaseThreadInitThunk
0x00007fffec7c26a1 (ntdll) RtlUserThreadStart

`Assets/DChild/Objects/Location/General/Idling Background Creatures/Crow/NewCrow.png` and material `NewCrow_Material.mat` : Problematic Texture / Material Settings found: It is recommended to disable `Alpha Is Transparency` on `Premultiply alpha` textures.
Assuming `Premultiply alpha` texture because `Straight Alpha Texture` is disabled at material). (You can disable this warning in `Edit - Preferences - Spine`)
0x00007ff64ad7368d (Unity) StackWalker::GetCurrentCallstack
0x00007ff64ad7a369 (Unity) StackWalker::ShowCallstack
0x00007ff64bceb683 (Unity) GetStacktrace
0x00007ff64c38947d (Unity) DebugStringToFile
0x00007ff649f5abd2 (Unity) DebugLogHandler_CUSTOM_Internal_Log
0x000002566c7bd9ea (Mono JIT Code) (wrapper managed-to-native) UnityEngine.DebugLogHandler:Internal_Log (UnityEngine.LogType,UnityEngine.LogOption,string,UnityEngine.Object)
0x000002566c7bd3ab (Mono JIT Code) UnityEngine.DebugLogHandler:LogFormat (UnityEngine.LogType,UnityEngine.Object,string,object[])
0x000002566c7bc8ce (Mono JIT Code) UnityEngine.Logger:Log (UnityEngine.LogType,object,UnityEngine.Object)
0x000002566c7bc64e (Mono JIT Code) UnityEngine.Debug:LogWarning (object,UnityEngine.Object)
0x00000256693c7f6b (Mono JIT Code) [SpineEditorUtilities.cs:210] Spine.Unity.Editor.SpineEditorUtilities:IssueWarningsForUnrecommendedTextureSettings (string) 
0x00000256693c73f3 (Mono JIT Code) [SpineEditorUtilities.cs:181] Spine.Unity.Editor.SpineEditorUtilities:IssueWarningsForUnrecommendedTextureSettings () 
0x0000025665b65143 (Mono JIT Code) [SpineEditorUtilities.cs:160] Spine.Unity.Editor.SpineEditorUtilities:Initialize () 
0x0000025665b641a3 (Mono JIT Code) [SpineEditorUtilities.cs:96] Spine.Unity.Editor.SpineEditorUtilities:.cctor () 
0x0000025665b643b5 (Mono JIT Code) (wrapper runtime-invoke) object:runtime_invoke_void (object,intptr,intptr,intptr)
0x00007fff8f74fe24 (mono-2.0-bdwgc) [mini-runtime.c:3445] mono_jit_runtime_invoke 
0x00007fff8f68e764 (mono-2.0-bdwgc) [object.c:3066] do_runtime_invoke 
0x00007fff8f689810 (mono-2.0-bdwgc) [object.c:563] mono_runtime_class_init_full 
0x00007fff8f5f6290 (mono-2.0-bdwgc) [icall-def.h:751] ves_icall_System_Runtime_CompilerServices_RuntimeHelpers_RunClassConstructor_raw 
0x000002566388a5b2 (Mono JIT Code) (wrapper managed-to-native) System.Runtime.CompilerServices.RuntimeHelpers:RunClassConstructor (intptr)
0x000002566388a48b (Mono JIT Code) System.Runtime.CompilerServices.RuntimeHelpers:RunClassConstructor (System.RuntimeTypeHandle)
0x0000025663888123 (Mono JIT Code) UnityEditor.EditorAssemblies:ProcessInitializeOnLoadAttributes (System.Type[])
0x00000257528fa67b (Mono JIT Code) (wrapper runtime-invoke) <Module>:runtime_invoke_void_object (object,intptr,intptr,intptr)
0x00007fff8f74fe24 (mono-2.0-bdwgc) [mini-runtime.c:3445] mono_jit_runtime_invoke 
0x00007fff8f68e764 (mono-2.0-bdwgc) [object.c:3066] do_runtime_invoke 
0x00007fff8f68e8fc (mono-2.0-bdwgc) [object.c:3113] mono_runtime_invoke 
0x00007ff64ac98164 (Unity) scripting_method_invoke
0x00007ff64ac77a04 (Unity) ScriptingInvocation::Invoke
0x00007ff64ac72615 (Unity) ScriptingInvocation::Invoke<void>
0x00007ff64adcb673 (Unity) Scripting::UnityEditor::EditorAssembliesProxy::ProcessInitializeOnLoadAttributes
0x00007ff64ac6c85b (Unity) MonoManager::SetupLoadedEditorAssemblies
0x00007ff64ac6251d (Unity) MonoManager::EndReloadAssembly
0x00007ff64ac69ed8 (Unity) MonoManager::ReloadAssembly
0x00007ff64bba6412 (Unity) LoadDomainAndUserAssemblies
0x00007ff64bba6b44 (Unity) LoadUserAssemblies
0x00007ff64c09968f (Unity) <lambda_f586749871dc2f4b36dca2d21a52c840>::operator()
0x00007ff64c0d9c82 (Unity) asio::detail::completion_handler<core::mutable_function<void __cdecl(void)>,asio::io_context::basic_executor_type<std::allocator<void>,0> >::do_complete
0x00007ff64c0c5b6e (Unity) asio::detail::win_iocp_io_context::do_one
0x00007ff64c0c77d4 (Unity) asio::detail::win_iocp_io_context::run
0x00007ff64c0d806e (Unity) IOService::Run
0x00007ff64c0aac7f (Unity) AssetImportWorkerClient::Run
0x00007ff64c074db3 (Unity) RunAssetImportWorkerClientV2
0x00007ff64c074e3b (Unity) RunAssetImporterV2
0x00007ff64b896158 (Unity) Application::InitializeProject
0x00007ff64bcf5dc8 (Unity) WinMain
0x00007ff64d09533e (Unity) __scrt_common_main_seh
0x00007fffebc274b4 (KERNEL32) BaseThreadInitThunk
0x00007fffec7c26a1 (ntdll) RtlUserThreadStart

Mono: successfully reloaded assembly
- Completed reload, in  4.978 seconds
Domain Reload Profiling:
	ReloadAssembly (4979ms)
		BeginReloadAssembly (190ms)
			ExecutionOrderSort (0ms)
			DisableScriptedObjects (7ms)
			BackupInstance (0ms)
			ReleaseScriptingObjects (0ms)
			CreateAndSetChildDomain (66ms)
		EndReloadAssembly (4691ms)
			LoadAssemblies (124ms)
			RebuildTransferFunctionScriptingTraits (0ms)
			SetupTypeCache (384ms)
			ReleaseScriptCaches (5ms)
			RebuildScriptCaches (261ms)
			SetupLoadedEditorAssemblies (3772ms)
				LogAssemblyErrors (0ms)
				InitializePlatformSupportModulesInManaged (14ms)
				SetLoadedEditorAssemblies (0ms)
				RefreshPlugins (5ms)
				BeforeProcessingInitializeOnLoad (134ms)
				ProcessInitializeOnLoadAttributes (3510ms)
				ProcessInitializeOnLoadMethodAttributes (98ms)
				AfterProcessingInitializeOnLoad (9ms)
				EditorAssembliesLoaded (0ms)
			ExecutionOrderSort2 (0ms)
			AwakeInstancesAfterBackupRestoration (84ms)
Platform modules already initialized, skipping
Script error (MapAreaUI): Update() can not take parameters.
0x00007ff64ad7368d (Unity) StackWalker::GetCurrentCallstack
0x00007ff64ad7a369 (Unity) StackWalker::ShowCallstack
0x00007ff64bceb683 (Unity) GetStacktrace
0x00007ff64c38947d (Unity) DebugStringToFile
0x00007ff64ac3c2fc (Unity) PopulateMethods
0x00007ff64ac34d35 (Unity) CreateMonoScriptCache
0x00007ff64ac3d573 (Unity) MonoScript::Renew
0x00007ff64ac3cb46 (Unity) MonoScript::RebuildFromAwake
0x00007ff64ad2558a (Unity) PersistentManager::ReadAndActivateObjectThreaded
0x00007ff64ad25ad1 (Unity) PersistentManager::ReadObjectThreaded
0x00007ff64ad25887 (Unity) PersistentManager::ReadObject
0x00007ff64c0a8538 (Unity) AssetImportWorkerClient::RegisterAvailableScripts
0x00007ff64c0996ce (Unity) <lambda_f586749871dc2f4b36dca2d21a52c840>::operator()
0x00007ff64c0d9c82 (Unity) asio::detail::completion_handler<core::mutable_function<void __cdecl(void)>,asio::io_context::basic_executor_type<std::allocator<void>,0> >::do_complete
0x00007ff64c0c5b6e (Unity) asio::detail::win_iocp_io_context::do_one
0x00007ff64c0c77d4 (Unity) asio::detail::win_iocp_io_context::run
0x00007ff64c0d806e (Unity) IOService::Run
0x00007ff64c0aac7f (Unity) AssetImportWorkerClient::Run
0x00007ff64c074db3 (Unity) RunAssetImportWorkerClientV2
0x00007ff64c074e3b (Unity) RunAssetImporterV2
0x00007ff64b896158 (Unity) Application::InitializeProject
0x00007ff64bcf5dc8 (Unity) WinMain
0x00007ff64d09533e (Unity) __scrt_common_main_seh
0x00007fffebc274b4 (KERNEL32) BaseThreadInitThunk
0x00007fffec7c26a1 (ntdll) RtlUserThreadStart

Script error (ComplexIdlingCreature): OnDestroy() can not take parameters.
0x00007ff64ad7368d (Unity) StackWalker::GetCurrentCallstack
0x00007ff64ad7a369 (Unity) StackWalker::ShowCallstack
0x00007ff64bceb683 (Unity) GetStacktrace
0x00007ff64c38947d (Unity) DebugStringToFile
0x00007ff64ac3c2fc (Unity) PopulateMethods
0x00007ff64ac34d35 (Unity) CreateMonoScriptCache
0x00007ff64ac3d573 (Unity) MonoScript::Renew
0x00007ff64ac3cb46 (Unity) MonoScript::RebuildFromAwake
0x00007ff64ad2558a (Unity) PersistentManager::ReadAndActivateObjectThreaded
0x00007ff64ad25ad1 (Unity) PersistentManager::ReadObjectThreaded
0x00007ff64ad25887 (Unity) PersistentManager::ReadObject
0x00007ff64c0a8538 (Unity) AssetImportWorkerClient::RegisterAvailableScripts
0x00007ff64c0996ce (Unity) <lambda_f586749871dc2f4b36dca2d21a52c840>::operator()
0x00007ff64c0d9c82 (Unity) asio::detail::completion_handler<core::mutable_function<void __cdecl(void)>,asio::io_context::basic_executor_type<std::allocator<void>,0> >::do_complete
0x00007ff64c0c5b6e (Unity) asio::detail::win_iocp_io_context::do_one
0x00007ff64c0c77d4 (Unity) asio::detail::win_iocp_io_context::run
0x00007ff64c0d806e (Unity) IOService::Run
0x00007ff64c0aac7f (Unity) AssetImportWorkerClient::Run
0x00007ff64c074db3 (Unity) RunAssetImportWorkerClientV2
0x00007ff64c074e3b (Unity) RunAssetImporterV2
0x00007ff64b896158 (Unity) Application::InitializeProject
0x00007ff64bcf5dc8 (Unity) WinMain
0x00007ff64d09533e (Unity) __scrt_common_main_seh
0x00007fffebc274b4 (KERNEL32) BaseThreadInitThunk
0x00007fffec7c26a1 (ntdll) RtlUserThreadStart

Refreshing native plugins compatible for Editor in 8.72 ms, found 3 plugins.
Preloading 0 native plugins for Editor in 0.00 ms.
Unloading 9109 Unused Serialized files (Serialized files now loaded: 0)
Unloading 64 unused Assets / (2.9 MB). Loaded Objects now: 9538.
Memory consumption went from 469.7 MB to 466.8 MB.
Total: 27.138300 ms (FindLiveObjects: 0.899000 ms CreateObjectMapping: 0.775800 ms MarkObjects: 23.658000 ms  DeleteObjects: 1.804100 ms)

AssetImportParameters requested are different than current active one (requested -> active):
  custom:video-decoder-ogg-theora: a1e56fd34408186e4bbccfd4996cb3dc -> 
  custom:container-muxer-webm: aa71ff27fc2769a1b78a27578f13a17b -> 
  custom:container-demuxer-webm: 4f35f7cbe854078d1ac9338744f61a02 -> 
  custom:video-encoder-webm-vp8: eb34c28f22e8b96e1ab97ce403110664 -> 
  custom:audio-encoder-webm-vorbis: bf7c407c2cedff20999df2af8eb42d56 -> 
  custom:framework-win-MediaFoundation: 216162199b28c13a410421893ffa2e32 -> 
  custom:container-demuxer-ogg: 62fdf1f143b41e24485cea50d1cbac27 -> 
  custom:video-decoder-webm-vp8: 9c59270c3fd7afecdb556c50c9e8de78 -> 
  custom:audio-decoder-ogg-vorbis: bf7c407c2cedff20999df2af8eb42d56 -> 
